<?xml version="1.0" encoding="UTF-8"?>
<testsuite xmlns:xsi="http://www.w3.org/2001/XMLSchema-instance" xsi:noNamespaceSchemaLocation="https://maven.apache.org/surefire/maven-surefire-plugin/xsd/surefire-test-report.xsd" name="org.springboot.training.reactive.routes.AppRouterRegisterTest" time="5.792" tests="4" errors="0" skipped="0" failures="0">
  <properties>
    <property name="gopherProxySet" value="false"/>
    <property name="awt.toolkit" value="sun.lwawt.macosx.LWCToolkit"/>
    <property name="java.specification.version" value="11"/>
    <property name="sun.cpu.isalist" value=""/>
    <property name="sun.jnu.encoding" value="UTF-8"/>
    <property name="java.class.path" value="/Users/fanycastro/Documents/workspace/crossing-the-chasm-quarkus/springboot-books-api/reactive-api/target/test-classes:/Users/fanycastro/Documents/workspace/crossing-the-chasm-quarkus/springboot-books-api/reactive-api/target/classes:/Users/fanycastro/.m2/repository/org/springframework/experimental/spring-native/0.9.1-SNAPSHOT/spring-native-0.9.1-SNAPSHOT.jar:/Users/fanycastro/.m2/repository/org/springframework/boot/spring-boot-starter-data-r2dbc/2.4.4/spring-boot-starter-data-r2dbc-2.4.4.jar:/Users/fanycastro/.m2/repository/org/springframework/boot/spring-boot-starter/2.4.4/spring-boot-starter-2.4.4.jar:/Users/fanycastro/.m2/repository/org/springframework/boot/spring-boot/2.4.4/spring-boot-2.4.4.jar:/Users/fanycastro/.m2/repository/org/springframework/boot/spring-boot-autoconfigure/2.4.4/spring-boot-autoconfigure-2.4.4.jar:/Users/fanycastro/.m2/repository/org/springframework/boot/spring-boot-starter-logging/2.4.4/spring-boot-starter-logging-2.4.4.jar:/Users/fanycastro/.m2/repository/ch/qos/logback/logback-classic/1.2.3/logback-classic-1.2.3.jar:/Users/fanycastro/.m2/repository/ch/qos/logback/logback-core/1.2.3/logback-core-1.2.3.jar:/Users/fanycastro/.m2/repository/org/apache/logging/log4j/log4j-to-slf4j/2.13.3/log4j-to-slf4j-2.13.3.jar:/Users/fanycastro/.m2/repository/org/apache/logging/log4j/log4j-api/2.13.3/log4j-api-2.13.3.jar:/Users/fanycastro/.m2/repository/org/slf4j/jul-to-slf4j/1.7.30/jul-to-slf4j-1.7.30.jar:/Users/fanycastro/.m2/repository/jakarta/annotation/jakarta.annotation-api/1.3.5/jakarta.annotation-api-1.3.5.jar:/Users/fanycastro/.m2/repository/org/yaml/snakeyaml/1.27/snakeyaml-1.27.jar:/Users/fanycastro/.m2/repository/org/springframework/data/spring-data-r2dbc/1.2.6/spring-data-r2dbc-1.2.6.jar:/Users/fanycastro/.m2/repository/org/springframework/data/spring-data-commons/2.4.6/spring-data-commons-2.4.6.jar:/Users/fanycastro/.m2/repository/org/springframework/data/spring-data-relational/2.1.6/spring-data-relational-2.1.6.jar:/Users/fanycastro/.m2/repository/org/springframework/spring-r2dbc/5.3.5/spring-r2dbc-5.3.5.jar:/Users/fanycastro/.m2/repository/org/springframework/spring-tx/5.3.5/spring-tx-5.3.5.jar:/Users/fanycastro/.m2/repository/org/springframework/spring-context/5.3.5/spring-context-5.3.5.jar:/Users/fanycastro/.m2/repository/org/springframework/spring-aop/5.3.5/spring-aop-5.3.5.jar:/Users/fanycastro/.m2/repository/org/springframework/spring-expression/5.3.5/spring-expression-5.3.5.jar:/Users/fanycastro/.m2/repository/org/springframework/spring-beans/5.3.5/spring-beans-5.3.5.jar:/Users/fanycastro/.m2/repository/org/slf4j/slf4j-api/1.7.30/slf4j-api-1.7.30.jar:/Users/fanycastro/.m2/repository/io/r2dbc/r2dbc-spi/0.8.4.RELEASE/r2dbc-spi-0.8.4.RELEASE.jar:/Users/fanycastro/.m2/repository/org/reactivestreams/reactive-streams/1.0.3/reactive-streams-1.0.3.jar:/Users/fanycastro/.m2/repository/io/r2dbc/r2dbc-pool/0.8.6.RELEASE/r2dbc-pool-0.8.6.RELEASE.jar:/Users/fanycastro/.m2/repository/io/projectreactor/addons/reactor-pool/0.2.3/reactor-pool-0.2.3.jar:/Users/fanycastro/.m2/repository/org/springframework/boot/spring-boot-starter-webflux/2.4.4/spring-boot-starter-webflux-2.4.4.jar:/Users/fanycastro/.m2/repository/org/springframework/boot/spring-boot-starter-json/2.4.4/spring-boot-starter-json-2.4.4.jar:/Users/fanycastro/.m2/repository/com/fasterxml/jackson/core/jackson-databind/2.11.4/jackson-databind-2.11.4.jar:/Users/fanycastro/.m2/repository/com/fasterxml/jackson/core/jackson-annotations/2.11.4/jackson-annotations-2.11.4.jar:/Users/fanycastro/.m2/repository/com/fasterxml/jackson/core/jackson-core/2.11.4/jackson-core-2.11.4.jar:/Users/fanycastro/.m2/repository/com/fasterxml/jackson/datatype/jackson-datatype-jdk8/2.11.4/jackson-datatype-jdk8-2.11.4.jar:/Users/fanycastro/.m2/repository/com/fasterxml/jackson/datatype/jackson-datatype-jsr310/2.11.4/jackson-datatype-jsr310-2.11.4.jar:/Users/fanycastro/.m2/repository/com/fasterxml/jackson/module/jackson-module-parameter-names/2.11.4/jackson-module-parameter-names-2.11.4.jar:/Users/fanycastro/.m2/repository/org/springframework/boot/spring-boot-starter-reactor-netty/2.4.4/spring-boot-starter-reactor-netty-2.4.4.jar:/Users/fanycastro/.m2/repository/io/projectreactor/netty/reactor-netty-http/1.0.5/reactor-netty-http-1.0.5.jar:/Users/fanycastro/.m2/repository/io/netty/netty-codec-http/4.1.60.Final/netty-codec-http-4.1.60.Final.jar:/Users/fanycastro/.m2/repository/io/netty/netty-common/4.1.60.Final/netty-common-4.1.60.Final.jar:/Users/fanycastro/.m2/repository/io/netty/netty-buffer/4.1.60.Final/netty-buffer-4.1.60.Final.jar:/Users/fanycastro/.m2/repository/io/netty/netty-transport/4.1.60.Final/netty-transport-4.1.60.Final.jar:/Users/fanycastro/.m2/repository/io/netty/netty-codec/4.1.60.Final/netty-codec-4.1.60.Final.jar:/Users/fanycastro/.m2/repository/io/netty/netty-codec-http2/4.1.60.Final/netty-codec-http2-4.1.60.Final.jar:/Users/fanycastro/.m2/repository/io/netty/netty-resolver-dns/4.1.60.Final/netty-resolver-dns-4.1.60.Final.jar:/Users/fanycastro/.m2/repository/io/netty/netty-resolver/4.1.60.Final/netty-resolver-4.1.60.Final.jar:/Users/fanycastro/.m2/repository/io/netty/netty-codec-dns/4.1.60.Final/netty-codec-dns-4.1.60.Final.jar:/Users/fanycastro/.m2/repository/io/netty/netty-resolver-dns-native-macos/4.1.60.Final/netty-resolver-dns-native-macos-4.1.60.Final-osx-x86_64.jar:/Users/fanycastro/.m2/repository/io/netty/netty-transport-native-unix-common/4.1.60.Final/netty-transport-native-unix-common-4.1.60.Final.jar:/Users/fanycastro/.m2/repository/io/netty/netty-transport-native-epoll/4.1.60.Final/netty-transport-native-epoll-4.1.60.Final-linux-x86_64.jar:/Users/fanycastro/.m2/repository/org/springframework/spring-web/5.3.5/spring-web-5.3.5.jar:/Users/fanycastro/.m2/repository/org/springframework/spring-webflux/5.3.5/spring-webflux-5.3.5.jar:/Users/fanycastro/.m2/repository/io/r2dbc/r2dbc-postgresql/0.8.7.RELEASE/r2dbc-postgresql-0.8.7.RELEASE.jar:/Users/fanycastro/.m2/repository/com/ongres/scram/client/2.1/client-2.1.jar:/Users/fanycastro/.m2/repository/com/ongres/scram/common/2.1/common-2.1.jar:/Users/fanycastro/.m2/repository/com/ongres/stringprep/saslprep/1.1/saslprep-1.1.jar:/Users/fanycastro/.m2/repository/com/ongres/stringprep/stringprep/1.1/stringprep-1.1.jar:/Users/fanycastro/.m2/repository/io/projectreactor/reactor-core/3.4.4/reactor-core-3.4.4.jar:/Users/fanycastro/.m2/repository/io/projectreactor/netty/reactor-netty/1.0.5/reactor-netty-1.0.5.jar:/Users/fanycastro/.m2/repository/io/projectreactor/netty/reactor-netty-core/1.0.5/reactor-netty-core-1.0.5.jar:/Users/fanycastro/.m2/repository/io/netty/netty-handler/4.1.60.Final/netty-handler-4.1.60.Final.jar:/Users/fanycastro/.m2/repository/io/netty/netty-handler-proxy/4.1.60.Final/netty-handler-proxy-4.1.60.Final.jar:/Users/fanycastro/.m2/repository/io/netty/netty-codec-socks/4.1.60.Final/netty-codec-socks-4.1.60.Final.jar:/Users/fanycastro/.m2/repository/io/projectreactor/netty/reactor-netty-http-brave/1.0.5/reactor-netty-http-brave-1.0.5.jar:/Users/fanycastro/.m2/repository/io/zipkin/brave/brave-instrumentation-http/5.13.3/brave-instrumentation-http-5.13.3.jar:/Users/fanycastro/.m2/repository/io/zipkin/brave/brave/5.13.3/brave-5.13.3.jar:/Users/fanycastro/.m2/repository/io/zipkin/reporter2/zipkin-reporter-brave/2.16.3/zipkin-reporter-brave-2.16.3.jar:/Users/fanycastro/.m2/repository/io/zipkin/reporter2/zipkin-reporter/2.16.3/zipkin-reporter-2.16.3.jar:/Users/fanycastro/.m2/repository/io/zipkin/zipkin2/zipkin/2.23.2/zipkin-2.23.2.jar:/Users/fanycastro/.m2/repository/org/postgresql/postgresql/42.2.19/postgresql-42.2.19.jar:/Users/fanycastro/.m2/repository/org/checkerframework/checker-qual/3.5.0/checker-qual-3.5.0.jar:/Users/fanycastro/.m2/repository/io/micrometer/micrometer-registry-prometheus/1.6.5/micrometer-registry-prometheus-1.6.5.jar:/Users/fanycastro/.m2/repository/io/micrometer/micrometer-core/1.6.5/micrometer-core-1.6.5.jar:/Users/fanycastro/.m2/repository/org/hdrhistogram/HdrHistogram/2.1.12/HdrHistogram-2.1.12.jar:/Users/fanycastro/.m2/repository/org/latencyutils/LatencyUtils/2.0.3/LatencyUtils-2.0.3.jar:/Users/fanycastro/.m2/repository/io/prometheus/simpleclient_common/0.9.0/simpleclient_common-0.9.0.jar:/Users/fanycastro/.m2/repository/io/prometheus/simpleclient/0.9.0/simpleclient-0.9.0.jar:/Users/fanycastro/.m2/repository/org/springframework/boot/spring-boot-starter-test/2.4.4/spring-boot-starter-test-2.4.4.jar:/Users/fanycastro/.m2/repository/org/springframework/boot/spring-boot-test/2.4.4/spring-boot-test-2.4.4.jar:/Users/fanycastro/.m2/repository/org/springframework/boot/spring-boot-test-autoconfigure/2.4.4/spring-boot-test-autoconfigure-2.4.4.jar:/Users/fanycastro/.m2/repository/com/jayway/jsonpath/json-path/2.4.0/json-path-2.4.0.jar:/Users/fanycastro/.m2/repository/net/minidev/json-smart/2.3/json-smart-2.3.jar:/Users/fanycastro/.m2/repository/net/minidev/accessors-smart/1.2/accessors-smart-1.2.jar:/Users/fanycastro/.m2/repository/org/ow2/asm/asm/5.0.4/asm-5.0.4.jar:/Users/fanycastro/.m2/repository/jakarta/xml/bind/jakarta.xml.bind-api/2.3.3/jakarta.xml.bind-api-2.3.3.jar:/Users/fanycastro/.m2/repository/jakarta/activation/jakarta.activation-api/1.2.2/jakarta.activation-api-1.2.2.jar:/Users/fanycastro/.m2/repository/org/hamcrest/hamcrest/2.2/hamcrest-2.2.jar:/Users/fanycastro/.m2/repository/org/junit/jupiter/junit-jupiter/5.7.1/junit-jupiter-5.7.1.jar:/Users/fanycastro/.m2/repository/org/junit/jupiter/junit-jupiter-params/5.7.1/junit-jupiter-params-5.7.1.jar:/Users/fanycastro/.m2/repository/org/junit/jupiter/junit-jupiter-engine/5.7.1/junit-jupiter-engine-5.7.1.jar:/Users/fanycastro/.m2/repository/org/junit/platform/junit-platform-engine/1.7.1/junit-platform-engine-1.7.1.jar:/Users/fanycastro/.m2/repository/org/mockito/mockito-core/3.6.28/mockito-core-3.6.28.jar:/Users/fanycastro/.m2/repository/net/bytebuddy/byte-buddy/1.10.22/byte-buddy-1.10.22.jar:/Users/fanycastro/.m2/repository/net/bytebuddy/byte-buddy-agent/1.10.22/byte-buddy-agent-1.10.22.jar:/Users/fanycastro/.m2/repository/org/objenesis/objenesis/3.1/objenesis-3.1.jar:/Users/fanycastro/.m2/repository/org/mockito/mockito-junit-jupiter/3.6.28/mockito-junit-jupiter-3.6.28.jar:/Users/fanycastro/.m2/repository/org/skyscreamer/jsonassert/1.5.0/jsonassert-1.5.0.jar:/Users/fanycastro/.m2/repository/com/vaadin/external/google/android-json/0.0.20131108.vaadin1/android-json-0.0.20131108.vaadin1.jar:/Users/fanycastro/.m2/repository/org/springframework/spring-core/5.3.5/spring-core-5.3.5.jar:/Users/fanycastro/.m2/repository/org/springframework/spring-jcl/5.3.5/spring-jcl-5.3.5.jar:/Users/fanycastro/.m2/repository/org/springframework/spring-test/5.3.5/spring-test-5.3.5.jar:/Users/fanycastro/.m2/repository/org/xmlunit/xmlunit-core/2.7.0/xmlunit-core-2.7.0.jar:/Users/fanycastro/.m2/repository/io/projectreactor/reactor-test/3.4.4/reactor-test-3.4.4.jar:/Users/fanycastro/.m2/repository/org/testcontainers/junit-jupiter/1.15.1/junit-jupiter-1.15.1.jar:/Users/fanycastro/.m2/repository/org/testcontainers/testcontainers/1.15.1/testcontainers-1.15.1.jar:/Users/fanycastro/.m2/repository/junit/junit/4.13.2/junit-4.13.2.jar:/Users/fanycastro/.m2/repository/org/hamcrest/hamcrest-core/2.2/hamcrest-core-2.2.jar:/Users/fanycastro/.m2/repository/org/apache/commons/commons-compress/1.20/commons-compress-1.20.jar:/Users/fanycastro/.m2/repository/org/rnorth/duct-tape/duct-tape/1.0.8/duct-tape-1.0.8.jar:/Users/fanycastro/.m2/repository/org/rnorth/visible-assertions/visible-assertions/2.1.2/visible-assertions-2.1.2.jar:/Users/fanycastro/.m2/repository/net/java/dev/jna/jna/5.2.0/jna-5.2.0.jar:/Users/fanycastro/.m2/repository/com/github/docker-java/docker-java-api/3.2.7/docker-java-api-3.2.7.jar:/Users/fanycastro/.m2/repository/com/github/docker-java/docker-java-transport-zerodep/3.2.7/docker-java-transport-zerodep-3.2.7.jar:/Users/fanycastro/.m2/repository/com/github/docker-java/docker-java-transport/3.2.7/docker-java-transport-3.2.7.jar:/Users/fanycastro/.m2/repository/org/junit/jupiter/junit-jupiter-api/5.7.1/junit-jupiter-api-5.7.1.jar:/Users/fanycastro/.m2/repository/org/apiguardian/apiguardian-api/1.1.0/apiguardian-api-1.1.0.jar:/Users/fanycastro/.m2/repository/org/opentest4j/opentest4j/1.2.0/opentest4j-1.2.0.jar:/Users/fanycastro/.m2/repository/org/junit/platform/junit-platform-commons/1.7.1/junit-platform-commons-1.7.1.jar:/Users/fanycastro/.m2/repository/org/testcontainers/postgresql/1.15.1/postgresql-1.15.1.jar:/Users/fanycastro/.m2/repository/org/testcontainers/jdbc/1.15.1/jdbc-1.15.1.jar:/Users/fanycastro/.m2/repository/org/testcontainers/database-commons/1.15.1/database-commons-1.15.1.jar:/Users/fanycastro/.m2/repository/org/assertj/assertj-core/3.14.0/assertj-core-3.14.0.jar:"/>
    <property name="java.vm.vendor" value="GraalVM Community"/>
    <property name="sun.arch.data.model" value="64"/>
    <property name="java.vendor.url" value="https://www.graalvm.org/"/>
    <property name="user.timezone" value=""/>
    <property name="java.vm.specification.version" value="11"/>
    <property name="os.name" value="Mac OS X"/>
    <property name="sun.java.launcher" value="SUN_STANDARD"/>
    <property name="user.country" value="ES"/>
    <property name="sun.boot.library.path" value="/Library/Java/JavaVirtualMachines/graalvm-ce-java11-21.0.0/Contents/Home/lib"/>
    <property name="sun.java.command" value="/Users/fanycastro/Documents/workspace/crossing-the-chasm-quarkus/springboot-books-api/reactive-api/target/surefire/surefirebooter10165006045104681796.jar /Users/fanycastro/Documents/workspace/crossing-the-chasm-quarkus/springboot-books-api/reactive-api/target/surefire 2021-03-20T13-39-33_814-jvmRun1 surefire6650201472090881938tmp surefire_04631220498370016197tmp"/>
    <property name="http.nonProxyHosts" value="local|*.local|169.254/16|*.169.254/16"/>
    <property name="jdk.debug" value="release"/>
    <property name="surefire.test.class.path" value="/Users/fanycastro/Documents/workspace/crossing-the-chasm-quarkus/springboot-books-api/reactive-api/target/test-classes:/Users/fanycastro/Documents/workspace/crossing-the-chasm-quarkus/springboot-books-api/reactive-api/target/classes:/Users/fanycastro/.m2/repository/org/springframework/experimental/spring-native/0.9.1-SNAPSHOT/spring-native-0.9.1-SNAPSHOT.jar:/Users/fanycastro/.m2/repository/org/springframework/boot/spring-boot-starter-data-r2dbc/2.4.4/spring-boot-starter-data-r2dbc-2.4.4.jar:/Users/fanycastro/.m2/repository/org/springframework/boot/spring-boot-starter/2.4.4/spring-boot-starter-2.4.4.jar:/Users/fanycastro/.m2/repository/org/springframework/boot/spring-boot/2.4.4/spring-boot-2.4.4.jar:/Users/fanycastro/.m2/repository/org/springframework/boot/spring-boot-autoconfigure/2.4.4/spring-boot-autoconfigure-2.4.4.jar:/Users/fanycastro/.m2/repository/org/springframework/boot/spring-boot-starter-logging/2.4.4/spring-boot-starter-logging-2.4.4.jar:/Users/fanycastro/.m2/repository/ch/qos/logback/logback-classic/1.2.3/logback-classic-1.2.3.jar:/Users/fanycastro/.m2/repository/ch/qos/logback/logback-core/1.2.3/logback-core-1.2.3.jar:/Users/fanycastro/.m2/repository/org/apache/logging/log4j/log4j-to-slf4j/2.13.3/log4j-to-slf4j-2.13.3.jar:/Users/fanycastro/.m2/repository/org/apache/logging/log4j/log4j-api/2.13.3/log4j-api-2.13.3.jar:/Users/fanycastro/.m2/repository/org/slf4j/jul-to-slf4j/1.7.30/jul-to-slf4j-1.7.30.jar:/Users/fanycastro/.m2/repository/jakarta/annotation/jakarta.annotation-api/1.3.5/jakarta.annotation-api-1.3.5.jar:/Users/fanycastro/.m2/repository/org/yaml/snakeyaml/1.27/snakeyaml-1.27.jar:/Users/fanycastro/.m2/repository/org/springframework/data/spring-data-r2dbc/1.2.6/spring-data-r2dbc-1.2.6.jar:/Users/fanycastro/.m2/repository/org/springframework/data/spring-data-commons/2.4.6/spring-data-commons-2.4.6.jar:/Users/fanycastro/.m2/repository/org/springframework/data/spring-data-relational/2.1.6/spring-data-relational-2.1.6.jar:/Users/fanycastro/.m2/repository/org/springframework/spring-r2dbc/5.3.5/spring-r2dbc-5.3.5.jar:/Users/fanycastro/.m2/repository/org/springframework/spring-tx/5.3.5/spring-tx-5.3.5.jar:/Users/fanycastro/.m2/repository/org/springframework/spring-context/5.3.5/spring-context-5.3.5.jar:/Users/fanycastro/.m2/repository/org/springframework/spring-aop/5.3.5/spring-aop-5.3.5.jar:/Users/fanycastro/.m2/repository/org/springframework/spring-expression/5.3.5/spring-expression-5.3.5.jar:/Users/fanycastro/.m2/repository/org/springframework/spring-beans/5.3.5/spring-beans-5.3.5.jar:/Users/fanycastro/.m2/repository/org/slf4j/slf4j-api/1.7.30/slf4j-api-1.7.30.jar:/Users/fanycastro/.m2/repository/io/r2dbc/r2dbc-spi/0.8.4.RELEASE/r2dbc-spi-0.8.4.RELEASE.jar:/Users/fanycastro/.m2/repository/org/reactivestreams/reactive-streams/1.0.3/reactive-streams-1.0.3.jar:/Users/fanycastro/.m2/repository/io/r2dbc/r2dbc-pool/0.8.6.RELEASE/r2dbc-pool-0.8.6.RELEASE.jar:/Users/fanycastro/.m2/repository/io/projectreactor/addons/reactor-pool/0.2.3/reactor-pool-0.2.3.jar:/Users/fanycastro/.m2/repository/org/springframework/boot/spring-boot-starter-webflux/2.4.4/spring-boot-starter-webflux-2.4.4.jar:/Users/fanycastro/.m2/repository/org/springframework/boot/spring-boot-starter-json/2.4.4/spring-boot-starter-json-2.4.4.jar:/Users/fanycastro/.m2/repository/com/fasterxml/jackson/core/jackson-databind/2.11.4/jackson-databind-2.11.4.jar:/Users/fanycastro/.m2/repository/com/fasterxml/jackson/core/jackson-annotations/2.11.4/jackson-annotations-2.11.4.jar:/Users/fanycastro/.m2/repository/com/fasterxml/jackson/core/jackson-core/2.11.4/jackson-core-2.11.4.jar:/Users/fanycastro/.m2/repository/com/fasterxml/jackson/datatype/jackson-datatype-jdk8/2.11.4/jackson-datatype-jdk8-2.11.4.jar:/Users/fanycastro/.m2/repository/com/fasterxml/jackson/datatype/jackson-datatype-jsr310/2.11.4/jackson-datatype-jsr310-2.11.4.jar:/Users/fanycastro/.m2/repository/com/fasterxml/jackson/module/jackson-module-parameter-names/2.11.4/jackson-module-parameter-names-2.11.4.jar:/Users/fanycastro/.m2/repository/org/springframework/boot/spring-boot-starter-reactor-netty/2.4.4/spring-boot-starter-reactor-netty-2.4.4.jar:/Users/fanycastro/.m2/repository/io/projectreactor/netty/reactor-netty-http/1.0.5/reactor-netty-http-1.0.5.jar:/Users/fanycastro/.m2/repository/io/netty/netty-codec-http/4.1.60.Final/netty-codec-http-4.1.60.Final.jar:/Users/fanycastro/.m2/repository/io/netty/netty-common/4.1.60.Final/netty-common-4.1.60.Final.jar:/Users/fanycastro/.m2/repository/io/netty/netty-buffer/4.1.60.Final/netty-buffer-4.1.60.Final.jar:/Users/fanycastro/.m2/repository/io/netty/netty-transport/4.1.60.Final/netty-transport-4.1.60.Final.jar:/Users/fanycastro/.m2/repository/io/netty/netty-codec/4.1.60.Final/netty-codec-4.1.60.Final.jar:/Users/fanycastro/.m2/repository/io/netty/netty-codec-http2/4.1.60.Final/netty-codec-http2-4.1.60.Final.jar:/Users/fanycastro/.m2/repository/io/netty/netty-resolver-dns/4.1.60.Final/netty-resolver-dns-4.1.60.Final.jar:/Users/fanycastro/.m2/repository/io/netty/netty-resolver/4.1.60.Final/netty-resolver-4.1.60.Final.jar:/Users/fanycastro/.m2/repository/io/netty/netty-codec-dns/4.1.60.Final/netty-codec-dns-4.1.60.Final.jar:/Users/fanycastro/.m2/repository/io/netty/netty-resolver-dns-native-macos/4.1.60.Final/netty-resolver-dns-native-macos-4.1.60.Final-osx-x86_64.jar:/Users/fanycastro/.m2/repository/io/netty/netty-transport-native-unix-common/4.1.60.Final/netty-transport-native-unix-common-4.1.60.Final.jar:/Users/fanycastro/.m2/repository/io/netty/netty-transport-native-epoll/4.1.60.Final/netty-transport-native-epoll-4.1.60.Final-linux-x86_64.jar:/Users/fanycastro/.m2/repository/org/springframework/spring-web/5.3.5/spring-web-5.3.5.jar:/Users/fanycastro/.m2/repository/org/springframework/spring-webflux/5.3.5/spring-webflux-5.3.5.jar:/Users/fanycastro/.m2/repository/io/r2dbc/r2dbc-postgresql/0.8.7.RELEASE/r2dbc-postgresql-0.8.7.RELEASE.jar:/Users/fanycastro/.m2/repository/com/ongres/scram/client/2.1/client-2.1.jar:/Users/fanycastro/.m2/repository/com/ongres/scram/common/2.1/common-2.1.jar:/Users/fanycastro/.m2/repository/com/ongres/stringprep/saslprep/1.1/saslprep-1.1.jar:/Users/fanycastro/.m2/repository/com/ongres/stringprep/stringprep/1.1/stringprep-1.1.jar:/Users/fanycastro/.m2/repository/io/projectreactor/reactor-core/3.4.4/reactor-core-3.4.4.jar:/Users/fanycastro/.m2/repository/io/projectreactor/netty/reactor-netty/1.0.5/reactor-netty-1.0.5.jar:/Users/fanycastro/.m2/repository/io/projectreactor/netty/reactor-netty-core/1.0.5/reactor-netty-core-1.0.5.jar:/Users/fanycastro/.m2/repository/io/netty/netty-handler/4.1.60.Final/netty-handler-4.1.60.Final.jar:/Users/fanycastro/.m2/repository/io/netty/netty-handler-proxy/4.1.60.Final/netty-handler-proxy-4.1.60.Final.jar:/Users/fanycastro/.m2/repository/io/netty/netty-codec-socks/4.1.60.Final/netty-codec-socks-4.1.60.Final.jar:/Users/fanycastro/.m2/repository/io/projectreactor/netty/reactor-netty-http-brave/1.0.5/reactor-netty-http-brave-1.0.5.jar:/Users/fanycastro/.m2/repository/io/zipkin/brave/brave-instrumentation-http/5.13.3/brave-instrumentation-http-5.13.3.jar:/Users/fanycastro/.m2/repository/io/zipkin/brave/brave/5.13.3/brave-5.13.3.jar:/Users/fanycastro/.m2/repository/io/zipkin/reporter2/zipkin-reporter-brave/2.16.3/zipkin-reporter-brave-2.16.3.jar:/Users/fanycastro/.m2/repository/io/zipkin/reporter2/zipkin-reporter/2.16.3/zipkin-reporter-2.16.3.jar:/Users/fanycastro/.m2/repository/io/zipkin/zipkin2/zipkin/2.23.2/zipkin-2.23.2.jar:/Users/fanycastro/.m2/repository/org/postgresql/postgresql/42.2.19/postgresql-42.2.19.jar:/Users/fanycastro/.m2/repository/org/checkerframework/checker-qual/3.5.0/checker-qual-3.5.0.jar:/Users/fanycastro/.m2/repository/io/micrometer/micrometer-registry-prometheus/1.6.5/micrometer-registry-prometheus-1.6.5.jar:/Users/fanycastro/.m2/repository/io/micrometer/micrometer-core/1.6.5/micrometer-core-1.6.5.jar:/Users/fanycastro/.m2/repository/org/hdrhistogram/HdrHistogram/2.1.12/HdrHistogram-2.1.12.jar:/Users/fanycastro/.m2/repository/org/latencyutils/LatencyUtils/2.0.3/LatencyUtils-2.0.3.jar:/Users/fanycastro/.m2/repository/io/prometheus/simpleclient_common/0.9.0/simpleclient_common-0.9.0.jar:/Users/fanycastro/.m2/repository/io/prometheus/simpleclient/0.9.0/simpleclient-0.9.0.jar:/Users/fanycastro/.m2/repository/org/springframework/boot/spring-boot-starter-test/2.4.4/spring-boot-starter-test-2.4.4.jar:/Users/fanycastro/.m2/repository/org/springframework/boot/spring-boot-test/2.4.4/spring-boot-test-2.4.4.jar:/Users/fanycastro/.m2/repository/org/springframework/boot/spring-boot-test-autoconfigure/2.4.4/spring-boot-test-autoconfigure-2.4.4.jar:/Users/fanycastro/.m2/repository/com/jayway/jsonpath/json-path/2.4.0/json-path-2.4.0.jar:/Users/fanycastro/.m2/repository/net/minidev/json-smart/2.3/json-smart-2.3.jar:/Users/fanycastro/.m2/repository/net/minidev/accessors-smart/1.2/accessors-smart-1.2.jar:/Users/fanycastro/.m2/repository/org/ow2/asm/asm/5.0.4/asm-5.0.4.jar:/Users/fanycastro/.m2/repository/jakarta/xml/bind/jakarta.xml.bind-api/2.3.3/jakarta.xml.bind-api-2.3.3.jar:/Users/fanycastro/.m2/repository/jakarta/activation/jakarta.activation-api/1.2.2/jakarta.activation-api-1.2.2.jar:/Users/fanycastro/.m2/repository/org/hamcrest/hamcrest/2.2/hamcrest-2.2.jar:/Users/fanycastro/.m2/repository/org/junit/jupiter/junit-jupiter/5.7.1/junit-jupiter-5.7.1.jar:/Users/fanycastro/.m2/repository/org/junit/jupiter/junit-jupiter-params/5.7.1/junit-jupiter-params-5.7.1.jar:/Users/fanycastro/.m2/repository/org/junit/jupiter/junit-jupiter-engine/5.7.1/junit-jupiter-engine-5.7.1.jar:/Users/fanycastro/.m2/repository/org/junit/platform/junit-platform-engine/1.7.1/junit-platform-engine-1.7.1.jar:/Users/fanycastro/.m2/repository/org/mockito/mockito-core/3.6.28/mockito-core-3.6.28.jar:/Users/fanycastro/.m2/repository/net/bytebuddy/byte-buddy/1.10.22/byte-buddy-1.10.22.jar:/Users/fanycastro/.m2/repository/net/bytebuddy/byte-buddy-agent/1.10.22/byte-buddy-agent-1.10.22.jar:/Users/fanycastro/.m2/repository/org/objenesis/objenesis/3.1/objenesis-3.1.jar:/Users/fanycastro/.m2/repository/org/mockito/mockito-junit-jupiter/3.6.28/mockito-junit-jupiter-3.6.28.jar:/Users/fanycastro/.m2/repository/org/skyscreamer/jsonassert/1.5.0/jsonassert-1.5.0.jar:/Users/fanycastro/.m2/repository/com/vaadin/external/google/android-json/0.0.20131108.vaadin1/android-json-0.0.20131108.vaadin1.jar:/Users/fanycastro/.m2/repository/org/springframework/spring-core/5.3.5/spring-core-5.3.5.jar:/Users/fanycastro/.m2/repository/org/springframework/spring-jcl/5.3.5/spring-jcl-5.3.5.jar:/Users/fanycastro/.m2/repository/org/springframework/spring-test/5.3.5/spring-test-5.3.5.jar:/Users/fanycastro/.m2/repository/org/xmlunit/xmlunit-core/2.7.0/xmlunit-core-2.7.0.jar:/Users/fanycastro/.m2/repository/io/projectreactor/reactor-test/3.4.4/reactor-test-3.4.4.jar:/Users/fanycastro/.m2/repository/org/testcontainers/junit-jupiter/1.15.1/junit-jupiter-1.15.1.jar:/Users/fanycastro/.m2/repository/org/testcontainers/testcontainers/1.15.1/testcontainers-1.15.1.jar:/Users/fanycastro/.m2/repository/junit/junit/4.13.2/junit-4.13.2.jar:/Users/fanycastro/.m2/repository/org/hamcrest/hamcrest-core/2.2/hamcrest-core-2.2.jar:/Users/fanycastro/.m2/repository/org/apache/commons/commons-compress/1.20/commons-compress-1.20.jar:/Users/fanycastro/.m2/repository/org/rnorth/duct-tape/duct-tape/1.0.8/duct-tape-1.0.8.jar:/Users/fanycastro/.m2/repository/org/rnorth/visible-assertions/visible-assertions/2.1.2/visible-assertions-2.1.2.jar:/Users/fanycastro/.m2/repository/net/java/dev/jna/jna/5.2.0/jna-5.2.0.jar:/Users/fanycastro/.m2/repository/com/github/docker-java/docker-java-api/3.2.7/docker-java-api-3.2.7.jar:/Users/fanycastro/.m2/repository/com/github/docker-java/docker-java-transport-zerodep/3.2.7/docker-java-transport-zerodep-3.2.7.jar:/Users/fanycastro/.m2/repository/com/github/docker-java/docker-java-transport/3.2.7/docker-java-transport-3.2.7.jar:/Users/fanycastro/.m2/repository/org/junit/jupiter/junit-jupiter-api/5.7.1/junit-jupiter-api-5.7.1.jar:/Users/fanycastro/.m2/repository/org/apiguardian/apiguardian-api/1.1.0/apiguardian-api-1.1.0.jar:/Users/fanycastro/.m2/repository/org/opentest4j/opentest4j/1.2.0/opentest4j-1.2.0.jar:/Users/fanycastro/.m2/repository/org/junit/platform/junit-platform-commons/1.7.1/junit-platform-commons-1.7.1.jar:/Users/fanycastro/.m2/repository/org/testcontainers/postgresql/1.15.1/postgresql-1.15.1.jar:/Users/fanycastro/.m2/repository/org/testcontainers/jdbc/1.15.1/jdbc-1.15.1.jar:/Users/fanycastro/.m2/repository/org/testcontainers/database-commons/1.15.1/database-commons-1.15.1.jar:/Users/fanycastro/.m2/repository/org/assertj/assertj-core/3.14.0/assertj-core-3.14.0.jar:"/>
    <property name="sun.cpu.endian" value="little"/>
    <property name="user.home" value="/Users/fanycastro"/>
    <property name="user.language" value="es"/>
    <property name="java.specification.vendor" value="Oracle Corporation"/>
    <property name="java.version.date" value="2021-01-19"/>
    <property name="java.home" value="/Library/Java/JavaVirtualMachines/graalvm-ce-java11-21.0.0/Contents/Home"/>
    <property name="file.separator" value="/"/>
    <property name="basedir" value="/Users/fanycastro/Documents/workspace/crossing-the-chasm-quarkus/springboot-books-api/reactive-api"/>
    <property name="java.vm.compressedOopsMode" value="Zero based"/>
    <property name="line.separator" value="&#10;"/>
    <property name="jdk.internal.vm.ci.enabled" value="true"/>
    <property name="java.specification.name" value="Java Platform API Specification"/>
    <property name="java.vm.specification.vendor" value="Oracle Corporation"/>
    <property name="java.awt.graphicsenv" value="sun.awt.CGraphicsEnvironment"/>
    <property name="surefire.real.class.path" value="/Users/fanycastro/Documents/workspace/crossing-the-chasm-quarkus/springboot-books-api/reactive-api/target/surefire/surefirebooter10165006045104681796.jar"/>
    <property name="sun.management.compiler" value="HotSpot 64-Bit Tiered Compilers"/>
    <property name="ftp.nonProxyHosts" value="local|*.local|169.254/16|*.169.254/16"/>
    <property name="java.runtime.version" value="11.0.10+8-jvmci-21.0-b06"/>
    <property name="user.name" value="fanycastro"/>
    <property name="path.separator" value=":"/>
    <property name="os.version" value="10.16"/>
    <property name="java.runtime.name" value="OpenJDK Runtime Environment"/>
    <property name="file.encoding" value="UTF-8"/>
    <property name="java.vm.name" value="OpenJDK 64-Bit Server VM"/>
    <property name="java.vendor.version" value="GraalVM CE 21.0.0"/>
    <property name="localRepository" value="/Users/fanycastro/.m2/repository"/>
    <property name="java.vendor.url.bug" value="https://github.com/oracle/graal/issues"/>
    <property name="java.io.tmpdir" value="/var/folders/k8/nwrjvkj571nd2rzn1z3cct_00000gn/T/"/>
    <property name="java.version" value="11.0.10"/>
    <property name="user.dir" value="/Users/fanycastro/Documents/workspace/crossing-the-chasm-quarkus/springboot-books-api/reactive-api"/>
    <property name="os.arch" value="x86_64"/>
    <property name="java.vm.specification.name" value="Java Virtual Machine Specification"/>
    <property name="java.awt.printerjob" value="sun.lwawt.macosx.CPrinterJob"/>
    <property name="sun.os.patch.level" value="unknown"/>
    <property name="java.library.path" value="/Users/fanycastro/Library/Java/Extensions:/Library/Java/Extensions:/Network/Library/Java/Extensions:/System/Library/Java/Extensions:/usr/lib/java:."/>
    <property name="java.vm.info" value="mixed mode, sharing"/>
    <property name="java.vendor" value="GraalVM Community"/>
    <property name="java.vm.version" value="11.0.10+8-jvmci-21.0-b06"/>
    <property name="sun.io.unicode.encoding" value="UnicodeBig"/>
    <property name="java.class.version" value="55.0"/>
    <property name="socksNonProxyHosts" value="local|*.local|169.254/16|*.169.254/16"/>
  </properties>
  <testcase name="shouldGetAllTheBooks" classname="org.springboot.training.reactive.routes.AppRouterRegisterTest" time="0.57"/>
  <testcase name="shouldGetBookById" classname="org.springboot.training.reactive.routes.AppRouterRegisterTest" time="0.045"/>
  <testcase name="shouldDeleteNotExistingBookById" classname="org.springboot.training.reactive.routes.AppRouterRegisterTest" time="0.018"/>
  <testcase name="shouldDeleteBookById" classname="org.springboot.training.reactive.routes.AppRouterRegisterTest" time="0.027"/>
</testsuite>