<?xml version="1.0" encoding="UTF-8"?>
<testsuite xmlns:xsi="http://www.w3.org/2001/XMLSchema-instance" xsi:noNamespaceSchemaLocation="https://maven.apache.org/surefire/maven-surefire-plugin/xsd/surefire-test-report.xsd" name="org.springboot.training.BookControllerTest" time="11.298" tests="2" errors="2" skipped="0" failures="0">
  <properties>
    <property name="gopherProxySet" value="false"/>
    <property name="awt.toolkit" value="sun.lwawt.macosx.LWCToolkit"/>
    <property name="java.specification.version" value="11"/>
    <property name="sun.cpu.isalist" value=""/>
    <property name="sun.jnu.encoding" value="UTF-8"/>
    <property name="java.class.path" value="/Users/fany/Documents/workspace-sts/crossing-the-chasm-quarkus/springboot-books-api/imperative-api/target/test-classes:/Users/fany/Documents/workspace-sts/crossing-the-chasm-quarkus/springboot-books-api/imperative-api/target/classes:/Users/fany/.m2/repository/org/springframework/boot/spring-boot-starter-web/2.4.4/spring-boot-starter-web-2.4.4.jar:/Users/fany/.m2/repository/org/springframework/boot/spring-boot-starter/2.4.4/spring-boot-starter-2.4.4.jar:/Users/fany/.m2/repository/org/springframework/boot/spring-boot/2.4.4/spring-boot-2.4.4.jar:/Users/fany/.m2/repository/org/springframework/boot/spring-boot-autoconfigure/2.4.4/spring-boot-autoconfigure-2.4.4.jar:/Users/fany/.m2/repository/org/springframework/boot/spring-boot-starter-logging/2.4.4/spring-boot-starter-logging-2.4.4.jar:/Users/fany/.m2/repository/ch/qos/logback/logback-classic/1.2.3/logback-classic-1.2.3.jar:/Users/fany/.m2/repository/ch/qos/logback/logback-core/1.2.3/logback-core-1.2.3.jar:/Users/fany/.m2/repository/org/apache/logging/log4j/log4j-to-slf4j/2.13.3/log4j-to-slf4j-2.13.3.jar:/Users/fany/.m2/repository/org/apache/logging/log4j/log4j-api/2.13.3/log4j-api-2.13.3.jar:/Users/fany/.m2/repository/org/slf4j/jul-to-slf4j/1.7.30/jul-to-slf4j-1.7.30.jar:/Users/fany/.m2/repository/jakarta/annotation/jakarta.annotation-api/1.3.5/jakarta.annotation-api-1.3.5.jar:/Users/fany/.m2/repository/org/yaml/snakeyaml/1.27/snakeyaml-1.27.jar:/Users/fany/.m2/repository/org/springframework/boot/spring-boot-starter-json/2.4.4/spring-boot-starter-json-2.4.4.jar:/Users/fany/.m2/repository/com/fasterxml/jackson/core/jackson-databind/2.11.4/jackson-databind-2.11.4.jar:/Users/fany/.m2/repository/com/fasterxml/jackson/core/jackson-annotations/2.11.4/jackson-annotations-2.11.4.jar:/Users/fany/.m2/repository/com/fasterxml/jackson/core/jackson-core/2.11.4/jackson-core-2.11.4.jar:/Users/fany/.m2/repository/com/fasterxml/jackson/datatype/jackson-datatype-jdk8/2.11.4/jackson-datatype-jdk8-2.11.4.jar:/Users/fany/.m2/repository/com/fasterxml/jackson/datatype/jackson-datatype-jsr310/2.11.4/jackson-datatype-jsr310-2.11.4.jar:/Users/fany/.m2/repository/com/fasterxml/jackson/module/jackson-module-parameter-names/2.11.4/jackson-module-parameter-names-2.11.4.jar:/Users/fany/.m2/repository/org/springframework/boot/spring-boot-starter-tomcat/2.4.4/spring-boot-starter-tomcat-2.4.4.jar:/Users/fany/.m2/repository/org/apache/tomcat/embed/tomcat-embed-core/9.0.44/tomcat-embed-core-9.0.44.jar:/Users/fany/.m2/repository/org/glassfish/jakarta.el/3.0.3/jakarta.el-3.0.3.jar:/Users/fany/.m2/repository/org/apache/tomcat/embed/tomcat-embed-websocket/9.0.44/tomcat-embed-websocket-9.0.44.jar:/Users/fany/.m2/repository/org/springframework/spring-web/5.3.5/spring-web-5.3.5.jar:/Users/fany/.m2/repository/org/springframework/spring-beans/5.3.5/spring-beans-5.3.5.jar:/Users/fany/.m2/repository/org/springframework/spring-webmvc/5.3.5/spring-webmvc-5.3.5.jar:/Users/fany/.m2/repository/org/springframework/spring-aop/5.3.5/spring-aop-5.3.5.jar:/Users/fany/.m2/repository/org/springframework/spring-context/5.3.5/spring-context-5.3.5.jar:/Users/fany/.m2/repository/org/springframework/spring-expression/5.3.5/spring-expression-5.3.5.jar:/Users/fany/.m2/repository/org/springframework/boot/spring-boot-starter-data-jdbc/2.4.4/spring-boot-starter-data-jdbc-2.4.4.jar:/Users/fany/.m2/repository/org/springframework/boot/spring-boot-starter-jdbc/2.4.4/spring-boot-starter-jdbc-2.4.4.jar:/Users/fany/.m2/repository/com/zaxxer/HikariCP/3.4.5/HikariCP-3.4.5.jar:/Users/fany/.m2/repository/org/springframework/spring-jdbc/5.3.5/spring-jdbc-5.3.5.jar:/Users/fany/.m2/repository/org/springframework/data/spring-data-jdbc/2.1.6/spring-data-jdbc-2.1.6.jar:/Users/fany/.m2/repository/org/springframework/data/spring-data-relational/2.1.6/spring-data-relational-2.1.6.jar:/Users/fany/.m2/repository/org/springframework/data/spring-data-commons/2.4.6/spring-data-commons-2.4.6.jar:/Users/fany/.m2/repository/org/springframework/spring-tx/5.3.5/spring-tx-5.3.5.jar:/Users/fany/.m2/repository/org/slf4j/slf4j-api/1.7.30/slf4j-api-1.7.30.jar:/Users/fany/.m2/repository/org/postgresql/postgresql/42.2.19/postgresql-42.2.19.jar:/Users/fany/.m2/repository/org/checkerframework/checker-qual/3.5.0/checker-qual-3.5.0.jar:/Users/fany/.m2/repository/org/springframework/boot/spring-boot-starter-test/2.4.4/spring-boot-starter-test-2.4.4.jar:/Users/fany/.m2/repository/org/springframework/boot/spring-boot-test/2.4.4/spring-boot-test-2.4.4.jar:/Users/fany/.m2/repository/org/springframework/boot/spring-boot-test-autoconfigure/2.4.4/spring-boot-test-autoconfigure-2.4.4.jar:/Users/fany/.m2/repository/com/jayway/jsonpath/json-path/2.4.0/json-path-2.4.0.jar:/Users/fany/.m2/repository/net/minidev/json-smart/2.3/json-smart-2.3.jar:/Users/fany/.m2/repository/net/minidev/accessors-smart/1.2/accessors-smart-1.2.jar:/Users/fany/.m2/repository/org/ow2/asm/asm/5.0.4/asm-5.0.4.jar:/Users/fany/.m2/repository/jakarta/xml/bind/jakarta.xml.bind-api/2.3.3/jakarta.xml.bind-api-2.3.3.jar:/Users/fany/.m2/repository/jakarta/activation/jakarta.activation-api/1.2.2/jakarta.activation-api-1.2.2.jar:/Users/fany/.m2/repository/org/assertj/assertj-core/3.18.1/assertj-core-3.18.1.jar:/Users/fany/.m2/repository/org/hamcrest/hamcrest/2.2/hamcrest-2.2.jar:/Users/fany/.m2/repository/org/junit/jupiter/junit-jupiter/5.7.1/junit-jupiter-5.7.1.jar:/Users/fany/.m2/repository/org/junit/jupiter/junit-jupiter-params/5.7.1/junit-jupiter-params-5.7.1.jar:/Users/fany/.m2/repository/org/junit/jupiter/junit-jupiter-engine/5.7.1/junit-jupiter-engine-5.7.1.jar:/Users/fany/.m2/repository/org/junit/platform/junit-platform-engine/1.7.1/junit-platform-engine-1.7.1.jar:/Users/fany/.m2/repository/org/mockito/mockito-core/3.6.28/mockito-core-3.6.28.jar:/Users/fany/.m2/repository/net/bytebuddy/byte-buddy/1.10.22/byte-buddy-1.10.22.jar:/Users/fany/.m2/repository/net/bytebuddy/byte-buddy-agent/1.10.22/byte-buddy-agent-1.10.22.jar:/Users/fany/.m2/repository/org/objenesis/objenesis/3.1/objenesis-3.1.jar:/Users/fany/.m2/repository/org/mockito/mockito-junit-jupiter/3.6.28/mockito-junit-jupiter-3.6.28.jar:/Users/fany/.m2/repository/org/skyscreamer/jsonassert/1.5.0/jsonassert-1.5.0.jar:/Users/fany/.m2/repository/com/vaadin/external/google/android-json/0.0.20131108.vaadin1/android-json-0.0.20131108.vaadin1.jar:/Users/fany/.m2/repository/org/springframework/spring-core/5.3.5/spring-core-5.3.5.jar:/Users/fany/.m2/repository/org/springframework/spring-jcl/5.3.5/spring-jcl-5.3.5.jar:/Users/fany/.m2/repository/org/springframework/spring-test/5.3.5/spring-test-5.3.5.jar:/Users/fany/.m2/repository/org/xmlunit/xmlunit-core/2.7.0/xmlunit-core-2.7.0.jar:/Users/fany/.m2/repository/org/testcontainers/junit-jupiter/1.15.3/junit-jupiter-1.15.3.jar:/Users/fany/.m2/repository/org/testcontainers/testcontainers/1.15.3/testcontainers-1.15.3.jar:/Users/fany/.m2/repository/junit/junit/4.13.2/junit-4.13.2.jar:/Users/fany/.m2/repository/org/hamcrest/hamcrest-core/2.2/hamcrest-core-2.2.jar:/Users/fany/.m2/repository/org/apache/commons/commons-compress/1.20/commons-compress-1.20.jar:/Users/fany/.m2/repository/org/rnorth/duct-tape/duct-tape/1.0.8/duct-tape-1.0.8.jar:/Users/fany/.m2/repository/org/rnorth/visible-assertions/visible-assertions/2.1.2/visible-assertions-2.1.2.jar:/Users/fany/.m2/repository/net/java/dev/jna/jna/5.2.0/jna-5.2.0.jar:/Users/fany/.m2/repository/com/github/docker-java/docker-java-api/3.2.8/docker-java-api-3.2.8.jar:/Users/fany/.m2/repository/com/github/docker-java/docker-java-transport-zerodep/3.2.8/docker-java-transport-zerodep-3.2.8.jar:/Users/fany/.m2/repository/com/github/docker-java/docker-java-transport/3.2.8/docker-java-transport-3.2.8.jar:/Users/fany/.m2/repository/org/junit/jupiter/junit-jupiter-api/5.7.1/junit-jupiter-api-5.7.1.jar:/Users/fany/.m2/repository/org/apiguardian/apiguardian-api/1.1.0/apiguardian-api-1.1.0.jar:/Users/fany/.m2/repository/org/opentest4j/opentest4j/1.2.0/opentest4j-1.2.0.jar:/Users/fany/.m2/repository/org/junit/platform/junit-platform-commons/1.7.1/junit-platform-commons-1.7.1.jar:/Users/fany/.m2/repository/org/testcontainers/postgresql/1.15.3/postgresql-1.15.3.jar:/Users/fany/.m2/repository/org/testcontainers/jdbc/1.15.3/jdbc-1.15.3.jar:/Users/fany/.m2/repository/org/testcontainers/database-commons/1.15.3/database-commons-1.15.3.jar:/Users/fany/.m2/repository/io/rest-assured/rest-assured/4.4.0/rest-assured-4.4.0.jar:/Users/fany/.m2/repository/org/codehaus/groovy/groovy/3.0.7/groovy-3.0.7.jar:/Users/fany/.m2/repository/org/codehaus/groovy/groovy-xml/3.0.7/groovy-xml-3.0.7.jar:/Users/fany/.m2/repository/org/apache/httpcomponents/httpclient/4.5.13/httpclient-4.5.13.jar:/Users/fany/.m2/repository/org/apache/httpcomponents/httpcore/4.4.14/httpcore-4.4.14.jar:/Users/fany/.m2/repository/commons-codec/commons-codec/1.15/commons-codec-1.15.jar:/Users/fany/.m2/repository/org/apache/httpcomponents/httpmime/4.5.13/httpmime-4.5.13.jar:/Users/fany/.m2/repository/org/ccil/cowan/tagsoup/tagsoup/1.2.1/tagsoup-1.2.1.jar:/Users/fany/.m2/repository/io/rest-assured/json-path/4.4.0/json-path-4.4.0.jar:/Users/fany/.m2/repository/org/codehaus/groovy/groovy-json/3.0.7/groovy-json-3.0.7.jar:/Users/fany/.m2/repository/io/rest-assured/rest-assured-common/4.4.0/rest-assured-common-4.4.0.jar:/Users/fany/.m2/repository/io/rest-assured/xml-path/4.4.0/xml-path-4.4.0.jar:/Users/fany/.m2/repository/org/apache/commons/commons-lang3/3.11/commons-lang3-3.11.jar:/Users/fany/.m2/repository/com/sun/xml/bind/jaxb-impl/2.3.3/jaxb-impl-2.3.3.jar:/Users/fany/.m2/repository/org/springframework/experimental/spring-native/0.9.2/spring-native-0.9.2.jar:/Users/fany/.m2/repository/org/springframework/boot/spring-boot-starter-actuator/2.4.4/spring-boot-starter-actuator-2.4.4.jar:/Users/fany/.m2/repository/org/springframework/boot/spring-boot-actuator-autoconfigure/2.4.4/spring-boot-actuator-autoconfigure-2.4.4.jar:/Users/fany/.m2/repository/org/springframework/boot/spring-boot-actuator/2.4.4/spring-boot-actuator-2.4.4.jar:/Users/fany/.m2/repository/io/micrometer/micrometer-core/1.6.5/micrometer-core-1.6.5.jar:/Users/fany/.m2/repository/org/hdrhistogram/HdrHistogram/2.1.12/HdrHistogram-2.1.12.jar:/Users/fany/.m2/repository/org/latencyutils/LatencyUtils/2.0.3/LatencyUtils-2.0.3.jar:/Users/fany/.m2/repository/io/micrometer/micrometer-registry-prometheus/1.6.5/micrometer-registry-prometheus-1.6.5.jar:/Users/fany/.m2/repository/io/prometheus/simpleclient_common/0.9.0/simpleclient_common-0.9.0.jar:/Users/fany/.m2/repository/io/prometheus/simpleclient/0.9.0/simpleclient-0.9.0.jar:"/>
    <property name="java.vm.vendor" value="GraalVM Community"/>
    <property name="sun.arch.data.model" value="64"/>
    <property name="java.vendor.url" value="https://www.graalvm.org/"/>
    <property name="user.timezone" value=""/>
    <property name="java.vm.specification.version" value="11"/>
    <property name="os.name" value="Mac OS X"/>
    <property name="sun.java.launcher" value="SUN_STANDARD"/>
    <property name="user.country" value="GB"/>
    <property name="sun.boot.library.path" value="/Users/fany/.sdkman/candidates/java/20.2.0.r11-grl/lib"/>
    <property name="sun.java.command" value="/Users/fany/Documents/workspace-sts/crossing-the-chasm-quarkus/springboot-books-api/imperative-api/target/surefire/surefirebooter10608377050162763498.jar /Users/fany/Documents/workspace-sts/crossing-the-chasm-quarkus/springboot-books-api/imperative-api/target/surefire 2021-05-25T22-33-30_961-jvmRun1 surefire3247020932835085883tmp surefire_011197948491082031047tmp"/>
    <property name="http.nonProxyHosts" value="local|*.local|169.254/16|*.169.254/16"/>
    <property name="jdk.debug" value="release"/>
    <property name="surefire.test.class.path" value="/Users/fany/Documents/workspace-sts/crossing-the-chasm-quarkus/springboot-books-api/imperative-api/target/test-classes:/Users/fany/Documents/workspace-sts/crossing-the-chasm-quarkus/springboot-books-api/imperative-api/target/classes:/Users/fany/.m2/repository/org/springframework/boot/spring-boot-starter-web/2.4.4/spring-boot-starter-web-2.4.4.jar:/Users/fany/.m2/repository/org/springframework/boot/spring-boot-starter/2.4.4/spring-boot-starter-2.4.4.jar:/Users/fany/.m2/repository/org/springframework/boot/spring-boot/2.4.4/spring-boot-2.4.4.jar:/Users/fany/.m2/repository/org/springframework/boot/spring-boot-autoconfigure/2.4.4/spring-boot-autoconfigure-2.4.4.jar:/Users/fany/.m2/repository/org/springframework/boot/spring-boot-starter-logging/2.4.4/spring-boot-starter-logging-2.4.4.jar:/Users/fany/.m2/repository/ch/qos/logback/logback-classic/1.2.3/logback-classic-1.2.3.jar:/Users/fany/.m2/repository/ch/qos/logback/logback-core/1.2.3/logback-core-1.2.3.jar:/Users/fany/.m2/repository/org/apache/logging/log4j/log4j-to-slf4j/2.13.3/log4j-to-slf4j-2.13.3.jar:/Users/fany/.m2/repository/org/apache/logging/log4j/log4j-api/2.13.3/log4j-api-2.13.3.jar:/Users/fany/.m2/repository/org/slf4j/jul-to-slf4j/1.7.30/jul-to-slf4j-1.7.30.jar:/Users/fany/.m2/repository/jakarta/annotation/jakarta.annotation-api/1.3.5/jakarta.annotation-api-1.3.5.jar:/Users/fany/.m2/repository/org/yaml/snakeyaml/1.27/snakeyaml-1.27.jar:/Users/fany/.m2/repository/org/springframework/boot/spring-boot-starter-json/2.4.4/spring-boot-starter-json-2.4.4.jar:/Users/fany/.m2/repository/com/fasterxml/jackson/core/jackson-databind/2.11.4/jackson-databind-2.11.4.jar:/Users/fany/.m2/repository/com/fasterxml/jackson/core/jackson-annotations/2.11.4/jackson-annotations-2.11.4.jar:/Users/fany/.m2/repository/com/fasterxml/jackson/core/jackson-core/2.11.4/jackson-core-2.11.4.jar:/Users/fany/.m2/repository/com/fasterxml/jackson/datatype/jackson-datatype-jdk8/2.11.4/jackson-datatype-jdk8-2.11.4.jar:/Users/fany/.m2/repository/com/fasterxml/jackson/datatype/jackson-datatype-jsr310/2.11.4/jackson-datatype-jsr310-2.11.4.jar:/Users/fany/.m2/repository/com/fasterxml/jackson/module/jackson-module-parameter-names/2.11.4/jackson-module-parameter-names-2.11.4.jar:/Users/fany/.m2/repository/org/springframework/boot/spring-boot-starter-tomcat/2.4.4/spring-boot-starter-tomcat-2.4.4.jar:/Users/fany/.m2/repository/org/apache/tomcat/embed/tomcat-embed-core/9.0.44/tomcat-embed-core-9.0.44.jar:/Users/fany/.m2/repository/org/glassfish/jakarta.el/3.0.3/jakarta.el-3.0.3.jar:/Users/fany/.m2/repository/org/apache/tomcat/embed/tomcat-embed-websocket/9.0.44/tomcat-embed-websocket-9.0.44.jar:/Users/fany/.m2/repository/org/springframework/spring-web/5.3.5/spring-web-5.3.5.jar:/Users/fany/.m2/repository/org/springframework/spring-beans/5.3.5/spring-beans-5.3.5.jar:/Users/fany/.m2/repository/org/springframework/spring-webmvc/5.3.5/spring-webmvc-5.3.5.jar:/Users/fany/.m2/repository/org/springframework/spring-aop/5.3.5/spring-aop-5.3.5.jar:/Users/fany/.m2/repository/org/springframework/spring-context/5.3.5/spring-context-5.3.5.jar:/Users/fany/.m2/repository/org/springframework/spring-expression/5.3.5/spring-expression-5.3.5.jar:/Users/fany/.m2/repository/org/springframework/boot/spring-boot-starter-data-jdbc/2.4.4/spring-boot-starter-data-jdbc-2.4.4.jar:/Users/fany/.m2/repository/org/springframework/boot/spring-boot-starter-jdbc/2.4.4/spring-boot-starter-jdbc-2.4.4.jar:/Users/fany/.m2/repository/com/zaxxer/HikariCP/3.4.5/HikariCP-3.4.5.jar:/Users/fany/.m2/repository/org/springframework/spring-jdbc/5.3.5/spring-jdbc-5.3.5.jar:/Users/fany/.m2/repository/org/springframework/data/spring-data-jdbc/2.1.6/spring-data-jdbc-2.1.6.jar:/Users/fany/.m2/repository/org/springframework/data/spring-data-relational/2.1.6/spring-data-relational-2.1.6.jar:/Users/fany/.m2/repository/org/springframework/data/spring-data-commons/2.4.6/spring-data-commons-2.4.6.jar:/Users/fany/.m2/repository/org/springframework/spring-tx/5.3.5/spring-tx-5.3.5.jar:/Users/fany/.m2/repository/org/slf4j/slf4j-api/1.7.30/slf4j-api-1.7.30.jar:/Users/fany/.m2/repository/org/postgresql/postgresql/42.2.19/postgresql-42.2.19.jar:/Users/fany/.m2/repository/org/checkerframework/checker-qual/3.5.0/checker-qual-3.5.0.jar:/Users/fany/.m2/repository/org/springframework/boot/spring-boot-starter-test/2.4.4/spring-boot-starter-test-2.4.4.jar:/Users/fany/.m2/repository/org/springframework/boot/spring-boot-test/2.4.4/spring-boot-test-2.4.4.jar:/Users/fany/.m2/repository/org/springframework/boot/spring-boot-test-autoconfigure/2.4.4/spring-boot-test-autoconfigure-2.4.4.jar:/Users/fany/.m2/repository/com/jayway/jsonpath/json-path/2.4.0/json-path-2.4.0.jar:/Users/fany/.m2/repository/net/minidev/json-smart/2.3/json-smart-2.3.jar:/Users/fany/.m2/repository/net/minidev/accessors-smart/1.2/accessors-smart-1.2.jar:/Users/fany/.m2/repository/org/ow2/asm/asm/5.0.4/asm-5.0.4.jar:/Users/fany/.m2/repository/jakarta/xml/bind/jakarta.xml.bind-api/2.3.3/jakarta.xml.bind-api-2.3.3.jar:/Users/fany/.m2/repository/jakarta/activation/jakarta.activation-api/1.2.2/jakarta.activation-api-1.2.2.jar:/Users/fany/.m2/repository/org/assertj/assertj-core/3.18.1/assertj-core-3.18.1.jar:/Users/fany/.m2/repository/org/hamcrest/hamcrest/2.2/hamcrest-2.2.jar:/Users/fany/.m2/repository/org/junit/jupiter/junit-jupiter/5.7.1/junit-jupiter-5.7.1.jar:/Users/fany/.m2/repository/org/junit/jupiter/junit-jupiter-params/5.7.1/junit-jupiter-params-5.7.1.jar:/Users/fany/.m2/repository/org/junit/jupiter/junit-jupiter-engine/5.7.1/junit-jupiter-engine-5.7.1.jar:/Users/fany/.m2/repository/org/junit/platform/junit-platform-engine/1.7.1/junit-platform-engine-1.7.1.jar:/Users/fany/.m2/repository/org/mockito/mockito-core/3.6.28/mockito-core-3.6.28.jar:/Users/fany/.m2/repository/net/bytebuddy/byte-buddy/1.10.22/byte-buddy-1.10.22.jar:/Users/fany/.m2/repository/net/bytebuddy/byte-buddy-agent/1.10.22/byte-buddy-agent-1.10.22.jar:/Users/fany/.m2/repository/org/objenesis/objenesis/3.1/objenesis-3.1.jar:/Users/fany/.m2/repository/org/mockito/mockito-junit-jupiter/3.6.28/mockito-junit-jupiter-3.6.28.jar:/Users/fany/.m2/repository/org/skyscreamer/jsonassert/1.5.0/jsonassert-1.5.0.jar:/Users/fany/.m2/repository/com/vaadin/external/google/android-json/0.0.20131108.vaadin1/android-json-0.0.20131108.vaadin1.jar:/Users/fany/.m2/repository/org/springframework/spring-core/5.3.5/spring-core-5.3.5.jar:/Users/fany/.m2/repository/org/springframework/spring-jcl/5.3.5/spring-jcl-5.3.5.jar:/Users/fany/.m2/repository/org/springframework/spring-test/5.3.5/spring-test-5.3.5.jar:/Users/fany/.m2/repository/org/xmlunit/xmlunit-core/2.7.0/xmlunit-core-2.7.0.jar:/Users/fany/.m2/repository/org/testcontainers/junit-jupiter/1.15.3/junit-jupiter-1.15.3.jar:/Users/fany/.m2/repository/org/testcontainers/testcontainers/1.15.3/testcontainers-1.15.3.jar:/Users/fany/.m2/repository/junit/junit/4.13.2/junit-4.13.2.jar:/Users/fany/.m2/repository/org/hamcrest/hamcrest-core/2.2/hamcrest-core-2.2.jar:/Users/fany/.m2/repository/org/apache/commons/commons-compress/1.20/commons-compress-1.20.jar:/Users/fany/.m2/repository/org/rnorth/duct-tape/duct-tape/1.0.8/duct-tape-1.0.8.jar:/Users/fany/.m2/repository/org/rnorth/visible-assertions/visible-assertions/2.1.2/visible-assertions-2.1.2.jar:/Users/fany/.m2/repository/net/java/dev/jna/jna/5.2.0/jna-5.2.0.jar:/Users/fany/.m2/repository/com/github/docker-java/docker-java-api/3.2.8/docker-java-api-3.2.8.jar:/Users/fany/.m2/repository/com/github/docker-java/docker-java-transport-zerodep/3.2.8/docker-java-transport-zerodep-3.2.8.jar:/Users/fany/.m2/repository/com/github/docker-java/docker-java-transport/3.2.8/docker-java-transport-3.2.8.jar:/Users/fany/.m2/repository/org/junit/jupiter/junit-jupiter-api/5.7.1/junit-jupiter-api-5.7.1.jar:/Users/fany/.m2/repository/org/apiguardian/apiguardian-api/1.1.0/apiguardian-api-1.1.0.jar:/Users/fany/.m2/repository/org/opentest4j/opentest4j/1.2.0/opentest4j-1.2.0.jar:/Users/fany/.m2/repository/org/junit/platform/junit-platform-commons/1.7.1/junit-platform-commons-1.7.1.jar:/Users/fany/.m2/repository/org/testcontainers/postgresql/1.15.3/postgresql-1.15.3.jar:/Users/fany/.m2/repository/org/testcontainers/jdbc/1.15.3/jdbc-1.15.3.jar:/Users/fany/.m2/repository/org/testcontainers/database-commons/1.15.3/database-commons-1.15.3.jar:/Users/fany/.m2/repository/io/rest-assured/rest-assured/4.4.0/rest-assured-4.4.0.jar:/Users/fany/.m2/repository/org/codehaus/groovy/groovy/3.0.7/groovy-3.0.7.jar:/Users/fany/.m2/repository/org/codehaus/groovy/groovy-xml/3.0.7/groovy-xml-3.0.7.jar:/Users/fany/.m2/repository/org/apache/httpcomponents/httpclient/4.5.13/httpclient-4.5.13.jar:/Users/fany/.m2/repository/org/apache/httpcomponents/httpcore/4.4.14/httpcore-4.4.14.jar:/Users/fany/.m2/repository/commons-codec/commons-codec/1.15/commons-codec-1.15.jar:/Users/fany/.m2/repository/org/apache/httpcomponents/httpmime/4.5.13/httpmime-4.5.13.jar:/Users/fany/.m2/repository/org/ccil/cowan/tagsoup/tagsoup/1.2.1/tagsoup-1.2.1.jar:/Users/fany/.m2/repository/io/rest-assured/json-path/4.4.0/json-path-4.4.0.jar:/Users/fany/.m2/repository/org/codehaus/groovy/groovy-json/3.0.7/groovy-json-3.0.7.jar:/Users/fany/.m2/repository/io/rest-assured/rest-assured-common/4.4.0/rest-assured-common-4.4.0.jar:/Users/fany/.m2/repository/io/rest-assured/xml-path/4.4.0/xml-path-4.4.0.jar:/Users/fany/.m2/repository/org/apache/commons/commons-lang3/3.11/commons-lang3-3.11.jar:/Users/fany/.m2/repository/com/sun/xml/bind/jaxb-impl/2.3.3/jaxb-impl-2.3.3.jar:/Users/fany/.m2/repository/org/springframework/experimental/spring-native/0.9.2/spring-native-0.9.2.jar:/Users/fany/.m2/repository/org/springframework/boot/spring-boot-starter-actuator/2.4.4/spring-boot-starter-actuator-2.4.4.jar:/Users/fany/.m2/repository/org/springframework/boot/spring-boot-actuator-autoconfigure/2.4.4/spring-boot-actuator-autoconfigure-2.4.4.jar:/Users/fany/.m2/repository/org/springframework/boot/spring-boot-actuator/2.4.4/spring-boot-actuator-2.4.4.jar:/Users/fany/.m2/repository/io/micrometer/micrometer-core/1.6.5/micrometer-core-1.6.5.jar:/Users/fany/.m2/repository/org/hdrhistogram/HdrHistogram/2.1.12/HdrHistogram-2.1.12.jar:/Users/fany/.m2/repository/org/latencyutils/LatencyUtils/2.0.3/LatencyUtils-2.0.3.jar:/Users/fany/.m2/repository/io/micrometer/micrometer-registry-prometheus/1.6.5/micrometer-registry-prometheus-1.6.5.jar:/Users/fany/.m2/repository/io/prometheus/simpleclient_common/0.9.0/simpleclient_common-0.9.0.jar:/Users/fany/.m2/repository/io/prometheus/simpleclient/0.9.0/simpleclient-0.9.0.jar:"/>
    <property name="sun.cpu.endian" value="little"/>
    <property name="user.home" value="/Users/fany"/>
    <property name="user.language" value="en"/>
    <property name="java.specification.vendor" value="Oracle Corporation"/>
    <property name="java.version.date" value="2020-07-14"/>
    <property name="java.home" value="/Users/fany/.sdkman/candidates/java/20.2.0.r11-grl"/>
    <property name="file.separator" value="/"/>
    <property name="basedir" value="/Users/fany/Documents/workspace-sts/crossing-the-chasm-quarkus/springboot-books-api/imperative-api"/>
    <property name="java.vm.compressedOopsMode" value="Zero based"/>
    <property name="line.separator" value="&#10;"/>
    <property name="jdk.internal.vm.ci.enabled" value="true"/>
    <property name="java.specification.name" value="Java Platform API Specification"/>
    <property name="java.vm.specification.vendor" value="Oracle Corporation"/>
    <property name="java.awt.graphicsenv" value="sun.awt.CGraphicsEnvironment"/>
    <property name="surefire.real.class.path" value="/Users/fany/Documents/workspace-sts/crossing-the-chasm-quarkus/springboot-books-api/imperative-api/target/surefire/surefirebooter10608377050162763498.jar"/>
    <property name="sun.management.compiler" value="HotSpot 64-Bit Tiered Compilers"/>
    <property name="ftp.nonProxyHosts" value="local|*.local|169.254/16|*.169.254/16"/>
    <property name="java.runtime.version" value="11.0.8+10-jvmci-20.2-b03"/>
    <property name="user.name" value="fany"/>
    <property name="path.separator" value=":"/>
    <property name="os.version" value="10.16"/>
    <property name="java.runtime.name" value="OpenJDK Runtime Environment"/>
    <property name="file.encoding" value="UTF-8"/>
    <property name="java.vm.name" value="OpenJDK 64-Bit Server VM"/>
    <property name="java.vendor.version" value="GraalVM CE 20.2.0"/>
    <property name="localRepository" value="/Users/fany/.m2/repository"/>
    <property name="java.vendor.url.bug" value="https://github.com/oracle/graal/issues"/>
    <property name="java.io.tmpdir" value="/var/folders/3b/7ff3tlm56vjd3t46wgq3mc8m0000gn/T/"/>
    <property name="idea.version" value="2020.2.3"/>
    <property name="java.version" value="11.0.8"/>
    <property name="user.dir" value="/Users/fany/Documents/workspace-sts/crossing-the-chasm-quarkus/springboot-books-api/imperative-api"/>
    <property name="os.arch" value="x86_64"/>
    <property name="java.vm.specification.name" value="Java Virtual Machine Specification"/>
    <property name="java.awt.printerjob" value="sun.lwawt.macosx.CPrinterJob"/>
    <property name="sun.os.patch.level" value="unknown"/>
    <property name="java.library.path" value="/Users/fany/Library/Java/Extensions:/Library/Java/Extensions:/Network/Library/Java/Extensions:/System/Library/Java/Extensions:/usr/lib/java:."/>
    <property name="java.vm.info" value="mixed mode, sharing"/>
    <property name="java.vendor" value="GraalVM Community"/>
    <property name="java.vm.version" value="11.0.8+10-jvmci-20.2-b03"/>
    <property name="sun.io.unicode.encoding" value="UnicodeBig"/>
    <property name="java.class.version" value="55.0"/>
    <property name="socksNonProxyHosts" value="local|*.local|169.254/16|*.169.254/16"/>
  </properties>
  <testcase name="given_application_when_call_endpoint_with_id_then_Ok" classname="org.springboot.training.BookControllerTest" time="0.001">
    <error message="Failed to load ApplicationContext" type="java.lang.IllegalStateException">java.lang.IllegalStateException: Failed to load ApplicationContext
Caused by: org.springframework.beans.factory.UnsatisfiedDependencyException: Error creating bean with name 'bookController' defined in class path resource [org/springboot/training/controller/BookController.class]: Unsatisfied dependency expressed through constructor parameter 1; nested exception is org.springframework.beans.factory.NoSuchBeanDefinitionException: No qualifying bean of type 'org.springboot.training.persistence.BookAuthorsRepository' available: expected at least 1 bean which qualifies as autowire candidate. Dependency annotations: {}
Caused by: org.springframework.beans.factory.NoSuchBeanDefinitionException: No qualifying bean of type 'org.springboot.training.persistence.BookAuthorsRepository' available: expected at least 1 bean which qualifies as autowire candidate. Dependency annotations: {}
</error>
    <system-out><![CDATA[22:33:31.778 [main] DEBUG org.testcontainers.utility.TestcontainersConfiguration - Testcontainers configuration overrides will be loaded from file:/Users/fany/.testcontainers.properties
22:33:31.785 [main] INFO org.testcontainers.dockerclient.DockerClientProviderStrategy - Loaded org.testcontainers.dockerclient.UnixSocketClientProviderStrategy from ~/.testcontainers.properties, will try it first
22:33:32.181 [ducttape-0] DEBUG org.testcontainers.dockerclient.DockerClientProviderStrategy - Pinging docker daemon...
22:33:32.210 [ducttape-0] DEBUG org.testcontainers.shaded.com.github.dockerjava.core.command.AbstrDockerCmd - Cmd: 
22:33:32.553 [main] INFO org.testcontainers.dockerclient.DockerClientProviderStrategy - Found Docker environment with local Unix socket (unix:///var/run/docker.sock)
22:33:32.553 [main] DEBUG org.testcontainers.dockerclient.DockerClientProviderStrategy - Transport type: 'okhttp', Docker host: 'unix:///var/run/docker.sock'
22:33:32.553 [main] DEBUG org.testcontainers.dockerclient.DockerClientProviderStrategy - Checking Docker OS type for local Unix socket (unix:///var/run/docker.sock)
22:33:32.554 [main] INFO org.testcontainers.DockerClientFactory - Docker host IP address is localhost
22:33:32.555 [main] DEBUG org.testcontainers.shaded.com.github.dockerjava.core.command.AbstrDockerCmd - Cmd: 
22:33:32.576 [main] DEBUG org.testcontainers.shaded.com.github.dockerjava.core.command.AbstrDockerCmd - Cmd: 
22:33:32.597 [main] INFO org.testcontainers.DockerClientFactory - Connected to docker: 
  Server Version: 20.10.5
  API Version: 1.41
  Operating System: Docker Desktop
  Total Memory: 9965 MB
22:33:32.597 [main] DEBUG org.testcontainers.DockerClientFactory - Ryuk is enabled
22:33:32.601 [main] INFO org.testcontainers.utility.ImageNameSubstitutor - Image name substitution will be performed by: DefaultImageNameSubstitutor (composite of 'ConfigurationFileImageNameSubstitutor' and 'PrefixingImageNameSubstitutor')
22:33:32.603 [main] DEBUG org.testcontainers.utility.PrefixingImageNameSubstitutor - No prefix is configured
22:33:32.603 [main] DEBUG org.testcontainers.utility.ImageNameSubstitutor - Did not find a substitute image for testcontainers/ryuk:0.3.1 (using image substitutor: DefaultImageNameSubstitutor (composite of 'ConfigurationFileImageNameSubstitutor' and 'PrefixingImageNameSubstitutor'))
22:33:32.605 [main] DEBUG org.testcontainers.shaded.com.github.dockerjava.core.command.AbstrDockerCmd - Cmd: testcontainers/ryuk:0.3.1
22:33:32.648 [main] DEBUG org.testcontainers.utility.RegistryAuthLocator - Looking up auth config for image: testcontainers/ryuk:0.3.1 at registry: index.docker.io
22:33:32.648 [main] DEBUG org.testcontainers.utility.RegistryAuthLocator - RegistryAuthLocator has configFile: /Users/fany/.docker/config.json (exists) and commandPathPrefix: 
22:33:32.652 [main] DEBUG org.testcontainers.utility.RegistryAuthLocator - registryName [index.docker.io] for dockerImageName [testcontainers/ryuk:0.3.1]
22:33:32.652 [main] DEBUG org.testcontainers.utility.RegistryAuthLocator - Executing docker credential provider: docker-credential-desktop to locate auth config for: index.docker.io
22:33:32.659 [main] DEBUG org.testcontainers.shaded.org.zeroturnaround.exec.ProcessExecutor - Executing [docker-credential-desktop, get].
22:33:32.663 [main] DEBUG org.testcontainers.utility.RegistryAuthLocator - Failure running docker credential helper/store (docker-credential-desktop)
22:33:32.663 [main] INFO org.testcontainers.utility.RegistryAuthLocator - Failure when attempting to lookup auth config. Please ignore if you don't have images in an authenticated registry. Details: (dockerImageName: testcontainers/ryuk:0.3.1, configFile: /Users/fany/.docker/config.json. Falling back to docker-java default behaviour. Exception message: Could not execute [docker-credential-desktop, get]. Error=2, No such file or directory
22:33:32.663 [main] DEBUG org.testcontainers.utility.RegistryAuthLocator - No matching Auth Configs - falling back to defaultAuthConfig [null]
22:33:32.663 [main] DEBUG org.testcontainers.dockerclient.AuthDelegatingDockerClientConfig - Effective auth config [null]
22:33:32.666 [main] DEBUG org.testcontainers.shaded.com.github.dockerjava.core.command.AbstrDockerCmd - Cmd: org.testcontainers.shaded.com.github.dockerjava.core.command.CreateContainerCmdImpl@6fb365ed[name=testcontainers-ryuk-da9b79d6-f872-4825-a34d-093e2ebac2c8,hostName=<null>,domainName=<null>,user=<null>,attachStdin=<null>,attachStdout=<null>,attachStderr=<null>,portSpecs=<null>,tty=<null>,stdinOpen=<null>,stdInOnce=<null>,env=<null>,cmd=<null>,healthcheck=<null>,argsEscaped=<null>,entrypoint=<null>,image=testcontainers/ryuk:0.3.1,volumes=com.github.dockerjava.api.model.Volumes@5a709816,workingDir=<null>,macAddress=<null>,onBuild=<null>,networkDisabled=<null>,exposedPorts=com.github.dockerjava.api.model.ExposedPorts@78383390,stopSignal=<null>,stopTimeout=<null>,hostConfig=HostConfig(binds=[/var/run/docker.sock:/var/run/docker.sock:rw], blkioWeight=null, blkioWeightDevice=null, blkioDeviceReadBps=null, blkioDeviceWriteBps=null, blkioDeviceReadIOps=null, blkioDeviceWriteIOps=null, memorySwappiness=null, nanoCPUs=null, capAdd=null, capDrop=null, containerIDFile=null, cpuPeriod=null, cpuRealtimePeriod=null, cpuRealtimeRuntime=null, cpuShares=null, cpuQuota=null, cpusetCpus=null, cpusetMems=null, devices=null, deviceCgroupRules=null, deviceRequests=null, diskQuota=null, dns=null, dnsOptions=null, dnsSearch=null, extraHosts=null, groupAdd=null, ipcMode=null, cgroup=null, links=[], logConfig=LogConfig(type=null, config=null), lxcConf=null, memory=null, memorySwap=null, memoryReservation=null, kernelMemory=null, networkMode=null, oomKillDisable=null, init=null, autoRemove=true, oomScoreAdj=null, portBindings=null, privileged=false, publishAllPorts=true, readonlyRootfs=null, restartPolicy=null, ulimits=null, cpuCount=null, cpuPercent=null, ioMaximumIOps=null, ioMaximumBandwidth=null, volumesFrom=null, mounts=null, pidMode=null, isolation=null, securityOpts=null, storageOpt=null, cgroupParent=null, volumeDriver=null, shmSize=null, pidsLimit=null, runtime=null, tmpFs=null, utSMode=null, usernsMode=null, sysctls=null, consoleSize=null),labels={org.testcontainers=true},shell=<null>,networkingConfig=<null>,ipv4Address=<null>,ipv6Address=<null>,aliases=<null>,authConfig=<null>]
22:33:32.782 [main] DEBUG org.testcontainers.shaded.com.github.dockerjava.core.command.AbstrDockerCmd - Cmd: 75bf139ff25b283180d9832893aad9de3900342647641ac37892b6b032b392ae
22:33:34.264 [main] DEBUG org.testcontainers.shaded.com.github.dockerjava.core.command.AbstrDockerCmd - Cmd: 75bf139ff25b283180d9832893aad9de3900342647641ac37892b6b032b392ae,false
22:33:34.265 [main] DEBUG org.testcontainers.shaded.com.github.dockerjava.core.exec.InspectContainerCmdExec - GET: DefaultWebTarget{path=[/containers/75bf139ff25b283180d9832893aad9de3900342647641ac37892b6b032b392ae/json], queryParams={}}
22:33:34.320 [testcontainers-ryuk] DEBUG org.testcontainers.utility.ResourceReaper - Sending 'label=org.testcontainers%3Dtrue&label=org.testcontainers.sessionId%3Dda9b79d6-f872-4825-a34d-093e2ebac2c8' to Ryuk
22:33:34.322 [testcontainers-ryuk] DEBUG org.testcontainers.utility.ResourceReaper - Received 'ACK' from Ryuk
22:33:34.323 [main] INFO org.testcontainers.DockerClientFactory - Ryuk started - will monitor and terminate Testcontainers containers on JVM exit
22:33:34.323 [main] DEBUG org.testcontainers.DockerClientFactory - Checks are enabled
22:33:34.323 [main] INFO org.testcontainers.DockerClientFactory - Checking the system...
22:33:34.323 [main] INFO org.testcontainers.DockerClientFactory - ✔︎ Docker server version should be at least 1.6.0
22:33:34.324 [main] DEBUG org.testcontainers.shaded.com.github.dockerjava.core.command.AbstrDockerCmd - Cmd: 75bf139ff25b283180d9832893aad9de3900342647641ac37892b6b032b392ae,<null>,true,<null>,<null>,<null>,<null>,{df,-P},<null>,<null>
22:33:34.409 [main] INFO org.testcontainers.DockerClientFactory - ✔︎ Docker environment should have more than 2GB free disk space
22:33:34.410 [main] DEBUG org.testcontainers.utility.PrefixingImageNameSubstitutor - No prefix is configured
22:33:34.410 [main] DEBUG org.testcontainers.utility.ImageNameSubstitutor - Did not find a substitute image for postgres:11 (using image substitutor: DefaultImageNameSubstitutor (composite of 'ConfigurationFileImageNameSubstitutor' and 'PrefixingImageNameSubstitutor'))
22:33:34.413 [main] DEBUG org.testcontainers.shaded.com.github.dockerjava.core.command.AbstrDockerCmd - Cmd: ListImagesCmdImpl[imageNameFilter=<null>,showAll=false,filters=org.testcontainers.shaded.com.github.dockerjava.core.util.FiltersBuilder@0]
22:33:34.818 [main] DEBUG org.testcontainers.images.LocalImagesCache - repoTags is null, skipping image: Image(created=1619915202, id=sha256:148dfc967eb225e956a9379e2b40e8b5c88b5e991a02780ef7867a9a1ec9cf05, parentId=, repoTags=null, repoDigests=[quay.io/quarkus/ubi-quarkus-native-image@sha256:251a0044a9827d25b8cbbb57f6eeb5a0eaf75ffa4cafe9e7b611c8d870fd9aa2], size=1370440213, virtualSize=1370440213, sharedSize=-1, labels={architecture=x86_64, build-date=2021-04-14T21:02:42.814986, com.redhat.build-host=cpt-1002.osbs.prod.upshift.rdu2.redhat.com, com.redhat.component=ubi8-minimal-container, com.redhat.license_terms=https://www.redhat.com/en/about/red-hat-end-user-license-agreements#UBI, description=The Universal Base Image Minimal is a stripped down image that uses microdnf as a package manager. This base image is freely redistributable, but Red Hat only supports Red Hat technologies through subscriptions for Red Hat products. This image is maintained by Red Hat and updated regularly., distribution-scope=public, graalvm-archive-filename=graalvm-ce-linux-amd64-21.0.0.2-java11.tar.gz, graalvm-archive-url=https://github.com/graalvm/graalvm-ce-builds/releases/download/vm-21.0.0.2/graalvm-ce-java11-linux-amd64-21.0.0.2.tar.gz, graalvm-version=java11-21.0.0.2, io.cekit.version=3.10.0, io.k8s.description=Quarkus.io executable image providing the `native-image` executable., io.k8s.display-name=Quarkus.io executable (GraalVM Native), io.openshift.expose-services=, io.openshift.tags=executable,java,quarkus,native, maintainer=Quarkus Team <quarkus-dev@googlegroups.com>, name=ubi8-minimal, release=298.1618432845, summary=Provides the latest release of the minimal Red Hat Universal Base Image 8., url=https://access.redhat.com/containers/#/registry.access.redhat.com/ubi8-minimal/images/8.3-298.1618432845, vcs-ref=f53dab37c7541dd0080f410727c5886e85c09ee7, vcs-type=git, vendor=Red Hat, Inc., version=8.3}, containers=-1)
22:33:34.818 [main] DEBUG org.testcontainers.images.LocalImagesCache - repoTags is null, skipping image: Image(created=1618711575, id=sha256:58b2ff78bb50df18dfd7f018c480b109010cb1e0f7b5a60c23ad95bcc5120bb5, parentId=, repoTags=null, repoDigests=[paketobuildpacks/run@sha256:57768a9ede0bed24b6c176a673e2cc825c65ac319be0baa32661eb4db722dba3], size=17330195, virtualSize=17330195, sharedSize=-1, labels={io.buildpacks.stack.description=distroless-like bionic + glibc + openssl + CA certs, io.buildpacks.stack.distro.name=Ubuntu, io.buildpacks.stack.distro.version=18.04, io.buildpacks.stack.homepage=https://github.com/paketo-buildpacks/stacks, io.buildpacks.stack.id=io.paketo.stacks.tiny, io.buildpacks.stack.maintainer=Paketo Buildpacks, io.buildpacks.stack.metadata={"base-image": "paketobuildpacks/run@sha256:1d4d4a796c03726603092554236b15ad093f35888e05bbcb30ee8fcb2d68e1d1"}, io.buildpacks.stack.mixins=["base-files","ca-certificates","libc6","libssl1.1","netbase","openssl","tzdata"], io.buildpacks.stack.released=2021-04-18T02:00:49Z, io.paketo.stack.packages=[{"name":"base-files","version":"10.1ubuntu2.10","arch":"amd64","source":{"name":"base-files","version":"10.1ubuntu2.10","upstreamVersion":"10.1ubuntu2.10"},"summary":"Debian base system miscellaneous files"},{"name":"ca-certificates","version":"20210119~18.04.1","arch":"all","source":{"name":"ca-certificates","version":"20210119~18.04.1","upstreamVersion":"20210119~18.04.1"},"summary":"Common CA certificates"},{"name":"libc6","version":"2.27-3ubuntu1.4","arch":"amd64","source":{"name":"glibc","version":"2.27-3ubuntu1.4","upstreamVersion":"2.27"},"summary":"GNU C Library: Shared libraries"},{"name":"libssl1.1","version":"1.1.1-1ubuntu2.1~18.04.9","arch":"amd64","source":{"name":"openssl","version":"1.1.1-1ubuntu2.1~18.04.9","upstreamVersion":"1.1.1"},"summary":"Secure Sockets Layer toolkit - shared libraries"},{"name":"netbase","version":"5.4","arch":"all","source":{"name":"netbase","version":"5.4","upstreamVersion":"5.4"},"summary":"Basic TCP/IP networking system"},{"name":"openssl","version":"1.1.1-1ubuntu2.1~18.04.9","arch":"amd64","source":{"name":"openssl","version":"1.1.1-1ubuntu2.1~18.04.9","upstreamVersion":"1.1.1"},"summary":"Secure Sockets Layer toolkit - cryptographic utility"},{"name":"tzdata","version":"2021a-0ubuntu0.18.04","arch":"all","source":{"name":"tzdata","version":"2021a-0ubuntu0.18.04","upstreamVersion":"2021a"},"summary":"time zone and daylight-saving time data"}]}, containers=-1)
22:33:34.818 [main] DEBUG org.testcontainers.images.LocalImagesCache - repoTags is null, skipping image: Image(created=1617390257, id=sha256:e03957c1fa5d50eb5a7f7561e2a06da4de36d2a0ef0190ce811d9fa16ecac7c3, parentId=, repoTags=null, repoDigests=[paketobuildpacks/run@sha256:18ef014232fbdb393b4670b698f60482fb29cf143bed0da849d8c89db9e23ed3], size=17330195, virtualSize=17330195, sharedSize=-1, labels={io.buildpacks.stack.description=distroless-like bionic + glibc + openssl + CA certs, io.buildpacks.stack.distro.name=Ubuntu, io.buildpacks.stack.distro.version=18.04, io.buildpacks.stack.homepage=https://github.com/paketo-buildpacks/stacks, io.buildpacks.stack.id=io.paketo.stacks.tiny, io.buildpacks.stack.maintainer=Paketo Buildpacks, io.buildpacks.stack.metadata={"base-image": "docker.io/paketobuildpacks/run@sha256:ee20f2caa6d172a4d0e8796c8da1d99eb84d9736dd05cd94cf27c1e963c6b8bb"}, io.buildpacks.stack.mixins=["base-files","ca-certificates","libc6","libssl1.1","netbase","openssl","tzdata"], io.buildpacks.stack.released=2021-04-02T19:00:36Z, io.paketo.stack.packages=[{"name":"base-files","version":"10.1ubuntu2.10","arch":"amd64","source":{"name":"base-files","version":"10.1ubuntu2.10","upstreamVersion":"10.1ubuntu2.10"},"summary":"Debian base system miscellaneous files"},{"name":"ca-certificates","version":"20210119~18.04.1","arch":"all","source":{"name":"ca-certificates","version":"20210119~18.04.1","upstreamVersion":"20210119~18.04.1"},"summary":"Common CA certificates"},{"name":"libc6","version":"2.27-3ubuntu1.4","arch":"amd64","source":{"name":"glibc","version":"2.27-3ubuntu1.4","upstreamVersion":"2.27"},"summary":"GNU C Library: Shared libraries"},{"name":"libssl1.1","version":"1.1.1-1ubuntu2.1~18.04.9","arch":"amd64","source":{"name":"openssl","version":"1.1.1-1ubuntu2.1~18.04.9","upstreamVersion":"1.1.1"},"summary":"Secure Sockets Layer toolkit - shared libraries"},{"name":"netbase","version":"5.4","arch":"all","source":{"name":"netbase","version":"5.4","upstreamVersion":"5.4"},"summary":"Basic TCP/IP networking system"},{"name":"openssl","version":"1.1.1-1ubuntu2.1~18.04.9","arch":"amd64","source":{"name":"openssl","version":"1.1.1-1ubuntu2.1~18.04.9","upstreamVersion":"1.1.1"},"summary":"Secure Sockets Layer toolkit - cryptographic utility"},{"name":"tzdata","version":"2021a-0ubuntu0.18.04","arch":"all","source":{"name":"tzdata","version":"2021a-0ubuntu0.18.04","upstreamVersion":"2021a"},"summary":"time zone and daylight-saving time data"}]}, containers=-1)
22:33:34.818 [main] DEBUG org.testcontainers.images.LocalImagesCache - repoTags is null, skipping image: Image(created=1617206037, id=sha256:d90230737c46aa6e2f1110aedfcd5efdf0a7d146c542c016f0b5624404626e52, parentId=, repoTags=null, repoDigests=[paketobuildpacks/run@sha256:d83347df1ad37a50122874687d8bcaa83f1cdc890bca9ad4e6a82d67ff09a2c6], size=17330195, virtualSize=17330195, sharedSize=-1, labels={io.buildpacks.stack.description=distroless-like bionic + glibc + openssl + CA certs, io.buildpacks.stack.distro.name=Ubuntu, io.buildpacks.stack.distro.version=18.04, io.buildpacks.stack.homepage=https://github.com/paketo-buildpacks/stacks, io.buildpacks.stack.id=io.paketo.stacks.tiny, io.buildpacks.stack.maintainer=Paketo Buildpacks, io.buildpacks.stack.metadata={"base-image": "docker.io/paketobuildpacks/run@sha256:c76864151bb87753cc0824265082a92c3e77dbe10e6dd89ea36fe9e2cbd3dcc9"}, io.buildpacks.stack.mixins=["base-files","ca-certificates","libc6","libssl1.1","netbase","openssl","tzdata"], io.buildpacks.stack.released=2021-03-31T11:24:43Z, io.paketo.stack.packages=[{"name":"base-files","version":"10.1ubuntu2.10","arch":"amd64","source":{"name":"base-files","version":"10.1ubuntu2.10","upstreamVersion":"10.1ubuntu2.10"},"summary":"Debian base system miscellaneous files"},{"name":"ca-certificates","version":"20210119~18.04.1","arch":"all","source":{"name":"ca-certificates","version":"20210119~18.04.1","upstreamVersion":"20210119~18.04.1"},"summary":"Common CA certificates"},{"name":"libc6","version":"2.27-3ubuntu1.4","arch":"amd64","source":{"name":"glibc","version":"2.27-3ubuntu1.4","upstreamVersion":"2.27"},"summary":"GNU C Library: Shared libraries"},{"name":"libssl1.1","version":"1.1.1-1ubuntu2.1~18.04.9","arch":"amd64","source":{"name":"openssl","version":"1.1.1-1ubuntu2.1~18.04.9","upstreamVersion":"1.1.1"},"summary":"Secure Sockets Layer toolkit - shared libraries"},{"name":"netbase","version":"5.4","arch":"all","source":{"name":"netbase","version":"5.4","upstreamVersion":"5.4"},"summary":"Basic TCP/IP networking system"},{"name":"openssl","version":"1.1.1-1ubuntu2.1~18.04.9","arch":"amd64","source":{"name":"openssl","version":"1.1.1-1ubuntu2.1~18.04.9","upstreamVersion":"1.1.1"},"summary":"Secure Sockets Layer toolkit - cryptographic utility"},{"name":"tzdata","version":"2021a-0ubuntu0.18.04","arch":"all","source":{"name":"tzdata","version":"2021a-0ubuntu0.18.04","upstreamVersion":"2021a"},"summary":"time zone and daylight-saving time data"}]}, containers=-1)
22:33:34.819 [main] DEBUG org.testcontainers.images.LocalImagesCache - repoTags is null, skipping image: Image(created=1616688540, id=sha256:a610062c224132399a1bb72b6609b1b582b7f1219e112f51577142d695d6391f, parentId=, repoTags=null, repoDigests=[paketobuildpacks/run@sha256:f35345771f18118a5632def411d3c3e688384e603c35e899d7b7f78b516f3539], size=17330195, virtualSize=17330195, sharedSize=-1, labels={io.buildpacks.stack.description=distroless-like bionic + glibc + openssl + CA certs, io.buildpacks.stack.distro.name=Ubuntu, io.buildpacks.stack.distro.version=18.04, io.buildpacks.stack.homepage=https://github.com/paketo-buildpacks/stacks, io.buildpacks.stack.id=io.paketo.stacks.tiny, io.buildpacks.stack.maintainer=Paketo Buildpacks, io.buildpacks.stack.metadata={"base-image": "docker.io/paketobuildpacks/run@sha256:cf6cefd56836b32471a6914b76bbf6e413eda4295a0f3ccb789fd8145edfd8dc"}, io.buildpacks.stack.mixins=["base-files","ca-certificates","libc6","libssl1.1","netbase","openssl","tzdata"], io.buildpacks.stack.released=2021-03-25T16:03:08Z, io.paketo.stack.packages=[{"name":"base-files","version":"10.1ubuntu2.10","arch":"amd64","source":{"name":"base-files","version":"10.1ubuntu2.10","upstreamVersion":"10.1ubuntu2.10"},"summary":"Debian base system miscellaneous files"},{"name":"ca-certificates","version":"20210119~18.04.1","arch":"all","source":{"name":"ca-certificates","version":"20210119~18.04.1","upstreamVersion":"20210119~18.04.1"},"summary":"Common CA certificates"},{"name":"libc6","version":"2.27-3ubuntu1.4","arch":"amd64","source":{"name":"glibc","version":"2.27-3ubuntu1.4","upstreamVersion":"2.27"},"summary":"GNU C Library: Shared libraries"},{"name":"libssl1.1","version":"1.1.1-1ubuntu2.1~18.04.9","arch":"amd64","source":{"name":"openssl","version":"1.1.1-1ubuntu2.1~18.04.9","upstreamVersion":"1.1.1"},"summary":"Secure Sockets Layer toolkit - shared libraries"},{"name":"netbase","version":"5.4","arch":"all","source":{"name":"netbase","version":"5.4","upstreamVersion":"5.4"},"summary":"Basic TCP/IP networking system"},{"name":"openssl","version":"1.1.1-1ubuntu2.1~18.04.9","arch":"amd64","source":{"name":"openssl","version":"1.1.1-1ubuntu2.1~18.04.9","upstreamVersion":"1.1.1"},"summary":"Secure Sockets Layer toolkit - cryptographic utility"},{"name":"tzdata","version":"2021a-0ubuntu0.18.04","arch":"all","source":{"name":"tzdata","version":"2021a-0ubuntu0.18.04","upstreamVersion":"2021a"},"summary":"time zone and daylight-saving time data"}]}, containers=-1)
22:33:34.819 [main] DEBUG org.testcontainers.images.LocalImagesCache - repoTags is null, skipping image: Image(created=1615683707, id=sha256:e24e498aada88102b5839212638c05e8c8698aded3ea7c76738950742fccdd10, parentId=, repoTags=null, repoDigests=[quay.io/quarkus/ubi-quarkus-native-image@sha256:f347dec2d0768c5e72521c3b64a66d3c6d4d417c48a6377ed3ba806e1c8a9c66], size=1323104887, virtualSize=1323104887, sharedSize=-1, labels={architecture=x86_64, authoritative-source-url=registry.access.redhat.com, build-date=2019-09-16T12:28:09.399802, com.redhat.build-host=cpt-1002.osbs.prod.upshift.rdu2.redhat.com, com.redhat.component=ubi8-minimal-container, com.redhat.license_terms=https://www.redhat.com/en/about/red-hat-end-user-license-agreements#UBI, description=The Universal Base Image Minimal is a stripped down image that uses microdnf as a package manager. This base image is freely redistributable, but Red Hat only supports Red Hat technologies through subscriptions for Red Hat products. This image is maintained by Red Hat and updated regularly., distribution-scope=public, graalvm-archive-filename=graalvm-ce-linux-amd64-20.2.0-java11.tar.gz, graalvm-archive-url=https://github.com/graalvm/graalvm-ce-builds/releases/download/vm-20.2.0/graalvm-ce-java11-linux-amd64-20.2.0.tar.gz, graalvm-version=java11-20.2.0, io.cekit.version=3.8.0, io.k8s.description=Quarkus.io executable image providing the `native-image` executable., io.k8s.display-name=Quarkus.io executable (GraalVM Native), io.openshift.expose-services=, io.openshift.tags=executable,java,quarkus,native, maintainer=Quarkus Team <quarkus-dev@googlegroups.com>, name=ubi8-minimal, release=213, summary=Provides the latest release of the minimal Red Hat Universal Base Image 8., url=https://access.redhat.com/containers/#/registry.access.redhat.com/ubi8-minimal/images/8.0-213, vcs-ref=cd4b5a1918e11cd510080cc6ee5496bc730f16cf, vcs-type=git, vendor=Red Hat, Inc., version=8.0}, containers=-1)
22:33:34.819 [main] DEBUG org.testcontainers.images.LocalImagesCache - repoTags is null, skipping image: Image(created=1608429702, id=sha256:c20520b14645a55d39039fc1e977be9adcfa29ad8225394681328e957a85af49, parentId=, repoTags=null, repoDigests=[paketobuildpacks/run@sha256:5bea361f9f1bba516a07a99d54c7922f3dce094686530d203fffa26ed1a2fe54], size=17841022, virtualSize=17841022, sharedSize=-1, labels={io.buildpacks.stack.description=distroless-like bionic + glibc + openssl + CA certs, io.buildpacks.stack.distro.name=Ubuntu, io.buildpacks.stack.distro.version=18.04, io.buildpacks.stack.homepage=https://github.com/paketo-buildpacks/stacks, io.buildpacks.stack.id=io.paketo.stacks.tiny, io.buildpacks.stack.maintainer=Paketo Buildpacks, io.buildpacks.stack.metadata={"base-image": "paketobuildpacks/run@sha256:ea73a0eedee830169175da457ae7a98631c8b02a6225f36afb5791a18e4ab4cd"}, io.buildpacks.stack.mixins=["ca-certificates", "libssl1.1", "openssl", "run:ca-certificates", "run:libssl1.1", "run:openssl"], io.buildpacks.stack.released=2020-12-20}, containers=-1)
22:33:34.819 [main] DEBUG org.testcontainers.images.LocalImagesCache - repoTags is null, skipping image: Image(created=1607964569, id=sha256:564f9efbf27daa0e7bb99608440bb21ae9cd56c015c8030f58df99ff54024fdc, parentId=, repoTags=null, repoDigests=[paketobuildpacks/run@sha256:dfbd2831033f37161f5027dfa46d5a658b29a3302c33aaf0219160a05fe5c12e], size=90711468, virtualSize=90711468, sharedSize=-1, labels={io.buildpacks.stack.description=ubuntu:bionic + openssl + CA certs, io.buildpacks.stack.distro.name=Ubuntu, io.buildpacks.stack.distro.version=18.04, io.buildpacks.stack.homepage=https://github.com/paketo-buildpacks/stacks, io.buildpacks.stack.id=io.buildpacks.stacks.bionic, io.buildpacks.stack.maintainer=Paketo Buildpacks, io.buildpacks.stack.metadata={"base-image": "paketobuildpacks/run@sha256:56fb7587103da155db6d4f9434fd7e2f9e45d7540a062847fd84e9132a28101b"}, io.buildpacks.stack.mixins=["adduser","apt","base-files","base-passwd","bash","bsdutils","bzip2","ca-certificates","coreutils","dash","debconf","debianutils","diffutils","dpkg","e2fsprogs","fdisk","findutils","gcc-8-base","gpgv","grep","gzip","hostname","init-system-helpers","libacl1","libapt-pkg5.0","libattr1","libaudit-common","libaudit1","libblkid1","libbz2-1.0","libc-bin","libc6","libcap-ng0","libcom-err2","libdb5.3","libdebconfclient0","libext2fs2","libfdisk1","libffi6","libgcc1","libgcrypt20","libgmp10","libgnutls30","libgpg-error0","libhogweed4","libidn2-0","liblz4-1","liblzma5","libmount1","libncurses5","libncursesw5","libnettle6","libp11-kit0","libpam-modules","libpam-modules-bin","libpam-runtime","libpam0g","libpcre3","libprocps6","libseccomp2","libselinux1","libsemanage-common","libsemanage1","libsepol1","libsmartcols1","libss2","libssl1.1","libstdc++6","libsystemd0","libtasn1-6","libtinfo5","libudev1","libunistring2","libuuid1","libyaml-0-2","libzstd1","locales","login","lsb-base","mawk","mount","ncurses-base","ncurses-bin","openssl","passwd","perl-base","procps","sed","sensible-utils","sysvinit-utils","tar","tzdata","ubuntu-keyring","util-linux","zlib1g"], io.buildpacks.stack.released=2020-12-14}, containers=-1)
22:33:34.819 [main] DEBUG org.testcontainers.images.LocalImagesCache - repoTags is null, skipping image: Image(created=1607216887, id=sha256:4b7f48da6701825a24d3fd21eb370a3e9b10035ebefdc6ce750b445cbd188704, parentId=, repoTags=null, repoDigests=[quay.io/quarkus/ubi-quarkus-native-image@sha256:28148803296451f1703d586cde1d8f0c0367e9951888758ca3524d15456e5091], size=1323083916, virtualSize=1323083916, sharedSize=-1, labels={architecture=x86_64, authoritative-source-url=registry.access.redhat.com, build-date=2019-09-16T12:28:09.399802, com.redhat.build-host=cpt-1002.osbs.prod.upshift.rdu2.redhat.com, com.redhat.component=ubi8-minimal-container, com.redhat.license_terms=https://www.redhat.com/en/about/red-hat-end-user-license-agreements#UBI, description=The Universal Base Image Minimal is a stripped down image that uses microdnf as a package manager. This base image is freely redistributable, but Red Hat only supports Red Hat technologies through subscriptions for Red Hat products. This image is maintained by Red Hat and updated regularly., distribution-scope=public, graalvm-archive-filename=graalvm-ce-linux-amd64-20.2.0-java11.tar.gz, graalvm-archive-url=https://github.com/graalvm/graalvm-ce-builds/releases/download/vm-20.2.0/graalvm-ce-java11-linux-amd64-20.2.0.tar.gz, graalvm-version=java11-20.2.0, io.cekit.version=3.7.0, io.k8s.description=Quarkus.io executable image providing the `native-image` executable., io.k8s.display-name=Quarkus.io executable (GraalVM Native), io.openshift.expose-services=, io.openshift.tags=executable,java,quarkus,native, maintainer=Quarkus Team <quarkus-dev@googlegroups.com>, name=ubi8-minimal, release=213, summary=Provides the latest release of the minimal Red Hat Universal Base Image 8., url=https://access.redhat.com/containers/#/registry.access.redhat.com/ubi8-minimal/images/8.0-213, vcs-ref=cd4b5a1918e11cd510080cc6ee5496bc730f16cf, vcs-type=git, vendor=Red Hat, Inc., version=8.0}, containers=-1)
22:33:34.820 [main] DEBUG org.testcontainers.images.LocalImagesCache - repoTags is null, skipping image: Image(created=315532801, id=sha256:ac2e75eab5ab25a7825a129d8af0099cc7077ca6afdc13c996ef30ed3e464735, parentId=, repoTags=null, repoDigests=[paketobuildpacks/builder@sha256:b586fd8174343fc5a32810d416babb32418e1c2af9e7dd7e0971a4e5c3f719bb], size=404568197, virtualSize=404568197, sharedSize=-1, labels={io.buildpacks.builder.metadata={"description":"Tiny base image (bionic build image, distroless-like run image) with buildpacks for Java Native Image and Go","buildpacks":[{"id":"paketo-buildpacks/go","version":"0.5.0","homepage":"https://github.com/paketo-buildpacks/go"},{"id":"paketo-buildpacks/environment-variables","version":"3.0.0","homepage":"https://github.com/paketo-buildpacks/environment-variables"},{"id":"paketo-buildpacks/go-build","version":"0.3.0","homepage":"https://github.com/paketo-buildpacks/go-build"},{"id":"paketo-buildpacks/image-labels","version":"3.0.0","homepage":"https://github.com/paketo-buildpacks/image-labels"},{"id":"paketo-buildpacks/dep","version":"0.0.177","homepage":"https://github.com/paketo-buildpacks/dep"},{"id":"paketo-buildpacks/dep-ensure","version":"0.0.37","homepage":"https://github.com/paketo-buildpacks/dep-ensure"},{"id":"paketo-buildpacks/procfile","version":"4.0.0","homepage":"https://github.com/paketo-buildpacks/procfile"},{"id":"paketo-buildpacks/go-dist","version":"0.3.1","homepage":"https://github.com/paketo-buildpacks/go-dist"},{"id":"paketo-buildpacks/go-mod-vendor","version":"0.2.0","homepage":"https://github.com/paketo-buildpacks/go-mod-vendor"},{"id":"paketo-buildpacks/java-native-image","version":"5.3.0","homepage":"https://github.com/paketo-buildpacks/java-native-image"},{"id":"paketo-buildpacks/executable-jar","version":"5.0.0","homepage":"https://github.com/paketo-buildpacks/executable-jar"},{"id":"paketo-buildpacks/graalvm","version":"6.0.0","homepage":"https://github.com/paketo-buildpacks/graalvm"},{"id":"paketo-buildpacks/gradle","version":"5.0.0","homepage":"https://github.com/paketo-buildpacks/gradle"},{"id":"paketo-buildpacks/image-labels","version":"3.0.0","homepage":"https://github.com/paketo-buildpacks/image-labels"},{"id":"paketo-buildpacks/spring-boot","version":"4.2.0","homepage":"https://github.com/paketo-buildpacks/spring-boot"},{"id":"paketo-buildpacks/environment-variables","version":"3.0.0","homepage":"https://github.com/paketo-buildpacks/environment-variables"},{"id":"paketo-buildpacks/leiningen","version":"3.0.0","homepage":"https://github.com/paketo-buildpacks/leiningen"},{"id":"paketo-buildpacks/maven","version":"5.0.0","homepage":"https://github.com/paketo-buildpacks/maven"},{"id":"paketo-buildpacks/native-image","version":"4.0.0","homepage":"https://github.com/paketo-buildpacks/native-image"},{"id":"paketo-buildpacks/procfile","version":"4.1.0","homepage":"https://github.com/paketo-buildpacks/procfile"},{"id":"paketo-buildpacks/sbt","version":"5.1.0","homepage":"https://github.com/paketo-buildpacks/sbt"},{"id":"paketo-buildpacks/procfile","version":"4.1.0","homepage":"https://github.com/paketo-buildpacks/procfile"}],"stack":{"runImage":{"image":"index.docker.io/paketobuildpacks/run:tiny-cnb","mirrors":["gcr.io/paketo-buildpacks/run:tiny-cnb"]}},"lifecycle":{"version":"0.11.1","api":{"buildpack":"0.2","platform":"0.3"},"apis":{"buildpack":{"deprecated":[],"supported":["0.2","0.3","0.4","0.5","0.6"]},"platform":{"deprecated":[],"supported":["0.3","0.4","0.5","0.6"]}}},"createdBy":{"name":"Pack CLI","version":"0.18.0+git-e00ee4a.build-2328"}}, io.buildpacks.buildpack.layers={"paketo-buildpacks/dep":{"0.0.177":{"api":"0.4","stacks":[{"id":"io.buildpacks.stacks.bionic"},{"id":"org.cloudfoundry.stacks.cflinuxfs3"},{"id":"io.paketo.stacks.tiny"}],"layerDiffID":"sha256:04162e33557854d0cb30094f61482d9c4e2abec35d095f2e42fc19f73f1c112a","homepage":"https://github.com/paketo-buildpacks/dep"}},"paketo-buildpacks/dep-ensure":{"0.0.37":{"api":"0.4","stacks":[{"id":"io.buildpacks.stacks.bionic"},{"id":"io.paketo.stacks.tiny"},{"id":"org.cloudfoundry.stacks.cflinuxfs3"}],"layerDiffID":"sha256:6c4f953e9cf5a2794b01a9668cda69cfa22f907341ad0554f25c250cc2805f8c","homepage":"https://github.com/paketo-buildpacks/dep-ensure"}},"paketo-buildpacks/environment-variables":{"3.0.0":{"api":"0.5","stacks":[{"id":"io.buildpacks.stacks.bionic"},{"id":"io.paketo.stacks.tiny"},{"id":"org.cloudfoundry.stacks.cflinuxfs3"}],"layerDiffID":"sha256:0c35dacb45f0de7eed41cb56349d4c903e3801068e5390c2b4f43f59c2f39980","homepage":"https://github.com/paketo-buildpacks/environment-variables"}},"paketo-buildpacks/executable-jar":{"5.0.0":{"api":"0.5","stacks":[{"id":"io.buildpacks.stacks.bionic"},{"id":"io.paketo.stacks.tiny"},{"id":"org.cloudfoundry.stacks.cflinuxfs3"}],"layerDiffID":"sha256:541ad1b19f0499737bfeb99b5481bf09ac54dc34daf3d3eb4b9c9f74c70ba6db","homepage":"https://github.com/paketo-buildpacks/executable-jar"}},"paketo-buildpacks/go":{"0.5.0":{"api":"0.2","order":[{"group":[{"id":"paketo-buildpacks/go-dist","version":"0.3.1"},{"id":"paketo-buildpacks/go-mod-vendor","version":"0.2.0"},{"id":"paketo-buildpacks/go-build","version":"0.3.0"},{"id":"paketo-buildpacks/procfile","version":"4.0.0","optional":true},{"id":"paketo-buildpacks/environment-variables","version":"3.0.0","optional":true},{"id":"paketo-buildpacks/image-labels","version":"3.0.0","optional":true}]},{"group":[{"id":"paketo-buildpacks/go-dist","version":"0.3.1"},{"id":"paketo-buildpacks/dep","version":"0.0.177"},{"id":"paketo-buildpacks/dep-ensure","version":"0.0.37"},{"id":"paketo-buildpacks/go-build","version":"0.3.0"},{"id":"paketo-buildpacks/procfile","version":"4.0.0","optional":true},{"id":"paketo-buildpacks/environment-variables","version":"3.0.0","optional":true},{"id":"paketo-buildpacks/image-labels","version":"3.0.0","optional":true}]},{"group":[{"id":"paketo-buildpacks/go-dist","version":"0.3.1"},{"id":"paketo-buildpacks/go-build","version":"0.3.0"},{"id":"paketo-buildpacks/procfile","version":"4.0.0","optional":true},{"id":"paketo-buildpacks/environment-variables","version":"3.0.0","optional":true},{"id":"paketo-buildpacks/image-labels","version":"3.0.0","optional":true}]}],"layerDiffID":"sha256:59dd3db0a104949d7013520d19601ebc96556885f7e13d1c24c4cd1eecde00ea","homepage":"https://github.com/paketo-buildpacks/go"}},"paketo-buildpacks/go-build":{"0.3.0":{"api":"0.4","stacks":[{"id":"io.buildpacks.stacks.bionic"},{"id":"io.paketo.stacks.tiny"},{"id":"org.cloudfoundry.stacks.cflinuxfs3"}],"layerDiffID":"sha256:bec66e483d2fc2e2cfb7a3195769a8e73156aa7d5902548fdc92821b2e867d08","homepage":"https://github.com/paketo-buildpacks/go-build"}},"paketo-buildpacks/go-dist":{"0.3.1":{"api":"0.4","stacks":[{"id":"io.buildpacks.stacks.bionic"},{"id":"io.paketo.stacks.tiny"},{"id":"org.cloudfoundry.stacks.cflinuxfs3"}],"layerDiffID":"sha256:be3ae4372d3b8a83609ed863c69981d05a03dfe292dc6936a66bbe90a8362cb2","homepage":"https://github.com/paketo-buildpacks/go-dist"}},"paketo-buildpacks/go-mod-vendor":{"0.2.0":{"api":"0.4","stacks":[{"id":"org.cloudfoundry.stacks.cflinuxfs3"},{"id":"io.buildpacks.stacks.bionic"},{"id":"io.paketo.stacks.tiny"}],"layerDiffID":"sha256:2a33c621384875010d59f9c03f9dfb355ac438d432fe3891225d6db49df23501","homepage":"https://github.com/paketo-buildpacks/go-mod-vendor"}},"paketo-buildpacks/graalvm":{"6.0.0":{"api":"0.5","stacks":[{"id":"io.buildpacks.stacks.bionic"},{"id":"io.paketo.stacks.tiny"},{"id":"org.cloudfoundry.stacks.cflinuxfs3"}],"layerDiffID":"sha256:e398ad01b78a5ead89f098a9b48ffa5b6ad463d123eeec01bdad66aca53293f0","homepage":"https://github.com/paketo-buildpacks/graalvm"}},"paketo-buildpacks/gradle":{"5.0.0":{"api":"0.5","stacks":[{"id":"io.buildpacks.stacks.bionic"},{"id":"io.paketo.stacks.tiny"},{"id":"org.cloudfoundry.stacks.cflinuxfs3"}],"layerDiffID":"sha256:24f7d234568970b828423f69842be080cac99ce1ffd9e9b86a4856e3701421e9","homepage":"https://github.com/paketo-buildpacks/gradle"}},"paketo-buildpacks/image-labels":{"3.0.0":{"api":"0.5","stacks":[{"id":"io.buildpacks.stacks.bionic"},{"id":"io.paketo.stacks.tiny"},{"id":"org.cloudfoundry.stacks.cflinuxfs3"}],"layerDiffID":"sha256:0ac069b116aa8ab9b921176267a26eec399915e97bf7832c6c70334fd145a5c1","homepage":"https://github.com/paketo-buildpacks/image-labels"}},"paketo-buildpacks/java-native-image":{"5.3.0":{"api":"0.5","order":[{"group":[{"id":"paketo-buildpacks/graalvm","version":"6.0.0"},{"id":"paketo-buildpacks/gradle","version":"5.0.0","optional":true},{"id":"paketo-buildpacks/leiningen","version":"3.0.0","optional":true},{"id":"paketo-buildpacks/maven","version":"5.0.0","optional":true},{"id":"paketo-buildpacks/sbt","version":"5.1.0","optional":true},{"id":"paketo-buildpacks/executable-jar","version":"5.0.0","optional":true},{"id":"paketo-buildpacks/spring-boot","version":"4.2.0","optional":true},{"id":"paketo-buildpacks/native-image","version":"4.0.0"},{"id":"paketo-buildpacks/procfile","version":"4.1.0","optional":true},{"id":"paketo-buildpacks/environment-variables","version":"3.0.0","optional":true},{"id":"paketo-buildpacks/image-labels","version":"3.0.0","optional":true}]}],"layerDiffID":"sha256:02227ce2a6acf5055fbd1fe5c7ac42088ea0d834e8d94bb812746f3c70345478","homepage":"https://github.com/paketo-buildpacks/java-native-image"}},"paketo-buildpacks/leiningen":{"3.0.0":{"api":"0.5","stacks":[{"id":"io.buildpacks.stacks.bionic"},{"id":"io.paketo.stacks.tiny"},{"id":"org.cloudfoundry.stacks.cflinuxfs3"}],"layerDiffID":"sha256:68d4c340c64208d7e6b32f0a9bca964166e27996c3370e85d28eb0b3cb3608c1","homepage":"https://github.com/paketo-buildpacks/leiningen"}},"paketo-buildpacks/maven":{"5.0.0":{"api":"0.5","stacks":[{"id":"io.buildpacks.stacks.bionic"},{"id":"io.paketo.stacks.tiny"},{"id":"org.cloudfoundry.stacks.cflinuxfs3"}],"layerDiffID":"sha256:b401529f9c8d0db6e112f43d9273bacfaa9cc29e3591ab712fdbf166612d0d6b","homepage":"https://github.com/paketo-buildpacks/maven"}},"paketo-buildpacks/native-image":{"4.0.0":{"api":"0.5","stacks":[{"id":"io.buildpacks.stacks.bionic"},{"id":"io.paketo.stacks.tiny"},{"id":"org.cloudfoundry.stacks.cflinuxfs3"}],"layerDiffID":"sha256:99b74408e1aa164de16eeb9fee31f4969c800f8e92792ff0aa246071e4e20b6b","homepage":"https://github.com/paketo-buildpacks/native-image"}},"paketo-buildpacks/procfile":{"4.0.0":{"api":"0.5","stacks":[{"id":"io.buildpacks.stacks.bionic"},{"id":"io.paketo.stacks.tiny"},{"id":"org.cloudfoundry.stacks.cflinuxfs3"}],"layerDiffID":"sha256:668776297c61d46183888120480fbac78adc6dfa43509368fc5be6ce38159a30","homepage":"https://github.com/paketo-buildpacks/procfile"},"4.1.0":{"api":"0.5","stacks":[{"id":"io.buildpacks.stacks.bionic"},{"id":"io.paketo.stacks.tiny"},{"id":"org.cloudfoundry.stacks.cflinuxfs3"},{"id":"io.buildpacks.stacks.windows.servercore"}],"layerDiffID":"sha256:97fad095e4ac3f061daccb1a22c494ec91ec7e59c8cb154133235748f1fb39f9","homepage":"https://github.com/paketo-buildpacks/procfile"}},"paketo-buildpacks/sbt":{"5.1.0":{"api":"0.5","stacks":[{"id":"io.buildpacks.stacks.bionic"},{"id":"io.paketo.stacks.tiny"},{"id":"org.cloudfoundry.stacks.cflinuxfs3"}],"layerDiffID":"sha256:fca75e653e7b73177339990cce30909eeec3d79e8015017b493e92a232a4c083","homepage":"https://github.com/paketo-buildpacks/sbt"}},"paketo-buildpacks/spring-boot":{"4.2.0":{"api":"0.5","stacks":[{"id":"io.buildpacks.stacks.bionic"},{"id":"io.paketo.stacks.tiny"},{"id":"org.cloudfoundry.stacks.cflinuxfs3"}],"layerDiffID":"sha256:c3cf9cde475da892e45f5ff8d7de28846df0afccd7a2b1c60ba22ff20a309f10","homepage":"https://github.com/paketo-buildpacks/spring-boot"}}}, io.buildpacks.buildpack.order=[{"group":[{"id":"paketo-buildpacks/java-native-image","version":"5.3.0"}]},{"group":[{"id":"paketo-buildpacks/go","version":"0.5.0"}]},{"group":[{"id":"paketo-buildpacks/procfile","version":"4.1.0"}]}], io.buildpacks.stack.description=ubuntu:bionic + openssl + CA certs + compilers + shell utilities, io.buildpacks.stack.distro.name=Ubuntu, io.buildpacks.stack.distro.version=18.04, io.buildpacks.stack.homepage=https://github.com/paketo-buildpacks/stacks, io.buildpacks.stack.id=io.paketo.stacks.tiny, io.buildpacks.stack.maintainer=Paketo Buildpacks, io.buildpacks.stack.metadata={"base-image": "docker.io/paketobuildpacks/build@sha256:f1286374dccb10023191f42aa9ffbe70f24fdeedaca61049dc6dc9d269e4bcd3"}, io.buildpacks.stack.mixins=["base-files","ca-certificates","libc6","libssl1.1","netbase","openssl","tzdata","build:adduser","build:apt","build:base-passwd","build:bash","build:binutils","build:binutils-common","build:binutils-x86-64-linux-gnu","build:bsdutils","build:build-essential","build:bzip2","build:coreutils","build:cpp","build:cpp-7","build:curl","build:dash","build:debconf","build:debianutils","build:diffutils","build:dpkg","build:dpkg-dev","build:e2fsprogs","build:fdisk","build:findutils","build:g++","build:g++-7","build:gcc","build:gcc-7","build:gcc-7-base","build:gcc-8-base","build:git","build:git-man","build:gpgv","build:grep","build:gzip","build:hostname","build:init-system-helpers","build:jq","build:libacl1","build:libapt-pkg5.0","build:libasan4","build:libasn1-8-heimdal","build:libatomic1","build:libattr1","build:libaudit-common","build:libaudit1","build:libbinutils","build:libblkid1","build:libbz2-1.0","build:libc-bin","build:libc-dev-bin","build:libc6-dev","build:libcap-ng0","build:libcc1-0","build:libcilkrts5","build:libcom-err2","build:libcurl3-gnutls","build:libcurl4","build:libdb5.3","build:libdebconfclient0","build:libdpkg-perl","build:liberror-perl","build:libexpat1","build:libext2fs2","build:libfdisk1","build:libffi6","build:libgcc-7-dev","build:libgcc1","build:libgcrypt20","build:libgdbm-compat4","build:libgdbm5","build:libgmp-dev","build:libgmp10","build:libgmpxx4ldbl","build:libgnutls30","build:libgomp1","build:libgpg-error0","build:libgssapi-krb5-2","build:libgssapi3-heimdal","build:libhcrypto4-heimdal","build:libheimbase1-heimdal","build:libheimntlm0-heimdal","build:libhogweed4","build:libhx509-5-heimdal","build:libidn2-0","build:libisl19","build:libitm1","build:libjq1","build:libk5crypto3","build:libkeyutils1","build:libkrb5-26-heimdal","build:libkrb5-3","build:libkrb5support0","build:libldap-2.4-2","build:libldap-common","build:liblsan0","build:liblz4-1","build:liblzma5","build:libmount1","build:libmpc3","build:libmpfr6","build:libmpx2","build:libncurses5","build:libncursesw5","build:libnettle6","build:libnghttp2-14","build:libonig4","build:libp11-kit0","build:libpam-modules","build:libpam-modules-bin","build:libpam-runtime","build:libpam0g","build:libpcre3","build:libperl5.26","build:libprocps6","build:libpsl5","build:libquadmath0","build:libroken18-heimdal","build:librtmp1","build:libsasl2-2","build:libsasl2-modules-db","build:libseccomp2","build:libselinux1","build:libsemanage-common","build:libsemanage1","build:libsepol1","build:libsmartcols1","build:libsqlite3-0","build:libss2","build:libstdc++-7-dev","build:libstdc++6","build:libsystemd0","build:libtasn1-6","build:libtinfo5","build:libtsan0","build:libubsan0","build:libudev1","build:libunistring2","build:libuuid1","build:libwind0-heimdal","build:libyaml-0-2","build:libzstd1","build:linux-libc-dev","build:locales","build:login","build:lsb-base","build:make","build:mawk","build:mount","build:ncurses-base","build:ncurses-bin","build:passwd","build:patch","build:perl","build:perl-base","build:perl-modules-5.26","build:procps","build:sed","build:sensible-utils","build:sysvinit-utils","build:tar","build:ubuntu-keyring","build:util-linux","build:xz-utils","build:zlib1g","build:zlib1g-dev"], io.buildpacks.stack.released=2021-04-02T19:00:36Z, io.paketo.stack.packages=[{"name":"adduser","version":"3.116ubuntu1","arch":"all","source":{"name":"adduser","version":"3.116ubuntu1","upstreamVersion":"3.116ubuntu1"},"summary":"add and remove users and groups"},{"name":"apt","version":"1.6.12ubuntu0.2","arch":"amd64","source":{"name":"apt","version":"1.6.12ubuntu0.2","upstreamVersion":"1.6.12ubuntu0.2"},"summary":"commandline package manager"},{"name":"base-files","version":"10.1ubuntu2.10","arch":"amd64","source":{"name":"base-files","version":"10.1ubuntu2.10","upstreamVersion":"10.1ubuntu2.10"},"summary":"Debian base system miscellaneous files"},{"name":"base-passwd","version":"3.5.44","arch":"amd64","source":{"name":"base-passwd","version":"3.5.44","upstreamVersion":"3.5.44"},"summary":"Debian base system master password and group files"},{"name":"bash","version":"4.4.18-2ubuntu1.2","arch":"amd64","source":{"name":"bash","version":"4.4.18-2ubuntu1.2","upstreamVersion":"4.4.18"},"summary":"GNU Bourne Again SHell"},{"name":"binutils","version":"2.30-21ubuntu1~18.04.5","arch":"amd64","source":{"name":"binutils","version":"2.30-21ubuntu1~18.04.5","upstreamVersion":"2.30"},"summary":"GNU assembler, linker and binary utilities"},{"name":"binutils-common:amd64","version":"2.30-21ubuntu1~18.04.5","arch":"amd64","source":{"name":"binutils","version":"2.30-21ubuntu1~18.04.5","upstreamVersion":"2.30"},"summary":"Common files for the GNU assembler, linker and binary utilities"},{"name":"binutils-x86-64-linux-gnu","version":"2.30-21ubuntu1~18.04.5","arch":"amd64","source":{"name":"binutils","version":"2.30-21ubuntu1~18.04.5","upstreamVersion":"2.30"},"summary":"GNU binary utilities, for x86-64-linux-gnu target"},{"name":"bsdutils","version":"1:2.31.1-0.4ubuntu3.7","arch":"amd64","source":{"name":"util-linux","version":"2.31.1-0.4ubuntu3.7","upstreamVersion":"2.31.1"},"summary":"basic utilities from 4.4BSD-Lite"},{"name":"build-essential","version":"12.4ubuntu1","arch":"amd64","source":{"name":"build-essential","version":"12.4ubuntu1","upstreamVersion":"12.4ubuntu1"},"summary":"Informational list of build-essential packages"},{"name":"bzip2","version":"1.0.6-8.1ubuntu0.2","arch":"amd64","source":{"name":"bzip2","version":"1.0.6-8.1ubuntu0.2","upstreamVersion":"1.0.6"},"summary":"high-quality block-sorting file compressor - utilities"},{"name":"ca-certificates","version":"20210119~18.04.1","arch":"all","source":{"name":"ca-certificates","version":"20210119~18.04.1","upstreamVersion":"20210119~18.04.1"},"summary":"Common CA certificates"},{"name":"coreutils","version":"8.28-1ubuntu1","arch":"amd64","source":{"name":"coreutils","version":"8.28-1ubuntu1","upstreamVersion":"8.28"},"summary":"GNU core utilities"},{"name":"cpp","version":"4:7.4.0-1ubuntu2.3","arch":"amd64","source":{"name":"gcc-defaults","version":"1.176ubuntu2.3","upstreamVersion":"1.176ubuntu2.3"},"summary":"GNU C preprocessor (cpp)"},{"name":"cpp-7","version":"7.5.0-3ubuntu1~18.04","arch":"amd64","source":{"name":"gcc-7","version":"7.5.0-3ubuntu1~18.04","upstreamVersion":"7.5.0"},"summary":"GNU C preprocessor"},{"name":"curl","version":"7.58.0-2ubuntu3.13","arch":"amd64","source":{"name":"curl","version":"7.58.0-2ubuntu3.13","upstreamVersion":"7.58.0"},"summary":"command line tool for transferring data with URL syntax"},{"name":"dash","version":"0.5.8-2.10","arch":"amd64","source":{"name":"dash","version":"0.5.8-2.10","upstreamVersion":"0.5.8"},"summary":"POSIX-compliant shell"},{"name":"debconf","version":"1.5.66ubuntu1","arch":"all","source":{"name":"debconf","version":"1.5.66ubuntu1","upstreamVersion":"1.5.66ubuntu1"},"summary":"Debian configuration management system"},{"name":"debianutils","version":"4.8.4","arch":"amd64","source":{"name":"debianutils","version":"4.8.4","upstreamVersion":"4.8.4"},"summary":"Miscellaneous utilities specific to Debian"},{"name":"diffutils","version":"1:3.6-1","arch":"amd64","source":{"name":"diffutils","version":"1:3.6-1","upstreamVersion":"3.6"},"summary":"File comparison utilities"},{"name":"dpkg","version":"1.19.0.5ubuntu2.3","arch":"amd64","source":{"name":"dpkg","version":"1.19.0.5ubuntu2.3","upstreamVersion":"1.19.0.5ubuntu2.3"},"summary":"Debian package management system"},{"name":"dpkg-dev","version":"1.19.0.5ubuntu2.3","arch":"all","source":{"name":"dpkg","version":"1.19.0.5ubuntu2.3","upstreamVersion":"1.19.0.5ubuntu2.3"},"summary":"Debian package development tools"},{"name":"e2fsprogs","version":"1.44.1-1ubuntu1.3","arch":"amd64","source":{"name":"e2fsprogs","version":"1.44.1-1ubuntu1.3","upstreamVersion":"1.44.1"},"summary":"ext2/ext3/ext4 file system utilities"},{"name":"fdisk","version":"2.31.1-0.4ubuntu3.7","arch":"amd64","source":{"name":"util-linux","version":"2.31.1-0.4ubuntu3.7","upstreamVersion":"2.31.1"},"summary":"collection of partitioning utilities"},{"name":"findutils","version":"4.6.0+git+20170828-2","arch":"amd64","source":{"name":"findutils","version":"4.6.0+git+20170828-2","upstreamVersion":"4.6.0+git+20170828"},"summary":"utilities for finding files--find, xargs"},{"name":"g++","version":"4:7.4.0-1ubuntu2.3","arch":"amd64","source":{"name":"gcc-defaults","version":"1.176ubuntu2.3","upstreamVersion":"1.176ubuntu2.3"},"summary":"GNU C++ compiler"},{"name":"g++-7","version":"7.5.0-3ubuntu1~18.04","arch":"amd64","source":{"name":"gcc-7","version":"7.5.0-3ubuntu1~18.04","upstreamVersion":"7.5.0"},"summary":"GNU C++ compiler"},{"name":"gcc","version":"4:7.4.0-1ubuntu2.3","arch":"amd64","source":{"name":"gcc-defaults","version":"1.176ubuntu2.3","upstreamVersion":"1.176ubuntu2.3"},"summary":"GNU C compiler"},{"name":"gcc-7","version":"7.5.0-3ubuntu1~18.04","arch":"amd64","source":{"name":"gcc-7","version":"7.5.0-3ubuntu1~18.04","upstreamVersion":"7.5.0"},"summary":"GNU C compiler"},{"name":"gcc-7-base:amd64","version":"7.5.0-3ubuntu1~18.04","arch":"amd64","source":{"name":"gcc-7","version":"7.5.0-3ubuntu1~18.04","upstreamVersion":"7.5.0"},"summary":"GCC, the GNU Compiler Collection (base package)"},{"name":"gcc-8-base:amd64","version":"8.4.0-1ubuntu1~18.04","arch":"amd64","source":{"name":"gcc-8","version":"8.4.0-1ubuntu1~18.04","upstreamVersion":"8.4.0"},"summary":"GCC, the GNU Compiler Collection (base package)"},{"name":"git","version":"1:2.17.1-1ubuntu0.8","arch":"amd64","source":{"name":"git","version":"1:2.17.1-1ubuntu0.8","upstreamVersion":"2.17.1"},"summary":"fast, scalable, distributed revision control system"},{"name":"git-man","version":"1:2.17.1-1ubuntu0.8","arch":"all","source":{"name":"git","version":"1:2.17.1-1ubuntu0.8","upstreamVersion":"2.17.1"},"summary":"fast, scalable, distributed revision control system (manual pages)"},{"name":"gpgv","version":"2.2.4-1ubuntu1.4","arch":"amd64","source":{"name":"gnupg2","version":"2.2.4-1ubuntu1.4","upstreamVersion":"2.2.4"},"summary":"GNU privacy guard - signature verification tool"},{"name":"grep","version":"3.1-2build1","arch":"amd64","source":{"name":"grep","version":"3.1-2build1","upstreamVersion":"3.1"},"summary":"GNU grep, egrep and fgrep"},{"name":"gzip","version":"1.6-5ubuntu1","arch":"amd64","source":{"name":"gzip","version":"1.6-5ubuntu1","upstreamVersion":"1.6"},"summary":"GNU compression utilities"},{"name":"hostname","version":"3.20","arch":"amd64","source":{"name":"hostname","version":"3.20","upstreamVersion":"3.20"},"summary":"utility to set/show the host name or domain name"},{"name":"init-system-helpers","version":"1.51","arch":"all","source":{"name":"init-system-helpers","version":"1.51","upstreamVersion":"1.51"},"summary":"helper tools for all init systems"},{"name":"jq","version":"1.5+dfsg-2","arch":"amd64","source":{"name":"jq","version":"1.5+dfsg-2","upstreamVersion":"1.5+dfsg"},"summary":"lightweight and flexible command-line JSON processor"},{"name":"libacl1:amd64","version":"2.2.52-3build1","arch":"amd64","source":{"name":"acl","version":"2.2.52-3build1","upstreamVersion":"2.2.52"},"summary":"Access control list shared library"},{"name":"libapt-pkg5.0:amd64","version":"1.6.12ubuntu0.2","arch":"amd64","source":{"name":"apt","version":"1.6.12ubuntu0.2","upstreamVersion":"1.6.12ubuntu0.2"},"summary":"package management runtime library"},{"name":"libasan4:amd64","version":"7.5.0-3ubuntu1~18.04","arch":"amd64","source":{"name":"gcc-7","version":"7.5.0-3ubuntu1~18.04","upstreamVersion":"7.5.0"},"summary":"AddressSanitizer -- a fast memory error detector"},{"name":"libasn1-8-heimdal:amd64","version":"7.5.0+dfsg-1","arch":"amd64","source":{"name":"heimdal","version":"7.5.0+dfsg-1","upstreamVersion":"7.5.0+dfsg"},"summary":"Heimdal Kerberos - ASN.1 library"},{"name":"libatomic1:amd64","version":"8.4.0-1ubuntu1~18.04","arch":"amd64","source":{"name":"gcc-8","version":"8.4.0-1ubuntu1~18.04","upstreamVersion":"8.4.0"},"summary":"support library providing __atomic built-in functions"},{"name":"libattr1:amd64","version":"1:2.4.47-2build1","arch":"amd64","source":{"name":"attr","version":"1:2.4.47-2build1","upstreamVersion":"2.4.47"},"summary":"Extended attribute shared library"},{"name":"libaudit-common","version":"1:2.8.2-1ubuntu1.1","arch":"all","source":{"name":"audit","version":"1:2.8.2-1ubuntu1.1","upstreamVersion":"2.8.2"},"summary":"Dynamic library for security auditing - common files"},{"name":"libaudit1:amd64","version":"1:2.8.2-1ubuntu1.1","arch":"amd64","source":{"name":"audit","version":"1:2.8.2-1ubuntu1.1","upstreamVersion":"2.8.2"},"summary":"Dynamic library for security auditing"},{"name":"libbinutils:amd64","version":"2.30-21ubuntu1~18.04.5","arch":"amd64","source":{"name":"binutils","version":"2.30-21ubuntu1~18.04.5","upstreamVersion":"2.30"},"summary":"GNU binary utilities (private shared library)"},{"name":"libblkid1:amd64","version":"2.31.1-0.4ubuntu3.7","arch":"amd64","source":{"name":"util-linux","version":"2.31.1-0.4ubuntu3.7","upstreamVersion":"2.31.1"},"summary":"block device ID library"},{"name":"libbz2-1.0:amd64","version":"1.0.6-8.1ubuntu0.2","arch":"amd64","source":{"name":"bzip2","version":"1.0.6-8.1ubuntu0.2","upstreamVersion":"1.0.6"},"summary":"high-quality block-sorting file compressor library - runtime"},{"name":"libc-bin","version":"2.27-3ubuntu1.4","arch":"amd64","source":{"name":"glibc","version":"2.27-3ubuntu1.4","upstreamVersion":"2.27"},"summary":"GNU C Library: Binaries"},{"name":"libc-dev-bin","version":"2.27-3ubuntu1.4","arch":"amd64","source":{"name":"glibc","version":"2.27-3ubuntu1.4","upstreamVersion":"2.27"},"summary":"GNU C Library: Development binaries"},{"name":"libc6:amd64","version":"2.27-3ubuntu1.4","arch":"amd64","source":{"name":"glibc","version":"2.27-3ubuntu1.4","upstreamVersion":"2.27"},"summary":"GNU C Library: Shared libraries"},{"name":"libc6-dev:amd64","version":"2.27-3ubuntu1.4","arch":"amd64","source":{"name":"glibc","version":"2.27-3ubuntu1.4","upstreamVersion":"2.27"},"summary":"GNU C Library: Development Libraries and Header Files"},{"name":"libcap-ng0:amd64","version":"0.7.7-3.1","arch":"amd64","source":{"name":"libcap-ng","version":"0.7.7-3.1","upstreamVersion":"0.7.7"},"summary":"An alternate POSIX capabilities library"},{"name":"libcc1-0:amd64","version":"8.4.0-1ubuntu1~18.04","arch":"amd64","source":{"name":"gcc-8","version":"8.4.0-1ubuntu1~18.04","upstreamVersion":"8.4.0"},"summary":"GCC cc1 plugin for GDB"},{"name":"libcilkrts5:amd64","version":"7.5.0-3ubuntu1~18.04","arch":"amd64","source":{"name":"gcc-7","version":"7.5.0-3ubuntu1~18.04","upstreamVersion":"7.5.0"},"summary":"Intel Cilk Plus language extensions (runtime)"},{"name":"libcom-err2:amd64","version":"1.44.1-1ubuntu1.3","arch":"amd64","source":{"name":"e2fsprogs","version":"1.44.1-1ubuntu1.3","upstreamVersion":"1.44.1"},"summary":"common error description library"},{"name":"libcurl3-gnutls:amd64","version":"7.58.0-2ubuntu3.13","arch":"amd64","source":{"name":"curl","version":"7.58.0-2ubuntu3.13","upstreamVersion":"7.58.0"},"summary":"easy-to-use client-side URL transfer library (GnuTLS flavour)"},{"name":"libcurl4:amd64","version":"7.58.0-2ubuntu3.13","arch":"amd64","source":{"name":"curl","version":"7.58.0-2ubuntu3.13","upstreamVersion":"7.58.0"},"summary":"easy-to-use client-side URL transfer library (OpenSSL flavour)"},{"name":"libdb5.3:amd64","version":"5.3.28-13.1ubuntu1.1","arch":"amd64","source":{"name":"db5.3","version":"5.3.28-13.1ubuntu1.1","upstreamVersion":"5.3.28"},"summary":"Berkeley v5.3 Database Libraries [runtime]"},{"name":"libdebconfclient0:amd64","version":"0.213ubuntu1","arch":"amd64","source":{"name":"cdebconf","version":"0.213ubuntu1","upstreamVersion":"0.213ubuntu1"},"summary":"Debian Configuration Management System (C-implementation library)"},{"name":"libdpkg-perl","version":"1.19.0.5ubuntu2.3","arch":"all","source":{"name":"dpkg","version":"1.19.0.5ubuntu2.3","upstreamVersion":"1.19.0.5ubuntu2.3"},"summary":"Dpkg perl modules"},{"name":"liberror-perl","version":"0.17025-1","arch":"all","source":{"name":"liberror-perl","version":"0.17025-1","upstreamVersion":"0.17025"},"summary":"Perl module for error/exception handling in an OO-ish way"},{"name":"libexpat1:amd64","version":"2.2.5-3ubuntu0.2","arch":"amd64","source":{"name":"expat","version":"2.2.5-3ubuntu0.2","upstreamVersion":"2.2.5"},"summary":"XML parsing C library - runtime library"},{"name":"libext2fs2:amd64","version":"1.44.1-1ubuntu1.3","arch":"amd64","source":{"name":"e2fsprogs","version":"1.44.1-1ubuntu1.3","upstreamVersion":"1.44.1"},"summary":"ext2/ext3/ext4 file system libraries"},{"name":"libfdisk1:amd64","version":"2.31.1-0.4ubuntu3.7","arch":"amd64","source":{"name":"util-linux","version":"2.31.1-0.4ubuntu3.7","upstreamVersion":"2.31.1"},"summary":"fdisk partitioning library"},{"name":"libffi6:amd64","version":"3.2.1-8","arch":"amd64","source":{"name":"libffi","version":"3.2.1-8","upstreamVersion":"3.2.1"},"summary":"Foreign Function Interface library runtime"},{"name":"libgcc-7-dev:amd64","version":"7.5.0-3ubuntu1~18.04","arch":"amd64","source":{"name":"gcc-7","version":"7.5.0-3ubuntu1~18.04","upstreamVersion":"7.5.0"},"summary":"GCC support library (development files)"},{"name":"libgcc1:amd64","version":"1:8.4.0-1ubuntu1~18.04","arch":"amd64","source":{"name":"gcc-8","version":"8.4.0-1ubuntu1~18.04","upstreamVersion":"8.4.0"},"summary":"GCC support library"},{"name":"libgcrypt20:amd64","version":"1.8.1-4ubuntu1.2","arch":"amd64","source":{"name":"libgcrypt20","version":"1.8.1-4ubuntu1.2","upstreamVersion":"1.8.1"},"summary":"LGPL Crypto library - runtime library"},{"name":"libgdbm-compat4:amd64","version":"1.14.1-6","arch":"amd64","source":{"name":"gdbm","version":"1.14.1-6","upstreamVersion":"1.14.1"},"summary":"GNU dbm database routines (legacy support runtime version)"},{"name":"libgdbm5:amd64","version":"1.14.1-6","arch":"amd64","source":{"name":"gdbm","version":"1.14.1-6","upstreamVersion":"1.14.1"},"summary":"GNU dbm database routines (runtime version)"},{"name":"libgmp-dev:amd64","version":"2:6.1.2+dfsg-2","arch":"amd64","source":{"name":"gmp","version":"2:6.1.2+dfsg-2","upstreamVersion":"6.1.2+dfsg"},"summary":"Multiprecision arithmetic library developers tools"},{"name":"libgmp10:amd64","version":"2:6.1.2+dfsg-2","arch":"amd64","source":{"name":"gmp","version":"2:6.1.2+dfsg-2","upstreamVersion":"6.1.2+dfsg"},"summary":"Multiprecision arithmetic library"},{"name":"libgmpxx4ldbl:amd64","version":"2:6.1.2+dfsg-2","arch":"amd64","source":{"name":"gmp","version":"2:6.1.2+dfsg-2","upstreamVersion":"6.1.2+dfsg"},"summary":"Multiprecision arithmetic library (C++ bindings)"},{"name":"libgnutls30:amd64","version":"3.5.18-1ubuntu1.4","arch":"amd64","source":{"name":"gnutls28","version":"3.5.18-1ubuntu1.4","upstreamVersion":"3.5.18"},"summary":"GNU TLS library - main runtime library"},{"name":"libgomp1:amd64","version":"8.4.0-1ubuntu1~18.04","arch":"amd64","source":{"name":"gcc-8","version":"8.4.0-1ubuntu1~18.04","upstreamVersion":"8.4.0"},"summary":"GCC OpenMP (GOMP) support library"},{"name":"libgpg-error0:amd64","version":"1.27-6","arch":"amd64","source":{"name":"libgpg-error","version":"1.27-6","upstreamVersion":"1.27"},"summary":"library for common error values and messages in GnuPG components"},{"name":"libgssapi-krb5-2:amd64","version":"1.16-2ubuntu0.2","arch":"amd64","source":{"name":"krb5","version":"1.16-2ubuntu0.2","upstreamVersion":"1.16"},"summary":"MIT Kerberos runtime libraries - krb5 GSS-API Mechanism"},{"name":"libgssapi3-heimdal:amd64","version":"7.5.0+dfsg-1","arch":"amd64","source":{"name":"heimdal","version":"7.5.0+dfsg-1","upstreamVersion":"7.5.0+dfsg"},"summary":"Heimdal Kerberos - GSSAPI support library"},{"name":"libhcrypto4-heimdal:amd64","version":"7.5.0+dfsg-1","arch":"amd64","source":{"name":"heimdal","version":"7.5.0+dfsg-1","upstreamVersion":"7.5.0+dfsg"},"summary":"Heimdal Kerberos - crypto library"},{"name":"libheimbase1-heimdal:amd64","version":"7.5.0+dfsg-1","arch":"amd64","source":{"name":"heimdal","version":"7.5.0+dfsg-1","upstreamVersion":"7.5.0+dfsg"},"summary":"Heimdal Kerberos - Base library"},{"name":"libheimntlm0-heimdal:amd64","version":"7.5.0+dfsg-1","arch":"amd64","source":{"name":"heimdal","version":"7.5.0+dfsg-1","upstreamVersion":"7.5.0+dfsg"},"summary":"Heimdal Kerberos - NTLM support library"},{"name":"libhogweed4:amd64","version":"3.4-1","arch":"amd64","source":{"name":"nettle","version":"3.4-1","upstreamVersion":"3.4"},"summary":"low level cryptographic library (public-key cryptos)"},{"name":"libhx509-5-heimdal:amd64","version":"7.5.0+dfsg-1","arch":"amd64","source":{"name":"heimdal","version":"7.5.0+dfsg-1","upstreamVersion":"7.5.0+dfsg"},"summary":"Heimdal Kerberos - X509 support library"},{"name":"libidn2-0:amd64","version":"2.0.4-1.1ubuntu0.2","arch":"amd64","source":{"name":"libidn2","version":"2.0.4-1.1ubuntu0.2","upstreamVersion":"2.0.4"},"summary":"Internationalized domain names (IDNA2008/TR46) library"},{"name":"libisl19:amd64","version":"0.19-1","arch":"amd64","source":{"name":"isl","version":"0.19-1","upstreamVersion":"0.19"},"summary":"manipulating sets and relations of integer points bounded by linear constraints"},{"name":"libitm1:amd64","version":"8.4.0-1ubuntu1~18.04","arch":"amd64","source":{"name":"gcc-8","version":"8.4.0-1ubuntu1~18.04","upstreamVersion":"8.4.0"},"summary":"GNU Transactional Memory Library"},{"name":"libjq1:amd64","version":"1.5+dfsg-2","arch":"amd64","source":{"name":"jq","version":"1.5+dfsg-2","upstreamVersion":"1.5+dfsg"},"summary":"lightweight and flexible command-line JSON processor - shared library"},{"name":"libk5crypto3:amd64","version":"1.16-2ubuntu0.2","arch":"amd64","source":{"name":"krb5","version":"1.16-2ubuntu0.2","upstreamVersion":"1.16"},"summary":"MIT Kerberos runtime libraries - Crypto Library"},{"name":"libkeyutils1:amd64","version":"1.5.9-9.2ubuntu2","arch":"amd64","source":{"name":"keyutils","version":"1.5.9-9.2ubuntu2","upstreamVersion":"1.5.9"},"summary":"Linux Key Management Utilities (library)"},{"name":"libkrb5-26-heimdal:amd64","version":"7.5.0+dfsg-1","arch":"amd64","source":{"name":"heimdal","version":"7.5.0+dfsg-1","upstreamVersion":"7.5.0+dfsg"},"summary":"Heimdal Kerberos - libraries"},{"name":"libkrb5-3:amd64","version":"1.16-2ubuntu0.2","arch":"amd64","source":{"name":"krb5","version":"1.16-2ubuntu0.2","upstreamVersion":"1.16"},"summary":"MIT Kerberos runtime libraries"},{"name":"libkrb5support0:amd64","version":"1.16-2ubuntu0.2","arch":"amd64","source":{"name":"krb5","version":"1.16-2ubuntu0.2","upstreamVersion":"1.16"},"summary":"MIT Kerberos runtime libraries - Support library"},{"name":"libldap-2.4-2:amd64","version":"2.4.45+dfsg-1ubuntu1.10","arch":"amd64","source":{"name":"openldap","version":"2.4.45+dfsg-1ubuntu1.10","upstreamVersion":"2.4.45+dfsg"},"summary":"OpenLDAP libraries"},{"name":"libldap-common","version":"2.4.45+dfsg-1ubuntu1.10","arch":"all","source":{"name":"openldap","version":"2.4.45+dfsg-1ubuntu1.10","upstreamVersion":"2.4.45+dfsg"},"summary":"OpenLDAP common files for libraries"},{"name":"liblsan0:amd64","version":"8.4.0-1ubuntu1~18.04","arch":"amd64","source":{"name":"gcc-8","version":"8.4.0-1ubuntu1~18.04","upstreamVersion":"8.4.0"},"summary":"LeakSanitizer -- a memory leak detector (runtime)"},{"name":"liblz4-1:amd64","version":"0.0~r131-2ubuntu3","arch":"amd64","source":{"name":"lz4","version":"0.0~r131-2ubuntu3","upstreamVersion":"0.0~r131"},"summary":"Fast LZ compression algorithm library - runtime"},{"name":"liblzma5:amd64","version":"5.2.2-1.3","arch":"amd64","source":{"name":"xz-utils","version":"5.2.2-1.3","upstreamVersion":"5.2.2"},"summary":"XZ-format compression library"},{"name":"libmount1:amd64","version":"2.31.1-0.4ubuntu3.7","arch":"amd64","source":{"name":"util-linux","version":"2.31.1-0.4ubuntu3.7","upstreamVersion":"2.31.1"},"summary":"device mounting library"},{"name":"libmpc3:amd64","version":"1.1.0-1","arch":"amd64","source":{"name":"mpclib3","version":"1.1.0-1","upstreamVersion":"1.1.0"},"summary":"multiple precision complex floating-point library"},{"name":"libmpfr6:amd64","version":"4.0.1-1","arch":"amd64","source":{"name":"mpfr4","version":"4.0.1-1","upstreamVersion":"4.0.1"},"summary":"multiple precision floating-point computation"},{"name":"libmpx2:amd64","version":"8.4.0-1ubuntu1~18.04","arch":"amd64","source":{"name":"gcc-8","version":"8.4.0-1ubuntu1~18.04","upstreamVersion":"8.4.0"},"summary":"Intel memory protection extensions (runtime)"},{"name":"libncurses5:amd64","version":"6.1-1ubuntu1.18.04","arch":"amd64","source":{"name":"ncurses","version":"6.1-1ubuntu1.18.04","upstreamVersion":"6.1"},"summary":"shared libraries for terminal handling"},{"name":"libncursesw5:amd64","version":"6.1-1ubuntu1.18.04","arch":"amd64","source":{"name":"ncurses","version":"6.1-1ubuntu1.18.04","upstreamVersion":"6.1"},"summary":"shared libraries for terminal handling (wide character support)"},{"name":"libnettle6:amd64","version":"3.4-1","arch":"amd64","source":{"name":"nettle","version":"3.4-1","upstreamVersion":"3.4"},"summary":"low level cryptographic library (symmetric and one-way cryptos)"},{"name":"libnghttp2-14:amd64","version":"1.30.0-1ubuntu1","arch":"amd64","source":{"name":"nghttp2","version":"1.30.0-1ubuntu1","upstreamVersion":"1.30.0"},"summary":"library implementing HTTP/2 protocol (shared library)"},{"name":"libonig4:amd64","version":"6.7.0-1","arch":"amd64","source":{"name":"libonig","version":"6.7.0-1","upstreamVersion":"6.7.0"},"summary":"regular expressions library"},{"name":"libp11-kit0:amd64","version":"0.23.9-2ubuntu0.1","arch":"amd64","source":{"name":"p11-kit","version":"0.23.9-2ubuntu0.1","upstreamVersion":"0.23.9"},"summary":"library for loading and coordinating access to PKCS#11 modules - runtime"},{"name":"libpam-modules:amd64","version":"1.1.8-3.6ubuntu2.18.04.2","arch":"amd64","source":{"name":"pam","version":"1.1.8-3.6ubuntu2.18.04.2","upstreamVersion":"1.1.8"},"summary":"Pluggable Authentication Modules for PAM"},{"name":"libpam-modules-bin","version":"1.1.8-3.6ubuntu2.18.04.2","arch":"amd64","source":{"name":"pam","version":"1.1.8-3.6ubuntu2.18.04.2","upstreamVersion":"1.1.8"},"summary":"Pluggable Authentication Modules for PAM - helper binaries"},{"name":"libpam-runtime","version":"1.1.8-3.6ubuntu2.18.04.2","arch":"all","source":{"name":"pam","version":"1.1.8-3.6ubuntu2.18.04.2","upstreamVersion":"1.1.8"},"summary":"Runtime support for the PAM library"},{"name":"libpam0g:amd64","version":"1.1.8-3.6ubuntu2.18.04.2","arch":"amd64","source":{"name":"pam","version":"1.1.8-3.6ubuntu2.18.04.2","upstreamVersion":"1.1.8"},"summary":"Pluggable Authentication Modules library"},{"name":"libpcre3:amd64","version":"2:8.39-9","arch":"amd64","source":{"name":"pcre3","version":"2:8.39-9","upstreamVersion":"8.39"},"summary":"Old Perl 5 Compatible Regular Expression Library - runtime files"},{"name":"libperl5.26:amd64","version":"5.26.1-6ubuntu0.5","arch":"amd64","source":{"name":"perl","version":"5.26.1-6ubuntu0.5","upstreamVersion":"5.26.1"},"summary":"shared Perl library"},{"name":"libprocps6:amd64","version":"2:3.3.12-3ubuntu1.2","arch":"amd64","source":{"name":"procps","version":"2:3.3.12-3ubuntu1.2","upstreamVersion":"3.3.12"},"summary":"library for accessing process information from /proc"},{"name":"libpsl5:amd64","version":"0.19.1-5build1","arch":"amd64","source":{"name":"libpsl","version":"0.19.1-5build1","upstreamVersion":"0.19.1"},"summary":"Library for Public Suffix List (shared libraries)"},{"name":"libquadmath0:amd64","version":"8.4.0-1ubuntu1~18.04","arch":"amd64","source":{"name":"gcc-8","version":"8.4.0-1ubuntu1~18.04","upstreamVersion":"8.4.0"},"summary":"GCC Quad-Precision Math Library"},{"name":"libroken18-heimdal:amd64","version":"7.5.0+dfsg-1","arch":"amd64","source":{"name":"heimdal","version":"7.5.0+dfsg-1","upstreamVersion":"7.5.0+dfsg"},"summary":"Heimdal Kerberos - roken support library"},{"name":"librtmp1:amd64","version":"2.4+20151223.gitfa8646d.1-1","arch":"amd64","source":{"name":"rtmpdump","version":"2.4+20151223.gitfa8646d.1-1","upstreamVersion":"2.4+20151223.gitfa8646d.1"},"summary":"toolkit for RTMP streams (shared library)"},{"name":"libsasl2-2:amd64","version":"2.1.27~101-g0780600+dfsg-3ubuntu2.3","arch":"amd64","source":{"name":"cyrus-sasl2","version":"2.1.27~101-g0780600+dfsg-3ubuntu2.3","upstreamVersion":"2.1.27~101-g0780600+dfsg"},"summary":"Cyrus SASL - authentication abstraction library"},{"name":"libsasl2-modules-db:amd64","version":"2.1.27~101-g0780600+dfsg-3ubuntu2.3","arch":"amd64","source":{"name":"cyrus-sasl2","version":"2.1.27~101-g0780600+dfsg-3ubuntu2.3","upstreamVersion":"2.1.27~101-g0780600+dfsg"},"summary":"Cyrus SASL - pluggable authentication modules (DB)"},{"name":"libseccomp2:amd64","version":"2.4.3-1ubuntu3.18.04.3","arch":"amd64","source":{"name":"libseccomp","version":"2.4.3-1ubuntu3.18.04.3","upstreamVersion":"2.4.3"},"summary":"high level interface to Linux seccomp filter"},{"name":"libselinux1:amd64","version":"2.7-2build2","arch":"amd64","source":{"name":"libselinux","version":"2.7-2build2","upstreamVersion":"2.7"},"summary":"SELinux runtime shared libraries"},{"name":"libsemanage-common","version":"2.7-2build2","arch":"all","source":{"name":"libsemanage","version":"2.7-2build2","upstreamVersion":"2.7"},"summary":"Common files for SELinux policy management libraries"},{"name":"libsemanage1:amd64","version":"2.7-2build2","arch":"amd64","source":{"name":"libsemanage","version":"2.7-2build2","upstreamVersion":"2.7"},"summary":"SELinux policy management library"},{"name":"libsepol1:amd64","version":"2.7-1","arch":"amd64","source":{"name":"libsepol","version":"2.7-1","upstreamVersion":"2.7"},"summary":"SELinux library for manipulating binary security policies"},{"name":"libsmartcols1:amd64","version":"2.31.1-0.4ubuntu3.7","arch":"amd64","source":{"name":"util-linux","version":"2.31.1-0.4ubuntu3.7","upstreamVersion":"2.31.1"},"summary":"smart column output alignment library"},{"name":"libsqlite3-0:amd64","version":"3.22.0-1ubuntu0.4","arch":"amd64","source":{"name":"sqlite3","version":"3.22.0-1ubuntu0.4","upstreamVersion":"3.22.0"},"summary":"SQLite 3 shared library"},{"name":"libss2:amd64","version":"1.44.1-1ubuntu1.3","arch":"amd64","source":{"name":"e2fsprogs","version":"1.44.1-1ubuntu1.3","upstreamVersion":"1.44.1"},"summary":"command-line interface parsing library"},{"name":"libssl1.1:amd64","version":"1.1.1-1ubuntu2.1~18.04.9","arch":"amd64","source":{"name":"openssl","version":"1.1.1-1ubuntu2.1~18.04.9","upstreamVersion":"1.1.1"},"summary":"Secure Sockets Layer toolkit - shared libraries"},{"name":"libstdc++-7-dev:amd64","version":"7.5.0-3ubuntu1~18.04","arch":"amd64","source":{"name":"gcc-7","version":"7.5.0-3ubuntu1~18.04","upstreamVersion":"7.5.0"},"summary":"GNU Standard C++ Library v3 (development files)"},{"name":"libstdc++6:amd64","version":"8.4.0-1ubuntu1~18.04","arch":"amd64","source":{"name":"gcc-8","version":"8.4.0-1ubuntu1~18.04","upstreamVersion":"8.4.0"},"summary":"GNU Standard C++ Library v3"},{"name":"libsystemd0:amd64","version":"237-3ubuntu10.45","arch":"amd64","source":{"name":"systemd","version":"237-3ubuntu10.45","upstreamVersion":"237"},"summary":"systemd utility library"},{"name":"libtasn1-6:amd64","version":"4.13-2","arch":"amd64","source":{"name":"libtasn1-6","version":"4.13-2","upstreamVersion":"4.13"},"summary":"Manage ASN.1 structures (runtime)"},{"name":"libtinfo5:amd64","version":"6.1-1ubuntu1.18.04","arch":"amd64","source":{"name":"ncurses","version":"6.1-1ubuntu1.18.04","upstreamVersion":"6.1"},"summary":"shared low-level terminfo library for terminal handling"},{"name":"libtsan0:amd64","version":"8.4.0-1ubuntu1~18.04","arch":"amd64","source":{"name":"gcc-8","version":"8.4.0-1ubuntu1~18.04","upstreamVersion":"8.4.0"},"summary":"ThreadSanitizer -- a Valgrind-based detector of data races (runtime)"},{"name":"libubsan0:amd64","version":"7.5.0-3ubuntu1~18.04","arch":"amd64","source":{"name":"gcc-7","version":"7.5.0-3ubuntu1~18.04","upstreamVersion":"7.5.0"},"summary":"UBSan -- undefined behaviour sanitizer (runtime)"},{"name":"libudev1:amd64","version":"237-3ubuntu10.45","arch":"amd64","source":{"name":"systemd","version":"237-3ubuntu10.45","upstreamVersion":"237"},"summary":"libudev shared library"},{"name":"libunistring2:amd64","version":"0.9.9-0ubuntu2","arch":"amd64","source":{"name":"libunistring","version":"0.9.9-0ubuntu2","upstreamVersion":"0.9.9"},"summary":"Unicode string library for C"},{"name":"libuuid1:amd64","version":"2.31.1-0.4ubuntu3.7","arch":"amd64","source":{"name":"util-linux","version":"2.31.1-0.4ubuntu3.7","upstreamVersion":"2.31.1"},"summary":"Universally Unique ID library"},{"name":"libwind0-heimdal:amd64","version":"7.5.0+dfsg-1","arch":"amd64","source":{"name":"heimdal","version":"7.5.0+dfsg-1","upstreamVersion":"7.5.0+dfsg"},"summary":"Heimdal Kerberos - stringprep implementation"},{"name":"libyaml-0-2:amd64","version":"0.1.7-2ubuntu3","arch":"amd64","source":{"name":"libyaml","version":"0.1.7-2ubuntu3","upstreamVersion":"0.1.7"},"summary":"Fast YAML 1.1 parser and emitter library"},{"name":"libzstd1:amd64","version":"1.3.3+dfsg-2ubuntu1.2","arch":"amd64","source":{"name":"libzstd","version":"1.3.3+dfsg-2ubuntu1.2","upstreamVersion":"1.3.3+dfsg"},"summary":"fast lossless compression algorithm"},{"name":"linux-libc-dev:amd64","version":"4.15.0-140.144","arch":"amd64","source":{"name":"linux","version":"4.15.0-140.144","upstreamVersion":"4.15.0"},"summary":"Linux Kernel Headers for development"},{"name":"locales","version":"2.27-3ubuntu1.4","arch":"all","source":{"name":"glibc","version":"2.27-3ubuntu1.4","upstreamVersion":"2.27"},"summary":"GNU C Library: National Language (locale) data [support]"},{"name":"login","version":"1:4.5-1ubuntu2","arch":"amd64","source":{"name":"shadow","version":"1:4.5-1ubuntu2","upstreamVersion":"4.5"},"summary":"system login tools"},{"name":"lsb-base","version":"9.20170808ubuntu1","arch":"all","source":{"name":"lsb","version":"9.20170808ubuntu1","upstreamVersion":"9.20170808ubuntu1"},"summary":"Linux Standard Base init script functionality"},{"name":"make","version":"4.1-9.1ubuntu1","arch":"amd64","source":{"name":"make-dfsg","version":"4.1-9.1ubuntu1","upstreamVersion":"4.1"},"summary":"utility for directing compilation"},{"name":"mawk","version":"1.3.3-17ubuntu3","arch":"amd64","source":{"name":"mawk","version":"1.3.3-17ubuntu3","upstreamVersion":"1.3.3"},"summary":"a pattern scanning and text processing language"},{"name":"mount","version":"2.31.1-0.4ubuntu3.7","arch":"amd64","source":{"name":"util-linux","version":"2.31.1-0.4ubuntu3.7","upstreamVersion":"2.31.1"},"summary":"tools for mounting and manipulating filesystems"},{"name":"ncurses-base","version":"6.1-1ubuntu1.18.04","arch":"all","source":{"name":"ncurses","version":"6.1-1ubuntu1.18.04","upstreamVersion":"6.1"},"summary":"basic terminal type definitions"},{"name":"ncurses-bin","version":"6.1-1ubuntu1.18.04","arch":"amd64","source":{"name":"ncurses","version":"6.1-1ubuntu1.18.04","upstreamVersion":"6.1"},"summary":"terminal-related programs and man pages"},{"name":"netbase","version":"5.4","arch":"all","source":{"name":"netbase","version":"5.4","upstreamVersion":"5.4"},"summary":"Basic TCP/IP networking system"},{"name":"openssl","version":"1.1.1-1ubuntu2.1~18.04.9","arch":"amd64","source":{"name":"openssl","version":"1.1.1-1ubuntu2.1~18.04.9","upstreamVersion":"1.1.1"},"summary":"Secure Sockets Layer toolkit - cryptographic utility"},{"name":"passwd","version":"1:4.5-1ubuntu2","arch":"amd64","source":{"name":"shadow","version":"1:4.5-1ubuntu2","upstreamVersion":"4.5"},"summary":"change and administer password and group data"},{"name":"patch","version":"2.7.6-2ubuntu1.1","arch":"amd64","source":{"name":"patch","version":"2.7.6-2ubuntu1.1","upstreamVersion":"2.7.6"},"summary":"Apply a diff file to an original"},{"name":"perl","version":"5.26.1-6ubuntu0.5","arch":"amd64","source":{"name":"perl","version":"5.26.1-6ubuntu0.5","upstreamVersion":"5.26.1"},"summary":"Larry Wall's Practical Extraction and Report Language"},{"name":"perl-base","version":"5.26.1-6ubuntu0.5","arch":"amd64","source":{"name":"perl","version":"5.26.1-6ubuntu0.5","upstreamVersion":"5.26.1"},"summary":"minimal Perl system"},{"name":"perl-modules-5.26","version":"5.26.1-6ubuntu0.5","arch":"all","source":{"name":"perl","version":"5.26.1-6ubuntu0.5","upstreamVersion":"5.26.1"},"summary":"Core Perl modules"},{"name":"procps","version":"2:3.3.12-3ubuntu1.2","arch":"amd64","source":{"name":"procps","version":"2:3.3.12-3ubuntu1.2","upstreamVersion":"3.3.12"},"summary":"/proc file system utilities"},{"name":"sed","version":"4.4-2","arch":"amd64","source":{"name":"sed","version":"4.4-2","upstreamVersion":"4.4"},"summary":"GNU stream editor for filtering/transforming text"},{"name":"sensible-utils","version":"0.0.12","arch":"all","source":{"name":"sensible-utils","version":"0.0.12","upstreamVersion":"0.0.12"},"summary":"Utilities for sensible alternative selection"},{"name":"sysvinit-utils","version":"2.88dsf-59.10ubuntu1","arch":"amd64","source":{"name":"sysvinit","version":"2.88dsf-59.10ubuntu1","upstreamVersion":"2.88dsf"},"summary":"System-V-like utilities"},{"name":"tar","version":"1.29b-2ubuntu0.2","arch":"amd64","source":{"name":"tar","version":"1.29b-2ubuntu0.2","upstreamVersion":"1.29b"},"summary":"GNU version of the tar archiving utility"},{"name":"tzdata","version":"2021a-0ubuntu0.18.04","arch":"all","source":{"name":"tzdata","version":"2021a-0ubuntu0.18.04","upstreamVersion":"2021a"},"summary":"time zone and daylight-saving time data"},{"name":"ubuntu-keyring","version":"2018.09.18.1~18.04.2","arch":"all","source":{"name":"ubuntu-keyring","version":"2018.09.18.1~18.04.2","upstreamVersion":"2018.09.18.1~18.04.2"},"summary":"GnuPG keys of the Ubuntu archive"},{"name":"util-linux","version":"2.31.1-0.4ubuntu3.7","arch":"amd64","source":{"name":"util-linux","version":"2.31.1-0.4ubuntu3.7","upstreamVersion":"2.31.1"},"summary":"miscellaneous system utilities"},{"name":"xz-utils","version":"5.2.2-1.3","arch":"amd64","source":{"name":"xz-utils","version":"5.2.2-1.3","upstreamVersion":"5.2.2"},"summary":"XZ-format compression utilities"},{"name":"zlib1g:amd64","version":"1:1.2.11.dfsg-0ubuntu2","arch":"amd64","source":{"name":"zlib","version":"1:1.2.11.dfsg-0ubuntu2","upstreamVersion":"1.2.11.dfsg"},"summary":"compression library - runtime"},{"name":"zlib1g-dev:amd64","version":"1:1.2.11.dfsg-0ubuntu2","arch":"amd64","source":{"name":"zlib","version":"1:1.2.11.dfsg-0ubuntu2","upstreamVersion":"1.2.11.dfsg"},"summary":"compression library - development"}]}, containers=-1)
22:33:34.823 [main] DEBUG org.testcontainers.images.LocalImagesCache - repoTags is null, skipping image: Image(created=315532801, id=sha256:55ca0ef9c9f067abed3c3a809b4f9a22f839c0469e604fe0b441acfa21ea58e8, parentId=, repoTags=null, repoDigests=[paketobuildpacks/builder@sha256:a5643f60ae81cd452935b213e1aae3042a61fe6d27ecbfb3f479b0888231c6b4], size=412516633, virtualSize=412516633, sharedSize=-1, labels={io.buildpacks.builder.metadata={"description":"Tiny base image (bionic build image, distroless-like run image) with buildpacks for Java Native Image and Go","buildpacks":[{"id":"paketo-buildpacks/go","version":"0.6.0","homepage":"https://github.com/paketo-buildpacks/go"},{"id":"paketo-buildpacks/environment-variables","version":"3.0.0","homepage":"https://github.com/paketo-buildpacks/environment-variables"},{"id":"paketo-buildpacks/go-build","version":"0.3.2","homepage":"https://github.com/paketo-buildpacks/go-build"},{"id":"paketo-buildpacks/go-mod-vendor","version":"0.2.1","homepage":"https://github.com/paketo-buildpacks/go-mod-vendor"},{"id":"paketo-buildpacks/image-labels","version":"3.0.0","homepage":"https://github.com/paketo-buildpacks/image-labels"},{"id":"paketo-buildpacks/go-dist","version":"0.4.0","homepage":"https://github.com/paketo-buildpacks/go-dist"},{"id":"paketo-buildpacks/procfile","version":"4.1.0","homepage":"https://github.com/paketo-buildpacks/procfile"},{"id":"paketo-buildpacks/ca-certificates","version":"2.1.0","homepage":"https://github.com/paketo-buildpacks/ca-certificates"},{"id":"paketo-buildpacks/dep","version":"0.0.178","homepage":"https://github.com/paketo-buildpacks/dep"},{"id":"paketo-buildpacks/dep-ensure","version":"0.0.38","homepage":"https://github.com/paketo-buildpacks/dep-ensure"},{"id":"paketo-buildpacks/java-native-image","version":"5.3.0","homepage":"https://github.com/paketo-buildpacks/java-native-image"},{"id":"paketo-buildpacks/leiningen","version":"3.0.0","homepage":"https://github.com/paketo-buildpacks/leiningen"},{"id":"paketo-buildpacks/maven","version":"5.0.0","homepage":"https://github.com/paketo-buildpacks/maven"},{"id":"paketo-buildpacks/environment-variables","version":"3.0.0","homepage":"https://github.com/paketo-buildpacks/environment-variables"},{"id":"paketo-buildpacks/executable-jar","version":"5.0.0","homepage":"https://github.com/paketo-buildpacks/executable-jar"},{"id":"paketo-buildpacks/image-labels","version":"3.0.0","homepage":"https://github.com/paketo-buildpacks/image-labels"},{"id":"paketo-buildpacks/native-image","version":"4.0.0","homepage":"https://github.com/paketo-buildpacks/native-image"},{"id":"paketo-buildpacks/procfile","version":"4.1.0","homepage":"https://github.com/paketo-buildpacks/procfile"},{"id":"paketo-buildpacks/sbt","version":"5.1.0","homepage":"https://github.com/paketo-buildpacks/sbt"},{"id":"paketo-buildpacks/spring-boot","version":"4.2.0","homepage":"https://github.com/paketo-buildpacks/spring-boot"},{"id":"paketo-buildpacks/graalvm","version":"6.0.0","homepage":"https://github.com/paketo-buildpacks/graalvm"},{"id":"paketo-buildpacks/gradle","version":"5.0.0","homepage":"https://github.com/paketo-buildpacks/gradle"},{"id":"paketo-buildpacks/procfile","version":"4.1.0","homepage":"https://github.com/paketo-buildpacks/procfile"}],"stack":{"runImage":{"image":"index.docker.io/paketobuildpacks/run:tiny-cnb","mirrors":["gcr.io/paketo-buildpacks/run:tiny-cnb"]}},"lifecycle":{"version":"0.11.1","api":{"buildpack":"0.2","platform":"0.3"},"apis":{"buildpack":{"deprecated":[],"supported":["0.2","0.3","0.4","0.5","0.6"]},"platform":{"deprecated":[],"supported":["0.3","0.4","0.5","0.6"]}}},"createdBy":{"name":"Pack CLI","version":"0.18.0+git-e00ee4a.build-2328"}}, io.buildpacks.buildpack.layers={"paketo-buildpacks/ca-certificates":{"2.1.0":{"api":"0.5","stacks":[{"id":"io.buildpacks.stacks.bionic"},{"id":"io.paketo.stacks.tiny"}],"layerDiffID":"sha256:26cc7a307a88ef123269e38b78ca34c8c33e325b67329531d88fdb39524d29aa","homepage":"https://github.com/paketo-buildpacks/ca-certificates"}},"paketo-buildpacks/dep":{"0.0.178":{"api":"0.4","stacks":[{"id":"io.buildpacks.stacks.bionic"},{"id":"org.cloudfoundry.stacks.cflinuxfs3"},{"id":"io.paketo.stacks.tiny"}],"layerDiffID":"sha256:29e3baac358144f40d649cf1d29d89ad99505b928313dd978c44ed98cfb81735","homepage":"https://github.com/paketo-buildpacks/dep"}},"paketo-buildpacks/dep-ensure":{"0.0.38":{"api":"0.4","stacks":[{"id":"io.buildpacks.stacks.bionic"},{"id":"io.paketo.stacks.tiny"},{"id":"org.cloudfoundry.stacks.cflinuxfs3"}],"layerDiffID":"sha256:6c2ce8635d0dbd995c06ba244dd4b8071665bea93ac38e5768199ca2131b7260","homepage":"https://github.com/paketo-buildpacks/dep-ensure"}},"paketo-buildpacks/environment-variables":{"3.0.0":{"api":"0.5","stacks":[{"id":"io.buildpacks.stacks.bionic"},{"id":"io.paketo.stacks.tiny"},{"id":"org.cloudfoundry.stacks.cflinuxfs3"}],"layerDiffID":"sha256:0c35dacb45f0de7eed41cb56349d4c903e3801068e5390c2b4f43f59c2f39980","homepage":"https://github.com/paketo-buildpacks/environment-variables"}},"paketo-buildpacks/executable-jar":{"5.0.0":{"api":"0.5","stacks":[{"id":"io.buildpacks.stacks.bionic"},{"id":"io.paketo.stacks.tiny"},{"id":"org.cloudfoundry.stacks.cflinuxfs3"}],"layerDiffID":"sha256:541ad1b19f0499737bfeb99b5481bf09ac54dc34daf3d3eb4b9c9f74c70ba6db","homepage":"https://github.com/paketo-buildpacks/executable-jar"}},"paketo-buildpacks/go":{"0.6.0":{"api":"0.4","order":[{"group":[{"id":"paketo-buildpacks/ca-certificates","version":"2.1.0","optional":true},{"id":"paketo-buildpacks/go-dist","version":"0.4.0"},{"id":"paketo-buildpacks/go-mod-vendor","version":"0.2.1"},{"id":"paketo-buildpacks/go-build","version":"0.3.2"},{"id":"paketo-buildpacks/procfile","version":"4.1.0","optional":true},{"id":"paketo-buildpacks/environment-variables","version":"3.0.0","optional":true},{"id":"paketo-buildpacks/image-labels","version":"3.0.0","optional":true}]},{"group":[{"id":"paketo-buildpacks/ca-certificates","version":"2.1.0","optional":true},{"id":"paketo-buildpacks/go-dist","version":"0.4.0"},{"id":"paketo-buildpacks/dep","version":"0.0.178"},{"id":"paketo-buildpacks/dep-ensure","version":"0.0.38"},{"id":"paketo-buildpacks/go-build","version":"0.3.2"},{"id":"paketo-buildpacks/procfile","version":"4.1.0","optional":true},{"id":"paketo-buildpacks/environment-variables","version":"3.0.0","optional":true},{"id":"paketo-buildpacks/image-labels","version":"3.0.0","optional":true}]},{"group":[{"id":"paketo-buildpacks/ca-certificates","version":"2.1.0","optional":true},{"id":"paketo-buildpacks/go-dist","version":"0.4.0"},{"id":"paketo-buildpacks/go-build","version":"0.3.2"},{"id":"paketo-buildpacks/procfile","version":"4.1.0","optional":true},{"id":"paketo-buildpacks/environment-variables","version":"3.0.0","optional":true},{"id":"paketo-buildpacks/image-labels","version":"3.0.0","optional":true}]}],"layerDiffID":"sha256:c097ea574dc2116e0ae39e01f88df04bd2f5b71fe3d9c3324d1d9a95d9e35062","homepage":"https://github.com/paketo-buildpacks/go"}},"paketo-buildpacks/go-build":{"0.3.2":{"api":"0.4","stacks":[{"id":"io.buildpacks.stacks.bionic"},{"id":"io.paketo.stacks.tiny"},{"id":"org.cloudfoundry.stacks.cflinuxfs3"}],"layerDiffID":"sha256:9db45327c4019308c850e008e0db17f1d66d985ca55da892a5308c40e47f9c01","homepage":"https://github.com/paketo-buildpacks/go-build"}},"paketo-buildpacks/go-dist":{"0.4.0":{"api":"0.5","stacks":[{"id":"io.buildpacks.stacks.bionic"},{"id":"io.paketo.stacks.tiny"},{"id":"org.cloudfoundry.stacks.cflinuxfs3"}],"layerDiffID":"sha256:7cc68a049cae8c357d17ca871dfe240d59148f3f663668fbe6b8e7c83f5a10a8","homepage":"https://github.com/paketo-buildpacks/go-dist"}},"paketo-buildpacks/go-mod-vendor":{"0.2.1":{"api":"0.4","stacks":[{"id":"org.cloudfoundry.stacks.cflinuxfs3"},{"id":"io.buildpacks.stacks.bionic"},{"id":"io.paketo.stacks.tiny"}],"layerDiffID":"sha256:9d5d37e33da8592ddf723a61b9b00708acba417514162fb06f8cd729a9280c4c","homepage":"https://github.com/paketo-buildpacks/go-mod-vendor"}},"paketo-buildpacks/graalvm":{"6.0.0":{"api":"0.5","stacks":[{"id":"io.buildpacks.stacks.bionic"},{"id":"io.paketo.stacks.tiny"},{"id":"org.cloudfoundry.stacks.cflinuxfs3"}],"layerDiffID":"sha256:e398ad01b78a5ead89f098a9b48ffa5b6ad463d123eeec01bdad66aca53293f0","homepage":"https://github.com/paketo-buildpacks/graalvm"}},"paketo-buildpacks/gradle":{"5.0.0":{"api":"0.5","stacks":[{"id":"io.buildpacks.stacks.bionic"},{"id":"io.paketo.stacks.tiny"},{"id":"org.cloudfoundry.stacks.cflinuxfs3"}],"layerDiffID":"sha256:24f7d234568970b828423f69842be080cac99ce1ffd9e9b86a4856e3701421e9","homepage":"https://github.com/paketo-buildpacks/gradle"}},"paketo-buildpacks/image-labels":{"3.0.0":{"api":"0.5","stacks":[{"id":"io.buildpacks.stacks.bionic"},{"id":"io.paketo.stacks.tiny"},{"id":"org.cloudfoundry.stacks.cflinuxfs3"}],"layerDiffID":"sha256:0ac069b116aa8ab9b921176267a26eec399915e97bf7832c6c70334fd145a5c1","homepage":"https://github.com/paketo-buildpacks/image-labels"}},"paketo-buildpacks/java-native-image":{"5.3.0":{"api":"0.5","order":[{"group":[{"id":"paketo-buildpacks/graalvm","version":"6.0.0"},{"id":"paketo-buildpacks/gradle","version":"5.0.0","optional":true},{"id":"paketo-buildpacks/leiningen","version":"3.0.0","optional":true},{"id":"paketo-buildpacks/maven","version":"5.0.0","optional":true},{"id":"paketo-buildpacks/sbt","version":"5.1.0","optional":true},{"id":"paketo-buildpacks/executable-jar","version":"5.0.0","optional":true},{"id":"paketo-buildpacks/spring-boot","version":"4.2.0","optional":true},{"id":"paketo-buildpacks/native-image","version":"4.0.0"},{"id":"paketo-buildpacks/procfile","version":"4.1.0","optional":true},{"id":"paketo-buildpacks/environment-variables","version":"3.0.0","optional":true},{"id":"paketo-buildpacks/image-labels","version":"3.0.0","optional":true}]}],"layerDiffID":"sha256:02227ce2a6acf5055fbd1fe5c7ac42088ea0d834e8d94bb812746f3c70345478","homepage":"https://github.com/paketo-buildpacks/java-native-image"}},"paketo-buildpacks/leiningen":{"3.0.0":{"api":"0.5","stacks":[{"id":"io.buildpacks.stacks.bionic"},{"id":"io.paketo.stacks.tiny"},{"id":"org.cloudfoundry.stacks.cflinuxfs3"}],"layerDiffID":"sha256:68d4c340c64208d7e6b32f0a9bca964166e27996c3370e85d28eb0b3cb3608c1","homepage":"https://github.com/paketo-buildpacks/leiningen"}},"paketo-buildpacks/maven":{"5.0.0":{"api":"0.5","stacks":[{"id":"io.buildpacks.stacks.bionic"},{"id":"io.paketo.stacks.tiny"},{"id":"org.cloudfoundry.stacks.cflinuxfs3"}],"layerDiffID":"sha256:b401529f9c8d0db6e112f43d9273bacfaa9cc29e3591ab712fdbf166612d0d6b","homepage":"https://github.com/paketo-buildpacks/maven"}},"paketo-buildpacks/native-image":{"4.0.0":{"api":"0.5","stacks":[{"id":"io.buildpacks.stacks.bionic"},{"id":"io.paketo.stacks.tiny"},{"id":"org.cloudfoundry.stacks.cflinuxfs3"}],"layerDiffID":"sha256:99b74408e1aa164de16eeb9fee31f4969c800f8e92792ff0aa246071e4e20b6b","homepage":"https://github.com/paketo-buildpacks/native-image"}},"paketo-buildpacks/procfile":{"4.1.0":{"api":"0.5","stacks":[{"id":"io.buildpacks.stacks.bionic"},{"id":"io.paketo.stacks.tiny"},{"id":"org.cloudfoundry.stacks.cflinuxfs3"},{"id":"io.buildpacks.stacks.windows.servercore"}],"layerDiffID":"sha256:97fad095e4ac3f061daccb1a22c494ec91ec7e59c8cb154133235748f1fb39f9","homepage":"https://github.com/paketo-buildpacks/procfile"}},"paketo-buildpacks/sbt":{"5.1.0":{"api":"0.5","stacks":[{"id":"io.buildpacks.stacks.bionic"},{"id":"io.paketo.stacks.tiny"},{"id":"org.cloudfoundry.stacks.cflinuxfs3"}],"layerDiffID":"sha256:fca75e653e7b73177339990cce30909eeec3d79e8015017b493e92a232a4c083","homepage":"https://github.com/paketo-buildpacks/sbt"}},"paketo-buildpacks/spring-boot":{"4.2.0":{"api":"0.5","stacks":[{"id":"io.buildpacks.stacks.bionic"},{"id":"io.paketo.stacks.tiny"},{"id":"org.cloudfoundry.stacks.cflinuxfs3"}],"layerDiffID":"sha256:c3cf9cde475da892e45f5ff8d7de28846df0afccd7a2b1c60ba22ff20a309f10","homepage":"https://github.com/paketo-buildpacks/spring-boot"}}}, io.buildpacks.buildpack.order=[{"group":[{"id":"paketo-buildpacks/java-native-image","version":"5.3.0"}]},{"group":[{"id":"paketo-buildpacks/go","version":"0.6.0"}]},{"group":[{"id":"paketo-buildpacks/procfile","version":"4.1.0"}]}], io.buildpacks.stack.description=ubuntu:bionic + openssl + CA certs + compilers + shell utilities, io.buildpacks.stack.distro.name=Ubuntu, io.buildpacks.stack.distro.version=18.04, io.buildpacks.stack.homepage=https://github.com/paketo-buildpacks/stacks, io.buildpacks.stack.id=io.paketo.stacks.tiny, io.buildpacks.stack.maintainer=Paketo Buildpacks, io.buildpacks.stack.metadata={"base-image": "paketobuildpacks/build@sha256:90ea9d79d7e05314486dda549f93c46131b6b4cbdc8c555fc04a2048a61a1a6b"}, io.buildpacks.stack.mixins=["base-files","ca-certificates","libc6","libssl1.1","netbase","openssl","tzdata","build:adduser","build:apt","build:base-passwd","build:bash","build:binutils","build:binutils-common","build:binutils-x86-64-linux-gnu","build:bsdutils","build:build-essential","build:bzip2","build:coreutils","build:cpp","build:cpp-7","build:curl","build:dash","build:debconf","build:debianutils","build:diffutils","build:dpkg","build:dpkg-dev","build:e2fsprogs","build:fdisk","build:findutils","build:g++","build:g++-7","build:gcc","build:gcc-7","build:gcc-7-base","build:gcc-8-base","build:git","build:git-man","build:gpgv","build:grep","build:gzip","build:hostname","build:init-system-helpers","build:jq","build:libacl1","build:libapt-pkg5.0","build:libasan4","build:libasn1-8-heimdal","build:libatomic1","build:libattr1","build:libaudit-common","build:libaudit1","build:libbinutils","build:libblkid1","build:libbz2-1.0","build:libc-bin","build:libc-dev-bin","build:libc6-dev","build:libcap-ng0","build:libcc1-0","build:libcilkrts5","build:libcom-err2","build:libcurl3-gnutls","build:libcurl4","build:libdb5.3","build:libdebconfclient0","build:libdpkg-perl","build:liberror-perl","build:libexpat1","build:libext2fs2","build:libfdisk1","build:libffi6","build:libgcc-7-dev","build:libgcc1","build:libgcrypt20","build:libgdbm-compat4","build:libgdbm5","build:libgmp-dev","build:libgmp10","build:libgmpxx4ldbl","build:libgnutls30","build:libgomp1","build:libgpg-error0","build:libgssapi-krb5-2","build:libgssapi3-heimdal","build:libhcrypto4-heimdal","build:libheimbase1-heimdal","build:libheimntlm0-heimdal","build:libhogweed4","build:libhx509-5-heimdal","build:libidn2-0","build:libisl19","build:libitm1","build:libjq1","build:libk5crypto3","build:libkeyutils1","build:libkrb5-26-heimdal","build:libkrb5-3","build:libkrb5support0","build:libldap-2.4-2","build:libldap-common","build:liblsan0","build:liblz4-1","build:liblzma5","build:libmount1","build:libmpc3","build:libmpfr6","build:libmpx2","build:libncurses5","build:libncursesw5","build:libnettle6","build:libnghttp2-14","build:libonig4","build:libp11-kit0","build:libpam-modules","build:libpam-modules-bin","build:libpam-runtime","build:libpam0g","build:libpcre3","build:libperl5.26","build:libprocps6","build:libpsl5","build:libquadmath0","build:libroken18-heimdal","build:librtmp1","build:libsasl2-2","build:libsasl2-modules-db","build:libseccomp2","build:libselinux1","build:libsemanage-common","build:libsemanage1","build:libsepol1","build:libsmartcols1","build:libsqlite3-0","build:libss2","build:libstdc++-7-dev","build:libstdc++6","build:libsystemd0","build:libtasn1-6","build:libtinfo5","build:libtsan0","build:libubsan0","build:libudev1","build:libunistring2","build:libuuid1","build:libwind0-heimdal","build:libyaml-0-2","build:libzstd1","build:linux-libc-dev","build:locales","build:login","build:lsb-base","build:make","build:mawk","build:mount","build:ncurses-base","build:ncurses-bin","build:passwd","build:patch","build:perl","build:perl-base","build:perl-modules-5.26","build:procps","build:sed","build:sensible-utils","build:sysvinit-utils","build:tar","build:ubuntu-keyring","build:util-linux","build:xz-utils","build:zlib1g","build:zlib1g-dev"], io.buildpacks.stack.released=2021-04-18T02:00:49Z, io.paketo.stack.packages=[{"name":"adduser","version":"3.116ubuntu1","arch":"all","source":{"name":"adduser","version":"3.116ubuntu1","upstreamVersion":"3.116ubuntu1"},"summary":"add and remove users and groups"},{"name":"apt","version":"1.6.13","arch":"amd64","source":{"name":"apt","version":"1.6.13","upstreamVersion":"1.6.13"},"summary":"commandline package manager"},{"name":"base-files","version":"10.1ubuntu2.10","arch":"amd64","source":{"name":"base-files","version":"10.1ubuntu2.10","upstreamVersion":"10.1ubuntu2.10"},"summary":"Debian base system miscellaneous files"},{"name":"base-passwd","version":"3.5.44","arch":"amd64","source":{"name":"base-passwd","version":"3.5.44","upstreamVersion":"3.5.44"},"summary":"Debian base system master password and group files"},{"name":"bash","version":"4.4.18-2ubuntu1.2","arch":"amd64","source":{"name":"bash","version":"4.4.18-2ubuntu1.2","upstreamVersion":"4.4.18"},"summary":"GNU Bourne Again SHell"},{"name":"binutils","version":"2.30-21ubuntu1~18.04.5","arch":"amd64","source":{"name":"binutils","version":"2.30-21ubuntu1~18.04.5","upstreamVersion":"2.30"},"summary":"GNU assembler, linker and binary utilities"},{"name":"binutils-common:amd64","version":"2.30-21ubuntu1~18.04.5","arch":"amd64","source":{"name":"binutils","version":"2.30-21ubuntu1~18.04.5","upstreamVersion":"2.30"},"summary":"Common files for the GNU assembler, linker and binary utilities"},{"name":"binutils-x86-64-linux-gnu","version":"2.30-21ubuntu1~18.04.5","arch":"amd64","source":{"name":"binutils","version":"2.30-21ubuntu1~18.04.5","upstreamVersion":"2.30"},"summary":"GNU binary utilities, for x86-64-linux-gnu target"},{"name":"bsdutils","version":"1:2.31.1-0.4ubuntu3.7","arch":"amd64","source":{"name":"util-linux","version":"2.31.1-0.4ubuntu3.7","upstreamVersion":"2.31.1"},"summary":"basic utilities from 4.4BSD-Lite"},{"name":"build-essential","version":"12.4ubuntu1","arch":"amd64","source":{"name":"build-essential","version":"12.4ubuntu1","upstreamVersion":"12.4ubuntu1"},"summary":"Informational list of build-essential packages"},{"name":"bzip2","version":"1.0.6-8.1ubuntu0.2","arch":"amd64","source":{"name":"bzip2","version":"1.0.6-8.1ubuntu0.2","upstreamVersion":"1.0.6"},"summary":"high-quality block-sorting file compressor - utilities"},{"name":"ca-certificates","version":"20210119~18.04.1","arch":"all","source":{"name":"ca-certificates","version":"20210119~18.04.1","upstreamVersion":"20210119~18.04.1"},"summary":"Common CA certificates"},{"name":"coreutils","version":"8.28-1ubuntu1","arch":"amd64","source":{"name":"coreutils","version":"8.28-1ubuntu1","upstreamVersion":"8.28"},"summary":"GNU core utilities"},{"name":"cpp","version":"4:7.4.0-1ubuntu2.3","arch":"amd64","source":{"name":"gcc-defaults","version":"1.176ubuntu2.3","upstreamVersion":"1.176ubuntu2.3"},"summary":"GNU C preprocessor (cpp)"},{"name":"cpp-7","version":"7.5.0-3ubuntu1~18.04","arch":"amd64","source":{"name":"gcc-7","version":"7.5.0-3ubuntu1~18.04","upstreamVersion":"7.5.0"},"summary":"GNU C preprocessor"},{"name":"curl","version":"7.58.0-2ubuntu3.13","arch":"amd64","source":{"name":"curl","version":"7.58.0-2ubuntu3.13","upstreamVersion":"7.58.0"},"summary":"command line tool for transferring data with URL syntax"},{"name":"dash","version":"0.5.8-2.10","arch":"amd64","source":{"name":"dash","version":"0.5.8-2.10","upstreamVersion":"0.5.8"},"summary":"POSIX-compliant shell"},{"name":"debconf","version":"1.5.66ubuntu1","arch":"all","source":{"name":"debconf","version":"1.5.66ubuntu1","upstreamVersion":"1.5.66ubuntu1"},"summary":"Debian configuration management system"},{"name":"debianutils","version":"4.8.4","arch":"amd64","source":{"name":"debianutils","version":"4.8.4","upstreamVersion":"4.8.4"},"summary":"Miscellaneous utilities specific to Debian"},{"name":"diffutils","version":"1:3.6-1","arch":"amd64","source":{"name":"diffutils","version":"1:3.6-1","upstreamVersion":"3.6"},"summary":"File comparison utilities"},{"name":"dpkg","version":"1.19.0.5ubuntu2.3","arch":"amd64","source":{"name":"dpkg","version":"1.19.0.5ubuntu2.3","upstreamVersion":"1.19.0.5ubuntu2.3"},"summary":"Debian package management system"},{"name":"dpkg-dev","version":"1.19.0.5ubuntu2.3","arch":"all","source":{"name":"dpkg","version":"1.19.0.5ubuntu2.3","upstreamVersion":"1.19.0.5ubuntu2.3"},"summary":"Debian package development tools"},{"name":"e2fsprogs","version":"1.44.1-1ubuntu1.3","arch":"amd64","source":{"name":"e2fsprogs","version":"1.44.1-1ubuntu1.3","upstreamVersion":"1.44.1"},"summary":"ext2/ext3/ext4 file system utilities"},{"name":"fdisk","version":"2.31.1-0.4ubuntu3.7","arch":"amd64","source":{"name":"util-linux","version":"2.31.1-0.4ubuntu3.7","upstreamVersion":"2.31.1"},"summary":"collection of partitioning utilities"},{"name":"findutils","version":"4.6.0+git+20170828-2","arch":"amd64","source":{"name":"findutils","version":"4.6.0+git+20170828-2","upstreamVersion":"4.6.0+git+20170828"},"summary":"utilities for finding files--find, xargs"},{"name":"g++","version":"4:7.4.0-1ubuntu2.3","arch":"amd64","source":{"name":"gcc-defaults","version":"1.176ubuntu2.3","upstreamVersion":"1.176ubuntu2.3"},"summary":"GNU C++ compiler"},{"name":"g++-7","version":"7.5.0-3ubuntu1~18.04","arch":"amd64","source":{"name":"gcc-7","version":"7.5.0-3ubuntu1~18.04","upstreamVersion":"7.5.0"},"summary":"GNU C++ compiler"},{"name":"gcc","version":"4:7.4.0-1ubuntu2.3","arch":"amd64","source":{"name":"gcc-defaults","version":"1.176ubuntu2.3","upstreamVersion":"1.176ubuntu2.3"},"summary":"GNU C compiler"},{"name":"gcc-7","version":"7.5.0-3ubuntu1~18.04","arch":"amd64","source":{"name":"gcc-7","version":"7.5.0-3ubuntu1~18.04","upstreamVersion":"7.5.0"},"summary":"GNU C compiler"},{"name":"gcc-7-base:amd64","version":"7.5.0-3ubuntu1~18.04","arch":"amd64","source":{"name":"gcc-7","version":"7.5.0-3ubuntu1~18.04","upstreamVersion":"7.5.0"},"summary":"GCC, the GNU Compiler Collection (base package)"},{"name":"gcc-8-base:amd64","version":"8.4.0-1ubuntu1~18.04","arch":"amd64","source":{"name":"gcc-8","version":"8.4.0-1ubuntu1~18.04","upstreamVersion":"8.4.0"},"summary":"GCC, the GNU Compiler Collection (base package)"},{"name":"git","version":"1:2.17.1-1ubuntu0.8","arch":"amd64","source":{"name":"git","version":"1:2.17.1-1ubuntu0.8","upstreamVersion":"2.17.1"},"summary":"fast, scalable, distributed revision control system"},{"name":"git-man","version":"1:2.17.1-1ubuntu0.8","arch":"all","source":{"name":"git","version":"1:2.17.1-1ubuntu0.8","upstreamVersion":"2.17.1"},"summary":"fast, scalable, distributed revision control system (manual pages)"},{"name":"gpgv","version":"2.2.4-1ubuntu1.4","arch":"amd64","source":{"name":"gnupg2","version":"2.2.4-1ubuntu1.4","upstreamVersion":"2.2.4"},"summary":"GNU privacy guard - signature verification tool"},{"name":"grep","version":"3.1-2build1","arch":"amd64","source":{"name":"grep","version":"3.1-2build1","upstreamVersion":"3.1"},"summary":"GNU grep, egrep and fgrep"},{"name":"gzip","version":"1.6-5ubuntu1","arch":"amd64","source":{"name":"gzip","version":"1.6-5ubuntu1","upstreamVersion":"1.6"},"summary":"GNU compression utilities"},{"name":"hostname","version":"3.20","arch":"amd64","source":{"name":"hostname","version":"3.20","upstreamVersion":"3.20"},"summary":"utility to set/show the host name or domain name"},{"name":"init-system-helpers","version":"1.51","arch":"all","source":{"name":"init-system-helpers","version":"1.51","upstreamVersion":"1.51"},"summary":"helper tools for all init systems"},{"name":"jq","version":"1.5+dfsg-2","arch":"amd64","source":{"name":"jq","version":"1.5+dfsg-2","upstreamVersion":"1.5+dfsg"},"summary":"lightweight and flexible command-line JSON processor"},{"name":"libacl1:amd64","version":"2.2.52-3build1","arch":"amd64","source":{"name":"acl","version":"2.2.52-3build1","upstreamVersion":"2.2.52"},"summary":"Access control list shared library"},{"name":"libapt-pkg5.0:amd64","version":"1.6.13","arch":"amd64","source":{"name":"apt","version":"1.6.13","upstreamVersion":"1.6.13"},"summary":"package management runtime library"},{"name":"libasan4:amd64","version":"7.5.0-3ubuntu1~18.04","arch":"amd64","source":{"name":"gcc-7","version":"7.5.0-3ubuntu1~18.04","upstreamVersion":"7.5.0"},"summary":"AddressSanitizer -- a fast memory error detector"},{"name":"libasn1-8-heimdal:amd64","version":"7.5.0+dfsg-1","arch":"amd64","source":{"name":"heimdal","version":"7.5.0+dfsg-1","upstreamVersion":"7.5.0+dfsg"},"summary":"Heimdal Kerberos - ASN.1 library"},{"name":"libatomic1:amd64","version":"8.4.0-1ubuntu1~18.04","arch":"amd64","source":{"name":"gcc-8","version":"8.4.0-1ubuntu1~18.04","upstreamVersion":"8.4.0"},"summary":"support library providing __atomic built-in functions"},{"name":"libattr1:amd64","version":"1:2.4.47-2build1","arch":"amd64","source":{"name":"attr","version":"1:2.4.47-2build1","upstreamVersion":"2.4.47"},"summary":"Extended attribute shared library"},{"name":"libaudit-common","version":"1:2.8.2-1ubuntu1.1","arch":"all","source":{"name":"audit","version":"1:2.8.2-1ubuntu1.1","upstreamVersion":"2.8.2"},"summary":"Dynamic library for security auditing - common files"},{"name":"libaudit1:amd64","version":"1:2.8.2-1ubuntu1.1","arch":"amd64","source":{"name":"audit","version":"1:2.8.2-1ubuntu1.1","upstreamVersion":"2.8.2"},"summary":"Dynamic library for security auditing"},{"name":"libbinutils:amd64","version":"2.30-21ubuntu1~18.04.5","arch":"amd64","source":{"name":"binutils","version":"2.30-21ubuntu1~18.04.5","upstreamVersion":"2.30"},"summary":"GNU binary utilities (private shared library)"},{"name":"libblkid1:amd64","version":"2.31.1-0.4ubuntu3.7","arch":"amd64","source":{"name":"util-linux","version":"2.31.1-0.4ubuntu3.7","upstreamVersion":"2.31.1"},"summary":"block device ID library"},{"name":"libbz2-1.0:amd64","version":"1.0.6-8.1ubuntu0.2","arch":"amd64","source":{"name":"bzip2","version":"1.0.6-8.1ubuntu0.2","upstreamVersion":"1.0.6"},"summary":"high-quality block-sorting file compressor library - runtime"},{"name":"libc-bin","version":"2.27-3ubuntu1.4","arch":"amd64","source":{"name":"glibc","version":"2.27-3ubuntu1.4","upstreamVersion":"2.27"},"summary":"GNU C Library: Binaries"},{"name":"libc-dev-bin","version":"2.27-3ubuntu1.4","arch":"amd64","source":{"name":"glibc","version":"2.27-3ubuntu1.4","upstreamVersion":"2.27"},"summary":"GNU C Library: Development binaries"},{"name":"libc6:amd64","version":"2.27-3ubuntu1.4","arch":"amd64","source":{"name":"glibc","version":"2.27-3ubuntu1.4","upstreamVersion":"2.27"},"summary":"GNU C Library: Shared libraries"},{"name":"libc6-dev:amd64","version":"2.27-3ubuntu1.4","arch":"amd64","source":{"name":"glibc","version":"2.27-3ubuntu1.4","upstreamVersion":"2.27"},"summary":"GNU C Library: Development Libraries and Header Files"},{"name":"libcap-ng0:amd64","version":"0.7.7-3.1","arch":"amd64","source":{"name":"libcap-ng","version":"0.7.7-3.1","upstreamVersion":"0.7.7"},"summary":"An alternate POSIX capabilities library"},{"name":"libcc1-0:amd64","version":"8.4.0-1ubuntu1~18.04","arch":"amd64","source":{"name":"gcc-8","version":"8.4.0-1ubuntu1~18.04","upstreamVersion":"8.4.0"},"summary":"GCC cc1 plugin for GDB"},{"name":"libcilkrts5:amd64","version":"7.5.0-3ubuntu1~18.04","arch":"amd64","source":{"name":"gcc-7","version":"7.5.0-3ubuntu1~18.04","upstreamVersion":"7.5.0"},"summary":"Intel Cilk Plus language extensions (runtime)"},{"name":"libcom-err2:amd64","version":"1.44.1-1ubuntu1.3","arch":"amd64","source":{"name":"e2fsprogs","version":"1.44.1-1ubuntu1.3","upstreamVersion":"1.44.1"},"summary":"common error description library"},{"name":"libcurl3-gnutls:amd64","version":"7.58.0-2ubuntu3.13","arch":"amd64","source":{"name":"curl","version":"7.58.0-2ubuntu3.13","upstreamVersion":"7.58.0"},"summary":"easy-to-use client-side URL transfer library (GnuTLS flavour)"},{"name":"libcurl4:amd64","version":"7.58.0-2ubuntu3.13","arch":"amd64","source":{"name":"curl","version":"7.58.0-2ubuntu3.13","upstreamVersion":"7.58.0"},"summary":"easy-to-use client-side URL transfer library (OpenSSL flavour)"},{"name":"libdb5.3:amd64","version":"5.3.28-13.1ubuntu1.1","arch":"amd64","source":{"name":"db5.3","version":"5.3.28-13.1ubuntu1.1","upstreamVersion":"5.3.28"},"summary":"Berkeley v5.3 Database Libraries [runtime]"},{"name":"libdebconfclient0:amd64","version":"0.213ubuntu1","arch":"amd64","source":{"name":"cdebconf","version":"0.213ubuntu1","upstreamVersion":"0.213ubuntu1"},"summary":"Debian Configuration Management System (C-implementation library)"},{"name":"libdpkg-perl","version":"1.19.0.5ubuntu2.3","arch":"all","source":{"name":"dpkg","version":"1.19.0.5ubuntu2.3","upstreamVersion":"1.19.0.5ubuntu2.3"},"summary":"Dpkg perl modules"},{"name":"liberror-perl","version":"0.17025-1","arch":"all","source":{"name":"liberror-perl","version":"0.17025-1","upstreamVersion":"0.17025"},"summary":"Perl module for error/exception handling in an OO-ish way"},{"name":"libexpat1:amd64","version":"2.2.5-3ubuntu0.2","arch":"amd64","source":{"name":"expat","version":"2.2.5-3ubuntu0.2","upstreamVersion":"2.2.5"},"summary":"XML parsing C library - runtime library"},{"name":"libext2fs2:amd64","version":"1.44.1-1ubuntu1.3","arch":"amd64","source":{"name":"e2fsprogs","version":"1.44.1-1ubuntu1.3","upstreamVersion":"1.44.1"},"summary":"ext2/ext3/ext4 file system libraries"},{"name":"libfdisk1:amd64","version":"2.31.1-0.4ubuntu3.7","arch":"amd64","source":{"name":"util-linux","version":"2.31.1-0.4ubuntu3.7","upstreamVersion":"2.31.1"},"summary":"fdisk partitioning library"},{"name":"libffi6:amd64","version":"3.2.1-8","arch":"amd64","source":{"name":"libffi","version":"3.2.1-8","upstreamVersion":"3.2.1"},"summary":"Foreign Function Interface library runtime"},{"name":"libgcc-7-dev:amd64","version":"7.5.0-3ubuntu1~18.04","arch":"amd64","source":{"name":"gcc-7","version":"7.5.0-3ubuntu1~18.04","upstreamVersion":"7.5.0"},"summary":"GCC support library (development files)"},{"name":"libgcc1:amd64","version":"1:8.4.0-1ubuntu1~18.04","arch":"amd64","source":{"name":"gcc-8","version":"8.4.0-1ubuntu1~18.04","upstreamVersion":"8.4.0"},"summary":"GCC support library"},{"name":"libgcrypt20:amd64","version":"1.8.1-4ubuntu1.2","arch":"amd64","source":{"name":"libgcrypt20","version":"1.8.1-4ubuntu1.2","upstreamVersion":"1.8.1"},"summary":"LGPL Crypto library - runtime library"},{"name":"libgdbm-compat4:amd64","version":"1.14.1-6","arch":"amd64","source":{"name":"gdbm","version":"1.14.1-6","upstreamVersion":"1.14.1"},"summary":"GNU dbm database routines (legacy support runtime version)"},{"name":"libgdbm5:amd64","version":"1.14.1-6","arch":"amd64","source":{"name":"gdbm","version":"1.14.1-6","upstreamVersion":"1.14.1"},"summary":"GNU dbm database routines (runtime version)"},{"name":"libgmp-dev:amd64","version":"2:6.1.2+dfsg-2","arch":"amd64","source":{"name":"gmp","version":"2:6.1.2+dfsg-2","upstreamVersion":"6.1.2+dfsg"},"summary":"Multiprecision arithmetic library developers tools"},{"name":"libgmp10:amd64","version":"2:6.1.2+dfsg-2","arch":"amd64","source":{"name":"gmp","version":"2:6.1.2+dfsg-2","upstreamVersion":"6.1.2+dfsg"},"summary":"Multiprecision arithmetic library"},{"name":"libgmpxx4ldbl:amd64","version":"2:6.1.2+dfsg-2","arch":"amd64","source":{"name":"gmp","version":"2:6.1.2+dfsg-2","upstreamVersion":"6.1.2+dfsg"},"summary":"Multiprecision arithmetic library (C++ bindings)"},{"name":"libgnutls30:amd64","version":"3.5.18-1ubuntu1.4","arch":"amd64","source":{"name":"gnutls28","version":"3.5.18-1ubuntu1.4","upstreamVersion":"3.5.18"},"summary":"GNU TLS library - main runtime library"},{"name":"libgomp1:amd64","version":"8.4.0-1ubuntu1~18.04","arch":"amd64","source":{"name":"gcc-8","version":"8.4.0-1ubuntu1~18.04","upstreamVersion":"8.4.0"},"summary":"GCC OpenMP (GOMP) support library"},{"name":"libgpg-error0:amd64","version":"1.27-6","arch":"amd64","source":{"name":"libgpg-error","version":"1.27-6","upstreamVersion":"1.27"},"summary":"library for common error values and messages in GnuPG components"},{"name":"libgssapi-krb5-2:amd64","version":"1.16-2ubuntu0.2","arch":"amd64","source":{"name":"krb5","version":"1.16-2ubuntu0.2","upstreamVersion":"1.16"},"summary":"MIT Kerberos runtime libraries - krb5 GSS-API Mechanism"},{"name":"libgssapi3-heimdal:amd64","version":"7.5.0+dfsg-1","arch":"amd64","source":{"name":"heimdal","version":"7.5.0+dfsg-1","upstreamVersion":"7.5.0+dfsg"},"summary":"Heimdal Kerberos - GSSAPI support library"},{"name":"libhcrypto4-heimdal:amd64","version":"7.5.0+dfsg-1","arch":"amd64","source":{"name":"heimdal","version":"7.5.0+dfsg-1","upstreamVersion":"7.5.0+dfsg"},"summary":"Heimdal Kerberos - crypto library"},{"name":"libheimbase1-heimdal:amd64","version":"7.5.0+dfsg-1","arch":"amd64","source":{"name":"heimdal","version":"7.5.0+dfsg-1","upstreamVersion":"7.5.0+dfsg"},"summary":"Heimdal Kerberos - Base library"},{"name":"libheimntlm0-heimdal:amd64","version":"7.5.0+dfsg-1","arch":"amd64","source":{"name":"heimdal","version":"7.5.0+dfsg-1","upstreamVersion":"7.5.0+dfsg"},"summary":"Heimdal Kerberos - NTLM support library"},{"name":"libhogweed4:amd64","version":"3.4-1ubuntu0.1","arch":"amd64","source":{"name":"nettle","version":"3.4-1ubuntu0.1","upstreamVersion":"3.4"},"summary":"low level cryptographic library (public-key cryptos)"},{"name":"libhx509-5-heimdal:amd64","version":"7.5.0+dfsg-1","arch":"amd64","source":{"name":"heimdal","version":"7.5.0+dfsg-1","upstreamVersion":"7.5.0+dfsg"},"summary":"Heimdal Kerberos - X509 support library"},{"name":"libidn2-0:amd64","version":"2.0.4-1.1ubuntu0.2","arch":"amd64","source":{"name":"libidn2","version":"2.0.4-1.1ubuntu0.2","upstreamVersion":"2.0.4"},"summary":"Internationalized domain names (IDNA2008/TR46) library"},{"name":"libisl19:amd64","version":"0.19-1","arch":"amd64","source":{"name":"isl","version":"0.19-1","upstreamVersion":"0.19"},"summary":"manipulating sets and relations of integer points bounded by linear constraints"},{"name":"libitm1:amd64","version":"8.4.0-1ubuntu1~18.04","arch":"amd64","source":{"name":"gcc-8","version":"8.4.0-1ubuntu1~18.04","upstreamVersion":"8.4.0"},"summary":"GNU Transactional Memory Library"},{"name":"libjq1:amd64","version":"1.5+dfsg-2","arch":"amd64","source":{"name":"jq","version":"1.5+dfsg-2","upstreamVersion":"1.5+dfsg"},"summary":"lightweight and flexible command-line JSON processor - shared library"},{"name":"libk5crypto3:amd64","version":"1.16-2ubuntu0.2","arch":"amd64","source":{"name":"krb5","version":"1.16-2ubuntu0.2","upstreamVersion":"1.16"},"summary":"MIT Kerberos runtime libraries - Crypto Library"},{"name":"libkeyutils1:amd64","version":"1.5.9-9.2ubuntu2","arch":"amd64","source":{"name":"keyutils","version":"1.5.9-9.2ubuntu2","upstreamVersion":"1.5.9"},"summary":"Linux Key Management Utilities (library)"},{"name":"libkrb5-26-heimdal:amd64","version":"7.5.0+dfsg-1","arch":"amd64","source":{"name":"heimdal","version":"7.5.0+dfsg-1","upstreamVersion":"7.5.0+dfsg"},"summary":"Heimdal Kerberos - libraries"},{"name":"libkrb5-3:amd64","version":"1.16-2ubuntu0.2","arch":"amd64","source":{"name":"krb5","version":"1.16-2ubuntu0.2","upstreamVersion":"1.16"},"summary":"MIT Kerberos runtime libraries"},{"name":"libkrb5support0:amd64","version":"1.16-2ubuntu0.2","arch":"amd64","source":{"name":"krb5","version":"1.16-2ubuntu0.2","upstreamVersion":"1.16"},"summary":"MIT Kerberos runtime libraries - Support library"},{"name":"libldap-2.4-2:amd64","version":"2.4.45+dfsg-1ubuntu1.10","arch":"amd64","source":{"name":"openldap","version":"2.4.45+dfsg-1ubuntu1.10","upstreamVersion":"2.4.45+dfsg"},"summary":"OpenLDAP libraries"},{"name":"libldap-common","version":"2.4.45+dfsg-1ubuntu1.10","arch":"all","source":{"name":"openldap","version":"2.4.45+dfsg-1ubuntu1.10","upstreamVersion":"2.4.45+dfsg"},"summary":"OpenLDAP common files for libraries"},{"name":"liblsan0:amd64","version":"8.4.0-1ubuntu1~18.04","arch":"amd64","source":{"name":"gcc-8","version":"8.4.0-1ubuntu1~18.04","upstreamVersion":"8.4.0"},"summary":"LeakSanitizer -- a memory leak detector (runtime)"},{"name":"liblz4-1:amd64","version":"0.0~r131-2ubuntu3","arch":"amd64","source":{"name":"lz4","version":"0.0~r131-2ubuntu3","upstreamVersion":"0.0~r131"},"summary":"Fast LZ compression algorithm library - runtime"},{"name":"liblzma5:amd64","version":"5.2.2-1.3","arch":"amd64","source":{"name":"xz-utils","version":"5.2.2-1.3","upstreamVersion":"5.2.2"},"summary":"XZ-format compression library"},{"name":"libmount1:amd64","version":"2.31.1-0.4ubuntu3.7","arch":"amd64","source":{"name":"util-linux","version":"2.31.1-0.4ubuntu3.7","upstreamVersion":"2.31.1"},"summary":"device mounting library"},{"name":"libmpc3:amd64","version":"1.1.0-1","arch":"amd64","source":{"name":"mpclib3","version":"1.1.0-1","upstreamVersion":"1.1.0"},"summary":"multiple precision complex floating-point library"},{"name":"libmpfr6:amd64","version":"4.0.1-1","arch":"amd64","source":{"name":"mpfr4","version":"4.0.1-1","upstreamVersion":"4.0.1"},"summary":"multiple precision floating-point computation"},{"name":"libmpx2:amd64","version":"8.4.0-1ubuntu1~18.04","arch":"amd64","source":{"name":"gcc-8","version":"8.4.0-1ubuntu1~18.04","upstreamVersion":"8.4.0"},"summary":"Intel memory protection extensions (runtime)"},{"name":"libncurses5:amd64","version":"6.1-1ubuntu1.18.04","arch":"amd64","source":{"name":"ncurses","version":"6.1-1ubuntu1.18.04","upstreamVersion":"6.1"},"summary":"shared libraries for terminal handling"},{"name":"libncursesw5:amd64","version":"6.1-1ubuntu1.18.04","arch":"amd64","source":{"name":"ncurses","version":"6.1-1ubuntu1.18.04","upstreamVersion":"6.1"},"summary":"shared libraries for terminal handling (wide character support)"},{"name":"libnettle6:amd64","version":"3.4-1ubuntu0.1","arch":"amd64","source":{"name":"nettle","version":"3.4-1ubuntu0.1","upstreamVersion":"3.4"},"summary":"low level cryptographic library (symmetric and one-way cryptos)"},{"name":"libnghttp2-14:amd64","version":"1.30.0-1ubuntu1","arch":"amd64","source":{"name":"nghttp2","version":"1.30.0-1ubuntu1","upstreamVersion":"1.30.0"},"summary":"library implementing HTTP/2 protocol (shared library)"},{"name":"libonig4:amd64","version":"6.7.0-1","arch":"amd64","source":{"name":"libonig","version":"6.7.0-1","upstreamVersion":"6.7.0"},"summary":"regular expressions library"},{"name":"libp11-kit0:amd64","version":"0.23.9-2ubuntu0.1","arch":"amd64","source":{"name":"p11-kit","version":"0.23.9-2ubuntu0.1","upstreamVersion":"0.23.9"},"summary":"library for loading and coordinating access to PKCS#11 modules - runtime"},{"name":"libpam-modules:amd64","version":"1.1.8-3.6ubuntu2.18.04.2","arch":"amd64","source":{"name":"pam","version":"1.1.8-3.6ubuntu2.18.04.2","upstreamVersion":"1.1.8"},"summary":"Pluggable Authentication Modules for PAM"},{"name":"libpam-modules-bin","version":"1.1.8-3.6ubuntu2.18.04.2","arch":"amd64","source":{"name":"pam","version":"1.1.8-3.6ubuntu2.18.04.2","upstreamVersion":"1.1.8"},"summary":"Pluggable Authentication Modules for PAM - helper binaries"},{"name":"libpam-runtime","version":"1.1.8-3.6ubuntu2.18.04.2","arch":"all","source":{"name":"pam","version":"1.1.8-3.6ubuntu2.18.04.2","upstreamVersion":"1.1.8"},"summary":"Runtime support for the PAM library"},{"name":"libpam0g:amd64","version":"1.1.8-3.6ubuntu2.18.04.2","arch":"amd64","source":{"name":"pam","version":"1.1.8-3.6ubuntu2.18.04.2","upstreamVersion":"1.1.8"},"summary":"Pluggable Authentication Modules library"},{"name":"libpcre3:amd64","version":"2:8.39-9","arch":"amd64","source":{"name":"pcre3","version":"2:8.39-9","upstreamVersion":"8.39"},"summary":"Old Perl 5 Compatible Regular Expression Library - runtime files"},{"name":"libperl5.26:amd64","version":"5.26.1-6ubuntu0.5","arch":"amd64","source":{"name":"perl","version":"5.26.1-6ubuntu0.5","upstreamVersion":"5.26.1"},"summary":"shared Perl library"},{"name":"libprocps6:amd64","version":"2:3.3.12-3ubuntu1.2","arch":"amd64","source":{"name":"procps","version":"2:3.3.12-3ubuntu1.2","upstreamVersion":"3.3.12"},"summary":"library for accessing process information from /proc"},{"name":"libpsl5:amd64","version":"0.19.1-5build1","arch":"amd64","source":{"name":"libpsl","version":"0.19.1-5build1","upstreamVersion":"0.19.1"},"summary":"Library for Public Suffix List (shared libraries)"},{"name":"libquadmath0:amd64","version":"8.4.0-1ubuntu1~18.04","arch":"amd64","source":{"name":"gcc-8","version":"8.4.0-1ubuntu1~18.04","upstreamVersion":"8.4.0"},"summary":"GCC Quad-Precision Math Library"},{"name":"libroken18-heimdal:amd64","version":"7.5.0+dfsg-1","arch":"amd64","source":{"name":"heimdal","version":"7.5.0+dfsg-1","upstreamVersion":"7.5.0+dfsg"},"summary":"Heimdal Kerberos - roken support library"},{"name":"librtmp1:amd64","version":"2.4+20151223.gitfa8646d.1-1","arch":"amd64","source":{"name":"rtmpdump","version":"2.4+20151223.gitfa8646d.1-1","upstreamVersion":"2.4+20151223.gitfa8646d.1"},"summary":"toolkit for RTMP streams (shared library)"},{"name":"libsasl2-2:amd64","version":"2.1.27~101-g0780600+dfsg-3ubuntu2.3","arch":"amd64","source":{"name":"cyrus-sasl2","version":"2.1.27~101-g0780600+dfsg-3ubuntu2.3","upstreamVersion":"2.1.27~101-g0780600+dfsg"},"summary":"Cyrus SASL - authentication abstraction library"},{"name":"libsasl2-modules-db:amd64","version":"2.1.27~101-g0780600+dfsg-3ubuntu2.3","arch":"amd64","source":{"name":"cyrus-sasl2","version":"2.1.27~101-g0780600+dfsg-3ubuntu2.3","upstreamVersion":"2.1.27~101-g0780600+dfsg"},"summary":"Cyrus SASL - pluggable authentication modules (DB)"},{"name":"libseccomp2:amd64","version":"2.5.1-1ubuntu1~18.04.1","arch":"amd64","source":{"name":"libseccomp","version":"2.5.1-1ubuntu1~18.04.1","upstreamVersion":"2.5.1"},"summary":"high level interface to Linux seccomp filter"},{"name":"libselinux1:amd64","version":"2.7-2build2","arch":"amd64","source":{"name":"libselinux","version":"2.7-2build2","upstreamVersion":"2.7"},"summary":"SELinux runtime shared libraries"},{"name":"libsemanage-common","version":"2.7-2build2","arch":"all","source":{"name":"libsemanage","version":"2.7-2build2","upstreamVersion":"2.7"},"summary":"Common files for SELinux policy management libraries"},{"name":"libsemanage1:amd64","version":"2.7-2build2","arch":"amd64","source":{"name":"libsemanage","version":"2.7-2build2","upstreamVersion":"2.7"},"summary":"SELinux policy management library"},{"name":"libsepol1:amd64","version":"2.7-1","arch":"amd64","source":{"name":"libsepol","version":"2.7-1","upstreamVersion":"2.7"},"summary":"SELinux library for manipulating binary security policies"},{"name":"libsmartcols1:amd64","version":"2.31.1-0.4ubuntu3.7","arch":"amd64","source":{"name":"util-linux","version":"2.31.1-0.4ubuntu3.7","upstreamVersion":"2.31.1"},"summary":"smart column output alignment library"},{"name":"libsqlite3-0:amd64","version":"3.22.0-1ubuntu0.4","arch":"amd64","source":{"name":"sqlite3","version":"3.22.0-1ubuntu0.4","upstreamVersion":"3.22.0"},"summary":"SQLite 3 shared library"},{"name":"libss2:amd64","version":"1.44.1-1ubuntu1.3","arch":"amd64","source":{"name":"e2fsprogs","version":"1.44.1-1ubuntu1.3","upstreamVersion":"1.44.1"},"summary":"command-line interface parsing library"},{"name":"libssl1.1:amd64","version":"1.1.1-1ubuntu2.1~18.04.9","arch":"amd64","source":{"name":"openssl","version":"1.1.1-1ubuntu2.1~18.04.9","upstreamVersion":"1.1.1"},"summary":"Secure Sockets Layer toolkit - shared libraries"},{"name":"libstdc++-7-dev:amd64","version":"7.5.0-3ubuntu1~18.04","arch":"amd64","source":{"name":"gcc-7","version":"7.5.0-3ubuntu1~18.04","upstreamVersion":"7.5.0"},"summary":"GNU Standard C++ Library v3 (development files)"},{"name":"libstdc++6:amd64","version":"8.4.0-1ubuntu1~18.04","arch":"amd64","source":{"name":"gcc-8","version":"8.4.0-1ubuntu1~18.04","upstreamVersion":"8.4.0"},"summary":"GNU Standard C++ Library v3"},{"name":"libsystemd0:amd64","version":"237-3ubuntu10.46","arch":"amd64","source":{"name":"systemd","version":"237-3ubuntu10.46","upstreamVersion":"237"},"summary":"systemd utility library"},{"name":"libtasn1-6:amd64","version":"4.13-2","arch":"amd64","source":{"name":"libtasn1-6","version":"4.13-2","upstreamVersion":"4.13"},"summary":"Manage ASN.1 structures (runtime)"},{"name":"libtinfo5:amd64","version":"6.1-1ubuntu1.18.04","arch":"amd64","source":{"name":"ncurses","version":"6.1-1ubuntu1.18.04","upstreamVersion":"6.1"},"summary":"shared low-level terminfo library for terminal handling"},{"name":"libtsan0:amd64","version":"8.4.0-1ubuntu1~18.04","arch":"amd64","source":{"name":"gcc-8","version":"8.4.0-1ubuntu1~18.04","upstreamVersion":"8.4.0"},"summary":"ThreadSanitizer -- a Valgrind-based detector of data races (runtime)"},{"name":"libubsan0:amd64","version":"7.5.0-3ubuntu1~18.04","arch":"amd64","source":{"name":"gcc-7","version":"7.5.0-3ubuntu1~18.04","upstreamVersion":"7.5.0"},"summary":"UBSan -- undefined behaviour sanitizer (runtime)"},{"name":"libudev1:amd64","version":"237-3ubuntu10.46","arch":"amd64","source":{"name":"systemd","version":"237-3ubuntu10.46","upstreamVersion":"237"},"summary":"libudev shared library"},{"name":"libunistring2:amd64","version":"0.9.9-0ubuntu2","arch":"amd64","source":{"name":"libunistring","version":"0.9.9-0ubuntu2","upstreamVersion":"0.9.9"},"summary":"Unicode string library for C"},{"name":"libuuid1:amd64","version":"2.31.1-0.4ubuntu3.7","arch":"amd64","source":{"name":"util-linux","version":"2.31.1-0.4ubuntu3.7","upstreamVersion":"2.31.1"},"summary":"Universally Unique ID library"},{"name":"libwind0-heimdal:amd64","version":"7.5.0+dfsg-1","arch":"amd64","source":{"name":"heimdal","version":"7.5.0+dfsg-1","upstreamVersion":"7.5.0+dfsg"},"summary":"Heimdal Kerberos - stringprep implementation"},{"name":"libyaml-0-2:amd64","version":"0.1.7-2ubuntu3","arch":"amd64","source":{"name":"libyaml","version":"0.1.7-2ubuntu3","upstreamVersion":"0.1.7"},"summary":"Fast YAML 1.1 parser and emitter library"},{"name":"libzstd1:amd64","version":"1.3.3+dfsg-2ubuntu1.2","arch":"amd64","source":{"name":"libzstd","version":"1.3.3+dfsg-2ubuntu1.2","upstreamVersion":"1.3.3+dfsg"},"summary":"fast lossless compression algorithm"},{"name":"linux-libc-dev:amd64","version":"4.15.0-142.146","arch":"amd64","source":{"name":"linux","version":"4.15.0-142.146","upstreamVersion":"4.15.0"},"summary":"Linux Kernel Headers for development"},{"name":"locales","version":"2.27-3ubuntu1.4","arch":"all","source":{"name":"glibc","version":"2.27-3ubuntu1.4","upstreamVersion":"2.27"},"summary":"GNU C Library: National Language (locale) data [support]"},{"name":"login","version":"1:4.5-1ubuntu2","arch":"amd64","source":{"name":"shadow","version":"1:4.5-1ubuntu2","upstreamVersion":"4.5"},"summary":"system login tools"},{"name":"lsb-base","version":"9.20170808ubuntu1","arch":"all","source":{"name":"lsb","version":"9.20170808ubuntu1","upstreamVersion":"9.20170808ubuntu1"},"summary":"Linux Standard Base init script functionality"},{"name":"make","version":"4.1-9.1ubuntu1","arch":"amd64","source":{"name":"make-dfsg","version":"4.1-9.1ubuntu1","upstreamVersion":"4.1"},"summary":"utility for directing compilation"},{"name":"mawk","version":"1.3.3-17ubuntu3","arch":"amd64","source":{"name":"mawk","version":"1.3.3-17ubuntu3","upstreamVersion":"1.3.3"},"summary":"a pattern scanning and text processing language"},{"name":"mount","version":"2.31.1-0.4ubuntu3.7","arch":"amd64","source":{"name":"util-linux","version":"2.31.1-0.4ubuntu3.7","upstreamVersion":"2.31.1"},"summary":"tools for mounting and manipulating filesystems"},{"name":"ncurses-base","version":"6.1-1ubuntu1.18.04","arch":"all","source":{"name":"ncurses","version":"6.1-1ubuntu1.18.04","upstreamVersion":"6.1"},"summary":"basic terminal type definitions"},{"name":"ncurses-bin","version":"6.1-1ubuntu1.18.04","arch":"amd64","source":{"name":"ncurses","version":"6.1-1ubuntu1.18.04","upstreamVersion":"6.1"},"summary":"terminal-related programs and man pages"},{"name":"netbase","version":"5.4","arch":"all","source":{"name":"netbase","version":"5.4","upstreamVersion":"5.4"},"summary":"Basic TCP/IP networking system"},{"name":"openssl","version":"1.1.1-1ubuntu2.1~18.04.9","arch":"amd64","source":{"name":"openssl","version":"1.1.1-1ubuntu2.1~18.04.9","upstreamVersion":"1.1.1"},"summary":"Secure Sockets Layer toolkit - cryptographic utility"},{"name":"passwd","version":"1:4.5-1ubuntu2","arch":"amd64","source":{"name":"shadow","version":"1:4.5-1ubuntu2","upstreamVersion":"4.5"},"summary":"change and administer password and group data"},{"name":"patch","version":"2.7.6-2ubuntu1.1","arch":"amd64","source":{"name":"patch","version":"2.7.6-2ubuntu1.1","upstreamVersion":"2.7.6"},"summary":"Apply a diff file to an original"},{"name":"perl","version":"5.26.1-6ubuntu0.5","arch":"amd64","source":{"name":"perl","version":"5.26.1-6ubuntu0.5","upstreamVersion":"5.26.1"},"summary":"Larry Wall's Practical Extraction and Report Language"},{"name":"perl-base","version":"5.26.1-6ubuntu0.5","arch":"amd64","source":{"name":"perl","version":"5.26.1-6ubuntu0.5","upstreamVersion":"5.26.1"},"summary":"minimal Perl system"},{"name":"perl-modules-5.26","version":"5.26.1-6ubuntu0.5","arch":"all","source":{"name":"perl","version":"5.26.1-6ubuntu0.5","upstreamVersion":"5.26.1"},"summary":"Core Perl modules"},{"name":"procps","version":"2:3.3.12-3ubuntu1.2","arch":"amd64","source":{"name":"procps","version":"2:3.3.12-3ubuntu1.2","upstreamVersion":"3.3.12"},"summary":"/proc file system utilities"},{"name":"sed","version":"4.4-2","arch":"amd64","source":{"name":"sed","version":"4.4-2","upstreamVersion":"4.4"},"summary":"GNU stream editor for filtering/transforming text"},{"name":"sensible-utils","version":"0.0.12","arch":"all","source":{"name":"sensible-utils","version":"0.0.12","upstreamVersion":"0.0.12"},"summary":"Utilities for sensible alternative selection"},{"name":"sysvinit-utils","version":"2.88dsf-59.10ubuntu1","arch":"amd64","source":{"name":"sysvinit","version":"2.88dsf-59.10ubuntu1","upstreamVersion":"2.88dsf"},"summary":"System-V-like utilities"},{"name":"tar","version":"1.29b-2ubuntu0.2","arch":"amd64","source":{"name":"tar","version":"1.29b-2ubuntu0.2","upstreamVersion":"1.29b"},"summary":"GNU version of the tar archiving utility"},{"name":"tzdata","version":"2021a-0ubuntu0.18.04","arch":"all","source":{"name":"tzdata","version":"2021a-0ubuntu0.18.04","upstreamVersion":"2021a"},"summary":"time zone and daylight-saving time data"},{"name":"ubuntu-keyring","version":"2018.09.18.1~18.04.2","arch":"all","source":{"name":"ubuntu-keyring","version":"2018.09.18.1~18.04.2","upstreamVersion":"2018.09.18.1~18.04.2"},"summary":"GnuPG keys of the Ubuntu archive"},{"name":"util-linux","version":"2.31.1-0.4ubuntu3.7","arch":"amd64","source":{"name":"util-linux","version":"2.31.1-0.4ubuntu3.7","upstreamVersion":"2.31.1"},"summary":"miscellaneous system utilities"},{"name":"xz-utils","version":"5.2.2-1.3","arch":"amd64","source":{"name":"xz-utils","version":"5.2.2-1.3","upstreamVersion":"5.2.2"},"summary":"XZ-format compression utilities"},{"name":"zlib1g:amd64","version":"1:1.2.11.dfsg-0ubuntu2","arch":"amd64","source":{"name":"zlib","version":"1:1.2.11.dfsg-0ubuntu2","upstreamVersion":"1.2.11.dfsg"},"summary":"compression library - runtime"},{"name":"zlib1g-dev:amd64","version":"1:1.2.11.dfsg-0ubuntu2","arch":"amd64","source":{"name":"zlib","version":"1:1.2.11.dfsg-0ubuntu2","upstreamVersion":"1.2.11.dfsg"},"summary":"compression library - development"}]}, containers=-1)
22:33:34.824 [main] DEBUG org.testcontainers.images.LocalImagesCache - repoTags is null, skipping image: Image(created=315532801, id=sha256:401405e7d867e48d878387a72d4defbe6ac6808326e5b9ea2bc7fdac978a582a, parentId=, repoTags=null, repoDigests=[paketobuildpacks/builder@sha256:7df4d4d92fd61e2111b2ec99c1b841e0f940593ffc712cf061b81274e7b08d3a], size=401592200, virtualSize=401592200, sharedSize=-1, labels={io.buildpacks.builder.metadata={"description":"Tiny base image (bionic build image, distroless-like run image) with buildpacks for Java Native Image and Go","buildpacks":[{"id":"paketo-buildpacks/go","version":"0.5.0","homepage":"https://github.com/paketo-buildpacks/go"},{"id":"paketo-buildpacks/dep","version":"0.0.177","homepage":"https://github.com/paketo-buildpacks/dep"},{"id":"paketo-buildpacks/go-build","version":"0.3.0","homepage":"https://github.com/paketo-buildpacks/go-build"},{"id":"paketo-buildpacks/go-dist","version":"0.3.1","homepage":"https://github.com/paketo-buildpacks/go-dist"},{"id":"paketo-buildpacks/image-labels","version":"3.0.0","homepage":"https://github.com/paketo-buildpacks/image-labels"},{"id":"paketo-buildpacks/procfile","version":"4.0.0","homepage":"https://github.com/paketo-buildpacks/procfile"},{"id":"paketo-buildpacks/dep-ensure","version":"0.0.37","homepage":"https://github.com/paketo-buildpacks/dep-ensure"},{"id":"paketo-buildpacks/environment-variables","version":"3.0.0","homepage":"https://github.com/paketo-buildpacks/environment-variables"},{"id":"paketo-buildpacks/go-mod-vendor","version":"0.2.0","homepage":"https://github.com/paketo-buildpacks/go-mod-vendor"},{"id":"paketo-buildpacks/java-native-image","version":"5.3.0","homepage":"https://github.com/paketo-buildpacks/java-native-image"},{"id":"paketo-buildpacks/sbt","version":"5.1.0","homepage":"https://github.com/paketo-buildpacks/sbt"},{"id":"paketo-buildpacks/spring-boot","version":"4.2.0","homepage":"https://github.com/paketo-buildpacks/spring-boot"},{"id":"paketo-buildpacks/gradle","version":"5.0.0","homepage":"https://github.com/paketo-buildpacks/gradle"},{"id":"paketo-buildpacks/graalvm","version":"6.0.0","homepage":"https://github.com/paketo-buildpacks/graalvm"},{"id":"paketo-buildpacks/image-labels","version":"3.0.0","homepage":"https://github.com/paketo-buildpacks/image-labels"},{"id":"paketo-buildpacks/leiningen","version":"3.0.0","homepage":"https://github.com/paketo-buildpacks/leiningen"},{"id":"paketo-buildpacks/maven","version":"5.0.0","homepage":"https://github.com/paketo-buildpacks/maven"},{"id":"paketo-buildpacks/native-image","version":"4.0.0","homepage":"https://github.com/paketo-buildpacks/native-image"},{"id":"paketo-buildpacks/procfile","version":"4.1.0","homepage":"https://github.com/paketo-buildpacks/procfile"},{"id":"paketo-buildpacks/environment-variables","version":"3.0.0","homepage":"https://github.com/paketo-buildpacks/environment-variables"},{"id":"paketo-buildpacks/executable-jar","version":"5.0.0","homepage":"https://github.com/paketo-buildpacks/executable-jar"}],"stack":{"runImage":{"image":"index.docker.io/paketobuildpacks/run:tiny-cnb","mirrors":["gcr.io/paketo-buildpacks/run:tiny-cnb"]}},"lifecycle":{"version":"0.11.1","api":{"buildpack":"0.2","platform":"0.3"},"apis":{"buildpack":{"deprecated":[],"supported":["0.2","0.3","0.4","0.5","0.6"]},"platform":{"deprecated":[],"supported":["0.3","0.4","0.5","0.6"]}}},"createdBy":{"name":"Pack CLI","version":"0.18.0+git-e00ee4a.build-2328"}}, io.buildpacks.buildpack.layers={"paketo-buildpacks/dep":{"0.0.177":{"api":"0.4","stacks":[{"id":"io.buildpacks.stacks.bionic"},{"id":"org.cloudfoundry.stacks.cflinuxfs3"},{"id":"io.paketo.stacks.tiny"}],"layerDiffID":"sha256:04162e33557854d0cb30094f61482d9c4e2abec35d095f2e42fc19f73f1c112a","homepage":"https://github.com/paketo-buildpacks/dep"}},"paketo-buildpacks/dep-ensure":{"0.0.37":{"api":"0.4","stacks":[{"id":"io.buildpacks.stacks.bionic"},{"id":"io.paketo.stacks.tiny"},{"id":"org.cloudfoundry.stacks.cflinuxfs3"}],"layerDiffID":"sha256:6c4f953e9cf5a2794b01a9668cda69cfa22f907341ad0554f25c250cc2805f8c","homepage":"https://github.com/paketo-buildpacks/dep-ensure"}},"paketo-buildpacks/environment-variables":{"3.0.0":{"api":"0.5","stacks":[{"id":"io.buildpacks.stacks.bionic"},{"id":"io.paketo.stacks.tiny"},{"id":"org.cloudfoundry.stacks.cflinuxfs3"}],"layerDiffID":"sha256:0c35dacb45f0de7eed41cb56349d4c903e3801068e5390c2b4f43f59c2f39980","homepage":"https://github.com/paketo-buildpacks/environment-variables"}},"paketo-buildpacks/executable-jar":{"5.0.0":{"api":"0.5","stacks":[{"id":"io.buildpacks.stacks.bionic"},{"id":"io.paketo.stacks.tiny"},{"id":"org.cloudfoundry.stacks.cflinuxfs3"}],"layerDiffID":"sha256:541ad1b19f0499737bfeb99b5481bf09ac54dc34daf3d3eb4b9c9f74c70ba6db","homepage":"https://github.com/paketo-buildpacks/executable-jar"}},"paketo-buildpacks/go":{"0.5.0":{"api":"0.2","order":[{"group":[{"id":"paketo-buildpacks/go-dist","version":"0.3.1"},{"id":"paketo-buildpacks/go-mod-vendor","version":"0.2.0"},{"id":"paketo-buildpacks/go-build","version":"0.3.0"},{"id":"paketo-buildpacks/procfile","version":"4.0.0","optional":true},{"id":"paketo-buildpacks/environment-variables","version":"3.0.0","optional":true},{"id":"paketo-buildpacks/image-labels","version":"3.0.0","optional":true}]},{"group":[{"id":"paketo-buildpacks/go-dist","version":"0.3.1"},{"id":"paketo-buildpacks/dep","version":"0.0.177"},{"id":"paketo-buildpacks/dep-ensure","version":"0.0.37"},{"id":"paketo-buildpacks/go-build","version":"0.3.0"},{"id":"paketo-buildpacks/procfile","version":"4.0.0","optional":true},{"id":"paketo-buildpacks/environment-variables","version":"3.0.0","optional":true},{"id":"paketo-buildpacks/image-labels","version":"3.0.0","optional":true}]},{"group":[{"id":"paketo-buildpacks/go-dist","version":"0.3.1"},{"id":"paketo-buildpacks/go-build","version":"0.3.0"},{"id":"paketo-buildpacks/procfile","version":"4.0.0","optional":true},{"id":"paketo-buildpacks/environment-variables","version":"3.0.0","optional":true},{"id":"paketo-buildpacks/image-labels","version":"3.0.0","optional":true}]}],"layerDiffID":"sha256:59dd3db0a104949d7013520d19601ebc96556885f7e13d1c24c4cd1eecde00ea","homepage":"https://github.com/paketo-buildpacks/go"}},"paketo-buildpacks/go-build":{"0.3.0":{"api":"0.4","stacks":[{"id":"io.buildpacks.stacks.bionic"},{"id":"io.paketo.stacks.tiny"},{"id":"org.cloudfoundry.stacks.cflinuxfs3"}],"layerDiffID":"sha256:bec66e483d2fc2e2cfb7a3195769a8e73156aa7d5902548fdc92821b2e867d08","homepage":"https://github.com/paketo-buildpacks/go-build"}},"paketo-buildpacks/go-dist":{"0.3.1":{"api":"0.4","stacks":[{"id":"io.buildpacks.stacks.bionic"},{"id":"io.paketo.stacks.tiny"},{"id":"org.cloudfoundry.stacks.cflinuxfs3"}],"layerDiffID":"sha256:be3ae4372d3b8a83609ed863c69981d05a03dfe292dc6936a66bbe90a8362cb2","homepage":"https://github.com/paketo-buildpacks/go-dist"}},"paketo-buildpacks/go-mod-vendor":{"0.2.0":{"api":"0.4","stacks":[{"id":"org.cloudfoundry.stacks.cflinuxfs3"},{"id":"io.buildpacks.stacks.bionic"},{"id":"io.paketo.stacks.tiny"}],"layerDiffID":"sha256:2a33c621384875010d59f9c03f9dfb355ac438d432fe3891225d6db49df23501","homepage":"https://github.com/paketo-buildpacks/go-mod-vendor"}},"paketo-buildpacks/graalvm":{"6.0.0":{"api":"0.5","stacks":[{"id":"io.buildpacks.stacks.bionic"},{"id":"io.paketo.stacks.tiny"},{"id":"org.cloudfoundry.stacks.cflinuxfs3"}],"layerDiffID":"sha256:e398ad01b78a5ead89f098a9b48ffa5b6ad463d123eeec01bdad66aca53293f0","homepage":"https://github.com/paketo-buildpacks/graalvm"}},"paketo-buildpacks/gradle":{"5.0.0":{"api":"0.5","stacks":[{"id":"io.buildpacks.stacks.bionic"},{"id":"io.paketo.stacks.tiny"},{"id":"org.cloudfoundry.stacks.cflinuxfs3"}],"layerDiffID":"sha256:24f7d234568970b828423f69842be080cac99ce1ffd9e9b86a4856e3701421e9","homepage":"https://github.com/paketo-buildpacks/gradle"}},"paketo-buildpacks/image-labels":{"3.0.0":{"api":"0.5","stacks":[{"id":"io.buildpacks.stacks.bionic"},{"id":"io.paketo.stacks.tiny"},{"id":"org.cloudfoundry.stacks.cflinuxfs3"}],"layerDiffID":"sha256:0ac069b116aa8ab9b921176267a26eec399915e97bf7832c6c70334fd145a5c1","homepage":"https://github.com/paketo-buildpacks/image-labels"}},"paketo-buildpacks/java-native-image":{"5.3.0":{"api":"0.5","order":[{"group":[{"id":"paketo-buildpacks/graalvm","version":"6.0.0"},{"id":"paketo-buildpacks/gradle","version":"5.0.0","optional":true},{"id":"paketo-buildpacks/leiningen","version":"3.0.0","optional":true},{"id":"paketo-buildpacks/maven","version":"5.0.0","optional":true},{"id":"paketo-buildpacks/sbt","version":"5.1.0","optional":true},{"id":"paketo-buildpacks/executable-jar","version":"5.0.0","optional":true},{"id":"paketo-buildpacks/spring-boot","version":"4.2.0","optional":true},{"id":"paketo-buildpacks/native-image","version":"4.0.0"},{"id":"paketo-buildpacks/procfile","version":"4.1.0","optional":true},{"id":"paketo-buildpacks/environment-variables","version":"3.0.0","optional":true},{"id":"paketo-buildpacks/image-labels","version":"3.0.0","optional":true}]}],"layerDiffID":"sha256:02227ce2a6acf5055fbd1fe5c7ac42088ea0d834e8d94bb812746f3c70345478","homepage":"https://github.com/paketo-buildpacks/java-native-image"}},"paketo-buildpacks/leiningen":{"3.0.0":{"api":"0.5","stacks":[{"id":"io.buildpacks.stacks.bionic"},{"id":"io.paketo.stacks.tiny"},{"id":"org.cloudfoundry.stacks.cflinuxfs3"}],"layerDiffID":"sha256:68d4c340c64208d7e6b32f0a9bca964166e27996c3370e85d28eb0b3cb3608c1","homepage":"https://github.com/paketo-buildpacks/leiningen"}},"paketo-buildpacks/maven":{"5.0.0":{"api":"0.5","stacks":[{"id":"io.buildpacks.stacks.bionic"},{"id":"io.paketo.stacks.tiny"},{"id":"org.cloudfoundry.stacks.cflinuxfs3"}],"layerDiffID":"sha256:b401529f9c8d0db6e112f43d9273bacfaa9cc29e3591ab712fdbf166612d0d6b","homepage":"https://github.com/paketo-buildpacks/maven"}},"paketo-buildpacks/native-image":{"4.0.0":{"api":"0.5","stacks":[{"id":"io.buildpacks.stacks.bionic"},{"id":"io.paketo.stacks.tiny"},{"id":"org.cloudfoundry.stacks.cflinuxfs3"}],"layerDiffID":"sha256:99b74408e1aa164de16eeb9fee31f4969c800f8e92792ff0aa246071e4e20b6b","homepage":"https://github.com/paketo-buildpacks/native-image"}},"paketo-buildpacks/procfile":{"4.0.0":{"api":"0.5","stacks":[{"id":"io.buildpacks.stacks.bionic"},{"id":"io.paketo.stacks.tiny"},{"id":"org.cloudfoundry.stacks.cflinuxfs3"}],"layerDiffID":"sha256:668776297c61d46183888120480fbac78adc6dfa43509368fc5be6ce38159a30","homepage":"https://github.com/paketo-buildpacks/procfile"},"4.1.0":{"api":"0.5","stacks":[{"id":"io.buildpacks.stacks.bionic"},{"id":"io.paketo.stacks.tiny"},{"id":"org.cloudfoundry.stacks.cflinuxfs3"},{"id":"io.buildpacks.stacks.windows.servercore"}],"layerDiffID":"sha256:97fad095e4ac3f061daccb1a22c494ec91ec7e59c8cb154133235748f1fb39f9","homepage":"https://github.com/paketo-buildpacks/procfile"}},"paketo-buildpacks/sbt":{"5.1.0":{"api":"0.5","stacks":[{"id":"io.buildpacks.stacks.bionic"},{"id":"io.paketo.stacks.tiny"},{"id":"org.cloudfoundry.stacks.cflinuxfs3"}],"layerDiffID":"sha256:fca75e653e7b73177339990cce30909eeec3d79e8015017b493e92a232a4c083","homepage":"https://github.com/paketo-buildpacks/sbt"}},"paketo-buildpacks/spring-boot":{"4.2.0":{"api":"0.5","stacks":[{"id":"io.buildpacks.stacks.bionic"},{"id":"io.paketo.stacks.tiny"},{"id":"org.cloudfoundry.stacks.cflinuxfs3"}],"layerDiffID":"sha256:c3cf9cde475da892e45f5ff8d7de28846df0afccd7a2b1c60ba22ff20a309f10","homepage":"https://github.com/paketo-buildpacks/spring-boot"}}}, io.buildpacks.buildpack.order=[{"group":[{"id":"paketo-buildpacks/java-native-image","version":"5.3.0"}]},{"group":[{"id":"paketo-buildpacks/go","version":"0.5.0"}]}], io.buildpacks.stack.description=ubuntu:bionic + openssl + CA certs + compilers + shell utilities, io.buildpacks.stack.distro.name=Ubuntu, io.buildpacks.stack.distro.version=18.04, io.buildpacks.stack.homepage=https://github.com/paketo-buildpacks/stacks, io.buildpacks.stack.id=io.paketo.stacks.tiny, io.buildpacks.stack.maintainer=Paketo Buildpacks, io.buildpacks.stack.metadata={"base-image": "docker.io/paketobuildpacks/build@sha256:fc5ee2af0aa6fe87fb7f8d3d1904439f56365cc3a3343f3268d21db193efb495"}, io.buildpacks.stack.mixins=["base-files","ca-certificates","libc6","libssl1.1","netbase","openssl","tzdata","build:adduser","build:apt","build:base-passwd","build:bash","build:binutils","build:binutils-common","build:binutils-x86-64-linux-gnu","build:bsdutils","build:build-essential","build:bzip2","build:coreutils","build:cpp","build:cpp-7","build:curl","build:dash","build:debconf","build:debianutils","build:diffutils","build:dpkg","build:dpkg-dev","build:e2fsprogs","build:fdisk","build:findutils","build:g++","build:g++-7","build:gcc","build:gcc-7","build:gcc-7-base","build:gcc-8-base","build:git","build:git-man","build:gpgv","build:grep","build:gzip","build:hostname","build:init-system-helpers","build:jq","build:libacl1","build:libapt-pkg5.0","build:libasan4","build:libasn1-8-heimdal","build:libatomic1","build:libattr1","build:libaudit-common","build:libaudit1","build:libbinutils","build:libblkid1","build:libbz2-1.0","build:libc-bin","build:libc-dev-bin","build:libc6-dev","build:libcap-ng0","build:libcc1-0","build:libcilkrts5","build:libcom-err2","build:libcurl3-gnutls","build:libcurl4","build:libdb5.3","build:libdebconfclient0","build:libdpkg-perl","build:liberror-perl","build:libexpat1","build:libext2fs2","build:libfdisk1","build:libffi6","build:libgcc-7-dev","build:libgcc1","build:libgcrypt20","build:libgdbm-compat4","build:libgdbm5","build:libgmp-dev","build:libgmp10","build:libgmpxx4ldbl","build:libgnutls30","build:libgomp1","build:libgpg-error0","build:libgssapi-krb5-2","build:libgssapi3-heimdal","build:libhcrypto4-heimdal","build:libheimbase1-heimdal","build:libheimntlm0-heimdal","build:libhogweed4","build:libhx509-5-heimdal","build:libidn2-0","build:libisl19","build:libitm1","build:libjq1","build:libk5crypto3","build:libkeyutils1","build:libkrb5-26-heimdal","build:libkrb5-3","build:libkrb5support0","build:libldap-2.4-2","build:libldap-common","build:liblsan0","build:liblz4-1","build:liblzma5","build:libmount1","build:libmpc3","build:libmpfr6","build:libmpx2","build:libncurses5","build:libncursesw5","build:libnettle6","build:libnghttp2-14","build:libonig4","build:libp11-kit0","build:libpam-modules","build:libpam-modules-bin","build:libpam-runtime","build:libpam0g","build:libpcre3","build:libperl5.26","build:libprocps6","build:libpsl5","build:libquadmath0","build:libroken18-heimdal","build:librtmp1","build:libsasl2-2","build:libsasl2-modules-db","build:libseccomp2","build:libselinux1","build:libsemanage-common","build:libsemanage1","build:libsepol1","build:libsmartcols1","build:libsqlite3-0","build:libss2","build:libstdc++-7-dev","build:libstdc++6","build:libsystemd0","build:libtasn1-6","build:libtinfo5","build:libtsan0","build:libubsan0","build:libudev1","build:libunistring2","build:libuuid1","build:libwind0-heimdal","build:libyaml-0-2","build:libzstd1","build:linux-libc-dev","build:locales","build:login","build:lsb-base","build:make","build:mawk","build:mount","build:ncurses-base","build:ncurses-bin","build:passwd","build:patch","build:perl","build:perl-base","build:perl-modules-5.26","build:procps","build:sed","build:sensible-utils","build:sysvinit-utils","build:tar","build:ubuntu-keyring","build:util-linux","build:xz-utils","build:zlib1g","build:zlib1g-dev"], io.buildpacks.stack.released=2021-03-31T11:24:43Z, io.paketo.stack.packages=[{"name":"adduser","version":"3.116ubuntu1","arch":"all","source":{"name":"adduser","version":"3.116ubuntu1","upstreamVersion":"3.116ubuntu1"},"summary":"add and remove users and groups"},{"name":"apt","version":"1.6.12ubuntu0.2","arch":"amd64","source":{"name":"apt","version":"1.6.12ubuntu0.2","upstreamVersion":"1.6.12ubuntu0.2"},"summary":"commandline package manager"},{"name":"base-files","version":"10.1ubuntu2.10","arch":"amd64","source":{"name":"base-files","version":"10.1ubuntu2.10","upstreamVersion":"10.1ubuntu2.10"},"summary":"Debian base system miscellaneous files"},{"name":"base-passwd","version":"3.5.44","arch":"amd64","source":{"name":"base-passwd","version":"3.5.44","upstreamVersion":"3.5.44"},"summary":"Debian base system master password and group files"},{"name":"bash","version":"4.4.18-2ubuntu1.2","arch":"amd64","source":{"name":"bash","version":"4.4.18-2ubuntu1.2","upstreamVersion":"4.4.18"},"summary":"GNU Bourne Again SHell"},{"name":"binutils","version":"2.30-21ubuntu1~18.04.5","arch":"amd64","source":{"name":"binutils","version":"2.30-21ubuntu1~18.04.5","upstreamVersion":"2.30"},"summary":"GNU assembler, linker and binary utilities"},{"name":"binutils-common:amd64","version":"2.30-21ubuntu1~18.04.5","arch":"amd64","source":{"name":"binutils","version":"2.30-21ubuntu1~18.04.5","upstreamVersion":"2.30"},"summary":"Common files for the GNU assembler, linker and binary utilities"},{"name":"binutils-x86-64-linux-gnu","version":"2.30-21ubuntu1~18.04.5","arch":"amd64","source":{"name":"binutils","version":"2.30-21ubuntu1~18.04.5","upstreamVersion":"2.30"},"summary":"GNU binary utilities, for x86-64-linux-gnu target"},{"name":"bsdutils","version":"1:2.31.1-0.4ubuntu3.7","arch":"amd64","source":{"name":"util-linux","version":"2.31.1-0.4ubuntu3.7","upstreamVersion":"2.31.1"},"summary":"basic utilities from 4.4BSD-Lite"},{"name":"build-essential","version":"12.4ubuntu1","arch":"amd64","source":{"name":"build-essential","version":"12.4ubuntu1","upstreamVersion":"12.4ubuntu1"},"summary":"Informational list of build-essential packages"},{"name":"bzip2","version":"1.0.6-8.1ubuntu0.2","arch":"amd64","source":{"name":"bzip2","version":"1.0.6-8.1ubuntu0.2","upstreamVersion":"1.0.6"},"summary":"high-quality block-sorting file compressor - utilities"},{"name":"ca-certificates","version":"20210119~18.04.1","arch":"all","source":{"name":"ca-certificates","version":"20210119~18.04.1","upstreamVersion":"20210119~18.04.1"},"summary":"Common CA certificates"},{"name":"coreutils","version":"8.28-1ubuntu1","arch":"amd64","source":{"name":"coreutils","version":"8.28-1ubuntu1","upstreamVersion":"8.28"},"summary":"GNU core utilities"},{"name":"cpp","version":"4:7.4.0-1ubuntu2.3","arch":"amd64","source":{"name":"gcc-defaults","version":"1.176ubuntu2.3","upstreamVersion":"1.176ubuntu2.3"},"summary":"GNU C preprocessor (cpp)"},{"name":"cpp-7","version":"7.5.0-3ubuntu1~18.04","arch":"amd64","source":{"name":"gcc-7","version":"7.5.0-3ubuntu1~18.04","upstreamVersion":"7.5.0"},"summary":"GNU C preprocessor"},{"name":"curl","version":"7.58.0-2ubuntu3.13","arch":"amd64","source":{"name":"curl","version":"7.58.0-2ubuntu3.13","upstreamVersion":"7.58.0"},"summary":"command line tool for transferring data with URL syntax"},{"name":"dash","version":"0.5.8-2.10","arch":"amd64","source":{"name":"dash","version":"0.5.8-2.10","upstreamVersion":"0.5.8"},"summary":"POSIX-compliant shell"},{"name":"debconf","version":"1.5.66ubuntu1","arch":"all","source":{"name":"debconf","version":"1.5.66ubuntu1","upstreamVersion":"1.5.66ubuntu1"},"summary":"Debian configuration management system"},{"name":"debianutils","version":"4.8.4","arch":"amd64","source":{"name":"debianutils","version":"4.8.4","upstreamVersion":"4.8.4"},"summary":"Miscellaneous utilities specific to Debian"},{"name":"diffutils","version":"1:3.6-1","arch":"amd64","source":{"name":"diffutils","version":"1:3.6-1","upstreamVersion":"3.6"},"summary":"File comparison utilities"},{"name":"dpkg","version":"1.19.0.5ubuntu2.3","arch":"amd64","source":{"name":"dpkg","version":"1.19.0.5ubuntu2.3","upstreamVersion":"1.19.0.5ubuntu2.3"},"summary":"Debian package management system"},{"name":"dpkg-dev","version":"1.19.0.5ubuntu2.3","arch":"all","source":{"name":"dpkg","version":"1.19.0.5ubuntu2.3","upstreamVersion":"1.19.0.5ubuntu2.3"},"summary":"Debian package development tools"},{"name":"e2fsprogs","version":"1.44.1-1ubuntu1.3","arch":"amd64","source":{"name":"e2fsprogs","version":"1.44.1-1ubuntu1.3","upstreamVersion":"1.44.1"},"summary":"ext2/ext3/ext4 file system utilities"},{"name":"fdisk","version":"2.31.1-0.4ubuntu3.7","arch":"amd64","source":{"name":"util-linux","version":"2.31.1-0.4ubuntu3.7","upstreamVersion":"2.31.1"},"summary":"collection of partitioning utilities"},{"name":"findutils","version":"4.6.0+git+20170828-2","arch":"amd64","source":{"name":"findutils","version":"4.6.0+git+20170828-2","upstreamVersion":"4.6.0+git+20170828"},"summary":"utilities for finding files--find, xargs"},{"name":"g++","version":"4:7.4.0-1ubuntu2.3","arch":"amd64","source":{"name":"gcc-defaults","version":"1.176ubuntu2.3","upstreamVersion":"1.176ubuntu2.3"},"summary":"GNU C++ compiler"},{"name":"g++-7","version":"7.5.0-3ubuntu1~18.04","arch":"amd64","source":{"name":"gcc-7","version":"7.5.0-3ubuntu1~18.04","upstreamVersion":"7.5.0"},"summary":"GNU C++ compiler"},{"name":"gcc","version":"4:7.4.0-1ubuntu2.3","arch":"amd64","source":{"name":"gcc-defaults","version":"1.176ubuntu2.3","upstreamVersion":"1.176ubuntu2.3"},"summary":"GNU C compiler"},{"name":"gcc-7","version":"7.5.0-3ubuntu1~18.04","arch":"amd64","source":{"name":"gcc-7","version":"7.5.0-3ubuntu1~18.04","upstreamVersion":"7.5.0"},"summary":"GNU C compiler"},{"name":"gcc-7-base:amd64","version":"7.5.0-3ubuntu1~18.04","arch":"amd64","source":{"name":"gcc-7","version":"7.5.0-3ubuntu1~18.04","upstreamVersion":"7.5.0"},"summary":"GCC, the GNU Compiler Collection (base package)"},{"name":"gcc-8-base:amd64","version":"8.4.0-1ubuntu1~18.04","arch":"amd64","source":{"name":"gcc-8","version":"8.4.0-1ubuntu1~18.04","upstreamVersion":"8.4.0"},"summary":"GCC, the GNU Compiler Collection (base package)"},{"name":"git","version":"1:2.17.1-1ubuntu0.8","arch":"amd64","source":{"name":"git","version":"1:2.17.1-1ubuntu0.8","upstreamVersion":"2.17.1"},"summary":"fast, scalable, distributed revision control system"},{"name":"git-man","version":"1:2.17.1-1ubuntu0.8","arch":"all","source":{"name":"git","version":"1:2.17.1-1ubuntu0.8","upstreamVersion":"2.17.1"},"summary":"fast, scalable, distributed revision control system (manual pages)"},{"name":"gpgv","version":"2.2.4-1ubuntu1.4","arch":"amd64","source":{"name":"gnupg2","version":"2.2.4-1ubuntu1.4","upstreamVersion":"2.2.4"},"summary":"GNU privacy guard - signature verification tool"},{"name":"grep","version":"3.1-2build1","arch":"amd64","source":{"name":"grep","version":"3.1-2build1","upstreamVersion":"3.1"},"summary":"GNU grep, egrep and fgrep"},{"name":"gzip","version":"1.6-5ubuntu1","arch":"amd64","source":{"name":"gzip","version":"1.6-5ubuntu1","upstreamVersion":"1.6"},"summary":"GNU compression utilities"},{"name":"hostname","version":"3.20","arch":"amd64","source":{"name":"hostname","version":"3.20","upstreamVersion":"3.20"},"summary":"utility to set/show the host name or domain name"},{"name":"init-system-helpers","version":"1.51","arch":"all","source":{"name":"init-system-helpers","version":"1.51","upstreamVersion":"1.51"},"summary":"helper tools for all init systems"},{"name":"jq","version":"1.5+dfsg-2","arch":"amd64","source":{"name":"jq","version":"1.5+dfsg-2","upstreamVersion":"1.5+dfsg"},"summary":"lightweight and flexible command-line JSON processor"},{"name":"libacl1:amd64","version":"2.2.52-3build1","arch":"amd64","source":{"name":"acl","version":"2.2.52-3build1","upstreamVersion":"2.2.52"},"summary":"Access control list shared library"},{"name":"libapt-pkg5.0:amd64","version":"1.6.12ubuntu0.2","arch":"amd64","source":{"name":"apt","version":"1.6.12ubuntu0.2","upstreamVersion":"1.6.12ubuntu0.2"},"summary":"package management runtime library"},{"name":"libasan4:amd64","version":"7.5.0-3ubuntu1~18.04","arch":"amd64","source":{"name":"gcc-7","version":"7.5.0-3ubuntu1~18.04","upstreamVersion":"7.5.0"},"summary":"AddressSanitizer -- a fast memory error detector"},{"name":"libasn1-8-heimdal:amd64","version":"7.5.0+dfsg-1","arch":"amd64","source":{"name":"heimdal","version":"7.5.0+dfsg-1","upstreamVersion":"7.5.0+dfsg"},"summary":"Heimdal Kerberos - ASN.1 library"},{"name":"libatomic1:amd64","version":"8.4.0-1ubuntu1~18.04","arch":"amd64","source":{"name":"gcc-8","version":"8.4.0-1ubuntu1~18.04","upstreamVersion":"8.4.0"},"summary":"support library providing __atomic built-in functions"},{"name":"libattr1:amd64","version":"1:2.4.47-2build1","arch":"amd64","source":{"name":"attr","version":"1:2.4.47-2build1","upstreamVersion":"2.4.47"},"summary":"Extended attribute shared library"},{"name":"libaudit-common","version":"1:2.8.2-1ubuntu1.1","arch":"all","source":{"name":"audit","version":"1:2.8.2-1ubuntu1.1","upstreamVersion":"2.8.2"},"summary":"Dynamic library for security auditing - common files"},{"name":"libaudit1:amd64","version":"1:2.8.2-1ubuntu1.1","arch":"amd64","source":{"name":"audit","version":"1:2.8.2-1ubuntu1.1","upstreamVersion":"2.8.2"},"summary":"Dynamic library for security auditing"},{"name":"libbinutils:amd64","version":"2.30-21ubuntu1~18.04.5","arch":"amd64","source":{"name":"binutils","version":"2.30-21ubuntu1~18.04.5","upstreamVersion":"2.30"},"summary":"GNU binary utilities (private shared library)"},{"name":"libblkid1:amd64","version":"2.31.1-0.4ubuntu3.7","arch":"amd64","source":{"name":"util-linux","version":"2.31.1-0.4ubuntu3.7","upstreamVersion":"2.31.1"},"summary":"block device ID library"},{"name":"libbz2-1.0:amd64","version":"1.0.6-8.1ubuntu0.2","arch":"amd64","source":{"name":"bzip2","version":"1.0.6-8.1ubuntu0.2","upstreamVersion":"1.0.6"},"summary":"high-quality block-sorting file compressor library - runtime"},{"name":"libc-bin","version":"2.27-3ubuntu1.4","arch":"amd64","source":{"name":"glibc","version":"2.27-3ubuntu1.4","upstreamVersion":"2.27"},"summary":"GNU C Library: Binaries"},{"name":"libc-dev-bin","version":"2.27-3ubuntu1.4","arch":"amd64","source":{"name":"glibc","version":"2.27-3ubuntu1.4","upstreamVersion":"2.27"},"summary":"GNU C Library: Development binaries"},{"name":"libc6:amd64","version":"2.27-3ubuntu1.4","arch":"amd64","source":{"name":"glibc","version":"2.27-3ubuntu1.4","upstreamVersion":"2.27"},"summary":"GNU C Library: Shared libraries"},{"name":"libc6-dev:amd64","version":"2.27-3ubuntu1.4","arch":"amd64","source":{"name":"glibc","version":"2.27-3ubuntu1.4","upstreamVersion":"2.27"},"summary":"GNU C Library: Development Libraries and Header Files"},{"name":"libcap-ng0:amd64","version":"0.7.7-3.1","arch":"amd64","source":{"name":"libcap-ng","version":"0.7.7-3.1","upstreamVersion":"0.7.7"},"summary":"An alternate POSIX capabilities library"},{"name":"libcc1-0:amd64","version":"8.4.0-1ubuntu1~18.04","arch":"amd64","source":{"name":"gcc-8","version":"8.4.0-1ubuntu1~18.04","upstreamVersion":"8.4.0"},"summary":"GCC cc1 plugin for GDB"},{"name":"libcilkrts5:amd64","version":"7.5.0-3ubuntu1~18.04","arch":"amd64","source":{"name":"gcc-7","version":"7.5.0-3ubuntu1~18.04","upstreamVersion":"7.5.0"},"summary":"Intel Cilk Plus language extensions (runtime)"},{"name":"libcom-err2:amd64","version":"1.44.1-1ubuntu1.3","arch":"amd64","source":{"name":"e2fsprogs","version":"1.44.1-1ubuntu1.3","upstreamVersion":"1.44.1"},"summary":"common error description library"},{"name":"libcurl3-gnutls:amd64","version":"7.58.0-2ubuntu3.13","arch":"amd64","source":{"name":"curl","version":"7.58.0-2ubuntu3.13","upstreamVersion":"7.58.0"},"summary":"easy-to-use client-side URL transfer library (GnuTLS flavour)"},{"name":"libcurl4:amd64","version":"7.58.0-2ubuntu3.13","arch":"amd64","source":{"name":"curl","version":"7.58.0-2ubuntu3.13","upstreamVersion":"7.58.0"},"summary":"easy-to-use client-side URL transfer library (OpenSSL flavour)"},{"name":"libdb5.3:amd64","version":"5.3.28-13.1ubuntu1.1","arch":"amd64","source":{"name":"db5.3","version":"5.3.28-13.1ubuntu1.1","upstreamVersion":"5.3.28"},"summary":"Berkeley v5.3 Database Libraries [runtime]"},{"name":"libdebconfclient0:amd64","version":"0.213ubuntu1","arch":"amd64","source":{"name":"cdebconf","version":"0.213ubuntu1","upstreamVersion":"0.213ubuntu1"},"summary":"Debian Configuration Management System (C-implementation library)"},{"name":"libdpkg-perl","version":"1.19.0.5ubuntu2.3","arch":"all","source":{"name":"dpkg","version":"1.19.0.5ubuntu2.3","upstreamVersion":"1.19.0.5ubuntu2.3"},"summary":"Dpkg perl modules"},{"name":"liberror-perl","version":"0.17025-1","arch":"all","source":{"name":"liberror-perl","version":"0.17025-1","upstreamVersion":"0.17025"},"summary":"Perl module for error/exception handling in an OO-ish way"},{"name":"libexpat1:amd64","version":"2.2.5-3ubuntu0.2","arch":"amd64","source":{"name":"expat","version":"2.2.5-3ubuntu0.2","upstreamVersion":"2.2.5"},"summary":"XML parsing C library - runtime library"},{"name":"libext2fs2:amd64","version":"1.44.1-1ubuntu1.3","arch":"amd64","source":{"name":"e2fsprogs","version":"1.44.1-1ubuntu1.3","upstreamVersion":"1.44.1"},"summary":"ext2/ext3/ext4 file system libraries"},{"name":"libfdisk1:amd64","version":"2.31.1-0.4ubuntu3.7","arch":"amd64","source":{"name":"util-linux","version":"2.31.1-0.4ubuntu3.7","upstreamVersion":"2.31.1"},"summary":"fdisk partitioning library"},{"name":"libffi6:amd64","version":"3.2.1-8","arch":"amd64","source":{"name":"libffi","version":"3.2.1-8","upstreamVersion":"3.2.1"},"summary":"Foreign Function Interface library runtime"},{"name":"libgcc-7-dev:amd64","version":"7.5.0-3ubuntu1~18.04","arch":"amd64","source":{"name":"gcc-7","version":"7.5.0-3ubuntu1~18.04","upstreamVersion":"7.5.0"},"summary":"GCC support library (development files)"},{"name":"libgcc1:amd64","version":"1:8.4.0-1ubuntu1~18.04","arch":"amd64","source":{"name":"gcc-8","version":"8.4.0-1ubuntu1~18.04","upstreamVersion":"8.4.0"},"summary":"GCC support library"},{"name":"libgcrypt20:amd64","version":"1.8.1-4ubuntu1.2","arch":"amd64","source":{"name":"libgcrypt20","version":"1.8.1-4ubuntu1.2","upstreamVersion":"1.8.1"},"summary":"LGPL Crypto library - runtime library"},{"name":"libgdbm-compat4:amd64","version":"1.14.1-6","arch":"amd64","source":{"name":"gdbm","version":"1.14.1-6","upstreamVersion":"1.14.1"},"summary":"GNU dbm database routines (legacy support runtime version)"},{"name":"libgdbm5:amd64","version":"1.14.1-6","arch":"amd64","source":{"name":"gdbm","version":"1.14.1-6","upstreamVersion":"1.14.1"},"summary":"GNU dbm database routines (runtime version)"},{"name":"libgmp-dev:amd64","version":"2:6.1.2+dfsg-2","arch":"amd64","source":{"name":"gmp","version":"2:6.1.2+dfsg-2","upstreamVersion":"6.1.2+dfsg"},"summary":"Multiprecision arithmetic library developers tools"},{"name":"libgmp10:amd64","version":"2:6.1.2+dfsg-2","arch":"amd64","source":{"name":"gmp","version":"2:6.1.2+dfsg-2","upstreamVersion":"6.1.2+dfsg"},"summary":"Multiprecision arithmetic library"},{"name":"libgmpxx4ldbl:amd64","version":"2:6.1.2+dfsg-2","arch":"amd64","source":{"name":"gmp","version":"2:6.1.2+dfsg-2","upstreamVersion":"6.1.2+dfsg"},"summary":"Multiprecision arithmetic library (C++ bindings)"},{"name":"libgnutls30:amd64","version":"3.5.18-1ubuntu1.4","arch":"amd64","source":{"name":"gnutls28","version":"3.5.18-1ubuntu1.4","upstreamVersion":"3.5.18"},"summary":"GNU TLS library - main runtime library"},{"name":"libgomp1:amd64","version":"8.4.0-1ubuntu1~18.04","arch":"amd64","source":{"name":"gcc-8","version":"8.4.0-1ubuntu1~18.04","upstreamVersion":"8.4.0"},"summary":"GCC OpenMP (GOMP) support library"},{"name":"libgpg-error0:amd64","version":"1.27-6","arch":"amd64","source":{"name":"libgpg-error","version":"1.27-6","upstreamVersion":"1.27"},"summary":"library for common error values and messages in GnuPG components"},{"name":"libgssapi-krb5-2:amd64","version":"1.16-2ubuntu0.2","arch":"amd64","source":{"name":"krb5","version":"1.16-2ubuntu0.2","upstreamVersion":"1.16"},"summary":"MIT Kerberos runtime libraries - krb5 GSS-API Mechanism"},{"name":"libgssapi3-heimdal:amd64","version":"7.5.0+dfsg-1","arch":"amd64","source":{"name":"heimdal","version":"7.5.0+dfsg-1","upstreamVersion":"7.5.0+dfsg"},"summary":"Heimdal Kerberos - GSSAPI support library"},{"name":"libhcrypto4-heimdal:amd64","version":"7.5.0+dfsg-1","arch":"amd64","source":{"name":"heimdal","version":"7.5.0+dfsg-1","upstreamVersion":"7.5.0+dfsg"},"summary":"Heimdal Kerberos - crypto library"},{"name":"libheimbase1-heimdal:amd64","version":"7.5.0+dfsg-1","arch":"amd64","source":{"name":"heimdal","version":"7.5.0+dfsg-1","upstreamVersion":"7.5.0+dfsg"},"summary":"Heimdal Kerberos - Base library"},{"name":"libheimntlm0-heimdal:amd64","version":"7.5.0+dfsg-1","arch":"amd64","source":{"name":"heimdal","version":"7.5.0+dfsg-1","upstreamVersion":"7.5.0+dfsg"},"summary":"Heimdal Kerberos - NTLM support library"},{"name":"libhogweed4:amd64","version":"3.4-1","arch":"amd64","source":{"name":"nettle","version":"3.4-1","upstreamVersion":"3.4"},"summary":"low level cryptographic library (public-key cryptos)"},{"name":"libhx509-5-heimdal:amd64","version":"7.5.0+dfsg-1","arch":"amd64","source":{"name":"heimdal","version":"7.5.0+dfsg-1","upstreamVersion":"7.5.0+dfsg"},"summary":"Heimdal Kerberos - X509 support library"},{"name":"libidn2-0:amd64","version":"2.0.4-1.1ubuntu0.2","arch":"amd64","source":{"name":"libidn2","version":"2.0.4-1.1ubuntu0.2","upstreamVersion":"2.0.4"},"summary":"Internationalized domain names (IDNA2008/TR46) library"},{"name":"libisl19:amd64","version":"0.19-1","arch":"amd64","source":{"name":"isl","version":"0.19-1","upstreamVersion":"0.19"},"summary":"manipulating sets and relations of integer points bounded by linear constraints"},{"name":"libitm1:amd64","version":"8.4.0-1ubuntu1~18.04","arch":"amd64","source":{"name":"gcc-8","version":"8.4.0-1ubuntu1~18.04","upstreamVersion":"8.4.0"},"summary":"GNU Transactional Memory Library"},{"name":"libjq1:amd64","version":"1.5+dfsg-2","arch":"amd64","source":{"name":"jq","version":"1.5+dfsg-2","upstreamVersion":"1.5+dfsg"},"summary":"lightweight and flexible command-line JSON processor - shared library"},{"name":"libk5crypto3:amd64","version":"1.16-2ubuntu0.2","arch":"amd64","source":{"name":"krb5","version":"1.16-2ubuntu0.2","upstreamVersion":"1.16"},"summary":"MIT Kerberos runtime libraries - Crypto Library"},{"name":"libkeyutils1:amd64","version":"1.5.9-9.2ubuntu2","arch":"amd64","source":{"name":"keyutils","version":"1.5.9-9.2ubuntu2","upstreamVersion":"1.5.9"},"summary":"Linux Key Management Utilities (library)"},{"name":"libkrb5-26-heimdal:amd64","version":"7.5.0+dfsg-1","arch":"amd64","source":{"name":"heimdal","version":"7.5.0+dfsg-1","upstreamVersion":"7.5.0+dfsg"},"summary":"Heimdal Kerberos - libraries"},{"name":"libkrb5-3:amd64","version":"1.16-2ubuntu0.2","arch":"amd64","source":{"name":"krb5","version":"1.16-2ubuntu0.2","upstreamVersion":"1.16"},"summary":"MIT Kerberos runtime libraries"},{"name":"libkrb5support0:amd64","version":"1.16-2ubuntu0.2","arch":"amd64","source":{"name":"krb5","version":"1.16-2ubuntu0.2","upstreamVersion":"1.16"},"summary":"MIT Kerberos runtime libraries - Support library"},{"name":"libldap-2.4-2:amd64","version":"2.4.45+dfsg-1ubuntu1.10","arch":"amd64","source":{"name":"openldap","version":"2.4.45+dfsg-1ubuntu1.10","upstreamVersion":"2.4.45+dfsg"},"summary":"OpenLDAP libraries"},{"name":"libldap-common","version":"2.4.45+dfsg-1ubuntu1.10","arch":"all","source":{"name":"openldap","version":"2.4.45+dfsg-1ubuntu1.10","upstreamVersion":"2.4.45+dfsg"},"summary":"OpenLDAP common files for libraries"},{"name":"liblsan0:amd64","version":"8.4.0-1ubuntu1~18.04","arch":"amd64","source":{"name":"gcc-8","version":"8.4.0-1ubuntu1~18.04","upstreamVersion":"8.4.0"},"summary":"LeakSanitizer -- a memory leak detector (runtime)"},{"name":"liblz4-1:amd64","version":"0.0~r131-2ubuntu3","arch":"amd64","source":{"name":"lz4","version":"0.0~r131-2ubuntu3","upstreamVersion":"0.0~r131"},"summary":"Fast LZ compression algorithm library - runtime"},{"name":"liblzma5:amd64","version":"5.2.2-1.3","arch":"amd64","source":{"name":"xz-utils","version":"5.2.2-1.3","upstreamVersion":"5.2.2"},"summary":"XZ-format compression library"},{"name":"libmount1:amd64","version":"2.31.1-0.4ubuntu3.7","arch":"amd64","source":{"name":"util-linux","version":"2.31.1-0.4ubuntu3.7","upstreamVersion":"2.31.1"},"summary":"device mounting library"},{"name":"libmpc3:amd64","version":"1.1.0-1","arch":"amd64","source":{"name":"mpclib3","version":"1.1.0-1","upstreamVersion":"1.1.0"},"summary":"multiple precision complex floating-point library"},{"name":"libmpfr6:amd64","version":"4.0.1-1","arch":"amd64","source":{"name":"mpfr4","version":"4.0.1-1","upstreamVersion":"4.0.1"},"summary":"multiple precision floating-point computation"},{"name":"libmpx2:amd64","version":"8.4.0-1ubuntu1~18.04","arch":"amd64","source":{"name":"gcc-8","version":"8.4.0-1ubuntu1~18.04","upstreamVersion":"8.4.0"},"summary":"Intel memory protection extensions (runtime)"},{"name":"libncurses5:amd64","version":"6.1-1ubuntu1.18.04","arch":"amd64","source":{"name":"ncurses","version":"6.1-1ubuntu1.18.04","upstreamVersion":"6.1"},"summary":"shared libraries for terminal handling"},{"name":"libncursesw5:amd64","version":"6.1-1ubuntu1.18.04","arch":"amd64","source":{"name":"ncurses","version":"6.1-1ubuntu1.18.04","upstreamVersion":"6.1"},"summary":"shared libraries for terminal handling (wide character support)"},{"name":"libnettle6:amd64","version":"3.4-1","arch":"amd64","source":{"name":"nettle","version":"3.4-1","upstreamVersion":"3.4"},"summary":"low level cryptographic library (symmetric and one-way cryptos)"},{"name":"libnghttp2-14:amd64","version":"1.30.0-1ubuntu1","arch":"amd64","source":{"name":"nghttp2","version":"1.30.0-1ubuntu1","upstreamVersion":"1.30.0"},"summary":"library implementing HTTP/2 protocol (shared library)"},{"name":"libonig4:amd64","version":"6.7.0-1","arch":"amd64","source":{"name":"libonig","version":"6.7.0-1","upstreamVersion":"6.7.0"},"summary":"regular expressions library"},{"name":"libp11-kit0:amd64","version":"0.23.9-2ubuntu0.1","arch":"amd64","source":{"name":"p11-kit","version":"0.23.9-2ubuntu0.1","upstreamVersion":"0.23.9"},"summary":"library for loading and coordinating access to PKCS#11 modules - runtime"},{"name":"libpam-modules:amd64","version":"1.1.8-3.6ubuntu2.18.04.2","arch":"amd64","source":{"name":"pam","version":"1.1.8-3.6ubuntu2.18.04.2","upstreamVersion":"1.1.8"},"summary":"Pluggable Authentication Modules for PAM"},{"name":"libpam-modules-bin","version":"1.1.8-3.6ubuntu2.18.04.2","arch":"amd64","source":{"name":"pam","version":"1.1.8-3.6ubuntu2.18.04.2","upstreamVersion":"1.1.8"},"summary":"Pluggable Authentication Modules for PAM - helper binaries"},{"name":"libpam-runtime","version":"1.1.8-3.6ubuntu2.18.04.2","arch":"all","source":{"name":"pam","version":"1.1.8-3.6ubuntu2.18.04.2","upstreamVersion":"1.1.8"},"summary":"Runtime support for the PAM library"},{"name":"libpam0g:amd64","version":"1.1.8-3.6ubuntu2.18.04.2","arch":"amd64","source":{"name":"pam","version":"1.1.8-3.6ubuntu2.18.04.2","upstreamVersion":"1.1.8"},"summary":"Pluggable Authentication Modules library"},{"name":"libpcre3:amd64","version":"2:8.39-9","arch":"amd64","source":{"name":"pcre3","version":"2:8.39-9","upstreamVersion":"8.39"},"summary":"Old Perl 5 Compatible Regular Expression Library - runtime files"},{"name":"libperl5.26:amd64","version":"5.26.1-6ubuntu0.5","arch":"amd64","source":{"name":"perl","version":"5.26.1-6ubuntu0.5","upstreamVersion":"5.26.1"},"summary":"shared Perl library"},{"name":"libprocps6:amd64","version":"2:3.3.12-3ubuntu1.2","arch":"amd64","source":{"name":"procps","version":"2:3.3.12-3ubuntu1.2","upstreamVersion":"3.3.12"},"summary":"library for accessing process information from /proc"},{"name":"libpsl5:amd64","version":"0.19.1-5build1","arch":"amd64","source":{"name":"libpsl","version":"0.19.1-5build1","upstreamVersion":"0.19.1"},"summary":"Library for Public Suffix List (shared libraries)"},{"name":"libquadmath0:amd64","version":"8.4.0-1ubuntu1~18.04","arch":"amd64","source":{"name":"gcc-8","version":"8.4.0-1ubuntu1~18.04","upstreamVersion":"8.4.0"},"summary":"GCC Quad-Precision Math Library"},{"name":"libroken18-heimdal:amd64","version":"7.5.0+dfsg-1","arch":"amd64","source":{"name":"heimdal","version":"7.5.0+dfsg-1","upstreamVersion":"7.5.0+dfsg"},"summary":"Heimdal Kerberos - roken support library"},{"name":"librtmp1:amd64","version":"2.4+20151223.gitfa8646d.1-1","arch":"amd64","source":{"name":"rtmpdump","version":"2.4+20151223.gitfa8646d.1-1","upstreamVersion":"2.4+20151223.gitfa8646d.1"},"summary":"toolkit for RTMP streams (shared library)"},{"name":"libsasl2-2:amd64","version":"2.1.27~101-g0780600+dfsg-3ubuntu2.3","arch":"amd64","source":{"name":"cyrus-sasl2","version":"2.1.27~101-g0780600+dfsg-3ubuntu2.3","upstreamVersion":"2.1.27~101-g0780600+dfsg"},"summary":"Cyrus SASL - authentication abstraction library"},{"name":"libsasl2-modules-db:amd64","version":"2.1.27~101-g0780600+dfsg-3ubuntu2.3","arch":"amd64","source":{"name":"cyrus-sasl2","version":"2.1.27~101-g0780600+dfsg-3ubuntu2.3","upstreamVersion":"2.1.27~101-g0780600+dfsg"},"summary":"Cyrus SASL - pluggable authentication modules (DB)"},{"name":"libseccomp2:amd64","version":"2.4.3-1ubuntu3.18.04.3","arch":"amd64","source":{"name":"libseccomp","version":"2.4.3-1ubuntu3.18.04.3","upstreamVersion":"2.4.3"},"summary":"high level interface to Linux seccomp filter"},{"name":"libselinux1:amd64","version":"2.7-2build2","arch":"amd64","source":{"name":"libselinux","version":"2.7-2build2","upstreamVersion":"2.7"},"summary":"SELinux runtime shared libraries"},{"name":"libsemanage-common","version":"2.7-2build2","arch":"all","source":{"name":"libsemanage","version":"2.7-2build2","upstreamVersion":"2.7"},"summary":"Common files for SELinux policy management libraries"},{"name":"libsemanage1:amd64","version":"2.7-2build2","arch":"amd64","source":{"name":"libsemanage","version":"2.7-2build2","upstreamVersion":"2.7"},"summary":"SELinux policy management library"},{"name":"libsepol1:amd64","version":"2.7-1","arch":"amd64","source":{"name":"libsepol","version":"2.7-1","upstreamVersion":"2.7"},"summary":"SELinux library for manipulating binary security policies"},{"name":"libsmartcols1:amd64","version":"2.31.1-0.4ubuntu3.7","arch":"amd64","source":{"name":"util-linux","version":"2.31.1-0.4ubuntu3.7","upstreamVersion":"2.31.1"},"summary":"smart column output alignment library"},{"name":"libsqlite3-0:amd64","version":"3.22.0-1ubuntu0.4","arch":"amd64","source":{"name":"sqlite3","version":"3.22.0-1ubuntu0.4","upstreamVersion":"3.22.0"},"summary":"SQLite 3 shared library"},{"name":"libss2:amd64","version":"1.44.1-1ubuntu1.3","arch":"amd64","source":{"name":"e2fsprogs","version":"1.44.1-1ubuntu1.3","upstreamVersion":"1.44.1"},"summary":"command-line interface parsing library"},{"name":"libssl1.1:amd64","version":"1.1.1-1ubuntu2.1~18.04.9","arch":"amd64","source":{"name":"openssl","version":"1.1.1-1ubuntu2.1~18.04.9","upstreamVersion":"1.1.1"},"summary":"Secure Sockets Layer toolkit - shared libraries"},{"name":"libstdc++-7-dev:amd64","version":"7.5.0-3ubuntu1~18.04","arch":"amd64","source":{"name":"gcc-7","version":"7.5.0-3ubuntu1~18.04","upstreamVersion":"7.5.0"},"summary":"GNU Standard C++ Library v3 (development files)"},{"name":"libstdc++6:amd64","version":"8.4.0-1ubuntu1~18.04","arch":"amd64","source":{"name":"gcc-8","version":"8.4.0-1ubuntu1~18.04","upstreamVersion":"8.4.0"},"summary":"GNU Standard C++ Library v3"},{"name":"libsystemd0:amd64","version":"237-3ubuntu10.45","arch":"amd64","source":{"name":"systemd","version":"237-3ubuntu10.45","upstreamVersion":"237"},"summary":"systemd utility library"},{"name":"libtasn1-6:amd64","version":"4.13-2","arch":"amd64","source":{"name":"libtasn1-6","version":"4.13-2","upstreamVersion":"4.13"},"summary":"Manage ASN.1 structures (runtime)"},{"name":"libtinfo5:amd64","version":"6.1-1ubuntu1.18.04","arch":"amd64","source":{"name":"ncurses","version":"6.1-1ubuntu1.18.04","upstreamVersion":"6.1"},"summary":"shared low-level terminfo library for terminal handling"},{"name":"libtsan0:amd64","version":"8.4.0-1ubuntu1~18.04","arch":"amd64","source":{"name":"gcc-8","version":"8.4.0-1ubuntu1~18.04","upstreamVersion":"8.4.0"},"summary":"ThreadSanitizer -- a Valgrind-based detector of data races (runtime)"},{"name":"libubsan0:amd64","version":"7.5.0-3ubuntu1~18.04","arch":"amd64","source":{"name":"gcc-7","version":"7.5.0-3ubuntu1~18.04","upstreamVersion":"7.5.0"},"summary":"UBSan -- undefined behaviour sanitizer (runtime)"},{"name":"libudev1:amd64","version":"237-3ubuntu10.45","arch":"amd64","source":{"name":"systemd","version":"237-3ubuntu10.45","upstreamVersion":"237"},"summary":"libudev shared library"},{"name":"libunistring2:amd64","version":"0.9.9-0ubuntu2","arch":"amd64","source":{"name":"libunistring","version":"0.9.9-0ubuntu2","upstreamVersion":"0.9.9"},"summary":"Unicode string library for C"},{"name":"libuuid1:amd64","version":"2.31.1-0.4ubuntu3.7","arch":"amd64","source":{"name":"util-linux","version":"2.31.1-0.4ubuntu3.7","upstreamVersion":"2.31.1"},"summary":"Universally Unique ID library"},{"name":"libwind0-heimdal:amd64","version":"7.5.0+dfsg-1","arch":"amd64","source":{"name":"heimdal","version":"7.5.0+dfsg-1","upstreamVersion":"7.5.0+dfsg"},"summary":"Heimdal Kerberos - stringprep implementation"},{"name":"libyaml-0-2:amd64","version":"0.1.7-2ubuntu3","arch":"amd64","source":{"name":"libyaml","version":"0.1.7-2ubuntu3","upstreamVersion":"0.1.7"},"summary":"Fast YAML 1.1 parser and emitter library"},{"name":"libzstd1:amd64","version":"1.3.3+dfsg-2ubuntu1.2","arch":"amd64","source":{"name":"libzstd","version":"1.3.3+dfsg-2ubuntu1.2","upstreamVersion":"1.3.3+dfsg"},"summary":"fast lossless compression algorithm"},{"name":"linux-libc-dev:amd64","version":"4.15.0-140.144","arch":"amd64","source":{"name":"linux","version":"4.15.0-140.144","upstreamVersion":"4.15.0"},"summary":"Linux Kernel Headers for development"},{"name":"locales","version":"2.27-3ubuntu1.4","arch":"all","source":{"name":"glibc","version":"2.27-3ubuntu1.4","upstreamVersion":"2.27"},"summary":"GNU C Library: National Language (locale) data [support]"},{"name":"login","version":"1:4.5-1ubuntu2","arch":"amd64","source":{"name":"shadow","version":"1:4.5-1ubuntu2","upstreamVersion":"4.5"},"summary":"system login tools"},{"name":"lsb-base","version":"9.20170808ubuntu1","arch":"all","source":{"name":"lsb","version":"9.20170808ubuntu1","upstreamVersion":"9.20170808ubuntu1"},"summary":"Linux Standard Base init script functionality"},{"name":"make","version":"4.1-9.1ubuntu1","arch":"amd64","source":{"name":"make-dfsg","version":"4.1-9.1ubuntu1","upstreamVersion":"4.1"},"summary":"utility for directing compilation"},{"name":"mawk","version":"1.3.3-17ubuntu3","arch":"amd64","source":{"name":"mawk","version":"1.3.3-17ubuntu3","upstreamVersion":"1.3.3"},"summary":"a pattern scanning and text processing language"},{"name":"mount","version":"2.31.1-0.4ubuntu3.7","arch":"amd64","source":{"name":"util-linux","version":"2.31.1-0.4ubuntu3.7","upstreamVersion":"2.31.1"},"summary":"tools for mounting and manipulating filesystems"},{"name":"ncurses-base","version":"6.1-1ubuntu1.18.04","arch":"all","source":{"name":"ncurses","version":"6.1-1ubuntu1.18.04","upstreamVersion":"6.1"},"summary":"basic terminal type definitions"},{"name":"ncurses-bin","version":"6.1-1ubuntu1.18.04","arch":"amd64","source":{"name":"ncurses","version":"6.1-1ubuntu1.18.04","upstreamVersion":"6.1"},"summary":"terminal-related programs and man pages"},{"name":"netbase","version":"5.4","arch":"all","source":{"name":"netbase","version":"5.4","upstreamVersion":"5.4"},"summary":"Basic TCP/IP networking system"},{"name":"openssl","version":"1.1.1-1ubuntu2.1~18.04.9","arch":"amd64","source":{"name":"openssl","version":"1.1.1-1ubuntu2.1~18.04.9","upstreamVersion":"1.1.1"},"summary":"Secure Sockets Layer toolkit - cryptographic utility"},{"name":"passwd","version":"1:4.5-1ubuntu2","arch":"amd64","source":{"name":"shadow","version":"1:4.5-1ubuntu2","upstreamVersion":"4.5"},"summary":"change and administer password and group data"},{"name":"patch","version":"2.7.6-2ubuntu1.1","arch":"amd64","source":{"name":"patch","version":"2.7.6-2ubuntu1.1","upstreamVersion":"2.7.6"},"summary":"Apply a diff file to an original"},{"name":"perl","version":"5.26.1-6ubuntu0.5","arch":"amd64","source":{"name":"perl","version":"5.26.1-6ubuntu0.5","upstreamVersion":"5.26.1"},"summary":"Larry Wall's Practical Extraction and Report Language"},{"name":"perl-base","version":"5.26.1-6ubuntu0.5","arch":"amd64","source":{"name":"perl","version":"5.26.1-6ubuntu0.5","upstreamVersion":"5.26.1"},"summary":"minimal Perl system"},{"name":"perl-modules-5.26","version":"5.26.1-6ubuntu0.5","arch":"all","source":{"name":"perl","version":"5.26.1-6ubuntu0.5","upstreamVersion":"5.26.1"},"summary":"Core Perl modules"},{"name":"procps","version":"2:3.3.12-3ubuntu1.2","arch":"amd64","source":{"name":"procps","version":"2:3.3.12-3ubuntu1.2","upstreamVersion":"3.3.12"},"summary":"/proc file system utilities"},{"name":"sed","version":"4.4-2","arch":"amd64","source":{"name":"sed","version":"4.4-2","upstreamVersion":"4.4"},"summary":"GNU stream editor for filtering/transforming text"},{"name":"sensible-utils","version":"0.0.12","arch":"all","source":{"name":"sensible-utils","version":"0.0.12","upstreamVersion":"0.0.12"},"summary":"Utilities for sensible alternative selection"},{"name":"sysvinit-utils","version":"2.88dsf-59.10ubuntu1","arch":"amd64","source":{"name":"sysvinit","version":"2.88dsf-59.10ubuntu1","upstreamVersion":"2.88dsf"},"summary":"System-V-like utilities"},{"name":"tar","version":"1.29b-2ubuntu0.2","arch":"amd64","source":{"name":"tar","version":"1.29b-2ubuntu0.2","upstreamVersion":"1.29b"},"summary":"GNU version of the tar archiving utility"},{"name":"tzdata","version":"2021a-0ubuntu0.18.04","arch":"all","source":{"name":"tzdata","version":"2021a-0ubuntu0.18.04","upstreamVersion":"2021a"},"summary":"time zone and daylight-saving time data"},{"name":"ubuntu-keyring","version":"2018.09.18.1~18.04.0","arch":"all","source":{"name":"ubuntu-keyring","version":"2018.09.18.1~18.04.0","upstreamVersion":"2018.09.18.1~18.04.0"},"summary":"GnuPG keys of the Ubuntu archive"},{"name":"util-linux","version":"2.31.1-0.4ubuntu3.7","arch":"amd64","source":{"name":"util-linux","version":"2.31.1-0.4ubuntu3.7","upstreamVersion":"2.31.1"},"summary":"miscellaneous system utilities"},{"name":"xz-utils","version":"5.2.2-1.3","arch":"amd64","source":{"name":"xz-utils","version":"5.2.2-1.3","upstreamVersion":"5.2.2"},"summary":"XZ-format compression utilities"},{"name":"zlib1g:amd64","version":"1:1.2.11.dfsg-0ubuntu2","arch":"amd64","source":{"name":"zlib","version":"1:1.2.11.dfsg-0ubuntu2","upstreamVersion":"1.2.11.dfsg"},"summary":"compression library - runtime"},{"name":"zlib1g-dev:amd64","version":"1:1.2.11.dfsg-0ubuntu2","arch":"amd64","source":{"name":"zlib","version":"1:1.2.11.dfsg-0ubuntu2","upstreamVersion":"1.2.11.dfsg"},"summary":"compression library - development"}]}, containers=-1)
22:33:34.825 [main] DEBUG org.testcontainers.images.LocalImagesCache - repoTags is null, skipping image: Image(created=315532801, id=sha256:d5813442c610ac3ba6745b8089021f9887872b7733b8d9531c1384c1daaa6212, parentId=, repoTags=null, repoDigests=[paketobuildpacks/builder@sha256:8078a685a85014b4fb30c6749ad0abdd4f4affeeb7be6836963eb10ee04fe8b2], size=658417003, virtualSize=658417003, sharedSize=-1, labels={io.buildpacks.builder.metadata={"description":"Ubuntu bionic base image with buildpacks for Java, .NET Core, NodeJS, Go, Ruby, NGINX and Procfile","buildpacks":[{"id":"paketo-buildpacks/dotnet-core","version":"0.1.5","homepage":"https://github.com/paketo-buildpacks/dotnet-core"},{"id":"paketo-buildpacks/icu","version":"0.0.100","homepage":"https://github.com/paketo-buildpacks/icu"},{"id":"paketo-buildpacks/ca-certificates","version":"2.1.0","homepage":"https://github.com/paketo-buildpacks/ca-certificates"},{"id":"paketo-buildpacks/dotnet-core-aspnet","version":"0.1.8","homepage":"https://github.com/paketo-buildpacks/dotnet-core-aspnet"},{"id":"paketo-buildpacks/dotnet-core-runtime","version":"0.1.8","homepage":"https://github.com/paketo-buildpacks/dotnet-core-runtime"},{"id":"paketo-buildpacks/dotnet-core-sdk","version":"0.1.7","homepage":"https://github.com/paketo-buildpacks/dotnet-core-sdk"},{"id":"paketo-buildpacks/dotnet-publish","version":"0.1.4","homepage":"https://github.com/paketo-buildpacks/dotnet-publish"},{"id":"paketo-buildpacks/environment-variables","version":"3.0.0","homepage":"https://github.com/paketo-buildpacks/environment-variables"},{"id":"paketo-buildpacks/node-engine","version":"0.2.2","homepage":"https://github.com/paketo-buildpacks/node-engine"},{"id":"paketo-buildpacks/procfile","version":"4.0.0","homepage":"https://github.com/paketo-buildpacks/procfile"},{"id":"paketo-buildpacks/dotnet-execute","version":"0.3.1","homepage":"https://github.com/paketo-buildpacks/dotnet-execute"},{"id":"paketo-buildpacks/image-labels","version":"3.0.0","homepage":"https://github.com/paketo-buildpacks/image-labels"},{"id":"paketo-buildpacks/go","version":"0.5.0","homepage":"https://github.com/paketo-buildpacks/go"},{"id":"paketo-buildpacks/go-dist","version":"0.3.1","homepage":"https://github.com/paketo-buildpacks/go-dist"},{"id":"paketo-buildpacks/go-mod-vendor","version":"0.2.0","homepage":"https://github.com/paketo-buildpacks/go-mod-vendor"},{"id":"paketo-buildpacks/procfile","version":"4.0.0","homepage":"https://github.com/paketo-buildpacks/procfile"},{"id":"paketo-buildpacks/go-build","version":"0.3.0","homepage":"https://github.com/paketo-buildpacks/go-build"},{"id":"paketo-buildpacks/image-labels","version":"3.0.0","homepage":"https://github.com/paketo-buildpacks/image-labels"},{"id":"paketo-buildpacks/dep","version":"0.0.177","homepage":"https://github.com/paketo-buildpacks/dep"},{"id":"paketo-buildpacks/dep-ensure","version":"0.0.37","homepage":"https://github.com/paketo-buildpacks/dep-ensure"},{"id":"paketo-buildpacks/environment-variables","version":"3.0.0","homepage":"https://github.com/paketo-buildpacks/environment-variables"},{"id":"paketo-buildpacks/java-native-image","version":"5.2.0","homepage":"https://github.com/paketo-buildpacks/java-native-image"},{"id":"paketo-buildpacks/procfile","version":"4.0.0","homepage":"https://github.com/paketo-buildpacks/procfile"},{"id":"paketo-buildpacks/sbt","version":"5.0.0","homepage":"https://github.com/paketo-buildpacks/sbt"},{"id":"paketo-buildpacks/environment-variables","version":"3.0.0","homepage":"https://github.com/paketo-buildpacks/environment-variables"},{"id":"paketo-buildpacks/executable-jar","version":"5.0.0","homepage":"https://github.com/paketo-buildpacks/executable-jar"},{"id":"paketo-buildpacks/graalvm","version":"6.0.0","homepage":"https://github.com/paketo-buildpacks/graalvm"},{"id":"paketo-buildpacks/gradle","version":"5.0.0","homepage":"https://github.com/paketo-buildpacks/gradle"},{"id":"paketo-buildpacks/image-labels","version":"3.0.0","homepage":"https://github.com/paketo-buildpacks/image-labels"},{"id":"paketo-buildpacks/leiningen","version":"3.0.0","homepage":"https://github.com/paketo-buildpacks/leiningen"},{"id":"paketo-buildpacks/maven","version":"5.0.0","homepage":"https://github.com/paketo-buildpacks/maven"},{"id":"paketo-buildpacks/native-image","version":"4.0.0","homepage":"https://github.com/paketo-buildpacks/native-image"},{"id":"paketo-buildpacks/spring-boot","version":"4.1.0","homepage":"https://github.com/paketo-buildpacks/spring-boot"},{"id":"paketo-buildpacks/java","version":"5.4.0","homepage":"https://github.com/paketo-buildpacks/java"},{"id":"paketo-buildpacks/environment-variables","version":"3.0.0","homepage":"https://github.com/paketo-buildpacks/environment-variables"},{"id":"paketo-buildpacks/executable-jar","version":"5.0.0","homepage":"https://github.com/paketo-buildpacks/executable-jar"},{"id":"paketo-buildpacks/maven","version":"5.0.0","homepage":"https://github.com/paketo-buildpacks/maven"},{"id":"paketo-buildpacks/procfile","version":"4.0.0","homepage":"https://github.com/paketo-buildpacks/procfile"},{"id":"paketo-buildpacks/spring-boot","version":"4.1.0","homepage":"https://github.com/paketo-buildpacks/spring-boot"},{"id":"paketo-buildpacks/debug","version":"3.0.0","homepage":"https://github.com/paketo-buildpacks/debug"},{"id":"paketo-buildpacks/encrypt-at-rest","version":"3.0.0","homepage":"https://github.com/paketo-buildpacks/encrypt-at-rest"},{"id":"paketo-buildpacks/ca-certificates","version":"2.1.0","homepage":"https://github.com/paketo-buildpacks/ca-certificates"},{"id":"paketo-buildpacks/google-stackdriver","version":"3.6.0","homepage":"https://github.com/paketo-buildpacks/google-stackdriver"},{"id":"paketo-buildpacks/leiningen","version":"3.0.0","homepage":"https://github.com/paketo-buildpacks/leiningen"},{"id":"paketo-buildpacks/azure-application-insights","version":"4.2.0","homepage":"https://github.com/paketo-buildpacks/azure-application-insights"},{"id":"paketo-buildpacks/bellsoft-liberica","version":"7.1.0","homepage":"https://github.com/paketo-buildpacks/bellsoft-liberica"},{"id":"paketo-buildpacks/gradle","version":"5.0.0","homepage":"https://github.com/paketo-buildpacks/gradle"},{"id":"paketo-buildpacks/image-labels","version":"3.0.0","homepage":"https://github.com/paketo-buildpacks/image-labels"},{"id":"paketo-buildpacks/jmx","version":"3.0.0","homepage":"https://github.com/paketo-buildpacks/jmx"},{"id":"paketo-buildpacks/sbt","version":"5.1.0","homepage":"https://github.com/paketo-buildpacks/sbt"},{"id":"paketo-buildpacks/apache-tomcat","version":"5.1.0","homepage":"https://github.com/paketo-buildpacks/apache-tomcat"},{"id":"paketo-buildpacks/dist-zip","version":"4.0.0","homepage":"https://github.com/paketo-buildpacks/dist-zip"},{"id":"paketo-buildpacks/nginx","version":"0.0.199","homepage":"https://github.com/paketo-buildpacks/nginx"},{"id":"paketo-buildpacks/nodejs","version":"0.2.0","homepage":"https://github.com/paketo-buildpacks/nodejs"},{"id":"paketo-buildpacks/image-labels","version":"3.0.0","homepage":"https://github.com/paketo-buildpacks/image-labels"},{"id":"paketo-buildpacks/node-start","version":"0.1.1","homepage":"https://github.com/paketo-buildpacks/node-start"},{"id":"paketo-buildpacks/npm-install","version":"0.2.7","homepage":"https://github.com/paketo-buildpacks/npm-install"},{"id":"paketo-buildpacks/yarn","version":"0.1.2","homepage":"https://github.com/paketo-buildpacks/yarn"},{"id":"paketo-buildpacks/yarn-start","version":"0.0.5","homepage":"https://github.com/paketo-buildpacks/yarn-start"},{"id":"paketo-buildpacks/ca-certificates","version":"2.1.0","homepage":"https://github.com/paketo-buildpacks/ca-certificates"},{"id":"paketo-buildpacks/environment-variables","version":"3.0.0","homepage":"https://github.com/paketo-buildpacks/environment-variables"},{"id":"paketo-buildpacks/node-engine","version":"0.2.2","homepage":"https://github.com/paketo-buildpacks/node-engine"},{"id":"paketo-buildpacks/npm-start","version":"0.1.0","homepage":"https://github.com/paketo-buildpacks/npm-start"},{"id":"paketo-buildpacks/procfile","version":"4.0.0","homepage":"https://github.com/paketo-buildpacks/procfile"},{"id":"paketo-buildpacks/yarn-install","version":"0.2.5","homepage":"https://github.com/paketo-buildpacks/yarn-install"},{"id":"paketo-buildpacks/procfile","version":"4.0.0","homepage":"https://github.com/paketo-buildpacks/procfile"},{"id":"paketo-buildpacks/ruby","version":"0.5.0","homepage":"https://github.com/paketo-buildpacks/ruby"},{"id":"paketo-buildpacks/rackup","version":"0.0.55","homepage":"https://github.com/paketo-buildpacks/rackup"},{"id":"paketo-buildpacks/passenger","version":"0.0.16","homepage":"https://github.com/paketo-buildpacks/passenger"},{"id":"paketo-buildpacks/yarn-install","version":"0.2.5","homepage":"https://github.com/paketo-buildpacks/yarn-install"},{"id":"paketo-buildpacks/environment-variables","version":"3.0.0","homepage":"https://github.com/paketo-buildpacks/environment-variables"},{"id":"paketo-buildpacks/image-labels","version":"3.0.0","homepage":"https://github.com/paketo-buildpacks/image-labels"},{"id":"paketo-buildpacks/mri","version":"0.1.5","homepage":"https://github.com/paketo-buildpacks/mri"},{"id":"paketo-buildpacks/node-engine","version":"0.2.2","homepage":"https://github.com/paketo-buildpacks/node-engine"},{"id":"paketo-buildpacks/puma","version":"0.0.57","homepage":"https://github.com/paketo-buildpacks/puma"},{"id":"paketo-buildpacks/rails-assets","version":"0.2.0","homepage":"https://github.com/paketo-buildpacks/rails-assets"},{"id":"paketo-buildpacks/rake","version":"0.0.10","homepage":"https://github.com/paketo-buildpacks/rake"},{"id":"paketo-buildpacks/thin","version":"0.0.50","homepage":"https://github.com/paketo-buildpacks/thin"},{"id":"paketo-buildpacks/bundler","version":"0.1.5","homepage":"https://github.com/paketo-buildpacks/bundler"},{"id":"paketo-buildpacks/yarn","version":"0.1.2","homepage":"https://github.com/paketo-buildpacks/yarn"},{"id":"paketo-buildpacks/procfile","version":"4.0.0","homepage":"https://github.com/paketo-buildpacks/procfile"},{"id":"paketo-buildpacks/unicorn","version":"0.0.48","homepage":"https://github.com/paketo-buildpacks/unicorn"},{"id":"paketo-buildpacks/bundle-install","version":"0.1.7","homepage":"https://github.com/paketo-buildpacks/bundle-install"}],"stack":{"runImage":{"image":"index.docker.io/paketobuildpacks/run:base-cnb","mirrors":["gcr.io/paketo-buildpacks/run:base-cnb"]}},"lifecycle":{"version":"0.10.2","api":{"buildpack":"0.2","platform":"0.3"},"apis":{"buildpack":{"deprecated":[],"supported":["0.2","0.3","0.4","0.5"]},"platform":{"deprecated":[],"supported":["0.3","0.4","0.5"]}}},"createdBy":{"name":"Pack CLI","version":"0.15.1+git-79adc30.build-1660"}}, io.buildpacks.buildpack.layers={"paketo-buildpacks/apache-tomcat":{"5.1.0":{"api":"0.5","stacks":[{"id":"io.buildpacks.stacks.bionic"},{"id":"org.cloudfoundry.stacks.cflinuxfs3"}],"layerDiffID":"sha256:be5a06176bdf474861c90b14953a0beba04ee6cc5bec49d153aec672140b8033","homepage":"https://github.com/paketo-buildpacks/apache-tomcat"}},"paketo-buildpacks/azure-application-insights":{"4.2.0":{"api":"0.5","stacks":[{"id":"io.buildpacks.stacks.bionic"},{"id":"org.cloudfoundry.stacks.cflinuxfs3"}],"layerDiffID":"sha256:22c2e62fd5ef9f160fcd35654e533688a38b3389b7c8be580e2b60896c424d63","homepage":"https://github.com/paketo-buildpacks/azure-application-insights"}},"paketo-buildpacks/bellsoft-liberica":{"7.1.0":{"api":"0.5","stacks":[{"id":"io.buildpacks.stacks.bionic"},{"id":"org.cloudfoundry.stacks.cflinuxfs3"}],"layerDiffID":"sha256:1185f44e8f1dcf9e301578231b09e262143d034399e315000801396acbc2043e","homepage":"https://github.com/paketo-buildpacks/bellsoft-liberica"}},"paketo-buildpacks/bundle-install":{"0.1.7":{"api":"0.2","stacks":[{"id":"org.cloudfoundry.stacks.cflinuxfs3"},{"id":"io.buildpacks.stacks.bionic"}],"layerDiffID":"sha256:2389eecf6597cda8eb4c78c9ca143073192bb06afa665ef3a489c91d22430a99","homepage":"https://github.com/paketo-buildpacks/bundle-install"}},"paketo-buildpacks/bundler":{"0.1.5":{"api":"0.2","stacks":[{"id":"io.buildpacks.stacks.bionic"},{"id":"org.cloudfoundry.stacks.cflinuxfs3"}],"layerDiffID":"sha256:abe335ccc5bd719bd79f226e2cc97f8c7a4db6485b3102cd2429400afae48a2e","homepage":"https://github.com/paketo-buildpacks/bundler"}},"paketo-buildpacks/ca-certificates":{"2.1.0":{"api":"0.5","stacks":[{"id":"io.buildpacks.stacks.bionic"},{"id":"io.paketo.stacks.tiny"}],"layerDiffID":"sha256:26cc7a307a88ef123269e38b78ca34c8c33e325b67329531d88fdb39524d29aa","homepage":"https://github.com/paketo-buildpacks/ca-certificates"}},"paketo-buildpacks/debug":{"3.0.0":{"api":"0.5","stacks":[{"id":"io.buildpacks.stacks.bionic"},{"id":"org.cloudfoundry.stacks.cflinuxfs3"}],"layerDiffID":"sha256:8c012d4b91933295dcf52bf5fab9b74daf77c8eaba8181787fb4fd644058fbd7","homepage":"https://github.com/paketo-buildpacks/debug"}},"paketo-buildpacks/dep":{"0.0.177":{"api":"0.4","stacks":[{"id":"io.buildpacks.stacks.bionic"},{"id":"org.cloudfoundry.stacks.cflinuxfs3"},{"id":"io.paketo.stacks.tiny"}],"layerDiffID":"sha256:04162e33557854d0cb30094f61482d9c4e2abec35d095f2e42fc19f73f1c112a","homepage":"https://github.com/paketo-buildpacks/dep"}},"paketo-buildpacks/dep-ensure":{"0.0.37":{"api":"0.4","stacks":[{"id":"io.buildpacks.stacks.bionic"},{"id":"io.paketo.stacks.tiny"},{"id":"org.cloudfoundry.stacks.cflinuxfs3"}],"layerDiffID":"sha256:6c4f953e9cf5a2794b01a9668cda69cfa22f907341ad0554f25c250cc2805f8c","homepage":"https://github.com/paketo-buildpacks/dep-ensure"}},"paketo-buildpacks/dist-zip":{"4.0.0":{"api":"0.5","stacks":[{"id":"io.buildpacks.stacks.bionic"},{"id":"org.cloudfoundry.stacks.cflinuxfs3"}],"layerDiffID":"sha256:0f27cbffc3aaa177381eb6eb7b00ea69d88d922686d742496fceff1267d82b16","homepage":"https://github.com/paketo-buildpacks/dist-zip"}},"paketo-buildpacks/dotnet-core":{"0.1.5":{"api":"0.2","order":[{"group":[{"id":"paketo-buildpacks/ca-certificates","version":"2.1.0","optional":true},{"id":"paketo-buildpacks/dotnet-core-runtime","version":"0.1.8"},{"id":"paketo-buildpacks/dotnet-core-aspnet","version":"0.1.8","optional":true},{"id":"paketo-buildpacks/dotnet-core-sdk","version":"0.1.7"},{"id":"paketo-buildpacks/icu","version":"0.0.100","optional":true},{"id":"paketo-buildpacks/node-engine","version":"0.2.2","optional":true},{"id":"paketo-buildpacks/dotnet-publish","version":"0.1.4"},{"id":"paketo-buildpacks/dotnet-execute","version":"0.3.1"},{"id":"paketo-buildpacks/procfile","version":"4.0.0","optional":true},{"id":"paketo-buildpacks/environment-variables","version":"3.0.0","optional":true},{"id":"paketo-buildpacks/image-labels","version":"3.0.0","optional":true}]},{"group":[{"id":"paketo-buildpacks/ca-certificates","version":"2.1.0","optional":true},{"id":"paketo-buildpacks/dotnet-core-runtime","version":"0.1.8"},{"id":"paketo-buildpacks/dotnet-core-aspnet","version":"0.1.8","optional":true},{"id":"paketo-buildpacks/dotnet-core-sdk","version":"0.1.7","optional":true},{"id":"paketo-buildpacks/icu","version":"0.0.100","optional":true},{"id":"paketo-buildpacks/node-engine","version":"0.2.2","optional":true},{"id":"paketo-buildpacks/dotnet-execute","version":"0.3.1"},{"id":"paketo-buildpacks/procfile","version":"4.0.0","optional":true},{"id":"paketo-buildpacks/environment-variables","version":"3.0.0","optional":true},{"id":"paketo-buildpacks/image-labels","version":"3.0.0","optional":true}]},{"group":[{"id":"paketo-buildpacks/ca-certificates","version":"2.1.0","optional":true},{"id":"paketo-buildpacks/icu","version":"0.0.100","optional":true},{"id":"paketo-buildpacks/node-engine","version":"0.2.2","optional":true},{"id":"paketo-buildpacks/dotnet-execute","version":"0.3.1"},{"id":"paketo-buildpacks/procfile","version":"4.0.0","optional":true},{"id":"paketo-buildpacks/environment-variables","version":"3.0.0","optional":true},{"id":"paketo-buildpacks/image-labels","version":"3.0.0","optional":true}]}],"layerDiffID":"sha256:a18f9a5d2bb1ea461290c3ca6062cd066e101fc6ebeebbe25edc942bcfee0db7","homepage":"https://github.com/paketo-buildpacks/dotnet-core"}},"paketo-buildpacks/dotnet-core-aspnet":{"0.1.8":{"api":"0.2","stacks":[{"id":"io.buildpacks.stacks.bionic"},{"id":"org.cloudfoundry.stacks.cflinuxfs3"}],"layerDiffID":"sha256:0c61d8641f5aca594c85395fadaee61e971f1dea9d9363dca296372a96ca3a3c","homepage":"https://github.com/paketo-buildpacks/dotnet-core-aspnet"}},"paketo-buildpacks/dotnet-core-runtime":{"0.1.8":{"api":"0.2","stacks":[{"id":"io.buildpacks.stacks.bionic"},{"id":"org.cloudfoundry.stacks.cflinuxfs3"}],"layerDiffID":"sha256:bc26327ffe3351fcd0492277e52925aa39c7556bcadcd6138e0bfa43b30fe680","homepage":"https://github.com/paketo-buildpacks/dotnet-core-runtime"}},"paketo-buildpacks/dotnet-core-sdk":{"0.1.7":{"api":"0.2","stacks":[{"id":"io.buildpacks.stacks.bionic"},{"id":"org.cloudfoundry.stacks.cflinuxfs3"}],"layerDiffID":"sha256:f3c378256d63b7ccbca30e092df946e493366e84779737aba33e035fd2387b74","homepage":"https://github.com/paketo-buildpacks/dotnet-core-sdk"}},"paketo-buildpacks/dotnet-execute":{"0.3.1":{"api":"0.2","stacks":[{"id":"org.cloudfoundry.stacks.cflinuxfs3"},{"id":"io.buildpacks.stacks.bionic"}],"layerDiffID":"sha256:1ccb392c07eab7e70358f400b50d5ca3538b49b285a63135511f8f2c1b037b8b","homepage":"https://github.com/paketo-buildpacks/dotnet-execute"}},"paketo-buildpacks/dotnet-publish":{"0.1.4":{"api":"0.2","stacks":[{"id":"org.cloudfoundry.stacks.cflinuxfs3"},{"id":"io.buildpacks.stacks.bionic"}],"layerDiffID":"sha256:e00fd6b3e206763bd40ad6ac39e26c359e511eab77fb928921abf7aaab492d10","homepage":"https://github.com/paketo-buildpacks/dotnet-publish"}},"paketo-buildpacks/encrypt-at-rest":{"3.0.0":{"api":"0.5","stacks":[{"id":"io.buildpacks.stacks.bionic"},{"id":"org.cloudfoundry.stacks.cflinuxfs3"}],"layerDiffID":"sha256:ae8013926a82fa288a2d85471ec39bf0973076554a25c71cd9ea8950b517041f","homepage":"https://github.com/paketo-buildpacks/encrypt-at-rest"}},"paketo-buildpacks/environment-variables":{"3.0.0":{"api":"0.5","stacks":[{"id":"io.buildpacks.stacks.bionic"},{"id":"io.paketo.stacks.tiny"},{"id":"org.cloudfoundry.stacks.cflinuxfs3"}],"layerDiffID":"sha256:0c35dacb45f0de7eed41cb56349d4c903e3801068e5390c2b4f43f59c2f39980","homepage":"https://github.com/paketo-buildpacks/environment-variables"}},"paketo-buildpacks/executable-jar":{"5.0.0":{"api":"0.5","stacks":[{"id":"io.buildpacks.stacks.bionic"},{"id":"io.paketo.stacks.tiny"},{"id":"org.cloudfoundry.stacks.cflinuxfs3"}],"layerDiffID":"sha256:541ad1b19f0499737bfeb99b5481bf09ac54dc34daf3d3eb4b9c9f74c70ba6db","homepage":"https://github.com/paketo-buildpacks/executable-jar"}},"paketo-buildpacks/go":{"0.5.0":{"api":"0.2","order":[{"group":[{"id":"paketo-buildpacks/go-dist","version":"0.3.1"},{"id":"paketo-buildpacks/go-mod-vendor","version":"0.2.0"},{"id":"paketo-buildpacks/go-build","version":"0.3.0"},{"id":"paketo-buildpacks/procfile","version":"4.0.0","optional":true},{"id":"paketo-buildpacks/environment-variables","version":"3.0.0","optional":true},{"id":"paketo-buildpacks/image-labels","version":"3.0.0","optional":true}]},{"group":[{"id":"paketo-buildpacks/go-dist","version":"0.3.1"},{"id":"paketo-buildpacks/dep","version":"0.0.177"},{"id":"paketo-buildpacks/dep-ensure","version":"0.0.37"},{"id":"paketo-buildpacks/go-build","version":"0.3.0"},{"id":"paketo-buildpacks/procfile","version":"4.0.0","optional":true},{"id":"paketo-buildpacks/environment-variables","version":"3.0.0","optional":true},{"id":"paketo-buildpacks/image-labels","version":"3.0.0","optional":true}]},{"group":[{"id":"paketo-buildpacks/go-dist","version":"0.3.1"},{"id":"paketo-buildpacks/go-build","version":"0.3.0"},{"id":"paketo-buildpacks/procfile","version":"4.0.0","optional":true},{"id":"paketo-buildpacks/environment-variables","version":"3.0.0","optional":true},{"id":"paketo-buildpacks/image-labels","version":"3.0.0","optional":true}]}],"layerDiffID":"sha256:59dd3db0a104949d7013520d19601ebc96556885f7e13d1c24c4cd1eecde00ea","homepage":"https://github.com/paketo-buildpacks/go"}},"paketo-buildpacks/go-build":{"0.3.0":{"api":"0.4","stacks":[{"id":"io.buildpacks.stacks.bionic"},{"id":"io.paketo.stacks.tiny"},{"id":"org.cloudfoundry.stacks.cflinuxfs3"}],"layerDiffID":"sha256:bec66e483d2fc2e2cfb7a3195769a8e73156aa7d5902548fdc92821b2e867d08","homepage":"https://github.com/paketo-buildpacks/go-build"}},"paketo-buildpacks/go-dist":{"0.3.1":{"api":"0.4","stacks":[{"id":"io.buildpacks.stacks.bionic"},{"id":"io.paketo.stacks.tiny"},{"id":"org.cloudfoundry.stacks.cflinuxfs3"}],"layerDiffID":"sha256:be3ae4372d3b8a83609ed863c69981d05a03dfe292dc6936a66bbe90a8362cb2","homepage":"https://github.com/paketo-buildpacks/go-dist"}},"paketo-buildpacks/go-mod-vendor":{"0.2.0":{"api":"0.4","stacks":[{"id":"org.cloudfoundry.stacks.cflinuxfs3"},{"id":"io.buildpacks.stacks.bionic"},{"id":"io.paketo.stacks.tiny"}],"layerDiffID":"sha256:2a33c621384875010d59f9c03f9dfb355ac438d432fe3891225d6db49df23501","homepage":"https://github.com/paketo-buildpacks/go-mod-vendor"}},"paketo-buildpacks/google-stackdriver":{"3.6.0":{"api":"0.5","stacks":[{"id":"io.buildpacks.stacks.bionic"},{"id":"org.cloudfoundry.stacks.cflinuxfs3"}],"layerDiffID":"sha256:18a214d0004c839f029920dc482a1be33c8f36cf1eec4032e19be2334a693061","homepage":"https://github.com/paketo-buildpacks/google-stackdriver"}},"paketo-buildpacks/graalvm":{"6.0.0":{"api":"0.5","stacks":[{"id":"io.buildpacks.stacks.bionic"},{"id":"io.paketo.stacks.tiny"},{"id":"org.cloudfoundry.stacks.cflinuxfs3"}],"layerDiffID":"sha256:e398ad01b78a5ead89f098a9b48ffa5b6ad463d123eeec01bdad66aca53293f0","homepage":"https://github.com/paketo-buildpacks/graalvm"}},"paketo-buildpacks/gradle":{"5.0.0":{"api":"0.5","stacks":[{"id":"io.buildpacks.stacks.bionic"},{"id":"io.paketo.stacks.tiny"},{"id":"org.cloudfoundry.stacks.cflinuxfs3"}],"layerDiffID":"sha256:24f7d234568970b828423f69842be080cac99ce1ffd9e9b86a4856e3701421e9","homepage":"https://github.com/paketo-buildpacks/gradle"}},"paketo-buildpacks/icu":{"0.0.100":{"api":"0.2","stacks":[{"id":"io.buildpacks.stacks.bionic"},{"id":"org.cloudfoundry.stacks.cflinuxfs3"}],"layerDiffID":"sha256:d7a1df9f2497797ceb9c75e3f006b76c2d70eb5606f35f3007f37b2b9a74ac88","homepage":"https://github.com/paketo-buildpacks/icu"}},"paketo-buildpacks/image-labels":{"3.0.0":{"api":"0.5","stacks":[{"id":"io.buildpacks.stacks.bionic"},{"id":"io.paketo.stacks.tiny"},{"id":"org.cloudfoundry.stacks.cflinuxfs3"}],"layerDiffID":"sha256:0ac069b116aa8ab9b921176267a26eec399915e97bf7832c6c70334fd145a5c1","homepage":"https://github.com/paketo-buildpacks/image-labels"}},"paketo-buildpacks/java":{"5.4.0":{"api":"0.5","order":[{"group":[{"id":"paketo-buildpacks/ca-certificates","version":"2.1.0","optional":true},{"id":"paketo-buildpacks/bellsoft-liberica","version":"7.1.0"},{"id":"paketo-buildpacks/gradle","version":"5.0.0","optional":true},{"id":"paketo-buildpacks/leiningen","version":"3.0.0","optional":true},{"id":"paketo-buildpacks/maven","version":"5.0.0","optional":true},{"id":"paketo-buildpacks/sbt","version":"5.1.0","optional":true},{"id":"paketo-buildpacks/executable-jar","version":"5.0.0","optional":true},{"id":"paketo-buildpacks/apache-tomcat","version":"5.1.0","optional":true},{"id":"paketo-buildpacks/dist-zip","version":"4.0.0","optional":true},{"id":"paketo-buildpacks/spring-boot","version":"4.1.0","optional":true},{"id":"paketo-buildpacks/procfile","version":"4.0.0","optional":true},{"id":"paketo-buildpacks/azure-application-insights","version":"4.2.0","optional":true},{"id":"paketo-buildpacks/debug","version":"3.0.0","optional":true},{"id":"paketo-buildpacks/google-stackdriver","version":"3.6.0","optional":true},{"id":"paketo-buildpacks/jmx","version":"3.0.0","optional":true},{"id":"paketo-buildpacks/encrypt-at-rest","version":"3.0.0","optional":true},{"id":"paketo-buildpacks/environment-variables","version":"3.0.0","optional":true},{"id":"paketo-buildpacks/image-labels","version":"3.0.0","optional":true}]}],"layerDiffID":"sha256:0f6f1c908e52237b77dcf952937123f94ca03ceb4de6915e2742703053a456a9","homepage":"https://github.com/paketo-buildpacks/java"}},"paketo-buildpacks/java-native-image":{"5.2.0":{"api":"0.5","order":[{"group":[{"id":"paketo-buildpacks/graalvm","version":"6.0.0"},{"id":"paketo-buildpacks/gradle","version":"5.0.0","optional":true},{"id":"paketo-buildpacks/leiningen","version":"3.0.0","optional":true},{"id":"paketo-buildpacks/maven","version":"5.0.0","optional":true},{"id":"paketo-buildpacks/sbt","version":"5.0.0","optional":true},{"id":"paketo-buildpacks/executable-jar","version":"5.0.0","optional":true},{"id":"paketo-buildpacks/spring-boot","version":"4.1.0","optional":true},{"id":"paketo-buildpacks/native-image","version":"4.0.0"},{"id":"paketo-buildpacks/procfile","version":"4.0.0","optional":true},{"id":"paketo-buildpacks/environment-variables","version":"3.0.0","optional":true},{"id":"paketo-buildpacks/image-labels","version":"3.0.0","optional":true}]}],"layerDiffID":"sha256:6a992e09ae0c53ed7487b3b51e6e8d9a6c3de51d9e99012231f883032c051eef","homepage":"https://github.com/paketo-buildpacks/java-native-image"}},"paketo-buildpacks/jmx":{"3.0.0":{"api":"0.5","stacks":[{"id":"io.buildpacks.stacks.bionic"},{"id":"org.cloudfoundry.stacks.cflinuxfs3"}],"layerDiffID":"sha256:3af816c9112bd7a0510e33a2590352375ea4310465840d32a95291265586583d","homepage":"https://github.com/paketo-buildpacks/jmx"}},"paketo-buildpacks/leiningen":{"3.0.0":{"api":"0.5","stacks":[{"id":"io.buildpacks.stacks.bionic"},{"id":"io.paketo.stacks.tiny"},{"id":"org.cloudfoundry.stacks.cflinuxfs3"}],"layerDiffID":"sha256:68d4c340c64208d7e6b32f0a9bca964166e27996c3370e85d28eb0b3cb3608c1","homepage":"https://github.com/paketo-buildpacks/leiningen"}},"paketo-buildpacks/maven":{"5.0.0":{"api":"0.5","stacks":[{"id":"io.buildpacks.stacks.bionic"},{"id":"io.paketo.stacks.tiny"},{"id":"org.cloudfoundry.stacks.cflinuxfs3"}],"layerDiffID":"sha256:b401529f9c8d0db6e112f43d9273bacfaa9cc29e3591ab712fdbf166612d0d6b","homepage":"https://github.com/paketo-buildpacks/maven"}},"paketo-buildpacks/mri":{"0.1.5":{"api":"0.2","stacks":[{"id":"io.buildpacks.stacks.bionic"},{"id":"org.cloudfoundry.stacks.cflinuxfs3"}],"layerDiffID":"sha256:a18f8df948eab4a1550da594205df3ea80a48d02b48c28e3ce2b3da0dfcdb688","homepage":"https://github.com/paketo-buildpacks/mri"}},"paketo-buildpacks/native-image":{"4.0.0":{"api":"0.5","stacks":[{"id":"io.buildpacks.stacks.bionic"},{"id":"io.paketo.stacks.tiny"},{"id":"org.cloudfoundry.stacks.cflinuxfs3"}],"layerDiffID":"sha256:99b74408e1aa164de16eeb9fee31f4969c800f8e92792ff0aa246071e4e20b6b","homepage":"https://github.com/paketo-buildpacks/native-image"}},"paketo-buildpacks/nginx":{"0.0.199":{"api":"0.2","stacks":[{"id":"io.buildpacks.stacks.bionic"},{"id":"org.cloudfoundry.stacks.cflinuxfs3"}],"layerDiffID":"sha256:a18785fa9f7adbe92633821f738c6b1b632a4619a4e67cd4118516d064fc9619","homepage":"https://github.com/paketo-buildpacks/nginx"}},"paketo-buildpacks/node-engine":{"0.2.2":{"api":"0.2","stacks":[{"id":"io.buildpacks.stacks.bionic"},{"id":"org.cloudfoundry.stacks.cflinuxfs3"}],"layerDiffID":"sha256:94d096c05c92084caceab2b14ea87e6819da57284035f208b80c3327d7e74314","homepage":"https://github.com/paketo-buildpacks/node-engine"}},"paketo-buildpacks/node-start":{"0.1.1":{"api":"0.2","stacks":[{"id":"io.buildpacks.stacks.bionic"},{"id":"org.cloudfoundry.stacks.cflinuxfs3"}],"layerDiffID":"sha256:5be5fd41e3c1410a018ba60def88b6c96bf707f57fe3bfe297054921ba787364","homepage":"https://github.com/paketo-buildpacks/node-start"}},"paketo-buildpacks/nodejs":{"0.2.0":{"api":"0.2","order":[{"group":[{"id":"paketo-buildpacks/ca-certificates","version":"2.1.0","optional":true},{"id":"paketo-buildpacks/node-engine","version":"0.2.2"},{"id":"paketo-buildpacks/yarn","version":"0.1.2"},{"id":"paketo-buildpacks/yarn-install","version":"0.2.5"},{"id":"paketo-buildpacks/yarn-start","version":"0.0.5"},{"id":"paketo-buildpacks/procfile","version":"4.0.0","optional":true},{"id":"paketo-buildpacks/environment-variables","version":"3.0.0","optional":true},{"id":"paketo-buildpacks/image-labels","version":"3.0.0","optional":true}]},{"group":[{"id":"paketo-buildpacks/ca-certificates","version":"2.1.0","optional":true},{"id":"paketo-buildpacks/node-engine","version":"0.2.2"},{"id":"paketo-buildpacks/npm-install","version":"0.2.7"},{"id":"paketo-buildpacks/npm-start","version":"0.1.0"},{"id":"paketo-buildpacks/procfile","version":"4.0.0","optional":true},{"id":"paketo-buildpacks/environment-variables","version":"3.0.0","optional":true},{"id":"paketo-buildpacks/image-labels","version":"3.0.0","optional":true}]},{"group":[{"id":"paketo-buildpacks/ca-certificates","version":"2.1.0","optional":true},{"id":"paketo-buildpacks/node-engine","version":"0.2.2"},{"id":"paketo-buildpacks/node-start","version":"0.1.1"},{"id":"paketo-buildpacks/procfile","version":"4.0.0","optional":true},{"id":"paketo-buildpacks/environment-variables","version":"3.0.0","optional":true},{"id":"paketo-buildpacks/image-labels","version":"3.0.0","optional":true}]}],"layerDiffID":"sha256:082760bd2a4b0feb265746f392466b81edd620dad228d05af41588f4fbbb0c90","homepage":"https://github.com/paketo-buildpacks/nodejs"}},"paketo-buildpacks/npm-install":{"0.2.7":{"api":"0.2","stacks":[{"id":"org.cloudfoundry.stacks.cflinuxfs3"},{"id":"io.buildpacks.stacks.bionic"}],"layerDiffID":"sha256:8e05e87a8bd183db0c026c35432aba406d843cc8ca40a47364b952ede303f46c","homepage":"https://github.com/paketo-buildpacks/npm-install"}},"paketo-buildpacks/npm-start":{"0.1.0":{"api":"0.2","stacks":[{"id":"io.buildpacks.stacks.bionic"},{"id":"org.cloudfoundry.stacks.cflinuxfs3"}],"layerDiffID":"sha256:65f333377ab653726976b7ca23539f205dbcb9373b294fd0b62b5675e903011d","homepage":"https://github.com/paketo-buildpacks/npm-start"}},"paketo-buildpacks/passenger":{"0.0.16":{"api":"0.2","stacks":[{"id":"org.cloudfoundry.stacks.cflinuxfs3"},{"id":"io.buildpacks.stacks.bionic"}],"layerDiffID":"sha256:638a2c3830766ec0e2d77b4e142e869c6e0f4b7429d5ef13be4d047c10ba8035","homepage":"https://github.com/paketo-buildpacks/passenger"}},"paketo-buildpacks/procfile":{"4.0.0":{"api":"0.5","stacks":[{"id":"io.buildpacks.stacks.bionic"},{"id":"io.paketo.stacks.tiny"},{"id":"org.cloudfoundry.stacks.cflinuxfs3"}],"layerDiffID":"sha256:668776297c61d46183888120480fbac78adc6dfa43509368fc5be6ce38159a30","homepage":"https://github.com/paketo-buildpacks/procfile"}},"paketo-buildpacks/puma":{"0.0.57":{"api":"0.2","stacks":[{"id":"org.cloudfoundry.stacks.cflinuxfs3"},{"id":"io.buildpacks.stacks.bionic"}],"layerDiffID":"sha256:c070bea21b676c3eed559c4d683b65dd1e691db1f64b5c988347b09e395f350d","homepage":"https://github.com/paketo-buildpacks/puma"}},"paketo-buildpacks/rackup":{"0.0.55":{"api":"0.2","stacks":[{"id":"io.buildpacks.stacks.bionic"},{"id":"org.cloudfoundry.stacks.cflinuxfs3"}],"layerDiffID":"sha256:5e60f822fccf848e0896d0f9e6ae37de51cd11cdfbc969fe20a61b524d094609","homepage":"https://github.com/paketo-buildpacks/rackup"}},"paketo-buildpacks/rails-assets":{"0.2.0":{"api":"0.4","stacks":[{"id":"io.buildpacks.stacks.bionic"}],"layerDiffID":"sha256:2cbb21aef5a7d8deff5a44cee67f840df7e86de4c6390b08b044c733549a336a","homepage":"https://github.com/paketo-buildpacks/rails-assets"}},"paketo-buildpacks/rake":{"0.0.10":{"api":"0.2","stacks":[{"id":"io.buildpacks.stacks.bionic"},{"id":"org.cloudfoundry.stacks.cflinuxfs3"}],"layerDiffID":"sha256:8e5899fd28e42b245ff307b0be0cb93bcc281f949e261461d0ece5fd5636cda9","homepage":"https://github.com/paketo-buildpacks/rake"}},"paketo-buildpacks/ruby":{"0.5.0":{"api":"0.2","order":[{"group":[{"id":"paketo-buildpacks/mri","version":"0.1.5"},{"id":"paketo-buildpacks/bundler","version":"0.1.5"},{"id":"paketo-buildpacks/bundle-install","version":"0.1.7"},{"id":"paketo-buildpacks/node-engine","version":"0.2.2","optional":true},{"id":"paketo-buildpacks/yarn","version":"0.1.2","optional":true},{"id":"paketo-buildpacks/yarn-install","version":"0.2.5","optional":true},{"id":"paketo-buildpacks/rails-assets","version":"0.2.0","optional":true},{"id":"paketo-buildpacks/puma","version":"0.0.57"},{"id":"paketo-buildpacks/procfile","version":"4.0.0","optional":true},{"id":"paketo-buildpacks/environment-variables","version":"3.0.0","optional":true},{"id":"paketo-buildpacks/image-labels","version":"3.0.0","optional":true}]},{"group":[{"id":"paketo-buildpacks/mri","version":"0.1.5"},{"id":"paketo-buildpacks/bundler","version":"0.1.5"},{"id":"paketo-buildpacks/bundle-install","version":"0.1.7"},{"id":"paketo-buildpacks/node-engine","version":"0.2.2","optional":true},{"id":"paketo-buildpacks/yarn","version":"0.1.2","optional":true},{"id":"paketo-buildpacks/yarn-install","version":"0.2.5","optional":true},{"id":"paketo-buildpacks/rails-assets","version":"0.2.0","optional":true},{"id":"paketo-buildpacks/thin","version":"0.0.50"},{"id":"paketo-buildpacks/procfile","version":"4.0.0","optional":true},{"id":"paketo-buildpacks/environment-variables","version":"3.0.0","optional":true},{"id":"paketo-buildpacks/image-labels","version":"3.0.0","optional":true}]},{"group":[{"id":"paketo-buildpacks/mri","version":"0.1.5"},{"id":"paketo-buildpacks/bundler","version":"0.1.5"},{"id":"paketo-buildpacks/bundle-install","version":"0.1.7"},{"id":"paketo-buildpacks/node-engine","version":"0.2.2","optional":true},{"id":"paketo-buildpacks/yarn","version":"0.1.2","optional":true},{"id":"paketo-buildpacks/yarn-install","version":"0.2.5","optional":true},{"id":"paketo-buildpacks/rails-assets","version":"0.2.0","optional":true},{"id":"paketo-buildpacks/unicorn","version":"0.0.48"},{"id":"paketo-buildpacks/procfile","version":"4.0.0","optional":true},{"id":"paketo-buildpacks/environment-variables","version":"3.0.0","optional":true},{"id":"paketo-buildpacks/image-labels","version":"3.0.0","optional":true}]},{"group":[{"id":"paketo-buildpacks/mri","version":"0.1.5"},{"id":"paketo-buildpacks/bundler","version":"0.1.5"},{"id":"paketo-buildpacks/bundle-install","version":"0.1.7"},{"id":"paketo-buildpacks/node-engine","version":"0.2.2","optional":true},{"id":"paketo-buildpacks/yarn","version":"0.1.2","optional":true},{"id":"paketo-buildpacks/yarn-install","version":"0.2.5","optional":true},{"id":"paketo-buildpacks/rails-assets","version":"0.2.0","optional":true},{"id":"paketo-buildpacks/passenger","version":"0.0.16"},{"id":"paketo-buildpacks/procfile","version":"4.0.0","optional":true},{"id":"paketo-buildpacks/environment-variables","version":"3.0.0","optional":true},{"id":"paketo-buildpacks/image-labels","version":"3.0.0","optional":true}]},{"group":[{"id":"paketo-buildpacks/mri","version":"0.1.5"},{"id":"paketo-buildpacks/bundler","version":"0.1.5"},{"id":"paketo-buildpacks/bundle-install","version":"0.1.7"},{"id":"paketo-buildpacks/node-engine","version":"0.2.2","optional":true},{"id":"paketo-buildpacks/yarn","version":"0.1.2","optional":true},{"id":"paketo-buildpacks/yarn-install","version":"0.2.5","optional":true},{"id":"paketo-buildpacks/rails-assets","version":"0.2.0","optional":true},{"id":"paketo-buildpacks/rackup","version":"0.0.55"},{"id":"paketo-buildpacks/procfile","version":"4.0.0","optional":true},{"id":"paketo-buildpacks/environment-variables","version":"3.0.0","optional":true},{"id":"paketo-buildpacks/image-labels","version":"3.0.0","optional":true}]},{"group":[{"id":"paketo-buildpacks/mri","version":"0.1.5"},{"id":"paketo-buildpacks/bundler","version":"0.1.5","optional":true},{"id":"paketo-buildpacks/bundle-install","version":"0.1.7","optional":true},{"id":"paketo-buildpacks/rake","version":"0.0.10"},{"id":"paketo-buildpacks/procfile","version":"4.0.0","optional":true},{"id":"paketo-buildpacks/environment-variables","version":"3.0.0","optional":true},{"id":"paketo-buildpacks/image-labels","version":"3.0.0","optional":true}]}],"layerDiffID":"sha256:f21ca1a782caab1ce81caddb26d0c107fad8689602b9605b46218de0c783d6c9","homepage":"https://github.com/paketo-buildpacks/ruby"}},"paketo-buildpacks/sbt":{"5.0.0":{"api":"0.5","stacks":[{"id":"io.buildpacks.stacks.bionic"},{"id":"io.paketo.stacks.tiny"},{"id":"org.cloudfoundry.stacks.cflinuxfs3"}],"layerDiffID":"sha256:25825f5ca604e8baa79d53b81857b73a0ef8cc24236f8f67b45c47f385af49f1","homepage":"https://github.com/paketo-buildpacks/sbt"},"5.1.0":{"api":"0.5","stacks":[{"id":"io.buildpacks.stacks.bionic"},{"id":"io.paketo.stacks.tiny"},{"id":"org.cloudfoundry.stacks.cflinuxfs3"}],"layerDiffID":"sha256:fca75e653e7b73177339990cce30909eeec3d79e8015017b493e92a232a4c083","homepage":"https://github.com/paketo-buildpacks/sbt"}},"paketo-buildpacks/spring-boot":{"4.1.0":{"api":"0.5","stacks":[{"id":"io.buildpacks.stacks.bionic"},{"id":"io.paketo.stacks.tiny"},{"id":"org.cloudfoundry.stacks.cflinuxfs3"}],"layerDiffID":"sha256:afb0ede068007cd023ed5c6715fad8eb8ee932230a87941feddf9105742f0160","homepage":"https://github.com/paketo-buildpacks/spring-boot"}},"paketo-buildpacks/thin":{"0.0.50":{"api":"0.2","stacks":[{"id":"io.buildpacks.stacks.bionic"},{"id":"org.cloudfoundry.stacks.cflinuxfs3"}],"layerDiffID":"sha256:d3015f3d7b20b651f9eead4e9dc1091aaf1f8cf1276c9d6a267a2d3e9ab864b8","homepage":"https://github.com/paketo-buildpacks/thin"}},"paketo-buildpacks/unicorn":{"0.0.48":{"api":"0.2","stacks":[{"id":"io.buildpacks.stacks.bionic"},{"id":"org.cloudfoundry.stacks.cflinuxfs3"}],"layerDiffID":"sha256:2abe9b877846704d87a6d76d7bddf326f0675c8cff2ba13543bbb7b220e9c875","homepage":"https://github.com/paketo-buildpacks/unicorn"}},"paketo-buildpacks/yarn":{"0.1.2":{"api":"0.2","stacks":[{"id":"io.buildpacks.stacks.bionic"},{"id":"org.cloudfoundry.stacks.cflinuxfs3"}],"layerDiffID":"sha256:37c087d4e08000afe4f6bc092bd7a2116eb3bd401e550b8f586161b153b9d976","homepage":"https://github.com/paketo-buildpacks/yarn"}},"paketo-buildpacks/yarn-install":{"0.2.5":{"api":"0.2","stacks":[{"id":"io.buildpacks.stacks.bionic"},{"id":"org.cloudfoundry.stacks.cflinuxfs3"}],"layerDiffID":"sha256:d930a788a31c9742b52bf755e06458a28c6b52be56c8e0a0340e2fe4f6eeee43","homepage":"https://github.com/paketo-buildpacks/yarn-install"}},"paketo-buildpacks/yarn-start":{"0.0.5":{"api":"0.2","stacks":[{"id":"io.buildpacks.stacks.bionic"},{"id":"org.cloudfoundry.stacks.cflinuxfs3"}],"layerDiffID":"sha256:82180f9a3aeb9eacc2022b58a4a564155ea342efdea6147815fec8887836b94b","homepage":"https://github.com/paketo-buildpacks/yarn-start"}}}, io.buildpacks.buildpack.order=[{"group":[{"id":"paketo-buildpacks/ruby","version":"0.5.0"}]},{"group":[{"id":"paketo-buildpacks/dotnet-core","version":"0.1.5"}]},{"group":[{"id":"paketo-buildpacks/nodejs","version":"0.2.0"}]},{"group":[{"id":"paketo-buildpacks/go","version":"0.5.0"}]},{"group":[{"id":"paketo-buildpacks/nginx","version":"0.0.199"}]},{"group":[{"id":"paketo-buildpacks/java-native-image","version":"5.2.0"}]},{"group":[{"id":"paketo-buildpacks/java","version":"5.4.0"}]},{"group":[{"id":"paketo-buildpacks/procfile","version":"4.0.0"}]}], io.buildpacks.stack.description=ubuntu:bionic + openssl + CA certs + compilers + shell utilities, io.buildpacks.stack.distro.name=Ubuntu, io.buildpacks.stack.distro.version=18.04, io.buildpacks.stack.homepage=https://github.com/paketo-buildpacks/stacks, io.buildpacks.stack.id=io.buildpacks.stacks.bionic, io.buildpacks.stack.maintainer=Paketo Buildpacks, io.buildpacks.stack.metadata={"base-image": "docker.io/paketobuildpacks/build@sha256:ff9bd600dcbec4973d965bcfb7d81a6a162881ac395a945166c0e69c637796e9"}, io.buildpacks.stack.mixins=["adduser","apt","base-files","base-passwd","bash","bsdutils","bzip2","ca-certificates","coreutils","dash","debconf","debianutils","diffutils","dpkg","e2fsprogs","fdisk","findutils","gcc-8-base","gpgv","grep","gzip","hostname","init-system-helpers","libacl1","libapt-pkg5.0","libattr1","libaudit-common","libaudit1","libblkid1","libbz2-1.0","libc-bin","libc6","libcap-ng0","libcom-err2","libdb5.3","libdebconfclient0","libext2fs2","libfdisk1","libffi6","libgcc1","libgcrypt20","libgmp10","libgnutls30","libgpg-error0","libhogweed4","libidn2-0","liblz4-1","liblzma5","libmount1","libncurses5","libncursesw5","libnettle6","libp11-kit0","libpam-modules","libpam-modules-bin","libpam-runtime","libpam0g","libpcre3","libprocps6","libseccomp2","libselinux1","libsemanage-common","libsemanage1","libsepol1","libsmartcols1","libss2","libssl1.1","libstdc++6","libsystemd0","libtasn1-6","libtinfo5","libudev1","libunistring2","libuuid1","libyaml-0-2","libzstd1","locales","login","lsb-base","mawk","mount","ncurses-base","ncurses-bin","netbase","openssl","passwd","perl-base","procps","sed","sensible-utils","sysvinit-utils","tar","tzdata","ubuntu-keyring","util-linux","zlib1g","build:binutils","build:binutils-common","build:binutils-x86-64-linux-gnu","build:build-essential","build:cpp","build:cpp-7","build:curl","build:dpkg-dev","build:g++","build:g++-7","build:gcc","build:gcc-7","build:gcc-7-base","build:git","build:git-man","build:jq","build:libasan4","build:libasn1-8-heimdal","build:libatomic1","build:libbinutils","build:libc-dev-bin","build:libc6-dev","build:libcc1-0","build:libcilkrts5","build:libcurl3-gnutls","build:libcurl4","build:libdpkg-perl","build:liberror-perl","build:libexpat1","build:libgcc-7-dev","build:libgdbm-compat4","build:libgdbm5","build:libgmp-dev","build:libgmpxx4ldbl","build:libgomp1","build:libgssapi-krb5-2","build:libgssapi3-heimdal","build:libhcrypto4-heimdal","build:libheimbase1-heimdal","build:libheimntlm0-heimdal","build:libhx509-5-heimdal","build:libisl19","build:libitm1","build:libjq1","build:libk5crypto3","build:libkeyutils1","build:libkrb5-26-heimdal","build:libkrb5-3","build:libkrb5support0","build:libldap-2.4-2","build:libldap-common","build:liblsan0","build:libmpc3","build:libmpfr6","build:libmpx2","build:libnghttp2-14","build:libonig4","build:libperl5.26","build:libpsl5","build:libquadmath0","build:libroken18-heimdal","build:librtmp1","build:libsasl2-2","build:libsasl2-modules-db","build:libsqlite3-0","build:libstdc++-7-dev","build:libtsan0","build:libubsan0","build:libwind0-heimdal","build:linux-libc-dev","build:make","build:patch","build:perl","build:perl-modules-5.26","build:xz-utils","build:zlib1g-dev"], io.buildpacks.stack.released=2021-03-25T16:03:09Z, io.paketo.stack.packages=[{"name":"adduser","version":"3.116ubuntu1","arch":"all","source":{"name":"adduser","version":"3.116ubuntu1","upstreamVersion":"3.116ubuntu1"},"summary":"add and remove users and groups"},{"name":"apt","version":"1.6.12ubuntu0.2","arch":"amd64","source":{"name":"apt","version":"1.6.12ubuntu0.2","upstreamVersion":"1.6.12ubuntu0.2"},"summary":"commandline package manager"},{"name":"base-files","version":"10.1ubuntu2.10","arch":"amd64","source":{"name":"base-files","version":"10.1ubuntu2.10","upstreamVersion":"10.1ubuntu2.10"},"summary":"Debian base system miscellaneous files"},{"name":"base-passwd","version":"3.5.44","arch":"amd64","source":{"name":"base-passwd","version":"3.5.44","upstreamVersion":"3.5.44"},"summary":"Debian base system master password and group files"},{"name":"bash","version":"4.4.18-2ubuntu1.2","arch":"amd64","source":{"name":"bash","version":"4.4.18-2ubuntu1.2","upstreamVersion":"4.4.18"},"summary":"GNU Bourne Again SHell"},{"name":"binutils","version":"2.30-21ubuntu1~18.04.5","arch":"amd64","source":{"name":"binutils","version":"2.30-21ubuntu1~18.04.5","upstreamVersion":"2.30"},"summary":"GNU assembler, linker and binary utilities"},{"name":"binutils-common:amd64","version":"2.30-21ubuntu1~18.04.5","arch":"amd64","source":{"name":"binutils","version":"2.30-21ubuntu1~18.04.5","upstreamVersion":"2.30"},"summary":"Common files for the GNU assembler, linker and binary utilities"},{"name":"binutils-x86-64-linux-gnu","version":"2.30-21ubuntu1~18.04.5","arch":"amd64","source":{"name":"binutils","version":"2.30-21ubuntu1~18.04.5","upstreamVersion":"2.30"},"summary":"GNU binary utilities, for x86-64-linux-gnu target"},{"name":"bsdutils","version":"1:2.31.1-0.4ubuntu3.7","arch":"amd64","source":{"name":"util-linux","version":"2.31.1-0.4ubuntu3.7","upstreamVersion":"2.31.1"},"summary":"basic utilities from 4.4BSD-Lite"},{"name":"build-essential","version":"12.4ubuntu1","arch":"amd64","source":{"name":"build-essential","version":"12.4ubuntu1","upstreamVersion":"12.4ubuntu1"},"summary":"Informational list of build-essential packages"},{"name":"bzip2","version":"1.0.6-8.1ubuntu0.2","arch":"amd64","source":{"name":"bzip2","version":"1.0.6-8.1ubuntu0.2","upstreamVersion":"1.0.6"},"summary":"high-quality block-sorting file compressor - utilities"},{"name":"ca-certificates","version":"20210119~18.04.1","arch":"all","source":{"name":"ca-certificates","version":"20210119~18.04.1","upstreamVersion":"20210119~18.04.1"},"summary":"Common CA certificates"},{"name":"coreutils","version":"8.28-1ubuntu1","arch":"amd64","source":{"name":"coreutils","version":"8.28-1ubuntu1","upstreamVersion":"8.28"},"summary":"GNU core utilities"},{"name":"cpp","version":"4:7.4.0-1ubuntu2.3","arch":"amd64","source":{"name":"gcc-defaults","version":"1.176ubuntu2.3","upstreamVersion":"1.176ubuntu2.3"},"summary":"GNU C preprocessor (cpp)"},{"name":"cpp-7","version":"7.5.0-3ubuntu1~18.04","arch":"amd64","source":{"name":"gcc-7","version":"7.5.0-3ubuntu1~18.04","upstreamVersion":"7.5.0"},"summary":"GNU C preprocessor"},{"name":"curl","version":"7.58.0-2ubuntu3.12","arch":"amd64","source":{"name":"curl","version":"7.58.0-2ubuntu3.12","upstreamVersion":"7.58.0"},"summary":"command line tool for transferring data with URL syntax"},{"name":"dash","version":"0.5.8-2.10","arch":"amd64","source":{"name":"dash","version":"0.5.8-2.10","upstreamVersion":"0.5.8"},"summary":"POSIX-compliant shell"},{"name":"debconf","version":"1.5.66ubuntu1","arch":"all","source":{"name":"debconf","version":"1.5.66ubuntu1","upstreamVersion":"1.5.66ubuntu1"},"summary":"Debian configuration management system"},{"name":"debianutils","version":"4.8.4","arch":"amd64","source":{"name":"debianutils","version":"4.8.4","upstreamVersion":"4.8.4"},"summary":"Miscellaneous utilities specific to Debian"},{"name":"diffutils","version":"1:3.6-1","arch":"amd64","source":{"name":"diffutils","version":"1:3.6-1","upstreamVersion":"3.6"},"summary":"File comparison utilities"},{"name":"dpkg","version":"1.19.0.5ubuntu2.3","arch":"amd64","source":{"name":"dpkg","version":"1.19.0.5ubuntu2.3","upstreamVersion":"1.19.0.5ubuntu2.3"},"summary":"Debian package management system"},{"name":"dpkg-dev","version":"1.19.0.5ubuntu2.3","arch":"all","source":{"name":"dpkg","version":"1.19.0.5ubuntu2.3","upstreamVersion":"1.19.0.5ubuntu2.3"},"summary":"Debian package development tools"},{"name":"e2fsprogs","version":"1.44.1-1ubuntu1.3","arch":"amd64","source":{"name":"e2fsprogs","version":"1.44.1-1ubuntu1.3","upstreamVersion":"1.44.1"},"summary":"ext2/ext3/ext4 file system utilities"},{"name":"fdisk","version":"2.31.1-0.4ubuntu3.7","arch":"amd64","source":{"name":"util-linux","version":"2.31.1-0.4ubuntu3.7","upstreamVersion":"2.31.1"},"summary":"collection of partitioning utilities"},{"name":"findutils","version":"4.6.0+git+20170828-2","arch":"amd64","source":{"name":"findutils","version":"4.6.0+git+20170828-2","upstreamVersion":"4.6.0+git+20170828"},"summary":"utilities for finding files--find, xargs"},{"name":"g++","version":"4:7.4.0-1ubuntu2.3","arch":"amd64","source":{"name":"gcc-defaults","version":"1.176ubuntu2.3","upstreamVersion":"1.176ubuntu2.3"},"summary":"GNU C++ compiler"},{"name":"g++-7","version":"7.5.0-3ubuntu1~18.04","arch":"amd64","source":{"name":"gcc-7","version":"7.5.0-3ubuntu1~18.04","upstreamVersion":"7.5.0"},"summary":"GNU C++ compiler"},{"name":"gcc","version":"4:7.4.0-1ubuntu2.3","arch":"amd64","source":{"name":"gcc-defaults","version":"1.176ubuntu2.3","upstreamVersion":"1.176ubuntu2.3"},"summary":"GNU C compiler"},{"name":"gcc-7","version":"7.5.0-3ubuntu1~18.04","arch":"amd64","source":{"name":"gcc-7","version":"7.5.0-3ubuntu1~18.04","upstreamVersion":"7.5.0"},"summary":"GNU C compiler"},{"name":"gcc-7-base:amd64","version":"7.5.0-3ubuntu1~18.04","arch":"amd64","source":{"name":"gcc-7","version":"7.5.0-3ubuntu1~18.04","upstreamVersion":"7.5.0"},"summary":"GCC, the GNU Compiler Collection (base package)"},{"name":"gcc-8-base:amd64","version":"8.4.0-1ubuntu1~18.04","arch":"amd64","source":{"name":"gcc-8","version":"8.4.0-1ubuntu1~18.04","upstreamVersion":"8.4.0"},"summary":"GCC, the GNU Compiler Collection (base package)"},{"name":"git","version":"1:2.17.1-1ubuntu0.8","arch":"amd64","source":{"name":"git","version":"1:2.17.1-1ubuntu0.8","upstreamVersion":"2.17.1"},"summary":"fast, scalable, distributed revision control system"},{"name":"git-man","version":"1:2.17.1-1ubuntu0.8","arch":"all","source":{"name":"git","version":"1:2.17.1-1ubuntu0.8","upstreamVersion":"2.17.1"},"summary":"fast, scalable, distributed revision control system (manual pages)"},{"name":"gpgv","version":"2.2.4-1ubuntu1.4","arch":"amd64","source":{"name":"gnupg2","version":"2.2.4-1ubuntu1.4","upstreamVersion":"2.2.4"},"summary":"GNU privacy guard - signature verification tool"},{"name":"grep","version":"3.1-2build1","arch":"amd64","source":{"name":"grep","version":"3.1-2build1","upstreamVersion":"3.1"},"summary":"GNU grep, egrep and fgrep"},{"name":"gzip","version":"1.6-5ubuntu1","arch":"amd64","source":{"name":"gzip","version":"1.6-5ubuntu1","upstreamVersion":"1.6"},"summary":"GNU compression utilities"},{"name":"hostname","version":"3.20","arch":"amd64","source":{"name":"hostname","version":"3.20","upstreamVersion":"3.20"},"summary":"utility to set/show the host name or domain name"},{"name":"init-system-helpers","version":"1.51","arch":"all","source":{"name":"init-system-helpers","version":"1.51","upstreamVersion":"1.51"},"summary":"helper tools for all init systems"},{"name":"jq","version":"1.5+dfsg-2","arch":"amd64","source":{"name":"jq","version":"1.5+dfsg-2","upstreamVersion":"1.5+dfsg"},"summary":"lightweight and flexible command-line JSON processor"},{"name":"libacl1:amd64","version":"2.2.52-3build1","arch":"amd64","source":{"name":"acl","version":"2.2.52-3build1","upstreamVersion":"2.2.52"},"summary":"Access control list shared library"},{"name":"libapt-pkg5.0:amd64","version":"1.6.12ubuntu0.2","arch":"amd64","source":{"name":"apt","version":"1.6.12ubuntu0.2","upstreamVersion":"1.6.12ubuntu0.2"},"summary":"package management runtime library"},{"name":"libasan4:amd64","version":"7.5.0-3ubuntu1~18.04","arch":"amd64","source":{"name":"gcc-7","version":"7.5.0-3ubuntu1~18.04","upstreamVersion":"7.5.0"},"summary":"AddressSanitizer -- a fast memory error detector"},{"name":"libasn1-8-heimdal:amd64","version":"7.5.0+dfsg-1","arch":"amd64","source":{"name":"heimdal","version":"7.5.0+dfsg-1","upstreamVersion":"7.5.0+dfsg"},"summary":"Heimdal Kerberos - ASN.1 library"},{"name":"libatomic1:amd64","version":"8.4.0-1ubuntu1~18.04","arch":"amd64","source":{"name":"gcc-8","version":"8.4.0-1ubuntu1~18.04","upstreamVersion":"8.4.0"},"summary":"support library providing __atomic built-in functions"},{"name":"libattr1:amd64","version":"1:2.4.47-2build1","arch":"amd64","source":{"name":"attr","version":"1:2.4.47-2build1","upstreamVersion":"2.4.47"},"summary":"Extended attribute shared library"},{"name":"libaudit-common","version":"1:2.8.2-1ubuntu1.1","arch":"all","source":{"name":"audit","version":"1:2.8.2-1ubuntu1.1","upstreamVersion":"2.8.2"},"summary":"Dynamic library for security auditing - common files"},{"name":"libaudit1:amd64","version":"1:2.8.2-1ubuntu1.1","arch":"amd64","source":{"name":"audit","version":"1:2.8.2-1ubuntu1.1","upstreamVersion":"2.8.2"},"summary":"Dynamic library for security auditing"},{"name":"libbinutils:amd64","version":"2.30-21ubuntu1~18.04.5","arch":"amd64","source":{"name":"binutils","version":"2.30-21ubuntu1~18.04.5","upstreamVersion":"2.30"},"summary":"GNU binary utilities (private shared library)"},{"name":"libblkid1:amd64","version":"2.31.1-0.4ubuntu3.7","arch":"amd64","source":{"name":"util-linux","version":"2.31.1-0.4ubuntu3.7","upstreamVersion":"2.31.1"},"summary":"block device ID library"},{"name":"libbz2-1.0:amd64","version":"1.0.6-8.1ubuntu0.2","arch":"amd64","source":{"name":"bzip2","version":"1.0.6-8.1ubuntu0.2","upstreamVersion":"1.0.6"},"summary":"high-quality block-sorting file compressor library - runtime"},{"name":"libc-bin","version":"2.27-3ubuntu1.4","arch":"amd64","source":{"name":"glibc","version":"2.27-3ubuntu1.4","upstreamVersion":"2.27"},"summary":"GNU C Library: Binaries"},{"name":"libc-dev-bin","version":"2.27-3ubuntu1.4","arch":"amd64","source":{"name":"glibc","version":"2.27-3ubuntu1.4","upstreamVersion":"2.27"},"summary":"GNU C Library: Development binaries"},{"name":"libc6:amd64","version":"2.27-3ubuntu1.4","arch":"amd64","source":{"name":"glibc","version":"2.27-3ubuntu1.4","upstreamVersion":"2.27"},"summary":"GNU C Library: Shared libraries"},{"name":"libc6-dev:amd64","version":"2.27-3ubuntu1.4","arch":"amd64","source":{"name":"glibc","version":"2.27-3ubuntu1.4","upstreamVersion":"2.27"},"summary":"GNU C Library: Development Libraries and Header Files"},{"name":"libcap-ng0:amd64","version":"0.7.7-3.1","arch":"amd64","source":{"name":"libcap-ng","version":"0.7.7-3.1","upstreamVersion":"0.7.7"},"summary":"An alternate POSIX capabilities library"},{"name":"libcc1-0:amd64","version":"8.4.0-1ubuntu1~18.04","arch":"amd64","source":{"name":"gcc-8","version":"8.4.0-1ubuntu1~18.04","upstreamVersion":"8.4.0"},"summary":"GCC cc1 plugin for GDB"},{"name":"libcilkrts5:amd64","version":"7.5.0-3ubuntu1~18.04","arch":"amd64","source":{"name":"gcc-7","version":"7.5.0-3ubuntu1~18.04","upstreamVersion":"7.5.0"},"summary":"Intel Cilk Plus language extensions (runtime)"},{"name":"libcom-err2:amd64","version":"1.44.1-1ubuntu1.3","arch":"amd64","source":{"name":"e2fsprogs","version":"1.44.1-1ubuntu1.3","upstreamVersion":"1.44.1"},"summary":"common error description library"},{"name":"libcurl3-gnutls:amd64","version":"7.58.0-2ubuntu3.12","arch":"amd64","source":{"name":"curl","version":"7.58.0-2ubuntu3.12","upstreamVersion":"7.58.0"},"summary":"easy-to-use client-side URL transfer library (GnuTLS flavour)"},{"name":"libcurl4:amd64","version":"7.58.0-2ubuntu3.12","arch":"amd64","source":{"name":"curl","version":"7.58.0-2ubuntu3.12","upstreamVersion":"7.58.0"},"summary":"easy-to-use client-side URL transfer library (OpenSSL flavour)"},{"name":"libdb5.3:amd64","version":"5.3.28-13.1ubuntu1.1","arch":"amd64","source":{"name":"db5.3","version":"5.3.28-13.1ubuntu1.1","upstreamVersion":"5.3.28"},"summary":"Berkeley v5.3 Database Libraries [runtime]"},{"name":"libdebconfclient0:amd64","version":"0.213ubuntu1","arch":"amd64","source":{"name":"cdebconf","version":"0.213ubuntu1","upstreamVersion":"0.213ubuntu1"},"summary":"Debian Configuration Management System (C-implementation library)"},{"name":"libdpkg-perl","version":"1.19.0.5ubuntu2.3","arch":"all","source":{"name":"dpkg","version":"1.19.0.5ubuntu2.3","upstreamVersion":"1.19.0.5ubuntu2.3"},"summary":"Dpkg perl modules"},{"name":"liberror-perl","version":"0.17025-1","arch":"all","source":{"name":"liberror-perl","version":"0.17025-1","upstreamVersion":"0.17025"},"summary":"Perl module for error/exception handling in an OO-ish way"},{"name":"libexpat1:amd64","version":"2.2.5-3ubuntu0.2","arch":"amd64","source":{"name":"expat","version":"2.2.5-3ubuntu0.2","upstreamVersion":"2.2.5"},"summary":"XML parsing C library - runtime library"},{"name":"libext2fs2:amd64","version":"1.44.1-1ubuntu1.3","arch":"amd64","source":{"name":"e2fsprogs","version":"1.44.1-1ubuntu1.3","upstreamVersion":"1.44.1"},"summary":"ext2/ext3/ext4 file system libraries"},{"name":"libfdisk1:amd64","version":"2.31.1-0.4ubuntu3.7","arch":"amd64","source":{"name":"util-linux","version":"2.31.1-0.4ubuntu3.7","upstreamVersion":"2.31.1"},"summary":"fdisk partitioning library"},{"name":"libffi6:amd64","version":"3.2.1-8","arch":"amd64","source":{"name":"libffi","version":"3.2.1-8","upstreamVersion":"3.2.1"},"summary":"Foreign Function Interface library runtime"},{"name":"libgcc-7-dev:amd64","version":"7.5.0-3ubuntu1~18.04","arch":"amd64","source":{"name":"gcc-7","version":"7.5.0-3ubuntu1~18.04","upstreamVersion":"7.5.0"},"summary":"GCC support library (development files)"},{"name":"libgcc1:amd64","version":"1:8.4.0-1ubuntu1~18.04","arch":"amd64","source":{"name":"gcc-8","version":"8.4.0-1ubuntu1~18.04","upstreamVersion":"8.4.0"},"summary":"GCC support library"},{"name":"libgcrypt20:amd64","version":"1.8.1-4ubuntu1.2","arch":"amd64","source":{"name":"libgcrypt20","version":"1.8.1-4ubuntu1.2","upstreamVersion":"1.8.1"},"summary":"LGPL Crypto library - runtime library"},{"name":"libgdbm-compat4:amd64","version":"1.14.1-6","arch":"amd64","source":{"name":"gdbm","version":"1.14.1-6","upstreamVersion":"1.14.1"},"summary":"GNU dbm database routines (legacy support runtime version)"},{"name":"libgdbm5:amd64","version":"1.14.1-6","arch":"amd64","source":{"name":"gdbm","version":"1.14.1-6","upstreamVersion":"1.14.1"},"summary":"GNU dbm database routines (runtime version)"},{"name":"libgmp-dev:amd64","version":"2:6.1.2+dfsg-2","arch":"amd64","source":{"name":"gmp","version":"2:6.1.2+dfsg-2","upstreamVersion":"6.1.2+dfsg"},"summary":"Multiprecision arithmetic library developers tools"},{"name":"libgmp10:amd64","version":"2:6.1.2+dfsg-2","arch":"amd64","source":{"name":"gmp","version":"2:6.1.2+dfsg-2","upstreamVersion":"6.1.2+dfsg"},"summary":"Multiprecision arithmetic library"},{"name":"libgmpxx4ldbl:amd64","version":"2:6.1.2+dfsg-2","arch":"amd64","source":{"name":"gmp","version":"2:6.1.2+dfsg-2","upstreamVersion":"6.1.2+dfsg"},"summary":"Multiprecision arithmetic library (C++ bindings)"},{"name":"libgnutls30:amd64","version":"3.5.18-1ubuntu1.4","arch":"amd64","source":{"name":"gnutls28","version":"3.5.18-1ubuntu1.4","upstreamVersion":"3.5.18"},"summary":"GNU TLS library - main runtime library"},{"name":"libgomp1:amd64","version":"8.4.0-1ubuntu1~18.04","arch":"amd64","source":{"name":"gcc-8","version":"8.4.0-1ubuntu1~18.04","upstreamVersion":"8.4.0"},"summary":"GCC OpenMP (GOMP) support library"},{"name":"libgpg-error0:amd64","version":"1.27-6","arch":"amd64","source":{"name":"libgpg-error","version":"1.27-6","upstreamVersion":"1.27"},"summary":"library for common error values and messages in GnuPG components"},{"name":"libgssapi-krb5-2:amd64","version":"1.16-2ubuntu0.2","arch":"amd64","source":{"name":"krb5","version":"1.16-2ubuntu0.2","upstreamVersion":"1.16"},"summary":"MIT Kerberos runtime libraries - krb5 GSS-API Mechanism"},{"name":"libgssapi3-heimdal:amd64","version":"7.5.0+dfsg-1","arch":"amd64","source":{"name":"heimdal","version":"7.5.0+dfsg-1","upstreamVersion":"7.5.0+dfsg"},"summary":"Heimdal Kerberos - GSSAPI support library"},{"name":"libhcrypto4-heimdal:amd64","version":"7.5.0+dfsg-1","arch":"amd64","source":{"name":"heimdal","version":"7.5.0+dfsg-1","upstreamVersion":"7.5.0+dfsg"},"summary":"Heimdal Kerberos - crypto library"},{"name":"libheimbase1-heimdal:amd64","version":"7.5.0+dfsg-1","arch":"amd64","source":{"name":"heimdal","version":"7.5.0+dfsg-1","upstreamVersion":"7.5.0+dfsg"},"summary":"Heimdal Kerberos - Base library"},{"name":"libheimntlm0-heimdal:amd64","version":"7.5.0+dfsg-1","arch":"amd64","source":{"name":"heimdal","version":"7.5.0+dfsg-1","upstreamVersion":"7.5.0+dfsg"},"summary":"Heimdal Kerberos - NTLM support library"},{"name":"libhogweed4:amd64","version":"3.4-1","arch":"amd64","source":{"name":"nettle","version":"3.4-1","upstreamVersion":"3.4"},"summary":"low level cryptographic library (public-key cryptos)"},{"name":"libhx509-5-heimdal:amd64","version":"7.5.0+dfsg-1","arch":"amd64","source":{"name":"heimdal","version":"7.5.0+dfsg-1","upstreamVersion":"7.5.0+dfsg"},"summary":"Heimdal Kerberos - X509 support library"},{"name":"libidn2-0:amd64","version":"2.0.4-1.1ubuntu0.2","arch":"amd64","source":{"name":"libidn2","version":"2.0.4-1.1ubuntu0.2","upstreamVersion":"2.0.4"},"summary":"Internationalized domain names (IDNA2008/TR46) library"},{"name":"libisl19:amd64","version":"0.19-1","arch":"amd64","source":{"name":"isl","version":"0.19-1","upstreamVersion":"0.19"},"summary":"manipulating sets and relations of integer points bounded by linear constraints"},{"name":"libitm1:amd64","version":"8.4.0-1ubuntu1~18.04","arch":"amd64","source":{"name":"gcc-8","version":"8.4.0-1ubuntu1~18.04","upstreamVersion":"8.4.0"},"summary":"GNU Transactional Memory Library"},{"name":"libjq1:amd64","version":"1.5+dfsg-2","arch":"amd64","source":{"name":"jq","version":"1.5+dfsg-2","upstreamVersion":"1.5+dfsg"},"summary":"lightweight and flexible command-line JSON processor - shared library"},{"name":"libk5crypto3:amd64","version":"1.16-2ubuntu0.2","arch":"amd64","source":{"name":"krb5","version":"1.16-2ubuntu0.2","upstreamVersion":"1.16"},"summary":"MIT Kerberos runtime libraries - Crypto Library"},{"name":"libkeyutils1:amd64","version":"1.5.9-9.2ubuntu2","arch":"amd64","source":{"name":"keyutils","version":"1.5.9-9.2ubuntu2","upstreamVersion":"1.5.9"},"summary":"Linux Key Management Utilities (library)"},{"name":"libkrb5-26-heimdal:amd64","version":"7.5.0+dfsg-1","arch":"amd64","source":{"name":"heimdal","version":"7.5.0+dfsg-1","upstreamVersion":"7.5.0+dfsg"},"summary":"Heimdal Kerberos - libraries"},{"name":"libkrb5-3:amd64","version":"1.16-2ubuntu0.2","arch":"amd64","source":{"name":"krb5","version":"1.16-2ubuntu0.2","upstreamVersion":"1.16"},"summary":"MIT Kerberos runtime libraries"},{"name":"libkrb5support0:amd64","version":"1.16-2ubuntu0.2","arch":"amd64","source":{"name":"krb5","version":"1.16-2ubuntu0.2","upstreamVersion":"1.16"},"summary":"MIT Kerberos runtime libraries - Support library"},{"name":"libldap-2.4-2:amd64","version":"2.4.45+dfsg-1ubuntu1.10","arch":"amd64","source":{"name":"openldap","version":"2.4.45+dfsg-1ubuntu1.10","upstreamVersion":"2.4.45+dfsg"},"summary":"OpenLDAP libraries"},{"name":"libldap-common","version":"2.4.45+dfsg-1ubuntu1.10","arch":"all","source":{"name":"openldap","version":"2.4.45+dfsg-1ubuntu1.10","upstreamVersion":"2.4.45+dfsg"},"summary":"OpenLDAP common files for libraries"},{"name":"liblsan0:amd64","version":"8.4.0-1ubuntu1~18.04","arch":"amd64","source":{"name":"gcc-8","version":"8.4.0-1ubuntu1~18.04","upstreamVersion":"8.4.0"},"summary":"LeakSanitizer -- a memory leak detector (runtime)"},{"name":"liblz4-1:amd64","version":"0.0~r131-2ubuntu3","arch":"amd64","source":{"name":"lz4","version":"0.0~r131-2ubuntu3","upstreamVersion":"0.0~r131"},"summary":"Fast LZ compression algorithm library - runtime"},{"name":"liblzma5:amd64","version":"5.2.2-1.3","arch":"amd64","source":{"name":"xz-utils","version":"5.2.2-1.3","upstreamVersion":"5.2.2"},"summary":"XZ-format compression library"},{"name":"libmount1:amd64","version":"2.31.1-0.4ubuntu3.7","arch":"amd64","source":{"name":"util-linux","version":"2.31.1-0.4ubuntu3.7","upstreamVersion":"2.31.1"},"summary":"device mounting library"},{"name":"libmpc3:amd64","version":"1.1.0-1","arch":"amd64","source":{"name":"mpclib3","version":"1.1.0-1","upstreamVersion":"1.1.0"},"summary":"multiple precision complex floating-point library"},{"name":"libmpfr6:amd64","version":"4.0.1-1","arch":"amd64","source":{"name":"mpfr4","version":"4.0.1-1","upstreamVersion":"4.0.1"},"summary":"multiple precision floating-point computation"},{"name":"libmpx2:amd64","version":"8.4.0-1ubuntu1~18.04","arch":"amd64","source":{"name":"gcc-8","version":"8.4.0-1ubuntu1~18.04","upstreamVersion":"8.4.0"},"summary":"Intel memory protection extensions (runtime)"},{"name":"libncurses5:amd64","version":"6.1-1ubuntu1.18.04","arch":"amd64","source":{"name":"ncurses","version":"6.1-1ubuntu1.18.04","upstreamVersion":"6.1"},"summary":"shared libraries for terminal handling"},{"name":"libncursesw5:amd64","version":"6.1-1ubuntu1.18.04","arch":"amd64","source":{"name":"ncurses","version":"6.1-1ubuntu1.18.04","upstreamVersion":"6.1"},"summary":"shared libraries for terminal handling (wide character support)"},{"name":"libnettle6:amd64","version":"3.4-1","arch":"amd64","source":{"name":"nettle","version":"3.4-1","upstreamVersion":"3.4"},"summary":"low level cryptographic library (symmetric and one-way cryptos)"},{"name":"libnghttp2-14:amd64","version":"1.30.0-1ubuntu1","arch":"amd64","source":{"name":"nghttp2","version":"1.30.0-1ubuntu1","upstreamVersion":"1.30.0"},"summary":"library implementing HTTP/2 protocol (shared library)"},{"name":"libonig4:amd64","version":"6.7.0-1","arch":"amd64","source":{"name":"libonig","version":"6.7.0-1","upstreamVersion":"6.7.0"},"summary":"regular expressions library"},{"name":"libp11-kit0:amd64","version":"0.23.9-2ubuntu0.1","arch":"amd64","source":{"name":"p11-kit","version":"0.23.9-2ubuntu0.1","upstreamVersion":"0.23.9"},"summary":"library for loading and coordinating access to PKCS#11 modules - runtime"},{"name":"libpam-modules:amd64","version":"1.1.8-3.6ubuntu2.18.04.2","arch":"amd64","source":{"name":"pam","version":"1.1.8-3.6ubuntu2.18.04.2","upstreamVersion":"1.1.8"},"summary":"Pluggable Authentication Modules for PAM"},{"name":"libpam-modules-bin","version":"1.1.8-3.6ubuntu2.18.04.2","arch":"amd64","source":{"name":"pam","version":"1.1.8-3.6ubuntu2.18.04.2","upstreamVersion":"1.1.8"},"summary":"Pluggable Authentication Modules for PAM - helper binaries"},{"name":"libpam-runtime","version":"1.1.8-3.6ubuntu2.18.04.2","arch":"all","source":{"name":"pam","version":"1.1.8-3.6ubuntu2.18.04.2","upstreamVersion":"1.1.8"},"summary":"Runtime support for the PAM library"},{"name":"libpam0g:amd64","version":"1.1.8-3.6ubuntu2.18.04.2","arch":"amd64","source":{"name":"pam","version":"1.1.8-3.6ubuntu2.18.04.2","upstreamVersion":"1.1.8"},"summary":"Pluggable Authentication Modules library"},{"name":"libpcre3:amd64","version":"2:8.39-9","arch":"amd64","source":{"name":"pcre3","version":"2:8.39-9","upstreamVersion":"8.39"},"summary":"Old Perl 5 Compatible Regular Expression Library - runtime files"},{"name":"libperl5.26:amd64","version":"5.26.1-6ubuntu0.5","arch":"amd64","source":{"name":"perl","version":"5.26.1-6ubuntu0.5","upstreamVersion":"5.26.1"},"summary":"shared Perl library"},{"name":"libprocps6:amd64","version":"2:3.3.12-3ubuntu1.2","arch":"amd64","source":{"name":"procps","version":"2:3.3.12-3ubuntu1.2","upstreamVersion":"3.3.12"},"summary":"library for accessing process information from /proc"},{"name":"libpsl5:amd64","version":"0.19.1-5build1","arch":"amd64","source":{"name":"libpsl","version":"0.19.1-5build1","upstreamVersion":"0.19.1"},"summary":"Library for Public Suffix List (shared libraries)"},{"name":"libquadmath0:amd64","version":"8.4.0-1ubuntu1~18.04","arch":"amd64","source":{"name":"gcc-8","version":"8.4.0-1ubuntu1~18.04","upstreamVersion":"8.4.0"},"summary":"GCC Quad-Precision Math Library"},{"name":"libroken18-heimdal:amd64","version":"7.5.0+dfsg-1","arch":"amd64","source":{"name":"heimdal","version":"7.5.0+dfsg-1","upstreamVersion":"7.5.0+dfsg"},"summary":"Heimdal Kerberos - roken support library"},{"name":"librtmp1:amd64","version":"2.4+20151223.gitfa8646d.1-1","arch":"amd64","source":{"name":"rtmpdump","version":"2.4+20151223.gitfa8646d.1-1","upstreamVersion":"2.4+20151223.gitfa8646d.1"},"summary":"toolkit for RTMP streams (shared library)"},{"name":"libsasl2-2:amd64","version":"2.1.27~101-g0780600+dfsg-3ubuntu2.3","arch":"amd64","source":{"name":"cyrus-sasl2","version":"2.1.27~101-g0780600+dfsg-3ubuntu2.3","upstreamVersion":"2.1.27~101-g0780600+dfsg"},"summary":"Cyrus SASL - authentication abstraction library"},{"name":"libsasl2-modules-db:amd64","version":"2.1.27~101-g0780600+dfsg-3ubuntu2.3","arch":"amd64","source":{"name":"cyrus-sasl2","version":"2.1.27~101-g0780600+dfsg-3ubuntu2.3","upstreamVersion":"2.1.27~101-g0780600+dfsg"},"summary":"Cyrus SASL - pluggable authentication modules (DB)"},{"name":"libseccomp2:amd64","version":"2.4.3-1ubuntu3.18.04.3","arch":"amd64","source":{"name":"libseccomp","version":"2.4.3-1ubuntu3.18.04.3","upstreamVersion":"2.4.3"},"summary":"high level interface to Linux seccomp filter"},{"name":"libselinux1:amd64","version":"2.7-2build2","arch":"amd64","source":{"name":"libselinux","version":"2.7-2build2","upstreamVersion":"2.7"},"summary":"SELinux runtime shared libraries"},{"name":"libsemanage-common","version":"2.7-2build2","arch":"all","source":{"name":"libsemanage","version":"2.7-2build2","upstreamVersion":"2.7"},"summary":"Common files for SELinux policy management libraries"},{"name":"libsemanage1:amd64","version":"2.7-2build2","arch":"amd64","source":{"name":"libsemanage","version":"2.7-2build2","upstreamVersion":"2.7"},"summary":"SELinux policy management library"},{"name":"libsepol1:amd64","version":"2.7-1","arch":"amd64","source":{"name":"libsepol","version":"2.7-1","upstreamVersion":"2.7"},"summary":"SELinux library for manipulating binary security policies"},{"name":"libsmartcols1:amd64","version":"2.31.1-0.4ubuntu3.7","arch":"amd64","source":{"name":"util-linux","version":"2.31.1-0.4ubuntu3.7","upstreamVersion":"2.31.1"},"summary":"smart column output alignment library"},{"name":"libsqlite3-0:amd64","version":"3.22.0-1ubuntu0.4","arch":"amd64","source":{"name":"sqlite3","version":"3.22.0-1ubuntu0.4","upstreamVersion":"3.22.0"},"summary":"SQLite 3 shared library"},{"name":"libss2:amd64","version":"1.44.1-1ubuntu1.3","arch":"amd64","source":{"name":"e2fsprogs","version":"1.44.1-1ubuntu1.3","upstreamVersion":"1.44.1"},"summary":"command-line interface parsing library"},{"name":"libssl1.1:amd64","version":"1.1.1-1ubuntu2.1~18.04.9","arch":"amd64","source":{"name":"openssl","version":"1.1.1-1ubuntu2.1~18.04.9","upstreamVersion":"1.1.1"},"summary":"Secure Sockets Layer toolkit - shared libraries"},{"name":"libstdc++-7-dev:amd64","version":"7.5.0-3ubuntu1~18.04","arch":"amd64","source":{"name":"gcc-7","version":"7.5.0-3ubuntu1~18.04","upstreamVersion":"7.5.0"},"summary":"GNU Standard C++ Library v3 (development files)"},{"name":"libstdc++6:amd64","version":"8.4.0-1ubuntu1~18.04","arch":"amd64","source":{"name":"gcc-8","version":"8.4.0-1ubuntu1~18.04","upstreamVersion":"8.4.0"},"summary":"GNU Standard C++ Library v3"},{"name":"libsystemd0:amd64","version":"237-3ubuntu10.45","arch":"amd64","source":{"name":"systemd","version":"237-3ubuntu10.45","upstreamVersion":"237"},"summary":"systemd utility library"},{"name":"libtasn1-6:amd64","version":"4.13-2","arch":"amd64","source":{"name":"libtasn1-6","version":"4.13-2","upstreamVersion":"4.13"},"summary":"Manage ASN.1 structures (runtime)"},{"name":"libtinfo5:amd64","version":"6.1-1ubuntu1.18.04","arch":"amd64","source":{"name":"ncurses","version":"6.1-1ubuntu1.18.04","upstreamVersion":"6.1"},"summary":"shared low-level terminfo library for terminal handling"},{"name":"libtsan0:amd64","version":"8.4.0-1ubuntu1~18.04","arch":"amd64","source":{"name":"gcc-8","version":"8.4.0-1ubuntu1~18.04","upstreamVersion":"8.4.0"},"summary":"ThreadSanitizer -- a Valgrind-based detector of data races (runtime)"},{"name":"libubsan0:amd64","version":"7.5.0-3ubuntu1~18.04","arch":"amd64","source":{"name":"gcc-7","version":"7.5.0-3ubuntu1~18.04","upstreamVersion":"7.5.0"},"summary":"UBSan -- undefined behaviour sanitizer (runtime)"},{"name":"libudev1:amd64","version":"237-3ubuntu10.45","arch":"amd64","source":{"name":"systemd","version":"237-3ubuntu10.45","upstreamVersion":"237"},"summary":"libudev shared library"},{"name":"libunistring2:amd64","version":"0.9.9-0ubuntu2","arch":"amd64","source":{"name":"libunistring","version":"0.9.9-0ubuntu2","upstreamVersion":"0.9.9"},"summary":"Unicode string library for C"},{"name":"libuuid1:amd64","version":"2.31.1-0.4ubuntu3.7","arch":"amd64","source":{"name":"util-linux","version":"2.31.1-0.4ubuntu3.7","upstreamVersion":"2.31.1"},"summary":"Universally Unique ID library"},{"name":"libwind0-heimdal:amd64","version":"7.5.0+dfsg-1","arch":"amd64","source":{"name":"heimdal","version":"7.5.0+dfsg-1","upstreamVersion":"7.5.0+dfsg"},"summary":"Heimdal Kerberos - stringprep implementation"},{"name":"libyaml-0-2:amd64","version":"0.1.7-2ubuntu3","arch":"amd64","source":{"name":"libyaml","version":"0.1.7-2ubuntu3","upstreamVersion":"0.1.7"},"summary":"Fast YAML 1.1 parser and emitter library"},{"name":"libzstd1:amd64","version":"1.3.3+dfsg-2ubuntu1.2","arch":"amd64","source":{"name":"libzstd","version":"1.3.3+dfsg-2ubuntu1.2","upstreamVersion":"1.3.3+dfsg"},"summary":"fast lossless compression algorithm"},{"name":"linux-libc-dev:amd64","version":"4.15.0-140.144","arch":"amd64","source":{"name":"linux","version":"4.15.0-140.144","upstreamVersion":"4.15.0"},"summary":"Linux Kernel Headers for development"},{"name":"locales","version":"2.27-3ubuntu1.4","arch":"all","source":{"name":"glibc","version":"2.27-3ubuntu1.4","upstreamVersion":"2.27"},"summary":"GNU C Library: National Language (locale) data [support]"},{"name":"login","version":"1:4.5-1ubuntu2","arch":"amd64","source":{"name":"shadow","version":"1:4.5-1ubuntu2","upstreamVersion":"4.5"},"summary":"system login tools"},{"name":"lsb-base","version":"9.20170808ubuntu1","arch":"all","source":{"name":"lsb","version":"9.20170808ubuntu1","upstreamVersion":"9.20170808ubuntu1"},"summary":"Linux Standard Base init script functionality"},{"name":"make","version":"4.1-9.1ubuntu1","arch":"amd64","source":{"name":"make-dfsg","version":"4.1-9.1ubuntu1","upstreamVersion":"4.1"},"summary":"utility for directing compilation"},{"name":"mawk","version":"1.3.3-17ubuntu3","arch":"amd64","source":{"name":"mawk","version":"1.3.3-17ubuntu3","upstreamVersion":"1.3.3"},"summary":"a pattern scanning and text processing language"},{"name":"mount","version":"2.31.1-0.4ubuntu3.7","arch":"amd64","source":{"name":"util-linux","version":"2.31.1-0.4ubuntu3.7","upstreamVersion":"2.31.1"},"summary":"tools for mounting and manipulating filesystems"},{"name":"ncurses-base","version":"6.1-1ubuntu1.18.04","arch":"all","source":{"name":"ncurses","version":"6.1-1ubuntu1.18.04","upstreamVersion":"6.1"},"summary":"basic terminal type definitions"},{"name":"ncurses-bin","version":"6.1-1ubuntu1.18.04","arch":"amd64","source":{"name":"ncurses","version":"6.1-1ubuntu1.18.04","upstreamVersion":"6.1"},"summary":"terminal-related programs and man pages"},{"name":"netbase","version":"5.4","arch":"all","source":{"name":"netbase","version":"5.4","upstreamVersion":"5.4"},"summary":"Basic TCP/IP networking system"},{"name":"openssl","version":"1.1.1-1ubuntu2.1~18.04.9","arch":"amd64","source":{"name":"openssl","version":"1.1.1-1ubuntu2.1~18.04.9","upstreamVersion":"1.1.1"},"summary":"Secure Sockets Layer toolkit - cryptographic utility"},{"name":"passwd","version":"1:4.5-1ubuntu2","arch":"amd64","source":{"name":"shadow","version":"1:4.5-1ubuntu2","upstreamVersion":"4.5"},"summary":"change and administer password and group data"},{"name":"patch","version":"2.7.6-2ubuntu1.1","arch":"amd64","source":{"name":"patch","version":"2.7.6-2ubuntu1.1","upstreamVersion":"2.7.6"},"summary":"Apply a diff file to an original"},{"name":"perl","version":"5.26.1-6ubuntu0.5","arch":"amd64","source":{"name":"perl","version":"5.26.1-6ubuntu0.5","upstreamVersion":"5.26.1"},"summary":"Larry Wall's Practical Extraction and Report Language"},{"name":"perl-base","version":"5.26.1-6ubuntu0.5","arch":"amd64","source":{"name":"perl","version":"5.26.1-6ubuntu0.5","upstreamVersion":"5.26.1"},"summary":"minimal Perl system"},{"name":"perl-modules-5.26","version":"5.26.1-6ubuntu0.5","arch":"all","source":{"name":"perl","version":"5.26.1-6ubuntu0.5","upstreamVersion":"5.26.1"},"summary":"Core Perl modules"},{"name":"procps","version":"2:3.3.12-3ubuntu1.2","arch":"amd64","source":{"name":"procps","version":"2:3.3.12-3ubuntu1.2","upstreamVersion":"3.3.12"},"summary":"/proc file system utilities"},{"name":"sed","version":"4.4-2","arch":"amd64","source":{"name":"sed","version":"4.4-2","upstreamVersion":"4.4"},"summary":"GNU stream editor for filtering/transforming text"},{"name":"sensible-utils","version":"0.0.12","arch":"all","source":{"name":"sensible-utils","version":"0.0.12","upstreamVersion":"0.0.12"},"summary":"Utilities for sensible alternative selection"},{"name":"sysvinit-utils","version":"2.88dsf-59.10ubuntu1","arch":"amd64","source":{"name":"sysvinit","version":"2.88dsf-59.10ubuntu1","upstreamVersion":"2.88dsf"},"summary":"System-V-like utilities"},{"name":"tar","version":"1.29b-2ubuntu0.2","arch":"amd64","source":{"name":"tar","version":"1.29b-2ubuntu0.2","upstreamVersion":"1.29b"},"summary":"GNU version of the tar archiving utility"},{"name":"tzdata","version":"2021a-0ubuntu0.18.04","arch":"all","source":{"name":"tzdata","version":"2021a-0ubuntu0.18.04","upstreamVersion":"2021a"},"summary":"time zone and daylight-saving time data"},{"name":"ubuntu-keyring","version":"2018.09.18.1~18.04.0","arch":"all","source":{"name":"ubuntu-keyring","version":"2018.09.18.1~18.04.0","upstreamVersion":"2018.09.18.1~18.04.0"},"summary":"GnuPG keys of the Ubuntu archive"},{"name":"util-linux","version":"2.31.1-0.4ubuntu3.7","arch":"amd64","source":{"name":"util-linux","version":"2.31.1-0.4ubuntu3.7","upstreamVersion":"2.31.1"},"summary":"miscellaneous system utilities"},{"name":"xz-utils","version":"5.2.2-1.3","arch":"amd64","source":{"name":"xz-utils","version":"5.2.2-1.3","upstreamVersion":"5.2.2"},"summary":"XZ-format compression utilities"},{"name":"zlib1g:amd64","version":"1:1.2.11.dfsg-0ubuntu2","arch":"amd64","source":{"name":"zlib","version":"1:1.2.11.dfsg-0ubuntu2","upstreamVersion":"1.2.11.dfsg"},"summary":"compression library - runtime"},{"name":"zlib1g-dev:amd64","version":"1:1.2.11.dfsg-0ubuntu2","arch":"amd64","source":{"name":"zlib","version":"1:1.2.11.dfsg-0ubuntu2","upstreamVersion":"1.2.11.dfsg"},"summary":"compression library - development"}]}, containers=-1)
22:33:34.826 [main] DEBUG org.testcontainers.images.LocalImagesCache - repoTags is null, skipping image: Image(created=315532801, id=sha256:b7305ad01519625eeace6f1bc7890784dbacd208d6b717ef64a19a420fac411d, parentId=, repoTags=null, repoDigests=[paketobuildpacks/builder@sha256:3c6b7671a38acde42d4964e27bb78edec28db483eee4f58ccd9a70c0bd7ec9cd], size=543252342, virtualSize=543252342, sharedSize=-1, labels={io.buildpacks.builder.metadata={"description":"Ubuntu bionic base image with buildpacks for Java, .NET Core, NodeJS, Go, Ruby, NGINX and Procfile","buildpacks":[{"id":"paketo-buildpacks/dotnet-core","version":"0.0.9","homepage":"https://github.com/paketo-buildpacks/dotnet-core"},{"id":"paketo-buildpacks/dotnet-core-runtime","version":"0.0.201","homepage":"https://github.com/paketo-buildpacks/dotnet-core-runtime"},{"id":"paketo-buildpacks/dotnet-core-sdk","version":"0.0.196","homepage":"https://github.com/paketo-buildpacks/dotnet-core-sdk"},{"id":"paketo-buildpacks/dotnet-execute","version":"0.0.180","homepage":"https://github.com/paketo-buildpacks/dotnet-execute"},{"id":"paketo-buildpacks/dotnet-publish","version":"0.0.121","homepage":"https://github.com/paketo-buildpacks/dotnet-publish"},{"id":"paketo-buildpacks/icu","version":"0.0.99","homepage":"https://github.com/paketo-buildpacks/icu"},{"id":"paketo-buildpacks/node-engine","version":"0.1.3","homepage":"https://github.com/paketo-buildpacks/node-engine"},{"id":"paketo-buildpacks/dotnet-core-aspnet","version":"0.0.196","homepage":"https://github.com/paketo-buildpacks/dotnet-core-aspnet"},{"id":"paketo-buildpacks/go","version":"0.2.8","homepage":"https://github.com/paketo-buildpacks/go"},{"id":"paketo-buildpacks/go-build","version":"0.1.2","homepage":"https://github.com/paketo-buildpacks/go-build"},{"id":"paketo-buildpacks/go-dist","version":"0.2.6","homepage":"https://github.com/paketo-buildpacks/go-dist"},{"id":"paketo-buildpacks/go-mod-vendor","version":"0.0.169","homepage":"https://github.com/paketo-buildpacks/go-mod-vendor"},{"id":"paketo-buildpacks/dep","version":"0.0.173","homepage":"https://github.com/paketo-buildpacks/dep"},{"id":"paketo-buildpacks/dep-ensure","version":"0.0.33","homepage":"https://github.com/paketo-buildpacks/dep-ensure"},{"id":"paketo-buildpacks/java-native-image","version":"4.5.0","homepage":"https://github.com/paketo-buildpacks/java-native-image"},{"id":"paketo-buildpacks/spring-boot-native-image","version":"1.7.0","homepage":"https://github.com/paketo-buildpacks/spring-boot-native-image"},{"id":"paketo-buildpacks/environment-variables","version":"2.1.2","homepage":"https://github.com/paketo-buildpacks/environment-variables"},{"id":"paketo-buildpacks/graalvm","version":"3.4.0","homepage":"https://github.com/paketo-buildpacks/graalvm"},{"id":"paketo-buildpacks/image-labels","version":"2.0.6","homepage":"https://github.com/paketo-buildpacks/image-labels"},{"id":"paketo-buildpacks/leiningen","version":"1.2.1","homepage":"https://github.com/paketo-buildpacks/leiningen"},{"id":"paketo-buildpacks/spring-boot","version":"3.5.0","homepage":"https://github.com/paketo-buildpacks/spring-boot"},{"id":"paketo-buildpacks/executable-jar","version":"3.1.3","homepage":"https://github.com/paketo-buildpacks/executable-jar"},{"id":"paketo-buildpacks/gradle","version":"3.4.0","homepage":"https://github.com/paketo-buildpacks/gradle"},{"id":"paketo-buildpacks/maven","version":"3.2.1","homepage":"https://github.com/paketo-buildpacks/maven"},{"id":"paketo-buildpacks/procfile","version":"3.0.0","homepage":"https://github.com/paketo-buildpacks/procfile"},{"id":"paketo-buildpacks/sbt","version":"3.6.0","homepage":"https://github.com/paketo-buildpacks/sbt"},{"id":"paketo-buildpacks/java","version":"4.6.0","homepage":"https://github.com/paketo-buildpacks/java"},{"id":"paketo-buildpacks/debug","version":"2.1.4","homepage":"https://github.com/paketo-buildpacks/debug"},{"id":"paketo-buildpacks/bellsoft-liberica","version":"6.0.0","homepage":"https://github.com/paketo-buildpacks/bellsoft-liberica"},{"id":"paketo-buildpacks/ca-certificates","version":"1.0.1","homepage":"https://github.com/paketo-buildpacks/ca-certificates"},{"id":"paketo-buildpacks/dist-zip","version":"2.2.2","homepage":"https://github.com/paketo-buildpacks/dist-zip"},{"id":"paketo-buildpacks/executable-jar","version":"3.1.3","homepage":"https://github.com/paketo-buildpacks/executable-jar"},{"id":"paketo-buildpacks/gradle","version":"3.4.0","homepage":"https://github.com/paketo-buildpacks/gradle"},{"id":"paketo-buildpacks/maven","version":"3.2.1","homepage":"https://github.com/paketo-buildpacks/maven"},{"id":"paketo-buildpacks/procfile","version":"3.0.0","homepage":"https://github.com/paketo-buildpacks/procfile"},{"id":"paketo-buildpacks/apache-tomcat","version":"3.1.0","homepage":"https://github.com/paketo-buildpacks/apache-tomcat"},{"id":"paketo-buildpacks/google-stackdriver","version":"2.13.0","homepage":"https://github.com/paketo-buildpacks/google-stackdriver"},{"id":"paketo-buildpacks/jmx","version":"2.1.4","homepage":"https://github.com/paketo-buildpacks/jmx"},{"id":"paketo-buildpacks/leiningen","version":"1.2.1","homepage":"https://github.com/paketo-buildpacks/leiningen"},{"id":"paketo-buildpacks/sbt","version":"3.6.0","homepage":"https://github.com/paketo-buildpacks/sbt"},{"id":"paketo-buildpacks/spring-boot","version":"3.5.0","homepage":"https://github.com/paketo-buildpacks/spring-boot"},{"id":"paketo-buildpacks/environment-variables","version":"2.1.2","homepage":"https://github.com/paketo-buildpacks/environment-variables"},{"id":"paketo-buildpacks/encrypt-at-rest","version":"2.2.3","homepage":"https://github.com/paketo-buildpacks/encrypt-at-rest"},{"id":"paketo-buildpacks/image-labels","version":"2.0.6","homepage":"https://github.com/paketo-buildpacks/image-labels"},{"id":"paketo-buildpacks/azure-application-insights","version":"3.0.0","homepage":"https://github.com/paketo-buildpacks/azure-application-insights"},{"id":"paketo-buildpacks/nginx","version":"0.0.194","homepage":"https://github.com/paketo-buildpacks/nginx"},{"id":"paketo-buildpacks/nodejs","version":"0.0.11","homepage":"https://github.com/paketo-buildpacks/nodejs"},{"id":"paketo-buildpacks/npm-start","version":"0.0.3","homepage":"https://github.com/paketo-buildpacks/npm-start"},{"id":"paketo-buildpacks/yarn","version":"0.1.1","homepage":"https://github.com/paketo-buildpacks/yarn"},{"id":"paketo-buildpacks/yarn-install","version":"0.2.1","homepage":"https://github.com/paketo-buildpacks/yarn-install"},{"id":"paketo-buildpacks/yarn-start","version":"0.0.3","homepage":"https://github.com/paketo-buildpacks/yarn-start"},{"id":"paketo-buildpacks/node-engine","version":"0.1.4","homepage":"https://github.com/paketo-buildpacks/node-engine"},{"id":"paketo-buildpacks/node-start","version":"0.0.9","homepage":"https://github.com/paketo-buildpacks/node-start"},{"id":"paketo-buildpacks/npm-install","version":"0.2.3","homepage":"https://github.com/paketo-buildpacks/npm-install"},{"id":"paketo-buildpacks/procfile","version":"3.0.0","homepage":"https://github.com/paketo-buildpacks/procfile"},{"id":"paketo-buildpacks/ruby","version":"0.1.7","homepage":"https://github.com/paketo-buildpacks/ruby"},{"id":"paketo-buildpacks/bundle-install","version":"0.1.2","homepage":"https://github.com/paketo-buildpacks/bundle-install"},{"id":"paketo-buildpacks/bundler","version":"0.0.153","homepage":"https://github.com/paketo-buildpacks/bundler"},{"id":"paketo-buildpacks/procfile","version":"3.0.0","homepage":"https://github.com/paketo-buildpacks/procfile"},{"id":"paketo-buildpacks/puma","version":"0.0.53","homepage":"https://github.com/paketo-buildpacks/puma"},{"id":"paketo-buildpacks/rake","version":"0.0.6","homepage":"https://github.com/paketo-buildpacks/rake"},{"id":"paketo-buildpacks/thin","version":"0.0.46","homepage":"https://github.com/paketo-buildpacks/thin"},{"id":"paketo-buildpacks/mri","version":"0.0.164","homepage":"https://github.com/paketo-buildpacks/mri"},{"id":"paketo-buildpacks/passenger","version":"0.0.11","homepage":"https://github.com/paketo-buildpacks/passenger"},{"id":"paketo-buildpacks/rackup","version":"0.0.48","homepage":"https://github.com/paketo-buildpacks/rackup"},{"id":"paketo-buildpacks/unicorn","version":"0.0.44","homepage":"https://github.com/paketo-buildpacks/unicorn"}],"stack":{"runImage":{"image":"index.docker.io/paketobuildpacks/run:base-cnb","mirrors":["gcr.io/paketo-buildpacks/run:base-cnb"]}},"lifecycle":{"version":"0.9.3","api":{"buildpack":"0.2","platform":"0.3"},"apis":{"buildpack":{"deprecated":[],"supported":["0.2","0.3","0.4"]},"platform":{"deprecated":[],"supported":["0.3","0.4"]}}},"createdBy":{"name":"Pack CLI","version":"0.14.2"}}, io.buildpacks.buildpack.layers={"paketo-buildpacks/apache-tomcat":{"3.1.0":{"api":"0.4","stacks":[{"id":"io.buildpacks.stacks.bionic"},{"id":"org.cloudfoundry.stacks.cflinuxfs3"}],"layerDiffID":"sha256:7b92482a317633951cde946c993546de25ac509b036f99b5b020eb4a02079d70","homepage":"https://github.com/paketo-buildpacks/apache-tomcat"}},"paketo-buildpacks/azure-application-insights":{"3.0.0":{"api":"0.4","stacks":[{"id":"io.buildpacks.stacks.bionic"},{"id":"org.cloudfoundry.stacks.cflinuxfs3"}],"layerDiffID":"sha256:dcc047af83b728bfe085efc4834f1d6e51c6e5d706c70b47a59efac8ec5e7151","homepage":"https://github.com/paketo-buildpacks/azure-application-insights"}},"paketo-buildpacks/bellsoft-liberica":{"6.0.0":{"api":"0.4","stacks":[{"id":"io.buildpacks.stacks.bionic"},{"id":"org.cloudfoundry.stacks.cflinuxfs3"}],"layerDiffID":"sha256:fdc5dda378ae66f04e7b09e5ae48a5220916f57d629137c2c9f463a7b8ad6258","homepage":"https://github.com/paketo-buildpacks/bellsoft-liberica"}},"paketo-buildpacks/bundle-install":{"0.1.2":{"api":"0.2","stacks":[{"id":"org.cloudfoundry.stacks.cflinuxfs3"},{"id":"io.buildpacks.stacks.bionic"}],"layerDiffID":"sha256:b552baf91ca695187ef115023f2e3cf16f60770e7d6bf5f5474024b49fa07cb2","homepage":"https://github.com/paketo-buildpacks/bundle-install"}},"paketo-buildpacks/bundler":{"0.0.153":{"api":"0.2","stacks":[{"id":"io.buildpacks.stacks.bionic"},{"id":"org.cloudfoundry.stacks.cflinuxfs3"}],"layerDiffID":"sha256:4f37953a59cd7fca256866506cde2e32657650e6d99368aee9b18892c0c49b67","homepage":"https://github.com/paketo-buildpacks/bundler"}},"paketo-buildpacks/ca-certificates":{"1.0.1":{"api":"0.4","stacks":[{"id":"io.buildpacks.stacks.bionic"}],"layerDiffID":"sha256:234bdf4c47f49ccfae7760b48551fe2f493600bc2b063368c7190f611e4d58ef","homepage":"https://github.com/paketo-buildpacks/ca-certificates"}},"paketo-buildpacks/debug":{"2.1.4":{"api":"0.4","stacks":[{"id":"io.buildpacks.stacks.bionic"},{"id":"org.cloudfoundry.stacks.cflinuxfs3"}],"layerDiffID":"sha256:3fbed526b1ec97e5b56601cf96cd79b6eb4bbc2dd1a40399a822103457e54ca5","homepage":"https://github.com/paketo-buildpacks/debug"}},"paketo-buildpacks/dep":{"0.0.173":{"api":"0.4","stacks":[{"id":"io.buildpacks.stacks.bionic"},{"id":"org.cloudfoundry.stacks.cflinuxfs3"},{"id":"io.paketo.stacks.tiny"}],"layerDiffID":"sha256:fbb2ea803109e0d9378fb25dc6a70c015f627801bdaf3258ac7c252ec7224d50","homepage":"https://github.com/paketo-buildpacks/dep"}},"paketo-buildpacks/dep-ensure":{"0.0.33":{"api":"0.4","stacks":[{"id":"io.buildpacks.stacks.bionic"},{"id":"io.paketo.stacks.tiny"},{"id":"org.cloudfoundry.stacks.cflinuxfs3"}],"layerDiffID":"sha256:3fa82b28fb78ced417e423ed53ec4e1ab8027427838578b7f760287cf6370e4d","homepage":"https://github.com/paketo-buildpacks/dep-ensure"}},"paketo-buildpacks/dist-zip":{"2.2.2":{"api":"0.4","stacks":[{"id":"io.buildpacks.stacks.bionic"},{"id":"org.cloudfoundry.stacks.cflinuxfs3"}],"layerDiffID":"sha256:1db92afdea4b21262511d042230e436d08c89bee803556373e31c168342fd9d4","homepage":"https://github.com/paketo-buildpacks/dist-zip"}},"paketo-buildpacks/dotnet-core":{"0.0.9":{"api":"0.2","order":[{"group":[{"id":"paketo-buildpacks/node-engine","version":"0.1.3","optional":true},{"id":"paketo-buildpacks/icu","version":"0.0.99","optional":true},{"id":"paketo-buildpacks/dotnet-core-runtime","version":"0.0.201","optional":true},{"id":"paketo-buildpacks/dotnet-core-aspnet","version":"0.0.196","optional":true},{"id":"paketo-buildpacks/dotnet-core-sdk","version":"0.0.196","optional":true},{"id":"paketo-buildpacks/dotnet-publish","version":"0.0.121","optional":true},{"id":"paketo-buildpacks/dotnet-execute","version":"0.0.180"}]}],"layerDiffID":"sha256:004b34f497c6958cdf1405b9dee96a5b1f13101eb7736001c078ac6b9cd59a37","homepage":"https://github.com/paketo-buildpacks/dotnet-core"}},"paketo-buildpacks/dotnet-core-aspnet":{"0.0.196":{"api":"0.2","stacks":[{"id":"io.buildpacks.stacks.bionic"},{"id":"org.cloudfoundry.stacks.cflinuxfs3"}],"layerDiffID":"sha256:0a9e9f1caf8b59594437e27e9502e4f743f107bc2c659b30dd19e70ef7d17c18","homepage":"https://github.com/paketo-buildpacks/dotnet-core-aspnet"}},"paketo-buildpacks/dotnet-core-runtime":{"0.0.201":{"api":"0.2","stacks":[{"id":"io.buildpacks.stacks.bionic"},{"id":"org.cloudfoundry.stacks.cflinuxfs3"}],"layerDiffID":"sha256:46fcf09a3b21e944de55a2dcb8fe0acd7c8115bb8497f633840a34336a1b675b","homepage":"https://github.com/paketo-buildpacks/dotnet-core-runtime"}},"paketo-buildpacks/dotnet-core-sdk":{"0.0.196":{"api":"0.2","stacks":[{"id":"io.buildpacks.stacks.bionic"},{"id":"org.cloudfoundry.stacks.cflinuxfs3"}],"layerDiffID":"sha256:aedab9c42a14b29537c924531c64a6643798f93ca5581f41daa7a2beb75ddd44","homepage":"https://github.com/paketo-buildpacks/dotnet-core-sdk"}},"paketo-buildpacks/dotnet-execute":{"0.0.180":{"api":"0.2","stacks":[{"id":"org.cloudfoundry.stacks.cflinuxfs3"},{"id":"io.buildpacks.stacks.bionic"}],"layerDiffID":"sha256:34765da4c9b5876b1c4e6bcdb7eaa445a5be481152a4785998d7e85a301a8785","homepage":"https://github.com/paketo-buildpacks/dotnet-execute"}},"paketo-buildpacks/dotnet-publish":{"0.0.121":{"api":"0.2","stacks":[{"id":"org.cloudfoundry.stacks.cflinuxfs3"},{"id":"io.buildpacks.stacks.bionic"}],"layerDiffID":"sha256:c3ef390921ab1aad017196cfe22bb719ea8dc314d058608d2a4d078f6bf4398f","homepage":"https://github.com/paketo-buildpacks/dotnet-publish"}},"paketo-buildpacks/encrypt-at-rest":{"2.2.3":{"api":"0.4","stacks":[{"id":"io.buildpacks.stacks.bionic"},{"id":"org.cloudfoundry.stacks.cflinuxfs3"}],"layerDiffID":"sha256:ddba5bdb5b7d75fc792c16e2f4600c2a82b345b61f3e625bcd9d5dea1eeb8ca7","homepage":"https://github.com/paketo-buildpacks/encrypt-at-rest"}},"paketo-buildpacks/environment-variables":{"2.1.2":{"api":"0.4","stacks":[{"id":"io.buildpacks.stacks.bionic"},{"id":"io.paketo.stacks.tiny"},{"id":"org.cloudfoundry.stacks.cflinuxfs3"}],"layerDiffID":"sha256:1d2e0540271985a5021af35962608b36a540c69346e3af013646d49acab1563c","homepage":"https://github.com/paketo-buildpacks/environment-variables"}},"paketo-buildpacks/executable-jar":{"3.1.3":{"api":"0.4","stacks":[{"id":"io.buildpacks.stacks.bionic"},{"id":"io.paketo.stacks.tiny"},{"id":"org.cloudfoundry.stacks.cflinuxfs3"}],"layerDiffID":"sha256:cbe6cfc725ebabb868e221fa2ab3a7660058006a19b236f88ead4cb95628b3e2","homepage":"https://github.com/paketo-buildpacks/executable-jar"}},"paketo-buildpacks/go":{"0.2.8":{"api":"0.2","order":[{"group":[{"id":"paketo-buildpacks/go-dist","version":"0.2.6"},{"id":"paketo-buildpacks/go-mod-vendor","version":"0.0.169"},{"id":"paketo-buildpacks/go-build","version":"0.1.2"}]},{"group":[{"id":"paketo-buildpacks/go-dist","version":"0.2.6"},{"id":"paketo-buildpacks/dep","version":"0.0.173"},{"id":"paketo-buildpacks/dep-ensure","version":"0.0.33"},{"id":"paketo-buildpacks/go-build","version":"0.1.2"}]},{"group":[{"id":"paketo-buildpacks/go-dist","version":"0.2.6"},{"id":"paketo-buildpacks/go-build","version":"0.1.2"}]}],"layerDiffID":"sha256:fffa865d419d3a5b75df28a6acdf14b800f7e13933d819d1e6972b3aa3f7211a","homepage":"https://github.com/paketo-buildpacks/go"}},"paketo-buildpacks/go-build":{"0.1.2":{"api":"0.4","stacks":[{"id":"io.buildpacks.stacks.bionic"},{"id":"io.paketo.stacks.tiny"},{"id":"org.cloudfoundry.stacks.cflinuxfs3"}],"layerDiffID":"sha256:3e0b459a7cddd3239a3fc51fa7172baa1b24c96461605ec1f1fc3d00feb2ad7b","homepage":"https://github.com/paketo-buildpacks/go-build"}},"paketo-buildpacks/go-dist":{"0.2.6":{"api":"0.4","stacks":[{"id":"io.buildpacks.stacks.bionic"},{"id":"io.paketo.stacks.tiny"},{"id":"org.cloudfoundry.stacks.cflinuxfs3"}],"layerDiffID":"sha256:13bcd3bcea9345fa40d703e4cda32111cfcf20d71cee70402a43a1110e803fe5","homepage":"https://github.com/paketo-buildpacks/go-dist"}},"paketo-buildpacks/go-mod-vendor":{"0.0.169":{"api":"0.4","stacks":[{"id":"org.cloudfoundry.stacks.cflinuxfs3"},{"id":"io.buildpacks.stacks.bionic"},{"id":"io.paketo.stacks.tiny"}],"layerDiffID":"sha256:b7c1338fd1dfbdeb3ba1f6225534dc6f7e7fa3b59030597e94605c7118720050","homepage":"https://github.com/paketo-buildpacks/go-mod-vendor"}},"paketo-buildpacks/google-stackdriver":{"2.13.0":{"api":"0.4","stacks":[{"id":"io.buildpacks.stacks.bionic"},{"id":"org.cloudfoundry.stacks.cflinuxfs3"}],"layerDiffID":"sha256:040596b2cd0909bcb6de8ea13a7022317085ee2c3a35ad06e7aed0fab96fbc4e","homepage":"https://github.com/paketo-buildpacks/google-stackdriver"}},"paketo-buildpacks/graalvm":{"3.4.0":{"api":"0.4","stacks":[{"id":"io.buildpacks.stacks.bionic"},{"id":"io.paketo.stacks.tiny"},{"id":"org.cloudfoundry.stacks.cflinuxfs3"}],"layerDiffID":"sha256:248dc1063b626be900cd0f66b428a9dca39ba81923f80e247e7b19323fba0367","homepage":"https://github.com/paketo-buildpacks/graalvm"}},"paketo-buildpacks/gradle":{"3.4.0":{"api":"0.4","stacks":[{"id":"io.buildpacks.stacks.bionic"},{"id":"io.paketo.stacks.tiny"},{"id":"org.cloudfoundry.stacks.cflinuxfs3"}],"layerDiffID":"sha256:4f1f8d0b7b51de43359c52537f1216ba13b9b4e0f6f2688006f64624832fe042","homepage":"https://github.com/paketo-buildpacks/gradle"}},"paketo-buildpacks/icu":{"0.0.99":{"api":"0.2","stacks":[{"id":"io.buildpacks.stacks.bionic"},{"id":"org.cloudfoundry.stacks.cflinuxfs3"}],"layerDiffID":"sha256:de5072ed32fc3739b074d9865fa5b3f7d73ddba88a0330e7e5bb6bbde652de99","homepage":"https://github.com/paketo-buildpacks/icu"}},"paketo-buildpacks/image-labels":{"2.0.6":{"api":"0.4","stacks":[{"id":"io.buildpacks.stacks.bionic"},{"id":"io.paketo.stacks.tiny"},{"id":"org.cloudfoundry.stacks.cflinuxfs3"}],"layerDiffID":"sha256:962612158adca4f5966e43d599342231eff6c86812ed8b9d29ff56b74d3b4a69","homepage":"https://github.com/paketo-buildpacks/image-labels"}},"paketo-buildpacks/java":{"4.6.0":{"api":"0.4","order":[{"group":[{"id":"paketo-buildpacks/ca-certificates","version":"1.0.1","optional":true},{"id":"paketo-buildpacks/bellsoft-liberica","version":"6.0.0"},{"id":"paketo-buildpacks/gradle","version":"3.4.0","optional":true},{"id":"paketo-buildpacks/leiningen","version":"1.2.1","optional":true},{"id":"paketo-buildpacks/maven","version":"3.2.1","optional":true},{"id":"paketo-buildpacks/sbt","version":"3.6.0","optional":true},{"id":"paketo-buildpacks/executable-jar","version":"3.1.3","optional":true},{"id":"paketo-buildpacks/apache-tomcat","version":"3.1.0","optional":true},{"id":"paketo-buildpacks/dist-zip","version":"2.2.2","optional":true},{"id":"paketo-buildpacks/spring-boot","version":"3.5.0","optional":true},{"id":"paketo-buildpacks/procfile","version":"3.0.0","optional":true},{"id":"paketo-buildpacks/azure-application-insights","version":"3.0.0","optional":true},{"id":"paketo-buildpacks/debug","version":"2.1.4","optional":true},{"id":"paketo-buildpacks/google-stackdriver","version":"2.13.0","optional":true},{"id":"paketo-buildpacks/jmx","version":"2.1.4","optional":true},{"id":"paketo-buildpacks/encrypt-at-rest","version":"2.2.3","optional":true},{"id":"paketo-buildpacks/environment-variables","version":"2.1.2","optional":true},{"id":"paketo-buildpacks/image-labels","version":"2.0.6","optional":true}]}],"layerDiffID":"sha256:ae3ecf9add49aadf2f49d9071b404cb578e99a5acce463e8330290a5b8e0a746","homepage":"https://github.com/paketo-buildpacks/java"}},"paketo-buildpacks/java-native-image":{"4.5.0":{"api":"0.4","order":[{"group":[{"id":"paketo-buildpacks/graalvm","version":"3.4.0"},{"id":"paketo-buildpacks/gradle","version":"3.4.0","optional":true},{"id":"paketo-buildpacks/leiningen","version":"1.2.1","optional":true},{"id":"paketo-buildpacks/maven","version":"3.2.1","optional":true},{"id":"paketo-buildpacks/sbt","version":"3.6.0","optional":true},{"id":"paketo-buildpacks/executable-jar","version":"3.1.3","optional":true},{"id":"paketo-buildpacks/spring-boot","version":"3.5.0","optional":true},{"id":"paketo-buildpacks/spring-boot-native-image","version":"1.7.0"},{"id":"paketo-buildpacks/procfile","version":"3.0.0","optional":true},{"id":"paketo-buildpacks/environment-variables","version":"2.1.2","optional":true},{"id":"paketo-buildpacks/image-labels","version":"2.0.6","optional":true}]}],"layerDiffID":"sha256:b6c7528ca7b28d43b2131ca470a70335a980f03ddb3ba185fb40fa8583caa1d2","homepage":"https://github.com/paketo-buildpacks/java-native-image"}},"paketo-buildpacks/jmx":{"2.1.4":{"api":"0.4","stacks":[{"id":"io.buildpacks.stacks.bionic"},{"id":"org.cloudfoundry.stacks.cflinuxfs3"}],"layerDiffID":"sha256:d3762c164e88088f1590a92342236fef8c212bd4d38e369c1b2c56f9bda13646","homepage":"https://github.com/paketo-buildpacks/jmx"}},"paketo-buildpacks/leiningen":{"1.2.1":{"api":"0.4","stacks":[{"id":"io.buildpacks.stacks.bionic"},{"id":"io.paketo.stacks.tiny"},{"id":"org.cloudfoundry.stacks.cflinuxfs3"}],"layerDiffID":"sha256:590e9180213fc4069cf31bfe29433bcb44d0ad0027a863ee9965efcbee2b32b6","homepage":"https://github.com/paketo-buildpacks/leiningen"}},"paketo-buildpacks/maven":{"3.2.1":{"api":"0.4","stacks":[{"id":"io.buildpacks.stacks.bionic"},{"id":"io.paketo.stacks.tiny"},{"id":"org.cloudfoundry.stacks.cflinuxfs3"}],"layerDiffID":"sha256:4c92f23620ea13e2dcdbfc0d6620ef0e204fa9de03e8c8db3d6119c8802dca23","homepage":"https://github.com/paketo-buildpacks/maven"}},"paketo-buildpacks/mri":{"0.0.164":{"api":"0.2","stacks":[{"id":"io.buildpacks.stacks.bionic"},{"id":"org.cloudfoundry.stacks.cflinuxfs3"}],"layerDiffID":"sha256:ad414bd66ca1d1105e9f308942c5c32e9b615e065472a6647e2a506530a15d10","homepage":"https://github.com/paketo-buildpacks/mri"}},"paketo-buildpacks/nginx":{"0.0.194":{"api":"0.2","stacks":[{"id":"io.buildpacks.stacks.bionic"},{"id":"org.cloudfoundry.stacks.cflinuxfs3"}],"layerDiffID":"sha256:8e8ca83390e9d2fd7b0e91a769eaa24be32e3f958a7fefa08aa42041f05750c3","homepage":"https://github.com/paketo-buildpacks/nginx"}},"paketo-buildpacks/node-engine":{"0.1.3":{"api":"0.2","stacks":[{"id":"io.buildpacks.stacks.bionic"},{"id":"org.cloudfoundry.stacks.cflinuxfs3"}],"layerDiffID":"sha256:d1e05177ee6cd76573a190db3ead47ae5033f66217ce9de842cc71a021624555","homepage":"https://github.com/paketo-buildpacks/node-engine"},"0.1.4":{"api":"0.2","stacks":[{"id":"io.buildpacks.stacks.bionic"},{"id":"org.cloudfoundry.stacks.cflinuxfs3"}],"layerDiffID":"sha256:f3fbf8fd2c8566a3f8865e6aca60f5cce004a3c19f981488b6193b5a133fc283","homepage":"https://github.com/paketo-buildpacks/node-engine"}},"paketo-buildpacks/node-start":{"0.0.9":{"api":"0.2","stacks":[{"id":"io.buildpacks.stacks.bionic"},{"id":"org.cloudfoundry.stacks.cflinuxfs3"}],"layerDiffID":"sha256:b67b8e9385e2dd674f8edd4c4c35bb9204ca1f2afc4f282b682854c30d4b104c","homepage":"https://github.com/paketo-buildpacks/node-start"}},"paketo-buildpacks/nodejs":{"0.0.11":{"api":"0.2","order":[{"group":[{"id":"paketo-buildpacks/node-engine","version":"0.1.4"},{"id":"paketo-buildpacks/yarn","version":"0.1.1"},{"id":"paketo-buildpacks/yarn-install","version":"0.2.1"},{"id":"paketo-buildpacks/yarn-start","version":"0.0.3"}]},{"group":[{"id":"paketo-buildpacks/node-engine","version":"0.1.4"},{"id":"paketo-buildpacks/npm-install","version":"0.2.3"},{"id":"paketo-buildpacks/npm-start","version":"0.0.3"}]},{"group":[{"id":"paketo-buildpacks/node-engine","version":"0.1.4"},{"id":"paketo-buildpacks/node-start","version":"0.0.9"}]}],"layerDiffID":"sha256:8c8714c8d3d59740561d5f102256634ee3f839f5d02ce3b0079e93c460803228","homepage":"https://github.com/paketo-buildpacks/nodejs"}},"paketo-buildpacks/npm-install":{"0.2.3":{"api":"0.2","stacks":[{"id":"org.cloudfoundry.stacks.cflinuxfs3"},{"id":"io.buildpacks.stacks.bionic"}],"layerDiffID":"sha256:7ef5bd5bfab27d13a272bb03d20592d47f65d98b0ad1c5cab96fc47658aa792d","homepage":"https://github.com/paketo-buildpacks/npm-install"}},"paketo-buildpacks/npm-start":{"0.0.3":{"api":"0.2","stacks":[{"id":"io.buildpacks.stacks.bionic"},{"id":"org.cloudfoundry.stacks.cflinuxfs3"}],"layerDiffID":"sha256:08dd55612e92624f1aa35ffd68c16c3a7276ed2ca74aa957b2d7d6a128c139d0","homepage":"https://github.com/paketo-buildpacks/npm-start"}},"paketo-buildpacks/passenger":{"0.0.11":{"api":"0.2","stacks":[{"id":"org.cloudfoundry.stacks.cflinuxfs3"},{"id":"io.buildpacks.stacks.bionic"}],"layerDiffID":"sha256:86c588643eb58013097d663f4ab4821376d98d0aa494213385958db50e17b7e4","homepage":"https://github.com/paketo-buildpacks/passenger"}},"paketo-buildpacks/procfile":{"3.0.0":{"api":"0.4","stacks":[{"id":"io.buildpacks.stacks.bionic"},{"id":"io.paketo.stacks.tiny"},{"id":"org.cloudfoundry.stacks.cflinuxfs3"}],"layerDiffID":"sha256:e6acd75d955c1f916b297215d53136a31350506608ff690b5455c3ec6c37f347","homepage":"https://github.com/paketo-buildpacks/procfile"}},"paketo-buildpacks/puma":{"0.0.53":{"api":"0.2","stacks":[{"id":"org.cloudfoundry.stacks.cflinuxfs3"},{"id":"io.buildpacks.stacks.bionic"}],"layerDiffID":"sha256:6a33070c68c510ef9c8f830f7d4a2fbd6b3f55e1dff04ba09b852fdda23f3ee9","homepage":"https://github.com/paketo-buildpacks/puma"}},"paketo-buildpacks/rackup":{"0.0.48":{"api":"0.2","stacks":[{"id":"io.buildpacks.stacks.bionic"},{"id":"org.cloudfoundry.stacks.cflinuxfs3"}],"layerDiffID":"sha256:93b7e541bf86b3c4e3a2dfc71816e566105d3402b1bdd3c9356dc0c9076152c7","homepage":"https://github.com/paketo-buildpacks/rackup"}},"paketo-buildpacks/rake":{"0.0.6":{"api":"0.2","stacks":[{"id":"io.buildpacks.stacks.bionic"},{"id":"org.cloudfoundry.stacks.cflinuxfs3"}],"layerDiffID":"sha256:403fb11e2a8912f8d5158673bf0925564ca89ba8aa10c07d9b7a37a910ae0ad3","homepage":"https://github.com/paketo-buildpacks/rake"}},"paketo-buildpacks/ruby":{"0.1.7":{"api":"0.2","order":[{"group":[{"id":"paketo-buildpacks/mri","version":"0.0.164"},{"id":"paketo-buildpacks/bundler","version":"0.0.153"},{"id":"paketo-buildpacks/bundle-install","version":"0.1.2"},{"id":"paketo-buildpacks/puma","version":"0.0.53"},{"id":"paketo-buildpacks/procfile","version":"3.0.0","optional":true}]},{"group":[{"id":"paketo-buildpacks/mri","version":"0.0.164"},{"id":"paketo-buildpacks/bundler","version":"0.0.153"},{"id":"paketo-buildpacks/bundle-install","version":"0.1.2"},{"id":"paketo-buildpacks/thin","version":"0.0.46"},{"id":"paketo-buildpacks/procfile","version":"3.0.0","optional":true}]},{"group":[{"id":"paketo-buildpacks/mri","version":"0.0.164"},{"id":"paketo-buildpacks/bundler","version":"0.0.153"},{"id":"paketo-buildpacks/bundle-install","version":"0.1.2"},{"id":"paketo-buildpacks/unicorn","version":"0.0.44"},{"id":"paketo-buildpacks/procfile","version":"3.0.0","optional":true}]},{"group":[{"id":"paketo-buildpacks/mri","version":"0.0.164"},{"id":"paketo-buildpacks/bundler","version":"0.0.153"},{"id":"paketo-buildpacks/bundle-install","version":"0.1.2"},{"id":"paketo-buildpacks/passenger","version":"0.0.11"},{"id":"paketo-buildpacks/procfile","version":"3.0.0","optional":true}]},{"group":[{"id":"paketo-buildpacks/mri","version":"0.0.164"},{"id":"paketo-buildpacks/bundler","version":"0.0.153"},{"id":"paketo-buildpacks/bundle-install","version":"0.1.2"},{"id":"paketo-buildpacks/rackup","version":"0.0.48"},{"id":"paketo-buildpacks/procfile","version":"3.0.0","optional":true}]},{"group":[{"id":"paketo-buildpacks/mri","version":"0.0.164"},{"id":"paketo-buildpacks/bundler","version":"0.0.153","optional":true},{"id":"paketo-buildpacks/bundle-install","version":"0.1.2","optional":true},{"id":"paketo-buildpacks/rake","version":"0.0.6"},{"id":"paketo-buildpacks/procfile","version":"3.0.0","optional":true}]}],"layerDiffID":"sha256:61df65ae9930ba43971a8d9b4ae4e17cc4af6b636556a3ecad73e5fe76ce0ee1","homepage":"https://github.com/paketo-buildpacks/ruby"}},"paketo-buildpacks/sbt":{"3.6.0":{"api":"0.4","stacks":[{"id":"io.buildpacks.stacks.bionic"},{"id":"io.paketo.stacks.tiny"},{"id":"org.cloudfoundry.stacks.cflinuxfs3"}],"layerDiffID":"sha256:f3520761bffe3f7c1c1e39e1514f01601d95d647c8aa5442c65e68d0eaf4b2fd","homepage":"https://github.com/paketo-buildpacks/sbt"}},"paketo-buildpacks/spring-boot":{"3.5.0":{"api":"0.4","stacks":[{"id":"io.buildpacks.stacks.bionic"},{"id":"io.paketo.stacks.tiny"},{"id":"org.cloudfoundry.stacks.cflinuxfs3"}],"layerDiffID":"sha256:340cebf49ac5ca87f0114e285e7fee5c436a656096ea4b5f6d05746726befe30","homepage":"https://github.com/paketo-buildpacks/spring-boot"}},"paketo-buildpacks/spring-boot-native-image":{"1.7.0":{"api":"0.4","stacks":[{"id":"io.buildpacks.stacks.bionic"},{"id":"io.paketo.stacks.tiny"},{"id":"org.cloudfoundry.stacks.cflinuxfs3"}],"layerDiffID":"sha256:4cadc3d55b9cb55d649c835b3e52074500804a0135a9eaceb521cf3d2c4d64d9","homepage":"https://github.com/paketo-buildpacks/spring-boot-native-image"}},"paketo-buildpacks/thin":{"0.0.46":{"api":"0.2","stacks":[{"id":"io.buildpacks.stacks.bionic"},{"id":"org.cloudfoundry.stacks.cflinuxfs3"}],"layerDiffID":"sha256:b01a629f4bdf531567ce99e1e4101079a0859f4ff4ce4801182beb6b015a9322","homepage":"https://github.com/paketo-buildpacks/thin"}},"paketo-buildpacks/unicorn":{"0.0.44":{"api":"0.2","stacks":[{"id":"io.buildpacks.stacks.bionic"},{"id":"org.cloudfoundry.stacks.cflinuxfs3"}],"layerDiffID":"sha256:8abe2d48ed2933ac5da0a2d90f4628e58624b6798bd8dda072952550be9bbd8f","homepage":"https://github.com/paketo-buildpacks/unicorn"}},"paketo-buildpacks/yarn":{"0.1.1":{"api":"0.2","stacks":[{"id":"io.buildpacks.stacks.bionic"},{"id":"org.cloudfoundry.stacks.cflinuxfs3"}],"layerDiffID":"sha256:45406d55b1873ebc22159458bc4a0d16b1fecc47adf72284a6e8e618985474a6","homepage":"https://github.com/paketo-buildpacks/yarn"}},"paketo-buildpacks/yarn-install":{"0.2.1":{"api":"0.2","stacks":[{"id":"io.buildpacks.stacks.bionic"},{"id":"org.cloudfoundry.stacks.cflinuxfs3"}],"layerDiffID":"sha256:b0b72502b57f36b031e299190ba60b521e66161b3f0dec5803fc46b05591110a","homepage":"https://github.com/paketo-buildpacks/yarn-install"}},"paketo-buildpacks/yarn-start":{"0.0.3":{"api":"0.2","stacks":[{"id":"io.buildpacks.stacks.bionic"},{"id":"org.cloudfoundry.stacks.cflinuxfs3"}],"layerDiffID":"sha256:5827b7b6537454eed9de683d8e7d806c17ff7d880d09c299a4aec61ab5493368","homepage":"https://github.com/paketo-buildpacks/yarn-start"}}}, io.buildpacks.buildpack.order=[{"group":[{"id":"paketo-buildpacks/ruby","version":"0.1.7"}]},{"group":[{"id":"paketo-buildpacks/dotnet-core","version":"0.0.9"}]},{"group":[{"id":"paketo-buildpacks/nodejs","version":"0.0.11"}]},{"group":[{"id":"paketo-buildpacks/go","version":"0.2.8"}]},{"group":[{"id":"paketo-buildpacks/nginx","version":"0.0.194"}]},{"group":[{"id":"paketo-buildpacks/java-native-image","version":"4.5.0"}]},{"group":[{"id":"paketo-buildpacks/java","version":"4.6.0"}]},{"group":[{"id":"paketo-buildpacks/procfile","version":"3.0.0"}]}], io.buildpacks.stack.description=ubuntu:bionic + openssl + CA certs + compilers + shell utilities, io.buildpacks.stack.distro.name=Ubuntu, io.buildpacks.stack.distro.version=18.04, io.buildpacks.stack.homepage=https://github.com/paketo-buildpacks/stacks, io.buildpacks.stack.id=io.buildpacks.stacks.bionic, io.buildpacks.stack.maintainer=Paketo Buildpacks, io.buildpacks.stack.metadata={"base-image": "paketobuildpacks/build@sha256:da27f8d96e5f0ae12f91d9589663ffa32586fd3cc2984579c02d45a886924a31"}, io.buildpacks.stack.mixins=["adduser","apt","base-files","base-passwd","bash","bsdutils","bzip2","ca-certificates","coreutils","dash","debconf","debianutils","diffutils","dpkg","e2fsprogs","fdisk","findutils","gcc-8-base","gpgv","grep","gzip","hostname","init-system-helpers","libacl1","libapt-pkg5.0","libattr1","libaudit-common","libaudit1","libblkid1","libbz2-1.0","libc-bin","libc6","libcap-ng0","libcom-err2","libdb5.3","libdebconfclient0","libext2fs2","libfdisk1","libffi6","libgcc1","libgcrypt20","libgmp10","libgnutls30","libgpg-error0","libhogweed4","libidn2-0","liblz4-1","liblzma5","libmount1","libncurses5","libncursesw5","libnettle6","libp11-kit0","libpam-modules","libpam-modules-bin","libpam-runtime","libpam0g","libpcre3","libprocps6","libseccomp2","libselinux1","libsemanage-common","libsemanage1","libsepol1","libsmartcols1","libss2","libssl1.1","libstdc++6","libsystemd0","libtasn1-6","libtinfo5","libudev1","libunistring2","libuuid1","libyaml-0-2","libzstd1","locales","login","lsb-base","mawk","mount","ncurses-base","ncurses-bin","openssl","passwd","perl-base","procps","sed","sensible-utils","sysvinit-utils","tar","tzdata","ubuntu-keyring","util-linux","zlib1g","build:binutils","build:binutils-common","build:binutils-x86-64-linux-gnu","build:build-essential","build:cpp","build:cpp-7","build:curl","build:dpkg-dev","build:g++","build:g++-7","build:gcc","build:gcc-7","build:gcc-7-base","build:git","build:git-man","build:jq","build:libasan4","build:libasn1-8-heimdal","build:libatomic1","build:libbinutils","build:libc-dev-bin","build:libc6-dev","build:libcc1-0","build:libcilkrts5","build:libcurl3-gnutls","build:libcurl4","build:libdpkg-perl","build:liberror-perl","build:libexpat1","build:libgcc-7-dev","build:libgdbm-compat4","build:libgdbm5","build:libgmp-dev","build:libgmpxx4ldbl","build:libgomp1","build:libgssapi-krb5-2","build:libgssapi3-heimdal","build:libhcrypto4-heimdal","build:libheimbase1-heimdal","build:libheimntlm0-heimdal","build:libhx509-5-heimdal","build:libisl19","build:libitm1","build:libjq1","build:libk5crypto3","build:libkeyutils1","build:libkrb5-26-heimdal","build:libkrb5-3","build:libkrb5support0","build:libldap-2.4-2","build:libldap-common","build:liblsan0","build:libmpc3","build:libmpfr6","build:libmpx2","build:libnghttp2-14","build:libonig4","build:libperl5.26","build:libpsl5","build:libquadmath0","build:libroken18-heimdal","build:librtmp1","build:libsasl2-2","build:libsasl2-modules-db","build:libsqlite3-0","build:libstdc++-7-dev","build:libtsan0","build:libubsan0","build:libwind0-heimdal","build:linux-libc-dev","build:make","build:patch","build:perl","build:perl-modules-5.26","build:xz-utils","build:zlib1g-dev"], io.buildpacks.stack.released=2020-12-14}, containers=-1)
22:33:34.827 [main] DEBUG org.testcontainers.images.LocalImagesCache - repoTags is null, skipping image: Image(created=315532801, id=sha256:3a205c0324b8c700c6412eb38ebdb32b1a3108b98485f3416a9a8583c47b0983, parentId=, repoTags=null, repoDigests=[paketobuildpacks/builder@sha256:957b1e3c60c175e9b30585d70a89fdd9c3813456d30907745a7b7a3643a1ac31], size=412520729, virtualSize=412520729, sharedSize=-1, labels={io.buildpacks.builder.metadata={"description":"Tiny base image (bionic build image, distroless-like run image) with buildpacks for Java Native Image and Go","buildpacks":[{"id":"paketo-buildpacks/go","version":"0.6.0","homepage":"https://github.com/paketo-buildpacks/go"},{"id":"paketo-buildpacks/go-build","version":"0.3.2","homepage":"https://github.com/paketo-buildpacks/go-build"},{"id":"paketo-buildpacks/image-labels","version":"3.0.0","homepage":"https://github.com/paketo-buildpacks/image-labels"},{"id":"paketo-buildpacks/procfile","version":"4.1.0","homepage":"https://github.com/paketo-buildpacks/procfile"},{"id":"paketo-buildpacks/ca-certificates","version":"2.1.0","homepage":"https://github.com/paketo-buildpacks/ca-certificates"},{"id":"paketo-buildpacks/dep-ensure","version":"0.0.38","homepage":"https://github.com/paketo-buildpacks/dep-ensure"},{"id":"paketo-buildpacks/environment-variables","version":"3.0.0","homepage":"https://github.com/paketo-buildpacks/environment-variables"},{"id":"paketo-buildpacks/dep","version":"0.0.178","homepage":"https://github.com/paketo-buildpacks/dep"},{"id":"paketo-buildpacks/go-dist","version":"0.4.0","homepage":"https://github.com/paketo-buildpacks/go-dist"},{"id":"paketo-buildpacks/go-mod-vendor","version":"0.2.1","homepage":"https://github.com/paketo-buildpacks/go-mod-vendor"},{"id":"paketo-buildpacks/java-native-image","version":"5.3.0","homepage":"https://github.com/paketo-buildpacks/java-native-image"},{"id":"paketo-buildpacks/native-image","version":"4.0.0","homepage":"https://github.com/paketo-buildpacks/native-image"},{"id":"paketo-buildpacks/procfile","version":"4.1.0","homepage":"https://github.com/paketo-buildpacks/procfile"},{"id":"paketo-buildpacks/spring-boot","version":"4.2.0","homepage":"https://github.com/paketo-buildpacks/spring-boot"},{"id":"paketo-buildpacks/environment-variables","version":"3.0.0","homepage":"https://github.com/paketo-buildpacks/environment-variables"},{"id":"paketo-buildpacks/leiningen","version":"3.0.0","homepage":"https://github.com/paketo-buildpacks/leiningen"},{"id":"paketo-buildpacks/maven","version":"5.0.0","homepage":"https://github.com/paketo-buildpacks/maven"},{"id":"paketo-buildpacks/image-labels","version":"3.0.0","homepage":"https://github.com/paketo-buildpacks/image-labels"},{"id":"paketo-buildpacks/sbt","version":"5.1.0","homepage":"https://github.com/paketo-buildpacks/sbt"},{"id":"paketo-buildpacks/executable-jar","version":"5.0.0","homepage":"https://github.com/paketo-buildpacks/executable-jar"},{"id":"paketo-buildpacks/graalvm","version":"6.0.0","homepage":"https://github.com/paketo-buildpacks/graalvm"},{"id":"paketo-buildpacks/gradle","version":"5.0.0","homepage":"https://github.com/paketo-buildpacks/gradle"},{"id":"paketo-buildpacks/procfile","version":"4.1.0","homepage":"https://github.com/paketo-buildpacks/procfile"}],"stack":{"runImage":{"image":"index.docker.io/paketobuildpacks/run:tiny-cnb","mirrors":["gcr.io/paketo-buildpacks/run:tiny-cnb"]}},"lifecycle":{"version":"0.11.2","api":{"buildpack":"0.2","platform":"0.3"},"apis":{"buildpack":{"deprecated":[],"supported":["0.2","0.3","0.4","0.5","0.6"]},"platform":{"deprecated":[],"supported":["0.3","0.4","0.5","0.6"]}}},"createdBy":{"name":"Pack CLI","version":"0.18.0+git-e00ee4a.build-2328"}}, io.buildpacks.buildpack.layers={"paketo-buildpacks/ca-certificates":{"2.1.0":{"api":"0.5","stacks":[{"id":"io.buildpacks.stacks.bionic"},{"id":"io.paketo.stacks.tiny"}],"layerDiffID":"sha256:26cc7a307a88ef123269e38b78ca34c8c33e325b67329531d88fdb39524d29aa","homepage":"https://github.com/paketo-buildpacks/ca-certificates"}},"paketo-buildpacks/dep":{"0.0.178":{"api":"0.4","stacks":[{"id":"io.buildpacks.stacks.bionic"},{"id":"org.cloudfoundry.stacks.cflinuxfs3"},{"id":"io.paketo.stacks.tiny"}],"layerDiffID":"sha256:29e3baac358144f40d649cf1d29d89ad99505b928313dd978c44ed98cfb81735","homepage":"https://github.com/paketo-buildpacks/dep"}},"paketo-buildpacks/dep-ensure":{"0.0.38":{"api":"0.4","stacks":[{"id":"io.buildpacks.stacks.bionic"},{"id":"io.paketo.stacks.tiny"},{"id":"org.cloudfoundry.stacks.cflinuxfs3"}],"layerDiffID":"sha256:6c2ce8635d0dbd995c06ba244dd4b8071665bea93ac38e5768199ca2131b7260","homepage":"https://github.com/paketo-buildpacks/dep-ensure"}},"paketo-buildpacks/environment-variables":{"3.0.0":{"api":"0.5","stacks":[{"id":"io.buildpacks.stacks.bionic"},{"id":"io.paketo.stacks.tiny"},{"id":"org.cloudfoundry.stacks.cflinuxfs3"}],"layerDiffID":"sha256:0c35dacb45f0de7eed41cb56349d4c903e3801068e5390c2b4f43f59c2f39980","homepage":"https://github.com/paketo-buildpacks/environment-variables"}},"paketo-buildpacks/executable-jar":{"5.0.0":{"api":"0.5","stacks":[{"id":"io.buildpacks.stacks.bionic"},{"id":"io.paketo.stacks.tiny"},{"id":"org.cloudfoundry.stacks.cflinuxfs3"}],"layerDiffID":"sha256:541ad1b19f0499737bfeb99b5481bf09ac54dc34daf3d3eb4b9c9f74c70ba6db","homepage":"https://github.com/paketo-buildpacks/executable-jar"}},"paketo-buildpacks/go":{"0.6.0":{"api":"0.4","order":[{"group":[{"id":"paketo-buildpacks/ca-certificates","version":"2.1.0","optional":true},{"id":"paketo-buildpacks/go-dist","version":"0.4.0"},{"id":"paketo-buildpacks/go-mod-vendor","version":"0.2.1"},{"id":"paketo-buildpacks/go-build","version":"0.3.2"},{"id":"paketo-buildpacks/procfile","version":"4.1.0","optional":true},{"id":"paketo-buildpacks/environment-variables","version":"3.0.0","optional":true},{"id":"paketo-buildpacks/image-labels","version":"3.0.0","optional":true}]},{"group":[{"id":"paketo-buildpacks/ca-certificates","version":"2.1.0","optional":true},{"id":"paketo-buildpacks/go-dist","version":"0.4.0"},{"id":"paketo-buildpacks/dep","version":"0.0.178"},{"id":"paketo-buildpacks/dep-ensure","version":"0.0.38"},{"id":"paketo-buildpacks/go-build","version":"0.3.2"},{"id":"paketo-buildpacks/procfile","version":"4.1.0","optional":true},{"id":"paketo-buildpacks/environment-variables","version":"3.0.0","optional":true},{"id":"paketo-buildpacks/image-labels","version":"3.0.0","optional":true}]},{"group":[{"id":"paketo-buildpacks/ca-certificates","version":"2.1.0","optional":true},{"id":"paketo-buildpacks/go-dist","version":"0.4.0"},{"id":"paketo-buildpacks/go-build","version":"0.3.2"},{"id":"paketo-buildpacks/procfile","version":"4.1.0","optional":true},{"id":"paketo-buildpacks/environment-variables","version":"3.0.0","optional":true},{"id":"paketo-buildpacks/image-labels","version":"3.0.0","optional":true}]}],"layerDiffID":"sha256:c097ea574dc2116e0ae39e01f88df04bd2f5b71fe3d9c3324d1d9a95d9e35062","homepage":"https://github.com/paketo-buildpacks/go"}},"paketo-buildpacks/go-build":{"0.3.2":{"api":"0.4","stacks":[{"id":"io.buildpacks.stacks.bionic"},{"id":"io.paketo.stacks.tiny"},{"id":"org.cloudfoundry.stacks.cflinuxfs3"}],"layerDiffID":"sha256:9db45327c4019308c850e008e0db17f1d66d985ca55da892a5308c40e47f9c01","homepage":"https://github.com/paketo-buildpacks/go-build"}},"paketo-buildpacks/go-dist":{"0.4.0":{"api":"0.5","stacks":[{"id":"io.buildpacks.stacks.bionic"},{"id":"io.paketo.stacks.tiny"},{"id":"org.cloudfoundry.stacks.cflinuxfs3"}],"layerDiffID":"sha256:7cc68a049cae8c357d17ca871dfe240d59148f3f663668fbe6b8e7c83f5a10a8","homepage":"https://github.com/paketo-buildpacks/go-dist"}},"paketo-buildpacks/go-mod-vendor":{"0.2.1":{"api":"0.4","stacks":[{"id":"org.cloudfoundry.stacks.cflinuxfs3"},{"id":"io.buildpacks.stacks.bionic"},{"id":"io.paketo.stacks.tiny"}],"layerDiffID":"sha256:9d5d37e33da8592ddf723a61b9b00708acba417514162fb06f8cd729a9280c4c","homepage":"https://github.com/paketo-buildpacks/go-mod-vendor"}},"paketo-buildpacks/graalvm":{"6.0.0":{"api":"0.5","stacks":[{"id":"io.buildpacks.stacks.bionic"},{"id":"io.paketo.stacks.tiny"},{"id":"org.cloudfoundry.stacks.cflinuxfs3"}],"layerDiffID":"sha256:e398ad01b78a5ead89f098a9b48ffa5b6ad463d123eeec01bdad66aca53293f0","homepage":"https://github.com/paketo-buildpacks/graalvm"}},"paketo-buildpacks/gradle":{"5.0.0":{"api":"0.5","stacks":[{"id":"io.buildpacks.stacks.bionic"},{"id":"io.paketo.stacks.tiny"},{"id":"org.cloudfoundry.stacks.cflinuxfs3"}],"layerDiffID":"sha256:24f7d234568970b828423f69842be080cac99ce1ffd9e9b86a4856e3701421e9","homepage":"https://github.com/paketo-buildpacks/gradle"}},"paketo-buildpacks/image-labels":{"3.0.0":{"api":"0.5","stacks":[{"id":"io.buildpacks.stacks.bionic"},{"id":"io.paketo.stacks.tiny"},{"id":"org.cloudfoundry.stacks.cflinuxfs3"}],"layerDiffID":"sha256:0ac069b116aa8ab9b921176267a26eec399915e97bf7832c6c70334fd145a5c1","homepage":"https://github.com/paketo-buildpacks/image-labels"}},"paketo-buildpacks/java-native-image":{"5.3.0":{"api":"0.5","order":[{"group":[{"id":"paketo-buildpacks/graalvm","version":"6.0.0"},{"id":"paketo-buildpacks/gradle","version":"5.0.0","optional":true},{"id":"paketo-buildpacks/leiningen","version":"3.0.0","optional":true},{"id":"paketo-buildpacks/maven","version":"5.0.0","optional":true},{"id":"paketo-buildpacks/sbt","version":"5.1.0","optional":true},{"id":"paketo-buildpacks/executable-jar","version":"5.0.0","optional":true},{"id":"paketo-buildpacks/spring-boot","version":"4.2.0","optional":true},{"id":"paketo-buildpacks/native-image","version":"4.0.0"},{"id":"paketo-buildpacks/procfile","version":"4.1.0","optional":true},{"id":"paketo-buildpacks/environment-variables","version":"3.0.0","optional":true},{"id":"paketo-buildpacks/image-labels","version":"3.0.0","optional":true}]}],"layerDiffID":"sha256:02227ce2a6acf5055fbd1fe5c7ac42088ea0d834e8d94bb812746f3c70345478","homepage":"https://github.com/paketo-buildpacks/java-native-image"}},"paketo-buildpacks/leiningen":{"3.0.0":{"api":"0.5","stacks":[{"id":"io.buildpacks.stacks.bionic"},{"id":"io.paketo.stacks.tiny"},{"id":"org.cloudfoundry.stacks.cflinuxfs3"}],"layerDiffID":"sha256:68d4c340c64208d7e6b32f0a9bca964166e27996c3370e85d28eb0b3cb3608c1","homepage":"https://github.com/paketo-buildpacks/leiningen"}},"paketo-buildpacks/maven":{"5.0.0":{"api":"0.5","stacks":[{"id":"io.buildpacks.stacks.bionic"},{"id":"io.paketo.stacks.tiny"},{"id":"org.cloudfoundry.stacks.cflinuxfs3"}],"layerDiffID":"sha256:b401529f9c8d0db6e112f43d9273bacfaa9cc29e3591ab712fdbf166612d0d6b","homepage":"https://github.com/paketo-buildpacks/maven"}},"paketo-buildpacks/native-image":{"4.0.0":{"api":"0.5","stacks":[{"id":"io.buildpacks.stacks.bionic"},{"id":"io.paketo.stacks.tiny"},{"id":"org.cloudfoundry.stacks.cflinuxfs3"}],"layerDiffID":"sha256:99b74408e1aa164de16eeb9fee31f4969c800f8e92792ff0aa246071e4e20b6b","homepage":"https://github.com/paketo-buildpacks/native-image"}},"paketo-buildpacks/procfile":{"4.1.0":{"api":"0.5","stacks":[{"id":"io.buildpacks.stacks.bionic"},{"id":"io.paketo.stacks.tiny"},{"id":"org.cloudfoundry.stacks.cflinuxfs3"},{"id":"io.buildpacks.stacks.windows.servercore"}],"layerDiffID":"sha256:97fad095e4ac3f061daccb1a22c494ec91ec7e59c8cb154133235748f1fb39f9","homepage":"https://github.com/paketo-buildpacks/procfile"}},"paketo-buildpacks/sbt":{"5.1.0":{"api":"0.5","stacks":[{"id":"io.buildpacks.stacks.bionic"},{"id":"io.paketo.stacks.tiny"},{"id":"org.cloudfoundry.stacks.cflinuxfs3"}],"layerDiffID":"sha256:fca75e653e7b73177339990cce30909eeec3d79e8015017b493e92a232a4c083","homepage":"https://github.com/paketo-buildpacks/sbt"}},"paketo-buildpacks/spring-boot":{"4.2.0":{"api":"0.5","stacks":[{"id":"io.buildpacks.stacks.bionic"},{"id":"io.paketo.stacks.tiny"},{"id":"org.cloudfoundry.stacks.cflinuxfs3"}],"layerDiffID":"sha256:c3cf9cde475da892e45f5ff8d7de28846df0afccd7a2b1c60ba22ff20a309f10","homepage":"https://github.com/paketo-buildpacks/spring-boot"}}}, io.buildpacks.buildpack.order=[{"group":[{"id":"paketo-buildpacks/java-native-image","version":"5.3.0"}]},{"group":[{"id":"paketo-buildpacks/go","version":"0.6.0"}]},{"group":[{"id":"paketo-buildpacks/procfile","version":"4.1.0"}]}], io.buildpacks.stack.description=ubuntu:bionic + openssl + CA certs + compilers + shell utilities, io.buildpacks.stack.distro.name=Ubuntu, io.buildpacks.stack.distro.version=18.04, io.buildpacks.stack.homepage=https://github.com/paketo-buildpacks/stacks, io.buildpacks.stack.id=io.paketo.stacks.tiny, io.buildpacks.stack.maintainer=Paketo Buildpacks, io.buildpacks.stack.metadata={"base-image": "paketobuildpacks/build@sha256:90ea9d79d7e05314486dda549f93c46131b6b4cbdc8c555fc04a2048a61a1a6b"}, io.buildpacks.stack.mixins=["base-files","ca-certificates","libc6","libssl1.1","netbase","openssl","tzdata","build:adduser","build:apt","build:base-passwd","build:bash","build:binutils","build:binutils-common","build:binutils-x86-64-linux-gnu","build:bsdutils","build:build-essential","build:bzip2","build:coreutils","build:cpp","build:cpp-7","build:curl","build:dash","build:debconf","build:debianutils","build:diffutils","build:dpkg","build:dpkg-dev","build:e2fsprogs","build:fdisk","build:findutils","build:g++","build:g++-7","build:gcc","build:gcc-7","build:gcc-7-base","build:gcc-8-base","build:git","build:git-man","build:gpgv","build:grep","build:gzip","build:hostname","build:init-system-helpers","build:jq","build:libacl1","build:libapt-pkg5.0","build:libasan4","build:libasn1-8-heimdal","build:libatomic1","build:libattr1","build:libaudit-common","build:libaudit1","build:libbinutils","build:libblkid1","build:libbz2-1.0","build:libc-bin","build:libc-dev-bin","build:libc6-dev","build:libcap-ng0","build:libcc1-0","build:libcilkrts5","build:libcom-err2","build:libcurl3-gnutls","build:libcurl4","build:libdb5.3","build:libdebconfclient0","build:libdpkg-perl","build:liberror-perl","build:libexpat1","build:libext2fs2","build:libfdisk1","build:libffi6","build:libgcc-7-dev","build:libgcc1","build:libgcrypt20","build:libgdbm-compat4","build:libgdbm5","build:libgmp-dev","build:libgmp10","build:libgmpxx4ldbl","build:libgnutls30","build:libgomp1","build:libgpg-error0","build:libgssapi-krb5-2","build:libgssapi3-heimdal","build:libhcrypto4-heimdal","build:libheimbase1-heimdal","build:libheimntlm0-heimdal","build:libhogweed4","build:libhx509-5-heimdal","build:libidn2-0","build:libisl19","build:libitm1","build:libjq1","build:libk5crypto3","build:libkeyutils1","build:libkrb5-26-heimdal","build:libkrb5-3","build:libkrb5support0","build:libldap-2.4-2","build:libldap-common","build:liblsan0","build:liblz4-1","build:liblzma5","build:libmount1","build:libmpc3","build:libmpfr6","build:libmpx2","build:libncurses5","build:libncursesw5","build:libnettle6","build:libnghttp2-14","build:libonig4","build:libp11-kit0","build:libpam-modules","build:libpam-modules-bin","build:libpam-runtime","build:libpam0g","build:libpcre3","build:libperl5.26","build:libprocps6","build:libpsl5","build:libquadmath0","build:libroken18-heimdal","build:librtmp1","build:libsasl2-2","build:libsasl2-modules-db","build:libseccomp2","build:libselinux1","build:libsemanage-common","build:libsemanage1","build:libsepol1","build:libsmartcols1","build:libsqlite3-0","build:libss2","build:libstdc++-7-dev","build:libstdc++6","build:libsystemd0","build:libtasn1-6","build:libtinfo5","build:libtsan0","build:libubsan0","build:libudev1","build:libunistring2","build:libuuid1","build:libwind0-heimdal","build:libyaml-0-2","build:libzstd1","build:linux-libc-dev","build:locales","build:login","build:lsb-base","build:make","build:mawk","build:mount","build:ncurses-base","build:ncurses-bin","build:passwd","build:patch","build:perl","build:perl-base","build:perl-modules-5.26","build:procps","build:sed","build:sensible-utils","build:sysvinit-utils","build:tar","build:ubuntu-keyring","build:util-linux","build:xz-utils","build:zlib1g","build:zlib1g-dev"], io.buildpacks.stack.released=2021-04-18T02:00:49Z, io.paketo.stack.packages=[{"name":"adduser","version":"3.116ubuntu1","arch":"all","source":{"name":"adduser","version":"3.116ubuntu1","upstreamVersion":"3.116ubuntu1"},"summary":"add and remove users and groups"},{"name":"apt","version":"1.6.13","arch":"amd64","source":{"name":"apt","version":"1.6.13","upstreamVersion":"1.6.13"},"summary":"commandline package manager"},{"name":"base-files","version":"10.1ubuntu2.10","arch":"amd64","source":{"name":"base-files","version":"10.1ubuntu2.10","upstreamVersion":"10.1ubuntu2.10"},"summary":"Debian base system miscellaneous files"},{"name":"base-passwd","version":"3.5.44","arch":"amd64","source":{"name":"base-passwd","version":"3.5.44","upstreamVersion":"3.5.44"},"summary":"Debian base system master password and group files"},{"name":"bash","version":"4.4.18-2ubuntu1.2","arch":"amd64","source":{"name":"bash","version":"4.4.18-2ubuntu1.2","upstreamVersion":"4.4.18"},"summary":"GNU Bourne Again SHell"},{"name":"binutils","version":"2.30-21ubuntu1~18.04.5","arch":"amd64","source":{"name":"binutils","version":"2.30-21ubuntu1~18.04.5","upstreamVersion":"2.30"},"summary":"GNU assembler, linker and binary utilities"},{"name":"binutils-common:amd64","version":"2.30-21ubuntu1~18.04.5","arch":"amd64","source":{"name":"binutils","version":"2.30-21ubuntu1~18.04.5","upstreamVersion":"2.30"},"summary":"Common files for the GNU assembler, linker and binary utilities"},{"name":"binutils-x86-64-linux-gnu","version":"2.30-21ubuntu1~18.04.5","arch":"amd64","source":{"name":"binutils","version":"2.30-21ubuntu1~18.04.5","upstreamVersion":"2.30"},"summary":"GNU binary utilities, for x86-64-linux-gnu target"},{"name":"bsdutils","version":"1:2.31.1-0.4ubuntu3.7","arch":"amd64","source":{"name":"util-linux","version":"2.31.1-0.4ubuntu3.7","upstreamVersion":"2.31.1"},"summary":"basic utilities from 4.4BSD-Lite"},{"name":"build-essential","version":"12.4ubuntu1","arch":"amd64","source":{"name":"build-essential","version":"12.4ubuntu1","upstreamVersion":"12.4ubuntu1"},"summary":"Informational list of build-essential packages"},{"name":"bzip2","version":"1.0.6-8.1ubuntu0.2","arch":"amd64","source":{"name":"bzip2","version":"1.0.6-8.1ubuntu0.2","upstreamVersion":"1.0.6"},"summary":"high-quality block-sorting file compressor - utilities"},{"name":"ca-certificates","version":"20210119~18.04.1","arch":"all","source":{"name":"ca-certificates","version":"20210119~18.04.1","upstreamVersion":"20210119~18.04.1"},"summary":"Common CA certificates"},{"name":"coreutils","version":"8.28-1ubuntu1","arch":"amd64","source":{"name":"coreutils","version":"8.28-1ubuntu1","upstreamVersion":"8.28"},"summary":"GNU core utilities"},{"name":"cpp","version":"4:7.4.0-1ubuntu2.3","arch":"amd64","source":{"name":"gcc-defaults","version":"1.176ubuntu2.3","upstreamVersion":"1.176ubuntu2.3"},"summary":"GNU C preprocessor (cpp)"},{"name":"cpp-7","version":"7.5.0-3ubuntu1~18.04","arch":"amd64","source":{"name":"gcc-7","version":"7.5.0-3ubuntu1~18.04","upstreamVersion":"7.5.0"},"summary":"GNU C preprocessor"},{"name":"curl","version":"7.58.0-2ubuntu3.13","arch":"amd64","source":{"name":"curl","version":"7.58.0-2ubuntu3.13","upstreamVersion":"7.58.0"},"summary":"command line tool for transferring data with URL syntax"},{"name":"dash","version":"0.5.8-2.10","arch":"amd64","source":{"name":"dash","version":"0.5.8-2.10","upstreamVersion":"0.5.8"},"summary":"POSIX-compliant shell"},{"name":"debconf","version":"1.5.66ubuntu1","arch":"all","source":{"name":"debconf","version":"1.5.66ubuntu1","upstreamVersion":"1.5.66ubuntu1"},"summary":"Debian configuration management system"},{"name":"debianutils","version":"4.8.4","arch":"amd64","source":{"name":"debianutils","version":"4.8.4","upstreamVersion":"4.8.4"},"summary":"Miscellaneous utilities specific to Debian"},{"name":"diffutils","version":"1:3.6-1","arch":"amd64","source":{"name":"diffutils","version":"1:3.6-1","upstreamVersion":"3.6"},"summary":"File comparison utilities"},{"name":"dpkg","version":"1.19.0.5ubuntu2.3","arch":"amd64","source":{"name":"dpkg","version":"1.19.0.5ubuntu2.3","upstreamVersion":"1.19.0.5ubuntu2.3"},"summary":"Debian package management system"},{"name":"dpkg-dev","version":"1.19.0.5ubuntu2.3","arch":"all","source":{"name":"dpkg","version":"1.19.0.5ubuntu2.3","upstreamVersion":"1.19.0.5ubuntu2.3"},"summary":"Debian package development tools"},{"name":"e2fsprogs","version":"1.44.1-1ubuntu1.3","arch":"amd64","source":{"name":"e2fsprogs","version":"1.44.1-1ubuntu1.3","upstreamVersion":"1.44.1"},"summary":"ext2/ext3/ext4 file system utilities"},{"name":"fdisk","version":"2.31.1-0.4ubuntu3.7","arch":"amd64","source":{"name":"util-linux","version":"2.31.1-0.4ubuntu3.7","upstreamVersion":"2.31.1"},"summary":"collection of partitioning utilities"},{"name":"findutils","version":"4.6.0+git+20170828-2","arch":"amd64","source":{"name":"findutils","version":"4.6.0+git+20170828-2","upstreamVersion":"4.6.0+git+20170828"},"summary":"utilities for finding files--find, xargs"},{"name":"g++","version":"4:7.4.0-1ubuntu2.3","arch":"amd64","source":{"name":"gcc-defaults","version":"1.176ubuntu2.3","upstreamVersion":"1.176ubuntu2.3"},"summary":"GNU C++ compiler"},{"name":"g++-7","version":"7.5.0-3ubuntu1~18.04","arch":"amd64","source":{"name":"gcc-7","version":"7.5.0-3ubuntu1~18.04","upstreamVersion":"7.5.0"},"summary":"GNU C++ compiler"},{"name":"gcc","version":"4:7.4.0-1ubuntu2.3","arch":"amd64","source":{"name":"gcc-defaults","version":"1.176ubuntu2.3","upstreamVersion":"1.176ubuntu2.3"},"summary":"GNU C compiler"},{"name":"gcc-7","version":"7.5.0-3ubuntu1~18.04","arch":"amd64","source":{"name":"gcc-7","version":"7.5.0-3ubuntu1~18.04","upstreamVersion":"7.5.0"},"summary":"GNU C compiler"},{"name":"gcc-7-base:amd64","version":"7.5.0-3ubuntu1~18.04","arch":"amd64","source":{"name":"gcc-7","version":"7.5.0-3ubuntu1~18.04","upstreamVersion":"7.5.0"},"summary":"GCC, the GNU Compiler Collection (base package)"},{"name":"gcc-8-base:amd64","version":"8.4.0-1ubuntu1~18.04","arch":"amd64","source":{"name":"gcc-8","version":"8.4.0-1ubuntu1~18.04","upstreamVersion":"8.4.0"},"summary":"GCC, the GNU Compiler Collection (base package)"},{"name":"git","version":"1:2.17.1-1ubuntu0.8","arch":"amd64","source":{"name":"git","version":"1:2.17.1-1ubuntu0.8","upstreamVersion":"2.17.1"},"summary":"fast, scalable, distributed revision control system"},{"name":"git-man","version":"1:2.17.1-1ubuntu0.8","arch":"all","source":{"name":"git","version":"1:2.17.1-1ubuntu0.8","upstreamVersion":"2.17.1"},"summary":"fast, scalable, distributed revision control system (manual pages)"},{"name":"gpgv","version":"2.2.4-1ubuntu1.4","arch":"amd64","source":{"name":"gnupg2","version":"2.2.4-1ubuntu1.4","upstreamVersion":"2.2.4"},"summary":"GNU privacy guard - signature verification tool"},{"name":"grep","version":"3.1-2build1","arch":"amd64","source":{"name":"grep","version":"3.1-2build1","upstreamVersion":"3.1"},"summary":"GNU grep, egrep and fgrep"},{"name":"gzip","version":"1.6-5ubuntu1","arch":"amd64","source":{"name":"gzip","version":"1.6-5ubuntu1","upstreamVersion":"1.6"},"summary":"GNU compression utilities"},{"name":"hostname","version":"3.20","arch":"amd64","source":{"name":"hostname","version":"3.20","upstreamVersion":"3.20"},"summary":"utility to set/show the host name or domain name"},{"name":"init-system-helpers","version":"1.51","arch":"all","source":{"name":"init-system-helpers","version":"1.51","upstreamVersion":"1.51"},"summary":"helper tools for all init systems"},{"name":"jq","version":"1.5+dfsg-2","arch":"amd64","source":{"name":"jq","version":"1.5+dfsg-2","upstreamVersion":"1.5+dfsg"},"summary":"lightweight and flexible command-line JSON processor"},{"name":"libacl1:amd64","version":"2.2.52-3build1","arch":"amd64","source":{"name":"acl","version":"2.2.52-3build1","upstreamVersion":"2.2.52"},"summary":"Access control list shared library"},{"name":"libapt-pkg5.0:amd64","version":"1.6.13","arch":"amd64","source":{"name":"apt","version":"1.6.13","upstreamVersion":"1.6.13"},"summary":"package management runtime library"},{"name":"libasan4:amd64","version":"7.5.0-3ubuntu1~18.04","arch":"amd64","source":{"name":"gcc-7","version":"7.5.0-3ubuntu1~18.04","upstreamVersion":"7.5.0"},"summary":"AddressSanitizer -- a fast memory error detector"},{"name":"libasn1-8-heimdal:amd64","version":"7.5.0+dfsg-1","arch":"amd64","source":{"name":"heimdal","version":"7.5.0+dfsg-1","upstreamVersion":"7.5.0+dfsg"},"summary":"Heimdal Kerberos - ASN.1 library"},{"name":"libatomic1:amd64","version":"8.4.0-1ubuntu1~18.04","arch":"amd64","source":{"name":"gcc-8","version":"8.4.0-1ubuntu1~18.04","upstreamVersion":"8.4.0"},"summary":"support library providing __atomic built-in functions"},{"name":"libattr1:amd64","version":"1:2.4.47-2build1","arch":"amd64","source":{"name":"attr","version":"1:2.4.47-2build1","upstreamVersion":"2.4.47"},"summary":"Extended attribute shared library"},{"name":"libaudit-common","version":"1:2.8.2-1ubuntu1.1","arch":"all","source":{"name":"audit","version":"1:2.8.2-1ubuntu1.1","upstreamVersion":"2.8.2"},"summary":"Dynamic library for security auditing - common files"},{"name":"libaudit1:amd64","version":"1:2.8.2-1ubuntu1.1","arch":"amd64","source":{"name":"audit","version":"1:2.8.2-1ubuntu1.1","upstreamVersion":"2.8.2"},"summary":"Dynamic library for security auditing"},{"name":"libbinutils:amd64","version":"2.30-21ubuntu1~18.04.5","arch":"amd64","source":{"name":"binutils","version":"2.30-21ubuntu1~18.04.5","upstreamVersion":"2.30"},"summary":"GNU binary utilities (private shared library)"},{"name":"libblkid1:amd64","version":"2.31.1-0.4ubuntu3.7","arch":"amd64","source":{"name":"util-linux","version":"2.31.1-0.4ubuntu3.7","upstreamVersion":"2.31.1"},"summary":"block device ID library"},{"name":"libbz2-1.0:amd64","version":"1.0.6-8.1ubuntu0.2","arch":"amd64","source":{"name":"bzip2","version":"1.0.6-8.1ubuntu0.2","upstreamVersion":"1.0.6"},"summary":"high-quality block-sorting file compressor library - runtime"},{"name":"libc-bin","version":"2.27-3ubuntu1.4","arch":"amd64","source":{"name":"glibc","version":"2.27-3ubuntu1.4","upstreamVersion":"2.27"},"summary":"GNU C Library: Binaries"},{"name":"libc-dev-bin","version":"2.27-3ubuntu1.4","arch":"amd64","source":{"name":"glibc","version":"2.27-3ubuntu1.4","upstreamVersion":"2.27"},"summary":"GNU C Library: Development binaries"},{"name":"libc6:amd64","version":"2.27-3ubuntu1.4","arch":"amd64","source":{"name":"glibc","version":"2.27-3ubuntu1.4","upstreamVersion":"2.27"},"summary":"GNU C Library: Shared libraries"},{"name":"libc6-dev:amd64","version":"2.27-3ubuntu1.4","arch":"amd64","source":{"name":"glibc","version":"2.27-3ubuntu1.4","upstreamVersion":"2.27"},"summary":"GNU C Library: Development Libraries and Header Files"},{"name":"libcap-ng0:amd64","version":"0.7.7-3.1","arch":"amd64","source":{"name":"libcap-ng","version":"0.7.7-3.1","upstreamVersion":"0.7.7"},"summary":"An alternate POSIX capabilities library"},{"name":"libcc1-0:amd64","version":"8.4.0-1ubuntu1~18.04","arch":"amd64","source":{"name":"gcc-8","version":"8.4.0-1ubuntu1~18.04","upstreamVersion":"8.4.0"},"summary":"GCC cc1 plugin for GDB"},{"name":"libcilkrts5:amd64","version":"7.5.0-3ubuntu1~18.04","arch":"amd64","source":{"name":"gcc-7","version":"7.5.0-3ubuntu1~18.04","upstreamVersion":"7.5.0"},"summary":"Intel Cilk Plus language extensions (runtime)"},{"name":"libcom-err2:amd64","version":"1.44.1-1ubuntu1.3","arch":"amd64","source":{"name":"e2fsprogs","version":"1.44.1-1ubuntu1.3","upstreamVersion":"1.44.1"},"summary":"common error description library"},{"name":"libcurl3-gnutls:amd64","version":"7.58.0-2ubuntu3.13","arch":"amd64","source":{"name":"curl","version":"7.58.0-2ubuntu3.13","upstreamVersion":"7.58.0"},"summary":"easy-to-use client-side URL transfer library (GnuTLS flavour)"},{"name":"libcurl4:amd64","version":"7.58.0-2ubuntu3.13","arch":"amd64","source":{"name":"curl","version":"7.58.0-2ubuntu3.13","upstreamVersion":"7.58.0"},"summary":"easy-to-use client-side URL transfer library (OpenSSL flavour)"},{"name":"libdb5.3:amd64","version":"5.3.28-13.1ubuntu1.1","arch":"amd64","source":{"name":"db5.3","version":"5.3.28-13.1ubuntu1.1","upstreamVersion":"5.3.28"},"summary":"Berkeley v5.3 Database Libraries [runtime]"},{"name":"libdebconfclient0:amd64","version":"0.213ubuntu1","arch":"amd64","source":{"name":"cdebconf","version":"0.213ubuntu1","upstreamVersion":"0.213ubuntu1"},"summary":"Debian Configuration Management System (C-implementation library)"},{"name":"libdpkg-perl","version":"1.19.0.5ubuntu2.3","arch":"all","source":{"name":"dpkg","version":"1.19.0.5ubuntu2.3","upstreamVersion":"1.19.0.5ubuntu2.3"},"summary":"Dpkg perl modules"},{"name":"liberror-perl","version":"0.17025-1","arch":"all","source":{"name":"liberror-perl","version":"0.17025-1","upstreamVersion":"0.17025"},"summary":"Perl module for error/exception handling in an OO-ish way"},{"name":"libexpat1:amd64","version":"2.2.5-3ubuntu0.2","arch":"amd64","source":{"name":"expat","version":"2.2.5-3ubuntu0.2","upstreamVersion":"2.2.5"},"summary":"XML parsing C library - runtime library"},{"name":"libext2fs2:amd64","version":"1.44.1-1ubuntu1.3","arch":"amd64","source":{"name":"e2fsprogs","version":"1.44.1-1ubuntu1.3","upstreamVersion":"1.44.1"},"summary":"ext2/ext3/ext4 file system libraries"},{"name":"libfdisk1:amd64","version":"2.31.1-0.4ubuntu3.7","arch":"amd64","source":{"name":"util-linux","version":"2.31.1-0.4ubuntu3.7","upstreamVersion":"2.31.1"},"summary":"fdisk partitioning library"},{"name":"libffi6:amd64","version":"3.2.1-8","arch":"amd64","source":{"name":"libffi","version":"3.2.1-8","upstreamVersion":"3.2.1"},"summary":"Foreign Function Interface library runtime"},{"name":"libgcc-7-dev:amd64","version":"7.5.0-3ubuntu1~18.04","arch":"amd64","source":{"name":"gcc-7","version":"7.5.0-3ubuntu1~18.04","upstreamVersion":"7.5.0"},"summary":"GCC support library (development files)"},{"name":"libgcc1:amd64","version":"1:8.4.0-1ubuntu1~18.04","arch":"amd64","source":{"name":"gcc-8","version":"8.4.0-1ubuntu1~18.04","upstreamVersion":"8.4.0"},"summary":"GCC support library"},{"name":"libgcrypt20:amd64","version":"1.8.1-4ubuntu1.2","arch":"amd64","source":{"name":"libgcrypt20","version":"1.8.1-4ubuntu1.2","upstreamVersion":"1.8.1"},"summary":"LGPL Crypto library - runtime library"},{"name":"libgdbm-compat4:amd64","version":"1.14.1-6","arch":"amd64","source":{"name":"gdbm","version":"1.14.1-6","upstreamVersion":"1.14.1"},"summary":"GNU dbm database routines (legacy support runtime version)"},{"name":"libgdbm5:amd64","version":"1.14.1-6","arch":"amd64","source":{"name":"gdbm","version":"1.14.1-6","upstreamVersion":"1.14.1"},"summary":"GNU dbm database routines (runtime version)"},{"name":"libgmp-dev:amd64","version":"2:6.1.2+dfsg-2","arch":"amd64","source":{"name":"gmp","version":"2:6.1.2+dfsg-2","upstreamVersion":"6.1.2+dfsg"},"summary":"Multiprecision arithmetic library developers tools"},{"name":"libgmp10:amd64","version":"2:6.1.2+dfsg-2","arch":"amd64","source":{"name":"gmp","version":"2:6.1.2+dfsg-2","upstreamVersion":"6.1.2+dfsg"},"summary":"Multiprecision arithmetic library"},{"name":"libgmpxx4ldbl:amd64","version":"2:6.1.2+dfsg-2","arch":"amd64","source":{"name":"gmp","version":"2:6.1.2+dfsg-2","upstreamVersion":"6.1.2+dfsg"},"summary":"Multiprecision arithmetic library (C++ bindings)"},{"name":"libgnutls30:amd64","version":"3.5.18-1ubuntu1.4","arch":"amd64","source":{"name":"gnutls28","version":"3.5.18-1ubuntu1.4","upstreamVersion":"3.5.18"},"summary":"GNU TLS library - main runtime library"},{"name":"libgomp1:amd64","version":"8.4.0-1ubuntu1~18.04","arch":"amd64","source":{"name":"gcc-8","version":"8.4.0-1ubuntu1~18.04","upstreamVersion":"8.4.0"},"summary":"GCC OpenMP (GOMP) support library"},{"name":"libgpg-error0:amd64","version":"1.27-6","arch":"amd64","source":{"name":"libgpg-error","version":"1.27-6","upstreamVersion":"1.27"},"summary":"library for common error values and messages in GnuPG components"},{"name":"libgssapi-krb5-2:amd64","version":"1.16-2ubuntu0.2","arch":"amd64","source":{"name":"krb5","version":"1.16-2ubuntu0.2","upstreamVersion":"1.16"},"summary":"MIT Kerberos runtime libraries - krb5 GSS-API Mechanism"},{"name":"libgssapi3-heimdal:amd64","version":"7.5.0+dfsg-1","arch":"amd64","source":{"name":"heimdal","version":"7.5.0+dfsg-1","upstreamVersion":"7.5.0+dfsg"},"summary":"Heimdal Kerberos - GSSAPI support library"},{"name":"libhcrypto4-heimdal:amd64","version":"7.5.0+dfsg-1","arch":"amd64","source":{"name":"heimdal","version":"7.5.0+dfsg-1","upstreamVersion":"7.5.0+dfsg"},"summary":"Heimdal Kerberos - crypto library"},{"name":"libheimbase1-heimdal:amd64","version":"7.5.0+dfsg-1","arch":"amd64","source":{"name":"heimdal","version":"7.5.0+dfsg-1","upstreamVersion":"7.5.0+dfsg"},"summary":"Heimdal Kerberos - Base library"},{"name":"libheimntlm0-heimdal:amd64","version":"7.5.0+dfsg-1","arch":"amd64","source":{"name":"heimdal","version":"7.5.0+dfsg-1","upstreamVersion":"7.5.0+dfsg"},"summary":"Heimdal Kerberos - NTLM support library"},{"name":"libhogweed4:amd64","version":"3.4-1ubuntu0.1","arch":"amd64","source":{"name":"nettle","version":"3.4-1ubuntu0.1","upstreamVersion":"3.4"},"summary":"low level cryptographic library (public-key cryptos)"},{"name":"libhx509-5-heimdal:amd64","version":"7.5.0+dfsg-1","arch":"amd64","source":{"name":"heimdal","version":"7.5.0+dfsg-1","upstreamVersion":"7.5.0+dfsg"},"summary":"Heimdal Kerberos - X509 support library"},{"name":"libidn2-0:amd64","version":"2.0.4-1.1ubuntu0.2","arch":"amd64","source":{"name":"libidn2","version":"2.0.4-1.1ubuntu0.2","upstreamVersion":"2.0.4"},"summary":"Internationalized domain names (IDNA2008/TR46) library"},{"name":"libisl19:amd64","version":"0.19-1","arch":"amd64","source":{"name":"isl","version":"0.19-1","upstreamVersion":"0.19"},"summary":"manipulating sets and relations of integer points bounded by linear constraints"},{"name":"libitm1:amd64","version":"8.4.0-1ubuntu1~18.04","arch":"amd64","source":{"name":"gcc-8","version":"8.4.0-1ubuntu1~18.04","upstreamVersion":"8.4.0"},"summary":"GNU Transactional Memory Library"},{"name":"libjq1:amd64","version":"1.5+dfsg-2","arch":"amd64","source":{"name":"jq","version":"1.5+dfsg-2","upstreamVersion":"1.5+dfsg"},"summary":"lightweight and flexible command-line JSON processor - shared library"},{"name":"libk5crypto3:amd64","version":"1.16-2ubuntu0.2","arch":"amd64","source":{"name":"krb5","version":"1.16-2ubuntu0.2","upstreamVersion":"1.16"},"summary":"MIT Kerberos runtime libraries - Crypto Library"},{"name":"libkeyutils1:amd64","version":"1.5.9-9.2ubuntu2","arch":"amd64","source":{"name":"keyutils","version":"1.5.9-9.2ubuntu2","upstreamVersion":"1.5.9"},"summary":"Linux Key Management Utilities (library)"},{"name":"libkrb5-26-heimdal:amd64","version":"7.5.0+dfsg-1","arch":"amd64","source":{"name":"heimdal","version":"7.5.0+dfsg-1","upstreamVersion":"7.5.0+dfsg"},"summary":"Heimdal Kerberos - libraries"},{"name":"libkrb5-3:amd64","version":"1.16-2ubuntu0.2","arch":"amd64","source":{"name":"krb5","version":"1.16-2ubuntu0.2","upstreamVersion":"1.16"},"summary":"MIT Kerberos runtime libraries"},{"name":"libkrb5support0:amd64","version":"1.16-2ubuntu0.2","arch":"amd64","source":{"name":"krb5","version":"1.16-2ubuntu0.2","upstreamVersion":"1.16"},"summary":"MIT Kerberos runtime libraries - Support library"},{"name":"libldap-2.4-2:amd64","version":"2.4.45+dfsg-1ubuntu1.10","arch":"amd64","source":{"name":"openldap","version":"2.4.45+dfsg-1ubuntu1.10","upstreamVersion":"2.4.45+dfsg"},"summary":"OpenLDAP libraries"},{"name":"libldap-common","version":"2.4.45+dfsg-1ubuntu1.10","arch":"all","source":{"name":"openldap","version":"2.4.45+dfsg-1ubuntu1.10","upstreamVersion":"2.4.45+dfsg"},"summary":"OpenLDAP common files for libraries"},{"name":"liblsan0:amd64","version":"8.4.0-1ubuntu1~18.04","arch":"amd64","source":{"name":"gcc-8","version":"8.4.0-1ubuntu1~18.04","upstreamVersion":"8.4.0"},"summary":"LeakSanitizer -- a memory leak detector (runtime)"},{"name":"liblz4-1:amd64","version":"0.0~r131-2ubuntu3","arch":"amd64","source":{"name":"lz4","version":"0.0~r131-2ubuntu3","upstreamVersion":"0.0~r131"},"summary":"Fast LZ compression algorithm library - runtime"},{"name":"liblzma5:amd64","version":"5.2.2-1.3","arch":"amd64","source":{"name":"xz-utils","version":"5.2.2-1.3","upstreamVersion":"5.2.2"},"summary":"XZ-format compression library"},{"name":"libmount1:amd64","version":"2.31.1-0.4ubuntu3.7","arch":"amd64","source":{"name":"util-linux","version":"2.31.1-0.4ubuntu3.7","upstreamVersion":"2.31.1"},"summary":"device mounting library"},{"name":"libmpc3:amd64","version":"1.1.0-1","arch":"amd64","source":{"name":"mpclib3","version":"1.1.0-1","upstreamVersion":"1.1.0"},"summary":"multiple precision complex floating-point library"},{"name":"libmpfr6:amd64","version":"4.0.1-1","arch":"amd64","source":{"name":"mpfr4","version":"4.0.1-1","upstreamVersion":"4.0.1"},"summary":"multiple precision floating-point computation"},{"name":"libmpx2:amd64","version":"8.4.0-1ubuntu1~18.04","arch":"amd64","source":{"name":"gcc-8","version":"8.4.0-1ubuntu1~18.04","upstreamVersion":"8.4.0"},"summary":"Intel memory protection extensions (runtime)"},{"name":"libncurses5:amd64","version":"6.1-1ubuntu1.18.04","arch":"amd64","source":{"name":"ncurses","version":"6.1-1ubuntu1.18.04","upstreamVersion":"6.1"},"summary":"shared libraries for terminal handling"},{"name":"libncursesw5:amd64","version":"6.1-1ubuntu1.18.04","arch":"amd64","source":{"name":"ncurses","version":"6.1-1ubuntu1.18.04","upstreamVersion":"6.1"},"summary":"shared libraries for terminal handling (wide character support)"},{"name":"libnettle6:amd64","version":"3.4-1ubuntu0.1","arch":"amd64","source":{"name":"nettle","version":"3.4-1ubuntu0.1","upstreamVersion":"3.4"},"summary":"low level cryptographic library (symmetric and one-way cryptos)"},{"name":"libnghttp2-14:amd64","version":"1.30.0-1ubuntu1","arch":"amd64","source":{"name":"nghttp2","version":"1.30.0-1ubuntu1","upstreamVersion":"1.30.0"},"summary":"library implementing HTTP/2 protocol (shared library)"},{"name":"libonig4:amd64","version":"6.7.0-1","arch":"amd64","source":{"name":"libonig","version":"6.7.0-1","upstreamVersion":"6.7.0"},"summary":"regular expressions library"},{"name":"libp11-kit0:amd64","version":"0.23.9-2ubuntu0.1","arch":"amd64","source":{"name":"p11-kit","version":"0.23.9-2ubuntu0.1","upstreamVersion":"0.23.9"},"summary":"library for loading and coordinating access to PKCS#11 modules - runtime"},{"name":"libpam-modules:amd64","version":"1.1.8-3.6ubuntu2.18.04.2","arch":"amd64","source":{"name":"pam","version":"1.1.8-3.6ubuntu2.18.04.2","upstreamVersion":"1.1.8"},"summary":"Pluggable Authentication Modules for PAM"},{"name":"libpam-modules-bin","version":"1.1.8-3.6ubuntu2.18.04.2","arch":"amd64","source":{"name":"pam","version":"1.1.8-3.6ubuntu2.18.04.2","upstreamVersion":"1.1.8"},"summary":"Pluggable Authentication Modules for PAM - helper binaries"},{"name":"libpam-runtime","version":"1.1.8-3.6ubuntu2.18.04.2","arch":"all","source":{"name":"pam","version":"1.1.8-3.6ubuntu2.18.04.2","upstreamVersion":"1.1.8"},"summary":"Runtime support for the PAM library"},{"name":"libpam0g:amd64","version":"1.1.8-3.6ubuntu2.18.04.2","arch":"amd64","source":{"name":"pam","version":"1.1.8-3.6ubuntu2.18.04.2","upstreamVersion":"1.1.8"},"summary":"Pluggable Authentication Modules library"},{"name":"libpcre3:amd64","version":"2:8.39-9","arch":"amd64","source":{"name":"pcre3","version":"2:8.39-9","upstreamVersion":"8.39"},"summary":"Old Perl 5 Compatible Regular Expression Library - runtime files"},{"name":"libperl5.26:amd64","version":"5.26.1-6ubuntu0.5","arch":"amd64","source":{"name":"perl","version":"5.26.1-6ubuntu0.5","upstreamVersion":"5.26.1"},"summary":"shared Perl library"},{"name":"libprocps6:amd64","version":"2:3.3.12-3ubuntu1.2","arch":"amd64","source":{"name":"procps","version":"2:3.3.12-3ubuntu1.2","upstreamVersion":"3.3.12"},"summary":"library for accessing process information from /proc"},{"name":"libpsl5:amd64","version":"0.19.1-5build1","arch":"amd64","source":{"name":"libpsl","version":"0.19.1-5build1","upstreamVersion":"0.19.1"},"summary":"Library for Public Suffix List (shared libraries)"},{"name":"libquadmath0:amd64","version":"8.4.0-1ubuntu1~18.04","arch":"amd64","source":{"name":"gcc-8","version":"8.4.0-1ubuntu1~18.04","upstreamVersion":"8.4.0"},"summary":"GCC Quad-Precision Math Library"},{"name":"libroken18-heimdal:amd64","version":"7.5.0+dfsg-1","arch":"amd64","source":{"name":"heimdal","version":"7.5.0+dfsg-1","upstreamVersion":"7.5.0+dfsg"},"summary":"Heimdal Kerberos - roken support library"},{"name":"librtmp1:amd64","version":"2.4+20151223.gitfa8646d.1-1","arch":"amd64","source":{"name":"rtmpdump","version":"2.4+20151223.gitfa8646d.1-1","upstreamVersion":"2.4+20151223.gitfa8646d.1"},"summary":"toolkit for RTMP streams (shared library)"},{"name":"libsasl2-2:amd64","version":"2.1.27~101-g0780600+dfsg-3ubuntu2.3","arch":"amd64","source":{"name":"cyrus-sasl2","version":"2.1.27~101-g0780600+dfsg-3ubuntu2.3","upstreamVersion":"2.1.27~101-g0780600+dfsg"},"summary":"Cyrus SASL - authentication abstraction library"},{"name":"libsasl2-modules-db:amd64","version":"2.1.27~101-g0780600+dfsg-3ubuntu2.3","arch":"amd64","source":{"name":"cyrus-sasl2","version":"2.1.27~101-g0780600+dfsg-3ubuntu2.3","upstreamVersion":"2.1.27~101-g0780600+dfsg"},"summary":"Cyrus SASL - pluggable authentication modules (DB)"},{"name":"libseccomp2:amd64","version":"2.5.1-1ubuntu1~18.04.1","arch":"amd64","source":{"name":"libseccomp","version":"2.5.1-1ubuntu1~18.04.1","upstreamVersion":"2.5.1"},"summary":"high level interface to Linux seccomp filter"},{"name":"libselinux1:amd64","version":"2.7-2build2","arch":"amd64","source":{"name":"libselinux","version":"2.7-2build2","upstreamVersion":"2.7"},"summary":"SELinux runtime shared libraries"},{"name":"libsemanage-common","version":"2.7-2build2","arch":"all","source":{"name":"libsemanage","version":"2.7-2build2","upstreamVersion":"2.7"},"summary":"Common files for SELinux policy management libraries"},{"name":"libsemanage1:amd64","version":"2.7-2build2","arch":"amd64","source":{"name":"libsemanage","version":"2.7-2build2","upstreamVersion":"2.7"},"summary":"SELinux policy management library"},{"name":"libsepol1:amd64","version":"2.7-1","arch":"amd64","source":{"name":"libsepol","version":"2.7-1","upstreamVersion":"2.7"},"summary":"SELinux library for manipulating binary security policies"},{"name":"libsmartcols1:amd64","version":"2.31.1-0.4ubuntu3.7","arch":"amd64","source":{"name":"util-linux","version":"2.31.1-0.4ubuntu3.7","upstreamVersion":"2.31.1"},"summary":"smart column output alignment library"},{"name":"libsqlite3-0:amd64","version":"3.22.0-1ubuntu0.4","arch":"amd64","source":{"name":"sqlite3","version":"3.22.0-1ubuntu0.4","upstreamVersion":"3.22.0"},"summary":"SQLite 3 shared library"},{"name":"libss2:amd64","version":"1.44.1-1ubuntu1.3","arch":"amd64","source":{"name":"e2fsprogs","version":"1.44.1-1ubuntu1.3","upstreamVersion":"1.44.1"},"summary":"command-line interface parsing library"},{"name":"libssl1.1:amd64","version":"1.1.1-1ubuntu2.1~18.04.9","arch":"amd64","source":{"name":"openssl","version":"1.1.1-1ubuntu2.1~18.04.9","upstreamVersion":"1.1.1"},"summary":"Secure Sockets Layer toolkit - shared libraries"},{"name":"libstdc++-7-dev:amd64","version":"7.5.0-3ubuntu1~18.04","arch":"amd64","source":{"name":"gcc-7","version":"7.5.0-3ubuntu1~18.04","upstreamVersion":"7.5.0"},"summary":"GNU Standard C++ Library v3 (development files)"},{"name":"libstdc++6:amd64","version":"8.4.0-1ubuntu1~18.04","arch":"amd64","source":{"name":"gcc-8","version":"8.4.0-1ubuntu1~18.04","upstreamVersion":"8.4.0"},"summary":"GNU Standard C++ Library v3"},{"name":"libsystemd0:amd64","version":"237-3ubuntu10.46","arch":"amd64","source":{"name":"systemd","version":"237-3ubuntu10.46","upstreamVersion":"237"},"summary":"systemd utility library"},{"name":"libtasn1-6:amd64","version":"4.13-2","arch":"amd64","source":{"name":"libtasn1-6","version":"4.13-2","upstreamVersion":"4.13"},"summary":"Manage ASN.1 structures (runtime)"},{"name":"libtinfo5:amd64","version":"6.1-1ubuntu1.18.04","arch":"amd64","source":{"name":"ncurses","version":"6.1-1ubuntu1.18.04","upstreamVersion":"6.1"},"summary":"shared low-level terminfo library for terminal handling"},{"name":"libtsan0:amd64","version":"8.4.0-1ubuntu1~18.04","arch":"amd64","source":{"name":"gcc-8","version":"8.4.0-1ubuntu1~18.04","upstreamVersion":"8.4.0"},"summary":"ThreadSanitizer -- a Valgrind-based detector of data races (runtime)"},{"name":"libubsan0:amd64","version":"7.5.0-3ubuntu1~18.04","arch":"amd64","source":{"name":"gcc-7","version":"7.5.0-3ubuntu1~18.04","upstreamVersion":"7.5.0"},"summary":"UBSan -- undefined behaviour sanitizer (runtime)"},{"name":"libudev1:amd64","version":"237-3ubuntu10.46","arch":"amd64","source":{"name":"systemd","version":"237-3ubuntu10.46","upstreamVersion":"237"},"summary":"libudev shared library"},{"name":"libunistring2:amd64","version":"0.9.9-0ubuntu2","arch":"amd64","source":{"name":"libunistring","version":"0.9.9-0ubuntu2","upstreamVersion":"0.9.9"},"summary":"Unicode string library for C"},{"name":"libuuid1:amd64","version":"2.31.1-0.4ubuntu3.7","arch":"amd64","source":{"name":"util-linux","version":"2.31.1-0.4ubuntu3.7","upstreamVersion":"2.31.1"},"summary":"Universally Unique ID library"},{"name":"libwind0-heimdal:amd64","version":"7.5.0+dfsg-1","arch":"amd64","source":{"name":"heimdal","version":"7.5.0+dfsg-1","upstreamVersion":"7.5.0+dfsg"},"summary":"Heimdal Kerberos - stringprep implementation"},{"name":"libyaml-0-2:amd64","version":"0.1.7-2ubuntu3","arch":"amd64","source":{"name":"libyaml","version":"0.1.7-2ubuntu3","upstreamVersion":"0.1.7"},"summary":"Fast YAML 1.1 parser and emitter library"},{"name":"libzstd1:amd64","version":"1.3.3+dfsg-2ubuntu1.2","arch":"amd64","source":{"name":"libzstd","version":"1.3.3+dfsg-2ubuntu1.2","upstreamVersion":"1.3.3+dfsg"},"summary":"fast lossless compression algorithm"},{"name":"linux-libc-dev:amd64","version":"4.15.0-142.146","arch":"amd64","source":{"name":"linux","version":"4.15.0-142.146","upstreamVersion":"4.15.0"},"summary":"Linux Kernel Headers for development"},{"name":"locales","version":"2.27-3ubuntu1.4","arch":"all","source":{"name":"glibc","version":"2.27-3ubuntu1.4","upstreamVersion":"2.27"},"summary":"GNU C Library: National Language (locale) data [support]"},{"name":"login","version":"1:4.5-1ubuntu2","arch":"amd64","source":{"name":"shadow","version":"1:4.5-1ubuntu2","upstreamVersion":"4.5"},"summary":"system login tools"},{"name":"lsb-base","version":"9.20170808ubuntu1","arch":"all","source":{"name":"lsb","version":"9.20170808ubuntu1","upstreamVersion":"9.20170808ubuntu1"},"summary":"Linux Standard Base init script functionality"},{"name":"make","version":"4.1-9.1ubuntu1","arch":"amd64","source":{"name":"make-dfsg","version":"4.1-9.1ubuntu1","upstreamVersion":"4.1"},"summary":"utility for directing compilation"},{"name":"mawk","version":"1.3.3-17ubuntu3","arch":"amd64","source":{"name":"mawk","version":"1.3.3-17ubuntu3","upstreamVersion":"1.3.3"},"summary":"a pattern scanning and text processing language"},{"name":"mount","version":"2.31.1-0.4ubuntu3.7","arch":"amd64","source":{"name":"util-linux","version":"2.31.1-0.4ubuntu3.7","upstreamVersion":"2.31.1"},"summary":"tools for mounting and manipulating filesystems"},{"name":"ncurses-base","version":"6.1-1ubuntu1.18.04","arch":"all","source":{"name":"ncurses","version":"6.1-1ubuntu1.18.04","upstreamVersion":"6.1"},"summary":"basic terminal type definitions"},{"name":"ncurses-bin","version":"6.1-1ubuntu1.18.04","arch":"amd64","source":{"name":"ncurses","version":"6.1-1ubuntu1.18.04","upstreamVersion":"6.1"},"summary":"terminal-related programs and man pages"},{"name":"netbase","version":"5.4","arch":"all","source":{"name":"netbase","version":"5.4","upstreamVersion":"5.4"},"summary":"Basic TCP/IP networking system"},{"name":"openssl","version":"1.1.1-1ubuntu2.1~18.04.9","arch":"amd64","source":{"name":"openssl","version":"1.1.1-1ubuntu2.1~18.04.9","upstreamVersion":"1.1.1"},"summary":"Secure Sockets Layer toolkit - cryptographic utility"},{"name":"passwd","version":"1:4.5-1ubuntu2","arch":"amd64","source":{"name":"shadow","version":"1:4.5-1ubuntu2","upstreamVersion":"4.5"},"summary":"change and administer password and group data"},{"name":"patch","version":"2.7.6-2ubuntu1.1","arch":"amd64","source":{"name":"patch","version":"2.7.6-2ubuntu1.1","upstreamVersion":"2.7.6"},"summary":"Apply a diff file to an original"},{"name":"perl","version":"5.26.1-6ubuntu0.5","arch":"amd64","source":{"name":"perl","version":"5.26.1-6ubuntu0.5","upstreamVersion":"5.26.1"},"summary":"Larry Wall's Practical Extraction and Report Language"},{"name":"perl-base","version":"5.26.1-6ubuntu0.5","arch":"amd64","source":{"name":"perl","version":"5.26.1-6ubuntu0.5","upstreamVersion":"5.26.1"},"summary":"minimal Perl system"},{"name":"perl-modules-5.26","version":"5.26.1-6ubuntu0.5","arch":"all","source":{"name":"perl","version":"5.26.1-6ubuntu0.5","upstreamVersion":"5.26.1"},"summary":"Core Perl modules"},{"name":"procps","version":"2:3.3.12-3ubuntu1.2","arch":"amd64","source":{"name":"procps","version":"2:3.3.12-3ubuntu1.2","upstreamVersion":"3.3.12"},"summary":"/proc file system utilities"},{"name":"sed","version":"4.4-2","arch":"amd64","source":{"name":"sed","version":"4.4-2","upstreamVersion":"4.4"},"summary":"GNU stream editor for filtering/transforming text"},{"name":"sensible-utils","version":"0.0.12","arch":"all","source":{"name":"sensible-utils","version":"0.0.12","upstreamVersion":"0.0.12"},"summary":"Utilities for sensible alternative selection"},{"name":"sysvinit-utils","version":"2.88dsf-59.10ubuntu1","arch":"amd64","source":{"name":"sysvinit","version":"2.88dsf-59.10ubuntu1","upstreamVersion":"2.88dsf"},"summary":"System-V-like utilities"},{"name":"tar","version":"1.29b-2ubuntu0.2","arch":"amd64","source":{"name":"tar","version":"1.29b-2ubuntu0.2","upstreamVersion":"1.29b"},"summary":"GNU version of the tar archiving utility"},{"name":"tzdata","version":"2021a-0ubuntu0.18.04","arch":"all","source":{"name":"tzdata","version":"2021a-0ubuntu0.18.04","upstreamVersion":"2021a"},"summary":"time zone and daylight-saving time data"},{"name":"ubuntu-keyring","version":"2018.09.18.1~18.04.2","arch":"all","source":{"name":"ubuntu-keyring","version":"2018.09.18.1~18.04.2","upstreamVersion":"2018.09.18.1~18.04.2"},"summary":"GnuPG keys of the Ubuntu archive"},{"name":"util-linux","version":"2.31.1-0.4ubuntu3.7","arch":"amd64","source":{"name":"util-linux","version":"2.31.1-0.4ubuntu3.7","upstreamVersion":"2.31.1"},"summary":"miscellaneous system utilities"},{"name":"xz-utils","version":"5.2.2-1.3","arch":"amd64","source":{"name":"xz-utils","version":"5.2.2-1.3","upstreamVersion":"5.2.2"},"summary":"XZ-format compression utilities"},{"name":"zlib1g:amd64","version":"1:1.2.11.dfsg-0ubuntu2","arch":"amd64","source":{"name":"zlib","version":"1:1.2.11.dfsg-0ubuntu2","upstreamVersion":"1.2.11.dfsg"},"summary":"compression library - runtime"},{"name":"zlib1g-dev:amd64","version":"1:1.2.11.dfsg-0ubuntu2","arch":"amd64","source":{"name":"zlib","version":"1:1.2.11.dfsg-0ubuntu2","upstreamVersion":"1.2.11.dfsg"},"summary":"compression library - development"}]}, containers=-1)
22:33:34.828 [main] DEBUG org.testcontainers.images.LocalImagesCache - repoTags is null, skipping image: Image(created=315532801, id=sha256:8566209ad0cd49779e4dc9d77799c12da1357ed51f85e09c850d4c87195ea474, parentId=, repoTags=null, repoDigests=[paketobuildpacks/builder@sha256:09f5a515f9cf692ef1a23fcf6f2951e3f33c819deb38991fd3fd99a075d0c352], size=400588885, virtualSize=400588885, sharedSize=-1, labels={io.buildpacks.builder.metadata={"description":"Tiny base image (bionic build image, distroless-like run image) with buildpacks for Java Native Image and Go","buildpacks":[{"id":"paketo-buildpacks/go","version":"0.5.0","homepage":"https://github.com/paketo-buildpacks/go"},{"id":"paketo-buildpacks/image-labels","version":"3.0.0","homepage":"https://github.com/paketo-buildpacks/image-labels"},{"id":"paketo-buildpacks/procfile","version":"4.0.0","homepage":"https://github.com/paketo-buildpacks/procfile"},{"id":"paketo-buildpacks/environment-variables","version":"3.0.0","homepage":"https://github.com/paketo-buildpacks/environment-variables"},{"id":"paketo-buildpacks/go-build","version":"0.3.0","homepage":"https://github.com/paketo-buildpacks/go-build"},{"id":"paketo-buildpacks/go-dist","version":"0.3.1","homepage":"https://github.com/paketo-buildpacks/go-dist"},{"id":"paketo-buildpacks/go-mod-vendor","version":"0.2.0","homepage":"https://github.com/paketo-buildpacks/go-mod-vendor"},{"id":"paketo-buildpacks/dep","version":"0.0.177","homepage":"https://github.com/paketo-buildpacks/dep"},{"id":"paketo-buildpacks/dep-ensure","version":"0.0.37","homepage":"https://github.com/paketo-buildpacks/dep-ensure"},{"id":"paketo-buildpacks/java-native-image","version":"5.2.0","homepage":"https://github.com/paketo-buildpacks/java-native-image"},{"id":"paketo-buildpacks/sbt","version":"5.0.0","homepage":"https://github.com/paketo-buildpacks/sbt"},{"id":"paketo-buildpacks/spring-boot","version":"4.1.0","homepage":"https://github.com/paketo-buildpacks/spring-boot"},{"id":"paketo-buildpacks/environment-variables","version":"3.0.0","homepage":"https://github.com/paketo-buildpacks/environment-variables"},{"id":"paketo-buildpacks/leiningen","version":"3.0.0","homepage":"https://github.com/paketo-buildpacks/leiningen"},{"id":"paketo-buildpacks/image-labels","version":"3.0.0","homepage":"https://github.com/paketo-buildpacks/image-labels"},{"id":"paketo-buildpacks/maven","version":"5.0.0","homepage":"https://github.com/paketo-buildpacks/maven"},{"id":"paketo-buildpacks/native-image","version":"4.0.0","homepage":"https://github.com/paketo-buildpacks/native-image"},{"id":"paketo-buildpacks/procfile","version":"4.0.0","homepage":"https://github.com/paketo-buildpacks/procfile"},{"id":"paketo-buildpacks/executable-jar","version":"5.0.0","homepage":"https://github.com/paketo-buildpacks/executable-jar"},{"id":"paketo-buildpacks/graalvm","version":"6.0.0","homepage":"https://github.com/paketo-buildpacks/graalvm"},{"id":"paketo-buildpacks/gradle","version":"5.0.0","homepage":"https://github.com/paketo-buildpacks/gradle"}],"stack":{"runImage":{"image":"index.docker.io/paketobuildpacks/run:tiny-cnb","mirrors":["gcr.io/paketo-buildpacks/run:tiny-cnb"]}},"lifecycle":{"version":"0.10.2","api":{"buildpack":"0.2","platform":"0.3"},"apis":{"buildpack":{"deprecated":[],"supported":["0.2","0.3","0.4","0.5"]},"platform":{"deprecated":[],"supported":["0.3","0.4","0.5"]}}},"createdBy":{"name":"Pack CLI","version":"0.15.1+git-79adc30.build-1660"}}, io.buildpacks.buildpack.layers={"paketo-buildpacks/dep":{"0.0.177":{"api":"0.4","stacks":[{"id":"io.buildpacks.stacks.bionic"},{"id":"org.cloudfoundry.stacks.cflinuxfs3"},{"id":"io.paketo.stacks.tiny"}],"layerDiffID":"sha256:04162e33557854d0cb30094f61482d9c4e2abec35d095f2e42fc19f73f1c112a","homepage":"https://github.com/paketo-buildpacks/dep"}},"paketo-buildpacks/dep-ensure":{"0.0.37":{"api":"0.4","stacks":[{"id":"io.buildpacks.stacks.bionic"},{"id":"io.paketo.stacks.tiny"},{"id":"org.cloudfoundry.stacks.cflinuxfs3"}],"layerDiffID":"sha256:6c4f953e9cf5a2794b01a9668cda69cfa22f907341ad0554f25c250cc2805f8c","homepage":"https://github.com/paketo-buildpacks/dep-ensure"}},"paketo-buildpacks/environment-variables":{"3.0.0":{"api":"0.5","stacks":[{"id":"io.buildpacks.stacks.bionic"},{"id":"io.paketo.stacks.tiny"},{"id":"org.cloudfoundry.stacks.cflinuxfs3"}],"layerDiffID":"sha256:0c35dacb45f0de7eed41cb56349d4c903e3801068e5390c2b4f43f59c2f39980","homepage":"https://github.com/paketo-buildpacks/environment-variables"}},"paketo-buildpacks/executable-jar":{"5.0.0":{"api":"0.5","stacks":[{"id":"io.buildpacks.stacks.bionic"},{"id":"io.paketo.stacks.tiny"},{"id":"org.cloudfoundry.stacks.cflinuxfs3"}],"layerDiffID":"sha256:541ad1b19f0499737bfeb99b5481bf09ac54dc34daf3d3eb4b9c9f74c70ba6db","homepage":"https://github.com/paketo-buildpacks/executable-jar"}},"paketo-buildpacks/go":{"0.5.0":{"api":"0.2","order":[{"group":[{"id":"paketo-buildpacks/go-dist","version":"0.3.1"},{"id":"paketo-buildpacks/go-mod-vendor","version":"0.2.0"},{"id":"paketo-buildpacks/go-build","version":"0.3.0"},{"id":"paketo-buildpacks/procfile","version":"4.0.0","optional":true},{"id":"paketo-buildpacks/environment-variables","version":"3.0.0","optional":true},{"id":"paketo-buildpacks/image-labels","version":"3.0.0","optional":true}]},{"group":[{"id":"paketo-buildpacks/go-dist","version":"0.3.1"},{"id":"paketo-buildpacks/dep","version":"0.0.177"},{"id":"paketo-buildpacks/dep-ensure","version":"0.0.37"},{"id":"paketo-buildpacks/go-build","version":"0.3.0"},{"id":"paketo-buildpacks/procfile","version":"4.0.0","optional":true},{"id":"paketo-buildpacks/environment-variables","version":"3.0.0","optional":true},{"id":"paketo-buildpacks/image-labels","version":"3.0.0","optional":true}]},{"group":[{"id":"paketo-buildpacks/go-dist","version":"0.3.1"},{"id":"paketo-buildpacks/go-build","version":"0.3.0"},{"id":"paketo-buildpacks/procfile","version":"4.0.0","optional":true},{"id":"paketo-buildpacks/environment-variables","version":"3.0.0","optional":true},{"id":"paketo-buildpacks/image-labels","version":"3.0.0","optional":true}]}],"layerDiffID":"sha256:59dd3db0a104949d7013520d19601ebc96556885f7e13d1c24c4cd1eecde00ea","homepage":"https://github.com/paketo-buildpacks/go"}},"paketo-buildpacks/go-build":{"0.3.0":{"api":"0.4","stacks":[{"id":"io.buildpacks.stacks.bionic"},{"id":"io.paketo.stacks.tiny"},{"id":"org.cloudfoundry.stacks.cflinuxfs3"}],"layerDiffID":"sha256:bec66e483d2fc2e2cfb7a3195769a8e73156aa7d5902548fdc92821b2e867d08","homepage":"https://github.com/paketo-buildpacks/go-build"}},"paketo-buildpacks/go-dist":{"0.3.1":{"api":"0.4","stacks":[{"id":"io.buildpacks.stacks.bionic"},{"id":"io.paketo.stacks.tiny"},{"id":"org.cloudfoundry.stacks.cflinuxfs3"}],"layerDiffID":"sha256:be3ae4372d3b8a83609ed863c69981d05a03dfe292dc6936a66bbe90a8362cb2","homepage":"https://github.com/paketo-buildpacks/go-dist"}},"paketo-buildpacks/go-mod-vendor":{"0.2.0":{"api":"0.4","stacks":[{"id":"org.cloudfoundry.stacks.cflinuxfs3"},{"id":"io.buildpacks.stacks.bionic"},{"id":"io.paketo.stacks.tiny"}],"layerDiffID":"sha256:2a33c621384875010d59f9c03f9dfb355ac438d432fe3891225d6db49df23501","homepage":"https://github.com/paketo-buildpacks/go-mod-vendor"}},"paketo-buildpacks/graalvm":{"6.0.0":{"api":"0.5","stacks":[{"id":"io.buildpacks.stacks.bionic"},{"id":"io.paketo.stacks.tiny"},{"id":"org.cloudfoundry.stacks.cflinuxfs3"}],"layerDiffID":"sha256:e398ad01b78a5ead89f098a9b48ffa5b6ad463d123eeec01bdad66aca53293f0","homepage":"https://github.com/paketo-buildpacks/graalvm"}},"paketo-buildpacks/gradle":{"5.0.0":{"api":"0.5","stacks":[{"id":"io.buildpacks.stacks.bionic"},{"id":"io.paketo.stacks.tiny"},{"id":"org.cloudfoundry.stacks.cflinuxfs3"}],"layerDiffID":"sha256:24f7d234568970b828423f69842be080cac99ce1ffd9e9b86a4856e3701421e9","homepage":"https://github.com/paketo-buildpacks/gradle"}},"paketo-buildpacks/image-labels":{"3.0.0":{"api":"0.5","stacks":[{"id":"io.buildpacks.stacks.bionic"},{"id":"io.paketo.stacks.tiny"},{"id":"org.cloudfoundry.stacks.cflinuxfs3"}],"layerDiffID":"sha256:0ac069b116aa8ab9b921176267a26eec399915e97bf7832c6c70334fd145a5c1","homepage":"https://github.com/paketo-buildpacks/image-labels"}},"paketo-buildpacks/java-native-image":{"5.2.0":{"api":"0.5","order":[{"group":[{"id":"paketo-buildpacks/graalvm","version":"6.0.0"},{"id":"paketo-buildpacks/gradle","version":"5.0.0","optional":true},{"id":"paketo-buildpacks/leiningen","version":"3.0.0","optional":true},{"id":"paketo-buildpacks/maven","version":"5.0.0","optional":true},{"id":"paketo-buildpacks/sbt","version":"5.0.0","optional":true},{"id":"paketo-buildpacks/executable-jar","version":"5.0.0","optional":true},{"id":"paketo-buildpacks/spring-boot","version":"4.1.0","optional":true},{"id":"paketo-buildpacks/native-image","version":"4.0.0"},{"id":"paketo-buildpacks/procfile","version":"4.0.0","optional":true},{"id":"paketo-buildpacks/environment-variables","version":"3.0.0","optional":true},{"id":"paketo-buildpacks/image-labels","version":"3.0.0","optional":true}]}],"layerDiffID":"sha256:6a992e09ae0c53ed7487b3b51e6e8d9a6c3de51d9e99012231f883032c051eef","homepage":"https://github.com/paketo-buildpacks/java-native-image"}},"paketo-buildpacks/leiningen":{"3.0.0":{"api":"0.5","stacks":[{"id":"io.buildpacks.stacks.bionic"},{"id":"io.paketo.stacks.tiny"},{"id":"org.cloudfoundry.stacks.cflinuxfs3"}],"layerDiffID":"sha256:68d4c340c64208d7e6b32f0a9bca964166e27996c3370e85d28eb0b3cb3608c1","homepage":"https://github.com/paketo-buildpacks/leiningen"}},"paketo-buildpacks/maven":{"5.0.0":{"api":"0.5","stacks":[{"id":"io.buildpacks.stacks.bionic"},{"id":"io.paketo.stacks.tiny"},{"id":"org.cloudfoundry.stacks.cflinuxfs3"}],"layerDiffID":"sha256:b401529f9c8d0db6e112f43d9273bacfaa9cc29e3591ab712fdbf166612d0d6b","homepage":"https://github.com/paketo-buildpacks/maven"}},"paketo-buildpacks/native-image":{"4.0.0":{"api":"0.5","stacks":[{"id":"io.buildpacks.stacks.bionic"},{"id":"io.paketo.stacks.tiny"},{"id":"org.cloudfoundry.stacks.cflinuxfs3"}],"layerDiffID":"sha256:99b74408e1aa164de16eeb9fee31f4969c800f8e92792ff0aa246071e4e20b6b","homepage":"https://github.com/paketo-buildpacks/native-image"}},"paketo-buildpacks/procfile":{"4.0.0":{"api":"0.5","stacks":[{"id":"io.buildpacks.stacks.bionic"},{"id":"io.paketo.stacks.tiny"},{"id":"org.cloudfoundry.stacks.cflinuxfs3"}],"layerDiffID":"sha256:668776297c61d46183888120480fbac78adc6dfa43509368fc5be6ce38159a30","homepage":"https://github.com/paketo-buildpacks/procfile"}},"paketo-buildpacks/sbt":{"5.0.0":{"api":"0.5","stacks":[{"id":"io.buildpacks.stacks.bionic"},{"id":"io.paketo.stacks.tiny"},{"id":"org.cloudfoundry.stacks.cflinuxfs3"}],"layerDiffID":"sha256:25825f5ca604e8baa79d53b81857b73a0ef8cc24236f8f67b45c47f385af49f1","homepage":"https://github.com/paketo-buildpacks/sbt"}},"paketo-buildpacks/spring-boot":{"4.1.0":{"api":"0.5","stacks":[{"id":"io.buildpacks.stacks.bionic"},{"id":"io.paketo.stacks.tiny"},{"id":"org.cloudfoundry.stacks.cflinuxfs3"}],"layerDiffID":"sha256:afb0ede068007cd023ed5c6715fad8eb8ee932230a87941feddf9105742f0160","homepage":"https://github.com/paketo-buildpacks/spring-boot"}}}, io.buildpacks.buildpack.order=[{"group":[{"id":"paketo-buildpacks/java-native-image","version":"5.2.0"}]},{"group":[{"id":"paketo-buildpacks/go","version":"0.5.0"}]}], io.buildpacks.stack.description=ubuntu:bionic + openssl + CA certs + compilers + shell utilities, io.buildpacks.stack.distro.name=Ubuntu, io.buildpacks.stack.distro.version=18.04, io.buildpacks.stack.homepage=https://github.com/paketo-buildpacks/stacks, io.buildpacks.stack.id=io.paketo.stacks.tiny, io.buildpacks.stack.maintainer=Paketo Buildpacks, io.buildpacks.stack.metadata={"base-image": "docker.io/paketobuildpacks/build@sha256:1e1fa2f887a5af436cb30918b7f2f54ae31545e9a10eeef71d55966f46e7d7d5"}, io.buildpacks.stack.mixins=["base-files","ca-certificates","libc6","libssl1.1","netbase","openssl","tzdata","build:adduser","build:apt","build:base-passwd","build:bash","build:binutils","build:binutils-common","build:binutils-x86-64-linux-gnu","build:bsdutils","build:build-essential","build:bzip2","build:coreutils","build:cpp","build:cpp-7","build:curl","build:dash","build:debconf","build:debianutils","build:diffutils","build:dpkg","build:dpkg-dev","build:e2fsprogs","build:fdisk","build:findutils","build:g++","build:g++-7","build:gcc","build:gcc-7","build:gcc-7-base","build:gcc-8-base","build:git","build:git-man","build:gpgv","build:grep","build:gzip","build:hostname","build:init-system-helpers","build:jq","build:libacl1","build:libapt-pkg5.0","build:libasan4","build:libasn1-8-heimdal","build:libatomic1","build:libattr1","build:libaudit-common","build:libaudit1","build:libbinutils","build:libblkid1","build:libbz2-1.0","build:libc-bin","build:libc-dev-bin","build:libc6-dev","build:libcap-ng0","build:libcc1-0","build:libcilkrts5","build:libcom-err2","build:libcurl3-gnutls","build:libcurl4","build:libdb5.3","build:libdebconfclient0","build:libdpkg-perl","build:liberror-perl","build:libexpat1","build:libext2fs2","build:libfdisk1","build:libffi6","build:libgcc-7-dev","build:libgcc1","build:libgcrypt20","build:libgdbm-compat4","build:libgdbm5","build:libgmp-dev","build:libgmp10","build:libgmpxx4ldbl","build:libgnutls30","build:libgomp1","build:libgpg-error0","build:libgssapi-krb5-2","build:libgssapi3-heimdal","build:libhcrypto4-heimdal","build:libheimbase1-heimdal","build:libheimntlm0-heimdal","build:libhogweed4","build:libhx509-5-heimdal","build:libidn2-0","build:libisl19","build:libitm1","build:libjq1","build:libk5crypto3","build:libkeyutils1","build:libkrb5-26-heimdal","build:libkrb5-3","build:libkrb5support0","build:libldap-2.4-2","build:libldap-common","build:liblsan0","build:liblz4-1","build:liblzma5","build:libmount1","build:libmpc3","build:libmpfr6","build:libmpx2","build:libncurses5","build:libncursesw5","build:libnettle6","build:libnghttp2-14","build:libonig4","build:libp11-kit0","build:libpam-modules","build:libpam-modules-bin","build:libpam-runtime","build:libpam0g","build:libpcre3","build:libperl5.26","build:libprocps6","build:libpsl5","build:libquadmath0","build:libroken18-heimdal","build:librtmp1","build:libsasl2-2","build:libsasl2-modules-db","build:libseccomp2","build:libselinux1","build:libsemanage-common","build:libsemanage1","build:libsepol1","build:libsmartcols1","build:libsqlite3-0","build:libss2","build:libstdc++-7-dev","build:libstdc++6","build:libsystemd0","build:libtasn1-6","build:libtinfo5","build:libtsan0","build:libubsan0","build:libudev1","build:libunistring2","build:libuuid1","build:libwind0-heimdal","build:libyaml-0-2","build:libzstd1","build:linux-libc-dev","build:locales","build:login","build:lsb-base","build:make","build:mawk","build:mount","build:ncurses-base","build:ncurses-bin","build:passwd","build:patch","build:perl","build:perl-base","build:perl-modules-5.26","build:procps","build:sed","build:sensible-utils","build:sysvinit-utils","build:tar","build:ubuntu-keyring","build:util-linux","build:xz-utils","build:zlib1g","build:zlib1g-dev"], io.buildpacks.stack.released=2021-03-25T16:03:08Z, io.paketo.stack.packages=[{"name":"adduser","version":"3.116ubuntu1","arch":"all","source":{"name":"adduser","version":"3.116ubuntu1","upstreamVersion":"3.116ubuntu1"},"summary":"add and remove users and groups"},{"name":"apt","version":"1.6.12ubuntu0.2","arch":"amd64","source":{"name":"apt","version":"1.6.12ubuntu0.2","upstreamVersion":"1.6.12ubuntu0.2"},"summary":"commandline package manager"},{"name":"base-files","version":"10.1ubuntu2.10","arch":"amd64","source":{"name":"base-files","version":"10.1ubuntu2.10","upstreamVersion":"10.1ubuntu2.10"},"summary":"Debian base system miscellaneous files"},{"name":"base-passwd","version":"3.5.44","arch":"amd64","source":{"name":"base-passwd","version":"3.5.44","upstreamVersion":"3.5.44"},"summary":"Debian base system master password and group files"},{"name":"bash","version":"4.4.18-2ubuntu1.2","arch":"amd64","source":{"name":"bash","version":"4.4.18-2ubuntu1.2","upstreamVersion":"4.4.18"},"summary":"GNU Bourne Again SHell"},{"name":"binutils","version":"2.30-21ubuntu1~18.04.5","arch":"amd64","source":{"name":"binutils","version":"2.30-21ubuntu1~18.04.5","upstreamVersion":"2.30"},"summary":"GNU assembler, linker and binary utilities"},{"name":"binutils-common:amd64","version":"2.30-21ubuntu1~18.04.5","arch":"amd64","source":{"name":"binutils","version":"2.30-21ubuntu1~18.04.5","upstreamVersion":"2.30"},"summary":"Common files for the GNU assembler, linker and binary utilities"},{"name":"binutils-x86-64-linux-gnu","version":"2.30-21ubuntu1~18.04.5","arch":"amd64","source":{"name":"binutils","version":"2.30-21ubuntu1~18.04.5","upstreamVersion":"2.30"},"summary":"GNU binary utilities, for x86-64-linux-gnu target"},{"name":"bsdutils","version":"1:2.31.1-0.4ubuntu3.7","arch":"amd64","source":{"name":"util-linux","version":"2.31.1-0.4ubuntu3.7","upstreamVersion":"2.31.1"},"summary":"basic utilities from 4.4BSD-Lite"},{"name":"build-essential","version":"12.4ubuntu1","arch":"amd64","source":{"name":"build-essential","version":"12.4ubuntu1","upstreamVersion":"12.4ubuntu1"},"summary":"Informational list of build-essential packages"},{"name":"bzip2","version":"1.0.6-8.1ubuntu0.2","arch":"amd64","source":{"name":"bzip2","version":"1.0.6-8.1ubuntu0.2","upstreamVersion":"1.0.6"},"summary":"high-quality block-sorting file compressor - utilities"},{"name":"ca-certificates","version":"20210119~18.04.1","arch":"all","source":{"name":"ca-certificates","version":"20210119~18.04.1","upstreamVersion":"20210119~18.04.1"},"summary":"Common CA certificates"},{"name":"coreutils","version":"8.28-1ubuntu1","arch":"amd64","source":{"name":"coreutils","version":"8.28-1ubuntu1","upstreamVersion":"8.28"},"summary":"GNU core utilities"},{"name":"cpp","version":"4:7.4.0-1ubuntu2.3","arch":"amd64","source":{"name":"gcc-defaults","version":"1.176ubuntu2.3","upstreamVersion":"1.176ubuntu2.3"},"summary":"GNU C preprocessor (cpp)"},{"name":"cpp-7","version":"7.5.0-3ubuntu1~18.04","arch":"amd64","source":{"name":"gcc-7","version":"7.5.0-3ubuntu1~18.04","upstreamVersion":"7.5.0"},"summary":"GNU C preprocessor"},{"name":"curl","version":"7.58.0-2ubuntu3.12","arch":"amd64","source":{"name":"curl","version":"7.58.0-2ubuntu3.12","upstreamVersion":"7.58.0"},"summary":"command line tool for transferring data with URL syntax"},{"name":"dash","version":"0.5.8-2.10","arch":"amd64","source":{"name":"dash","version":"0.5.8-2.10","upstreamVersion":"0.5.8"},"summary":"POSIX-compliant shell"},{"name":"debconf","version":"1.5.66ubuntu1","arch":"all","source":{"name":"debconf","version":"1.5.66ubuntu1","upstreamVersion":"1.5.66ubuntu1"},"summary":"Debian configuration management system"},{"name":"debianutils","version":"4.8.4","arch":"amd64","source":{"name":"debianutils","version":"4.8.4","upstreamVersion":"4.8.4"},"summary":"Miscellaneous utilities specific to Debian"},{"name":"diffutils","version":"1:3.6-1","arch":"amd64","source":{"name":"diffutils","version":"1:3.6-1","upstreamVersion":"3.6"},"summary":"File comparison utilities"},{"name":"dpkg","version":"1.19.0.5ubuntu2.3","arch":"amd64","source":{"name":"dpkg","version":"1.19.0.5ubuntu2.3","upstreamVersion":"1.19.0.5ubuntu2.3"},"summary":"Debian package management system"},{"name":"dpkg-dev","version":"1.19.0.5ubuntu2.3","arch":"all","source":{"name":"dpkg","version":"1.19.0.5ubuntu2.3","upstreamVersion":"1.19.0.5ubuntu2.3"},"summary":"Debian package development tools"},{"name":"e2fsprogs","version":"1.44.1-1ubuntu1.3","arch":"amd64","source":{"name":"e2fsprogs","version":"1.44.1-1ubuntu1.3","upstreamVersion":"1.44.1"},"summary":"ext2/ext3/ext4 file system utilities"},{"name":"fdisk","version":"2.31.1-0.4ubuntu3.7","arch":"amd64","source":{"name":"util-linux","version":"2.31.1-0.4ubuntu3.7","upstreamVersion":"2.31.1"},"summary":"collection of partitioning utilities"},{"name":"findutils","version":"4.6.0+git+20170828-2","arch":"amd64","source":{"name":"findutils","version":"4.6.0+git+20170828-2","upstreamVersion":"4.6.0+git+20170828"},"summary":"utilities for finding files--find, xargs"},{"name":"g++","version":"4:7.4.0-1ubuntu2.3","arch":"amd64","source":{"name":"gcc-defaults","version":"1.176ubuntu2.3","upstreamVersion":"1.176ubuntu2.3"},"summary":"GNU C++ compiler"},{"name":"g++-7","version":"7.5.0-3ubuntu1~18.04","arch":"amd64","source":{"name":"gcc-7","version":"7.5.0-3ubuntu1~18.04","upstreamVersion":"7.5.0"},"summary":"GNU C++ compiler"},{"name":"gcc","version":"4:7.4.0-1ubuntu2.3","arch":"amd64","source":{"name":"gcc-defaults","version":"1.176ubuntu2.3","upstreamVersion":"1.176ubuntu2.3"},"summary":"GNU C compiler"},{"name":"gcc-7","version":"7.5.0-3ubuntu1~18.04","arch":"amd64","source":{"name":"gcc-7","version":"7.5.0-3ubuntu1~18.04","upstreamVersion":"7.5.0"},"summary":"GNU C compiler"},{"name":"gcc-7-base:amd64","version":"7.5.0-3ubuntu1~18.04","arch":"amd64","source":{"name":"gcc-7","version":"7.5.0-3ubuntu1~18.04","upstreamVersion":"7.5.0"},"summary":"GCC, the GNU Compiler Collection (base package)"},{"name":"gcc-8-base:amd64","version":"8.4.0-1ubuntu1~18.04","arch":"amd64","source":{"name":"gcc-8","version":"8.4.0-1ubuntu1~18.04","upstreamVersion":"8.4.0"},"summary":"GCC, the GNU Compiler Collection (base package)"},{"name":"git","version":"1:2.17.1-1ubuntu0.8","arch":"amd64","source":{"name":"git","version":"1:2.17.1-1ubuntu0.8","upstreamVersion":"2.17.1"},"summary":"fast, scalable, distributed revision control system"},{"name":"git-man","version":"1:2.17.1-1ubuntu0.8","arch":"all","source":{"name":"git","version":"1:2.17.1-1ubuntu0.8","upstreamVersion":"2.17.1"},"summary":"fast, scalable, distributed revision control system (manual pages)"},{"name":"gpgv","version":"2.2.4-1ubuntu1.4","arch":"amd64","source":{"name":"gnupg2","version":"2.2.4-1ubuntu1.4","upstreamVersion":"2.2.4"},"summary":"GNU privacy guard - signature verification tool"},{"name":"grep","version":"3.1-2build1","arch":"amd64","source":{"name":"grep","version":"3.1-2build1","upstreamVersion":"3.1"},"summary":"GNU grep, egrep and fgrep"},{"name":"gzip","version":"1.6-5ubuntu1","arch":"amd64","source":{"name":"gzip","version":"1.6-5ubuntu1","upstreamVersion":"1.6"},"summary":"GNU compression utilities"},{"name":"hostname","version":"3.20","arch":"amd64","source":{"name":"hostname","version":"3.20","upstreamVersion":"3.20"},"summary":"utility to set/show the host name or domain name"},{"name":"init-system-helpers","version":"1.51","arch":"all","source":{"name":"init-system-helpers","version":"1.51","upstreamVersion":"1.51"},"summary":"helper tools for all init systems"},{"name":"jq","version":"1.5+dfsg-2","arch":"amd64","source":{"name":"jq","version":"1.5+dfsg-2","upstreamVersion":"1.5+dfsg"},"summary":"lightweight and flexible command-line JSON processor"},{"name":"libacl1:amd64","version":"2.2.52-3build1","arch":"amd64","source":{"name":"acl","version":"2.2.52-3build1","upstreamVersion":"2.2.52"},"summary":"Access control list shared library"},{"name":"libapt-pkg5.0:amd64","version":"1.6.12ubuntu0.2","arch":"amd64","source":{"name":"apt","version":"1.6.12ubuntu0.2","upstreamVersion":"1.6.12ubuntu0.2"},"summary":"package management runtime library"},{"name":"libasan4:amd64","version":"7.5.0-3ubuntu1~18.04","arch":"amd64","source":{"name":"gcc-7","version":"7.5.0-3ubuntu1~18.04","upstreamVersion":"7.5.0"},"summary":"AddressSanitizer -- a fast memory error detector"},{"name":"libasn1-8-heimdal:amd64","version":"7.5.0+dfsg-1","arch":"amd64","source":{"name":"heimdal","version":"7.5.0+dfsg-1","upstreamVersion":"7.5.0+dfsg"},"summary":"Heimdal Kerberos - ASN.1 library"},{"name":"libatomic1:amd64","version":"8.4.0-1ubuntu1~18.04","arch":"amd64","source":{"name":"gcc-8","version":"8.4.0-1ubuntu1~18.04","upstreamVersion":"8.4.0"},"summary":"support library providing __atomic built-in functions"},{"name":"libattr1:amd64","version":"1:2.4.47-2build1","arch":"amd64","source":{"name":"attr","version":"1:2.4.47-2build1","upstreamVersion":"2.4.47"},"summary":"Extended attribute shared library"},{"name":"libaudit-common","version":"1:2.8.2-1ubuntu1.1","arch":"all","source":{"name":"audit","version":"1:2.8.2-1ubuntu1.1","upstreamVersion":"2.8.2"},"summary":"Dynamic library for security auditing - common files"},{"name":"libaudit1:amd64","version":"1:2.8.2-1ubuntu1.1","arch":"amd64","source":{"name":"audit","version":"1:2.8.2-1ubuntu1.1","upstreamVersion":"2.8.2"},"summary":"Dynamic library for security auditing"},{"name":"libbinutils:amd64","version":"2.30-21ubuntu1~18.04.5","arch":"amd64","source":{"name":"binutils","version":"2.30-21ubuntu1~18.04.5","upstreamVersion":"2.30"},"summary":"GNU binary utilities (private shared library)"},{"name":"libblkid1:amd64","version":"2.31.1-0.4ubuntu3.7","arch":"amd64","source":{"name":"util-linux","version":"2.31.1-0.4ubuntu3.7","upstreamVersion":"2.31.1"},"summary":"block device ID library"},{"name":"libbz2-1.0:amd64","version":"1.0.6-8.1ubuntu0.2","arch":"amd64","source":{"name":"bzip2","version":"1.0.6-8.1ubuntu0.2","upstreamVersion":"1.0.6"},"summary":"high-quality block-sorting file compressor library - runtime"},{"name":"libc-bin","version":"2.27-3ubuntu1.4","arch":"amd64","source":{"name":"glibc","version":"2.27-3ubuntu1.4","upstreamVersion":"2.27"},"summary":"GNU C Library: Binaries"},{"name":"libc-dev-bin","version":"2.27-3ubuntu1.4","arch":"amd64","source":{"name":"glibc","version":"2.27-3ubuntu1.4","upstreamVersion":"2.27"},"summary":"GNU C Library: Development binaries"},{"name":"libc6:amd64","version":"2.27-3ubuntu1.4","arch":"amd64","source":{"name":"glibc","version":"2.27-3ubuntu1.4","upstreamVersion":"2.27"},"summary":"GNU C Library: Shared libraries"},{"name":"libc6-dev:amd64","version":"2.27-3ubuntu1.4","arch":"amd64","source":{"name":"glibc","version":"2.27-3ubuntu1.4","upstreamVersion":"2.27"},"summary":"GNU C Library: Development Libraries and Header Files"},{"name":"libcap-ng0:amd64","version":"0.7.7-3.1","arch":"amd64","source":{"name":"libcap-ng","version":"0.7.7-3.1","upstreamVersion":"0.7.7"},"summary":"An alternate POSIX capabilities library"},{"name":"libcc1-0:amd64","version":"8.4.0-1ubuntu1~18.04","arch":"amd64","source":{"name":"gcc-8","version":"8.4.0-1ubuntu1~18.04","upstreamVersion":"8.4.0"},"summary":"GCC cc1 plugin for GDB"},{"name":"libcilkrts5:amd64","version":"7.5.0-3ubuntu1~18.04","arch":"amd64","source":{"name":"gcc-7","version":"7.5.0-3ubuntu1~18.04","upstreamVersion":"7.5.0"},"summary":"Intel Cilk Plus language extensions (runtime)"},{"name":"libcom-err2:amd64","version":"1.44.1-1ubuntu1.3","arch":"amd64","source":{"name":"e2fsprogs","version":"1.44.1-1ubuntu1.3","upstreamVersion":"1.44.1"},"summary":"common error description library"},{"name":"libcurl3-gnutls:amd64","version":"7.58.0-2ubuntu3.12","arch":"amd64","source":{"name":"curl","version":"7.58.0-2ubuntu3.12","upstreamVersion":"7.58.0"},"summary":"easy-to-use client-side URL transfer library (GnuTLS flavour)"},{"name":"libcurl4:amd64","version":"7.58.0-2ubuntu3.12","arch":"amd64","source":{"name":"curl","version":"7.58.0-2ubuntu3.12","upstreamVersion":"7.58.0"},"summary":"easy-to-use client-side URL transfer library (OpenSSL flavour)"},{"name":"libdb5.3:amd64","version":"5.3.28-13.1ubuntu1.1","arch":"amd64","source":{"name":"db5.3","version":"5.3.28-13.1ubuntu1.1","upstreamVersion":"5.3.28"},"summary":"Berkeley v5.3 Database Libraries [runtime]"},{"name":"libdebconfclient0:amd64","version":"0.213ubuntu1","arch":"amd64","source":{"name":"cdebconf","version":"0.213ubuntu1","upstreamVersion":"0.213ubuntu1"},"summary":"Debian Configuration Management System (C-implementation library)"},{"name":"libdpkg-perl","version":"1.19.0.5ubuntu2.3","arch":"all","source":{"name":"dpkg","version":"1.19.0.5ubuntu2.3","upstreamVersion":"1.19.0.5ubuntu2.3"},"summary":"Dpkg perl modules"},{"name":"liberror-perl","version":"0.17025-1","arch":"all","source":{"name":"liberror-perl","version":"0.17025-1","upstreamVersion":"0.17025"},"summary":"Perl module for error/exception handling in an OO-ish way"},{"name":"libexpat1:amd64","version":"2.2.5-3ubuntu0.2","arch":"amd64","source":{"name":"expat","version":"2.2.5-3ubuntu0.2","upstreamVersion":"2.2.5"},"summary":"XML parsing C library - runtime library"},{"name":"libext2fs2:amd64","version":"1.44.1-1ubuntu1.3","arch":"amd64","source":{"name":"e2fsprogs","version":"1.44.1-1ubuntu1.3","upstreamVersion":"1.44.1"},"summary":"ext2/ext3/ext4 file system libraries"},{"name":"libfdisk1:amd64","version":"2.31.1-0.4ubuntu3.7","arch":"amd64","source":{"name":"util-linux","version":"2.31.1-0.4ubuntu3.7","upstreamVersion":"2.31.1"},"summary":"fdisk partitioning library"},{"name":"libffi6:amd64","version":"3.2.1-8","arch":"amd64","source":{"name":"libffi","version":"3.2.1-8","upstreamVersion":"3.2.1"},"summary":"Foreign Function Interface library runtime"},{"name":"libgcc-7-dev:amd64","version":"7.5.0-3ubuntu1~18.04","arch":"amd64","source":{"name":"gcc-7","version":"7.5.0-3ubuntu1~18.04","upstreamVersion":"7.5.0"},"summary":"GCC support library (development files)"},{"name":"libgcc1:amd64","version":"1:8.4.0-1ubuntu1~18.04","arch":"amd64","source":{"name":"gcc-8","version":"8.4.0-1ubuntu1~18.04","upstreamVersion":"8.4.0"},"summary":"GCC support library"},{"name":"libgcrypt20:amd64","version":"1.8.1-4ubuntu1.2","arch":"amd64","source":{"name":"libgcrypt20","version":"1.8.1-4ubuntu1.2","upstreamVersion":"1.8.1"},"summary":"LGPL Crypto library - runtime library"},{"name":"libgdbm-compat4:amd64","version":"1.14.1-6","arch":"amd64","source":{"name":"gdbm","version":"1.14.1-6","upstreamVersion":"1.14.1"},"summary":"GNU dbm database routines (legacy support runtime version)"},{"name":"libgdbm5:amd64","version":"1.14.1-6","arch":"amd64","source":{"name":"gdbm","version":"1.14.1-6","upstreamVersion":"1.14.1"},"summary":"GNU dbm database routines (runtime version)"},{"name":"libgmp-dev:amd64","version":"2:6.1.2+dfsg-2","arch":"amd64","source":{"name":"gmp","version":"2:6.1.2+dfsg-2","upstreamVersion":"6.1.2+dfsg"},"summary":"Multiprecision arithmetic library developers tools"},{"name":"libgmp10:amd64","version":"2:6.1.2+dfsg-2","arch":"amd64","source":{"name":"gmp","version":"2:6.1.2+dfsg-2","upstreamVersion":"6.1.2+dfsg"},"summary":"Multiprecision arithmetic library"},{"name":"libgmpxx4ldbl:amd64","version":"2:6.1.2+dfsg-2","arch":"amd64","source":{"name":"gmp","version":"2:6.1.2+dfsg-2","upstreamVersion":"6.1.2+dfsg"},"summary":"Multiprecision arithmetic library (C++ bindings)"},{"name":"libgnutls30:amd64","version":"3.5.18-1ubuntu1.4","arch":"amd64","source":{"name":"gnutls28","version":"3.5.18-1ubuntu1.4","upstreamVersion":"3.5.18"},"summary":"GNU TLS library - main runtime library"},{"name":"libgomp1:amd64","version":"8.4.0-1ubuntu1~18.04","arch":"amd64","source":{"name":"gcc-8","version":"8.4.0-1ubuntu1~18.04","upstreamVersion":"8.4.0"},"summary":"GCC OpenMP (GOMP) support library"},{"name":"libgpg-error0:amd64","version":"1.27-6","arch":"amd64","source":{"name":"libgpg-error","version":"1.27-6","upstreamVersion":"1.27"},"summary":"library for common error values and messages in GnuPG components"},{"name":"libgssapi-krb5-2:amd64","version":"1.16-2ubuntu0.2","arch":"amd64","source":{"name":"krb5","version":"1.16-2ubuntu0.2","upstreamVersion":"1.16"},"summary":"MIT Kerberos runtime libraries - krb5 GSS-API Mechanism"},{"name":"libgssapi3-heimdal:amd64","version":"7.5.0+dfsg-1","arch":"amd64","source":{"name":"heimdal","version":"7.5.0+dfsg-1","upstreamVersion":"7.5.0+dfsg"},"summary":"Heimdal Kerberos - GSSAPI support library"},{"name":"libhcrypto4-heimdal:amd64","version":"7.5.0+dfsg-1","arch":"amd64","source":{"name":"heimdal","version":"7.5.0+dfsg-1","upstreamVersion":"7.5.0+dfsg"},"summary":"Heimdal Kerberos - crypto library"},{"name":"libheimbase1-heimdal:amd64","version":"7.5.0+dfsg-1","arch":"amd64","source":{"name":"heimdal","version":"7.5.0+dfsg-1","upstreamVersion":"7.5.0+dfsg"},"summary":"Heimdal Kerberos - Base library"},{"name":"libheimntlm0-heimdal:amd64","version":"7.5.0+dfsg-1","arch":"amd64","source":{"name":"heimdal","version":"7.5.0+dfsg-1","upstreamVersion":"7.5.0+dfsg"},"summary":"Heimdal Kerberos - NTLM support library"},{"name":"libhogweed4:amd64","version":"3.4-1","arch":"amd64","source":{"name":"nettle","version":"3.4-1","upstreamVersion":"3.4"},"summary":"low level cryptographic library (public-key cryptos)"},{"name":"libhx509-5-heimdal:amd64","version":"7.5.0+dfsg-1","arch":"amd64","source":{"name":"heimdal","version":"7.5.0+dfsg-1","upstreamVersion":"7.5.0+dfsg"},"summary":"Heimdal Kerberos - X509 support library"},{"name":"libidn2-0:amd64","version":"2.0.4-1.1ubuntu0.2","arch":"amd64","source":{"name":"libidn2","version":"2.0.4-1.1ubuntu0.2","upstreamVersion":"2.0.4"},"summary":"Internationalized domain names (IDNA2008/TR46) library"},{"name":"libisl19:amd64","version":"0.19-1","arch":"amd64","source":{"name":"isl","version":"0.19-1","upstreamVersion":"0.19"},"summary":"manipulating sets and relations of integer points bounded by linear constraints"},{"name":"libitm1:amd64","version":"8.4.0-1ubuntu1~18.04","arch":"amd64","source":{"name":"gcc-8","version":"8.4.0-1ubuntu1~18.04","upstreamVersion":"8.4.0"},"summary":"GNU Transactional Memory Library"},{"name":"libjq1:amd64","version":"1.5+dfsg-2","arch":"amd64","source":{"name":"jq","version":"1.5+dfsg-2","upstreamVersion":"1.5+dfsg"},"summary":"lightweight and flexible command-line JSON processor - shared library"},{"name":"libk5crypto3:amd64","version":"1.16-2ubuntu0.2","arch":"amd64","source":{"name":"krb5","version":"1.16-2ubuntu0.2","upstreamVersion":"1.16"},"summary":"MIT Kerberos runtime libraries - Crypto Library"},{"name":"libkeyutils1:amd64","version":"1.5.9-9.2ubuntu2","arch":"amd64","source":{"name":"keyutils","version":"1.5.9-9.2ubuntu2","upstreamVersion":"1.5.9"},"summary":"Linux Key Management Utilities (library)"},{"name":"libkrb5-26-heimdal:amd64","version":"7.5.0+dfsg-1","arch":"amd64","source":{"name":"heimdal","version":"7.5.0+dfsg-1","upstreamVersion":"7.5.0+dfsg"},"summary":"Heimdal Kerberos - libraries"},{"name":"libkrb5-3:amd64","version":"1.16-2ubuntu0.2","arch":"amd64","source":{"name":"krb5","version":"1.16-2ubuntu0.2","upstreamVersion":"1.16"},"summary":"MIT Kerberos runtime libraries"},{"name":"libkrb5support0:amd64","version":"1.16-2ubuntu0.2","arch":"amd64","source":{"name":"krb5","version":"1.16-2ubuntu0.2","upstreamVersion":"1.16"},"summary":"MIT Kerberos runtime libraries - Support library"},{"name":"libldap-2.4-2:amd64","version":"2.4.45+dfsg-1ubuntu1.10","arch":"amd64","source":{"name":"openldap","version":"2.4.45+dfsg-1ubuntu1.10","upstreamVersion":"2.4.45+dfsg"},"summary":"OpenLDAP libraries"},{"name":"libldap-common","version":"2.4.45+dfsg-1ubuntu1.10","arch":"all","source":{"name":"openldap","version":"2.4.45+dfsg-1ubuntu1.10","upstreamVersion":"2.4.45+dfsg"},"summary":"OpenLDAP common files for libraries"},{"name":"liblsan0:amd64","version":"8.4.0-1ubuntu1~18.04","arch":"amd64","source":{"name":"gcc-8","version":"8.4.0-1ubuntu1~18.04","upstreamVersion":"8.4.0"},"summary":"LeakSanitizer -- a memory leak detector (runtime)"},{"name":"liblz4-1:amd64","version":"0.0~r131-2ubuntu3","arch":"amd64","source":{"name":"lz4","version":"0.0~r131-2ubuntu3","upstreamVersion":"0.0~r131"},"summary":"Fast LZ compression algorithm library - runtime"},{"name":"liblzma5:amd64","version":"5.2.2-1.3","arch":"amd64","source":{"name":"xz-utils","version":"5.2.2-1.3","upstreamVersion":"5.2.2"},"summary":"XZ-format compression library"},{"name":"libmount1:amd64","version":"2.31.1-0.4ubuntu3.7","arch":"amd64","source":{"name":"util-linux","version":"2.31.1-0.4ubuntu3.7","upstreamVersion":"2.31.1"},"summary":"device mounting library"},{"name":"libmpc3:amd64","version":"1.1.0-1","arch":"amd64","source":{"name":"mpclib3","version":"1.1.0-1","upstreamVersion":"1.1.0"},"summary":"multiple precision complex floating-point library"},{"name":"libmpfr6:amd64","version":"4.0.1-1","arch":"amd64","source":{"name":"mpfr4","version":"4.0.1-1","upstreamVersion":"4.0.1"},"summary":"multiple precision floating-point computation"},{"name":"libmpx2:amd64","version":"8.4.0-1ubuntu1~18.04","arch":"amd64","source":{"name":"gcc-8","version":"8.4.0-1ubuntu1~18.04","upstreamVersion":"8.4.0"},"summary":"Intel memory protection extensions (runtime)"},{"name":"libncurses5:amd64","version":"6.1-1ubuntu1.18.04","arch":"amd64","source":{"name":"ncurses","version":"6.1-1ubuntu1.18.04","upstreamVersion":"6.1"},"summary":"shared libraries for terminal handling"},{"name":"libncursesw5:amd64","version":"6.1-1ubuntu1.18.04","arch":"amd64","source":{"name":"ncurses","version":"6.1-1ubuntu1.18.04","upstreamVersion":"6.1"},"summary":"shared libraries for terminal handling (wide character support)"},{"name":"libnettle6:amd64","version":"3.4-1","arch":"amd64","source":{"name":"nettle","version":"3.4-1","upstreamVersion":"3.4"},"summary":"low level cryptographic library (symmetric and one-way cryptos)"},{"name":"libnghttp2-14:amd64","version":"1.30.0-1ubuntu1","arch":"amd64","source":{"name":"nghttp2","version":"1.30.0-1ubuntu1","upstreamVersion":"1.30.0"},"summary":"library implementing HTTP/2 protocol (shared library)"},{"name":"libonig4:amd64","version":"6.7.0-1","arch":"amd64","source":{"name":"libonig","version":"6.7.0-1","upstreamVersion":"6.7.0"},"summary":"regular expressions library"},{"name":"libp11-kit0:amd64","version":"0.23.9-2ubuntu0.1","arch":"amd64","source":{"name":"p11-kit","version":"0.23.9-2ubuntu0.1","upstreamVersion":"0.23.9"},"summary":"library for loading and coordinating access to PKCS#11 modules - runtime"},{"name":"libpam-modules:amd64","version":"1.1.8-3.6ubuntu2.18.04.2","arch":"amd64","source":{"name":"pam","version":"1.1.8-3.6ubuntu2.18.04.2","upstreamVersion":"1.1.8"},"summary":"Pluggable Authentication Modules for PAM"},{"name":"libpam-modules-bin","version":"1.1.8-3.6ubuntu2.18.04.2","arch":"amd64","source":{"name":"pam","version":"1.1.8-3.6ubuntu2.18.04.2","upstreamVersion":"1.1.8"},"summary":"Pluggable Authentication Modules for PAM - helper binaries"},{"name":"libpam-runtime","version":"1.1.8-3.6ubuntu2.18.04.2","arch":"all","source":{"name":"pam","version":"1.1.8-3.6ubuntu2.18.04.2","upstreamVersion":"1.1.8"},"summary":"Runtime support for the PAM library"},{"name":"libpam0g:amd64","version":"1.1.8-3.6ubuntu2.18.04.2","arch":"amd64","source":{"name":"pam","version":"1.1.8-3.6ubuntu2.18.04.2","upstreamVersion":"1.1.8"},"summary":"Pluggable Authentication Modules library"},{"name":"libpcre3:amd64","version":"2:8.39-9","arch":"amd64","source":{"name":"pcre3","version":"2:8.39-9","upstreamVersion":"8.39"},"summary":"Old Perl 5 Compatible Regular Expression Library - runtime files"},{"name":"libperl5.26:amd64","version":"5.26.1-6ubuntu0.5","arch":"amd64","source":{"name":"perl","version":"5.26.1-6ubuntu0.5","upstreamVersion":"5.26.1"},"summary":"shared Perl library"},{"name":"libprocps6:amd64","version":"2:3.3.12-3ubuntu1.2","arch":"amd64","source":{"name":"procps","version":"2:3.3.12-3ubuntu1.2","upstreamVersion":"3.3.12"},"summary":"library for accessing process information from /proc"},{"name":"libpsl5:amd64","version":"0.19.1-5build1","arch":"amd64","source":{"name":"libpsl","version":"0.19.1-5build1","upstreamVersion":"0.19.1"},"summary":"Library for Public Suffix List (shared libraries)"},{"name":"libquadmath0:amd64","version":"8.4.0-1ubuntu1~18.04","arch":"amd64","source":{"name":"gcc-8","version":"8.4.0-1ubuntu1~18.04","upstreamVersion":"8.4.0"},"summary":"GCC Quad-Precision Math Library"},{"name":"libroken18-heimdal:amd64","version":"7.5.0+dfsg-1","arch":"amd64","source":{"name":"heimdal","version":"7.5.0+dfsg-1","upstreamVersion":"7.5.0+dfsg"},"summary":"Heimdal Kerberos - roken support library"},{"name":"librtmp1:amd64","version":"2.4+20151223.gitfa8646d.1-1","arch":"amd64","source":{"name":"rtmpdump","version":"2.4+20151223.gitfa8646d.1-1","upstreamVersion":"2.4+20151223.gitfa8646d.1"},"summary":"toolkit for RTMP streams (shared library)"},{"name":"libsasl2-2:amd64","version":"2.1.27~101-g0780600+dfsg-3ubuntu2.3","arch":"amd64","source":{"name":"cyrus-sasl2","version":"2.1.27~101-g0780600+dfsg-3ubuntu2.3","upstreamVersion":"2.1.27~101-g0780600+dfsg"},"summary":"Cyrus SASL - authentication abstraction library"},{"name":"libsasl2-modules-db:amd64","version":"2.1.27~101-g0780600+dfsg-3ubuntu2.3","arch":"amd64","source":{"name":"cyrus-sasl2","version":"2.1.27~101-g0780600+dfsg-3ubuntu2.3","upstreamVersion":"2.1.27~101-g0780600+dfsg"},"summary":"Cyrus SASL - pluggable authentication modules (DB)"},{"name":"libseccomp2:amd64","version":"2.4.3-1ubuntu3.18.04.3","arch":"amd64","source":{"name":"libseccomp","version":"2.4.3-1ubuntu3.18.04.3","upstreamVersion":"2.4.3"},"summary":"high level interface to Linux seccomp filter"},{"name":"libselinux1:amd64","version":"2.7-2build2","arch":"amd64","source":{"name":"libselinux","version":"2.7-2build2","upstreamVersion":"2.7"},"summary":"SELinux runtime shared libraries"},{"name":"libsemanage-common","version":"2.7-2build2","arch":"all","source":{"name":"libsemanage","version":"2.7-2build2","upstreamVersion":"2.7"},"summary":"Common files for SELinux policy management libraries"},{"name":"libsemanage1:amd64","version":"2.7-2build2","arch":"amd64","source":{"name":"libsemanage","version":"2.7-2build2","upstreamVersion":"2.7"},"summary":"SELinux policy management library"},{"name":"libsepol1:amd64","version":"2.7-1","arch":"amd64","source":{"name":"libsepol","version":"2.7-1","upstreamVersion":"2.7"},"summary":"SELinux library for manipulating binary security policies"},{"name":"libsmartcols1:amd64","version":"2.31.1-0.4ubuntu3.7","arch":"amd64","source":{"name":"util-linux","version":"2.31.1-0.4ubuntu3.7","upstreamVersion":"2.31.1"},"summary":"smart column output alignment library"},{"name":"libsqlite3-0:amd64","version":"3.22.0-1ubuntu0.4","arch":"amd64","source":{"name":"sqlite3","version":"3.22.0-1ubuntu0.4","upstreamVersion":"3.22.0"},"summary":"SQLite 3 shared library"},{"name":"libss2:amd64","version":"1.44.1-1ubuntu1.3","arch":"amd64","source":{"name":"e2fsprogs","version":"1.44.1-1ubuntu1.3","upstreamVersion":"1.44.1"},"summary":"command-line interface parsing library"},{"name":"libssl1.1:amd64","version":"1.1.1-1ubuntu2.1~18.04.9","arch":"amd64","source":{"name":"openssl","version":"1.1.1-1ubuntu2.1~18.04.9","upstreamVersion":"1.1.1"},"summary":"Secure Sockets Layer toolkit - shared libraries"},{"name":"libstdc++-7-dev:amd64","version":"7.5.0-3ubuntu1~18.04","arch":"amd64","source":{"name":"gcc-7","version":"7.5.0-3ubuntu1~18.04","upstreamVersion":"7.5.0"},"summary":"GNU Standard C++ Library v3 (development files)"},{"name":"libstdc++6:amd64","version":"8.4.0-1ubuntu1~18.04","arch":"amd64","source":{"name":"gcc-8","version":"8.4.0-1ubuntu1~18.04","upstreamVersion":"8.4.0"},"summary":"GNU Standard C++ Library v3"},{"name":"libsystemd0:amd64","version":"237-3ubuntu10.45","arch":"amd64","source":{"name":"systemd","version":"237-3ubuntu10.45","upstreamVersion":"237"},"summary":"systemd utility library"},{"name":"libtasn1-6:amd64","version":"4.13-2","arch":"amd64","source":{"name":"libtasn1-6","version":"4.13-2","upstreamVersion":"4.13"},"summary":"Manage ASN.1 structures (runtime)"},{"name":"libtinfo5:amd64","version":"6.1-1ubuntu1.18.04","arch":"amd64","source":{"name":"ncurses","version":"6.1-1ubuntu1.18.04","upstreamVersion":"6.1"},"summary":"shared low-level terminfo library for terminal handling"},{"name":"libtsan0:amd64","version":"8.4.0-1ubuntu1~18.04","arch":"amd64","source":{"name":"gcc-8","version":"8.4.0-1ubuntu1~18.04","upstreamVersion":"8.4.0"},"summary":"ThreadSanitizer -- a Valgrind-based detector of data races (runtime)"},{"name":"libubsan0:amd64","version":"7.5.0-3ubuntu1~18.04","arch":"amd64","source":{"name":"gcc-7","version":"7.5.0-3ubuntu1~18.04","upstreamVersion":"7.5.0"},"summary":"UBSan -- undefined behaviour sanitizer (runtime)"},{"name":"libudev1:amd64","version":"237-3ubuntu10.45","arch":"amd64","source":{"name":"systemd","version":"237-3ubuntu10.45","upstreamVersion":"237"},"summary":"libudev shared library"},{"name":"libunistring2:amd64","version":"0.9.9-0ubuntu2","arch":"amd64","source":{"name":"libunistring","version":"0.9.9-0ubuntu2","upstreamVersion":"0.9.9"},"summary":"Unicode string library for C"},{"name":"libuuid1:amd64","version":"2.31.1-0.4ubuntu3.7","arch":"amd64","source":{"name":"util-linux","version":"2.31.1-0.4ubuntu3.7","upstreamVersion":"2.31.1"},"summary":"Universally Unique ID library"},{"name":"libwind0-heimdal:amd64","version":"7.5.0+dfsg-1","arch":"amd64","source":{"name":"heimdal","version":"7.5.0+dfsg-1","upstreamVersion":"7.5.0+dfsg"},"summary":"Heimdal Kerberos - stringprep implementation"},{"name":"libyaml-0-2:amd64","version":"0.1.7-2ubuntu3","arch":"amd64","source":{"name":"libyaml","version":"0.1.7-2ubuntu3","upstreamVersion":"0.1.7"},"summary":"Fast YAML 1.1 parser and emitter library"},{"name":"libzstd1:amd64","version":"1.3.3+dfsg-2ubuntu1.2","arch":"amd64","source":{"name":"libzstd","version":"1.3.3+dfsg-2ubuntu1.2","upstreamVersion":"1.3.3+dfsg"},"summary":"fast lossless compression algorithm"},{"name":"linux-libc-dev:amd64","version":"4.15.0-140.144","arch":"amd64","source":{"name":"linux","version":"4.15.0-140.144","upstreamVersion":"4.15.0"},"summary":"Linux Kernel Headers for development"},{"name":"locales","version":"2.27-3ubuntu1.4","arch":"all","source":{"name":"glibc","version":"2.27-3ubuntu1.4","upstreamVersion":"2.27"},"summary":"GNU C Library: National Language (locale) data [support]"},{"name":"login","version":"1:4.5-1ubuntu2","arch":"amd64","source":{"name":"shadow","version":"1:4.5-1ubuntu2","upstreamVersion":"4.5"},"summary":"system login tools"},{"name":"lsb-base","version":"9.20170808ubuntu1","arch":"all","source":{"name":"lsb","version":"9.20170808ubuntu1","upstreamVersion":"9.20170808ubuntu1"},"summary":"Linux Standard Base init script functionality"},{"name":"make","version":"4.1-9.1ubuntu1","arch":"amd64","source":{"name":"make-dfsg","version":"4.1-9.1ubuntu1","upstreamVersion":"4.1"},"summary":"utility for directing compilation"},{"name":"mawk","version":"1.3.3-17ubuntu3","arch":"amd64","source":{"name":"mawk","version":"1.3.3-17ubuntu3","upstreamVersion":"1.3.3"},"summary":"a pattern scanning and text processing language"},{"name":"mount","version":"2.31.1-0.4ubuntu3.7","arch":"amd64","source":{"name":"util-linux","version":"2.31.1-0.4ubuntu3.7","upstreamVersion":"2.31.1"},"summary":"tools for mounting and manipulating filesystems"},{"name":"ncurses-base","version":"6.1-1ubuntu1.18.04","arch":"all","source":{"name":"ncurses","version":"6.1-1ubuntu1.18.04","upstreamVersion":"6.1"},"summary":"basic terminal type definitions"},{"name":"ncurses-bin","version":"6.1-1ubuntu1.18.04","arch":"amd64","source":{"name":"ncurses","version":"6.1-1ubuntu1.18.04","upstreamVersion":"6.1"},"summary":"terminal-related programs and man pages"},{"name":"netbase","version":"5.4","arch":"all","source":{"name":"netbase","version":"5.4","upstreamVersion":"5.4"},"summary":"Basic TCP/IP networking system"},{"name":"openssl","version":"1.1.1-1ubuntu2.1~18.04.9","arch":"amd64","source":{"name":"openssl","version":"1.1.1-1ubuntu2.1~18.04.9","upstreamVersion":"1.1.1"},"summary":"Secure Sockets Layer toolkit - cryptographic utility"},{"name":"passwd","version":"1:4.5-1ubuntu2","arch":"amd64","source":{"name":"shadow","version":"1:4.5-1ubuntu2","upstreamVersion":"4.5"},"summary":"change and administer password and group data"},{"name":"patch","version":"2.7.6-2ubuntu1.1","arch":"amd64","source":{"name":"patch","version":"2.7.6-2ubuntu1.1","upstreamVersion":"2.7.6"},"summary":"Apply a diff file to an original"},{"name":"perl","version":"5.26.1-6ubuntu0.5","arch":"amd64","source":{"name":"perl","version":"5.26.1-6ubuntu0.5","upstreamVersion":"5.26.1"},"summary":"Larry Wall's Practical Extraction and Report Language"},{"name":"perl-base","version":"5.26.1-6ubuntu0.5","arch":"amd64","source":{"name":"perl","version":"5.26.1-6ubuntu0.5","upstreamVersion":"5.26.1"},"summary":"minimal Perl system"},{"name":"perl-modules-5.26","version":"5.26.1-6ubuntu0.5","arch":"all","source":{"name":"perl","version":"5.26.1-6ubuntu0.5","upstreamVersion":"5.26.1"},"summary":"Core Perl modules"},{"name":"procps","version":"2:3.3.12-3ubuntu1.2","arch":"amd64","source":{"name":"procps","version":"2:3.3.12-3ubuntu1.2","upstreamVersion":"3.3.12"},"summary":"/proc file system utilities"},{"name":"sed","version":"4.4-2","arch":"amd64","source":{"name":"sed","version":"4.4-2","upstreamVersion":"4.4"},"summary":"GNU stream editor for filtering/transforming text"},{"name":"sensible-utils","version":"0.0.12","arch":"all","source":{"name":"sensible-utils","version":"0.0.12","upstreamVersion":"0.0.12"},"summary":"Utilities for sensible alternative selection"},{"name":"sysvinit-utils","version":"2.88dsf-59.10ubuntu1","arch":"amd64","source":{"name":"sysvinit","version":"2.88dsf-59.10ubuntu1","upstreamVersion":"2.88dsf"},"summary":"System-V-like utilities"},{"name":"tar","version":"1.29b-2ubuntu0.2","arch":"amd64","source":{"name":"tar","version":"1.29b-2ubuntu0.2","upstreamVersion":"1.29b"},"summary":"GNU version of the tar archiving utility"},{"name":"tzdata","version":"2021a-0ubuntu0.18.04","arch":"all","source":{"name":"tzdata","version":"2021a-0ubuntu0.18.04","upstreamVersion":"2021a"},"summary":"time zone and daylight-saving time data"},{"name":"ubuntu-keyring","version":"2018.09.18.1~18.04.0","arch":"all","source":{"name":"ubuntu-keyring","version":"2018.09.18.1~18.04.0","upstreamVersion":"2018.09.18.1~18.04.0"},"summary":"GnuPG keys of the Ubuntu archive"},{"name":"util-linux","version":"2.31.1-0.4ubuntu3.7","arch":"amd64","source":{"name":"util-linux","version":"2.31.1-0.4ubuntu3.7","upstreamVersion":"2.31.1"},"summary":"miscellaneous system utilities"},{"name":"xz-utils","version":"5.2.2-1.3","arch":"amd64","source":{"name":"xz-utils","version":"5.2.2-1.3","upstreamVersion":"5.2.2"},"summary":"XZ-format compression utilities"},{"name":"zlib1g:amd64","version":"1:1.2.11.dfsg-0ubuntu2","arch":"amd64","source":{"name":"zlib","version":"1:1.2.11.dfsg-0ubuntu2","upstreamVersion":"1.2.11.dfsg"},"summary":"compression library - runtime"},{"name":"zlib1g-dev:amd64","version":"1:1.2.11.dfsg-0ubuntu2","arch":"amd64","source":{"name":"zlib","version":"1:1.2.11.dfsg-0ubuntu2","upstreamVersion":"1.2.11.dfsg"},"summary":"compression library - development"}]}, containers=-1)
22:33:34.829 [main] DEBUG org.testcontainers.images.LocalImagesCache - repoTags is null, skipping image: Image(created=315532801, id=sha256:bf2e5edb8b85f011baa2d81962e5f3a4119a2afcf285786368a8897cc816386c, parentId=, repoTags=null, repoDigests=[paketobuildpacks/builder@sha256:54b22083aa0b8b91ae7a931ad0498609d3ab30e7b6ceed99cc8788c45569fb75], size=405869518, virtualSize=405869518, sharedSize=-1, labels={io.buildpacks.builder.metadata={"description":"Tiny base image (bionic build image, distroless-like run image) with buildpacks for Java Native Image and Go","buildpacks":[{"id":"paketo-buildpacks/go","version":"0.2.8","homepage":"https://github.com/paketo-buildpacks/go"},{"id":"paketo-buildpacks/dep","version":"0.0.173","homepage":"https://github.com/paketo-buildpacks/dep"},{"id":"paketo-buildpacks/dep-ensure","version":"0.0.33","homepage":"https://github.com/paketo-buildpacks/dep-ensure"},{"id":"paketo-buildpacks/go-build","version":"0.1.2","homepage":"https://github.com/paketo-buildpacks/go-build"},{"id":"paketo-buildpacks/go-dist","version":"0.2.6","homepage":"https://github.com/paketo-buildpacks/go-dist"},{"id":"paketo-buildpacks/go-mod-vendor","version":"0.0.169","homepage":"https://github.com/paketo-buildpacks/go-mod-vendor"},{"id":"paketo-buildpacks/java-native-image","version":"4.5.0","homepage":"https://github.com/paketo-buildpacks/java-native-image"},{"id":"paketo-buildpacks/maven","version":"3.2.1","homepage":"https://github.com/paketo-buildpacks/maven"},{"id":"paketo-buildpacks/procfile","version":"3.0.0","homepage":"https://github.com/paketo-buildpacks/procfile"},{"id":"paketo-buildpacks/spring-boot-native-image","version":"1.7.0","homepage":"https://github.com/paketo-buildpacks/spring-boot-native-image"},{"id":"paketo-buildpacks/environment-variables","version":"2.1.2","homepage":"https://github.com/paketo-buildpacks/environment-variables"},{"id":"paketo-buildpacks/executable-jar","version":"3.1.3","homepage":"https://github.com/paketo-buildpacks/executable-jar"},{"id":"paketo-buildpacks/leiningen","version":"1.2.1","homepage":"https://github.com/paketo-buildpacks/leiningen"},{"id":"paketo-buildpacks/sbt","version":"3.6.0","homepage":"https://github.com/paketo-buildpacks/sbt"},{"id":"paketo-buildpacks/spring-boot","version":"3.5.0","homepage":"https://github.com/paketo-buildpacks/spring-boot"},{"id":"paketo-buildpacks/graalvm","version":"3.4.0","homepage":"https://github.com/paketo-buildpacks/graalvm"},{"id":"paketo-buildpacks/gradle","version":"3.4.0","homepage":"https://github.com/paketo-buildpacks/gradle"},{"id":"paketo-buildpacks/image-labels","version":"2.0.6","homepage":"https://github.com/paketo-buildpacks/image-labels"}],"stack":{"runImage":{"image":"index.docker.io/paketobuildpacks/run:tiny-cnb","mirrors":["gcr.io/paketo-buildpacks/run:tiny-cnb"]}},"lifecycle":{"version":"0.10.1","api":{"buildpack":"0.2","platform":"0.3"},"apis":{"buildpack":{"deprecated":[],"supported":["0.2","0.3","0.4","0.5"]},"platform":{"deprecated":[],"supported":["0.3","0.4","0.5"]}}},"createdBy":{"name":"Pack CLI","version":"0.15.1+git-79adc30.build-1660"}}, io.buildpacks.buildpack.layers={"paketo-buildpacks/dep":{"0.0.173":{"api":"0.4","stacks":[{"id":"io.buildpacks.stacks.bionic"},{"id":"org.cloudfoundry.stacks.cflinuxfs3"},{"id":"io.paketo.stacks.tiny"}],"layerDiffID":"sha256:fbb2ea803109e0d9378fb25dc6a70c015f627801bdaf3258ac7c252ec7224d50","homepage":"https://github.com/paketo-buildpacks/dep"}},"paketo-buildpacks/dep-ensure":{"0.0.33":{"api":"0.4","stacks":[{"id":"io.buildpacks.stacks.bionic"},{"id":"io.paketo.stacks.tiny"},{"id":"org.cloudfoundry.stacks.cflinuxfs3"}],"layerDiffID":"sha256:3fa82b28fb78ced417e423ed53ec4e1ab8027427838578b7f760287cf6370e4d","homepage":"https://github.com/paketo-buildpacks/dep-ensure"}},"paketo-buildpacks/environment-variables":{"2.1.2":{"api":"0.4","stacks":[{"id":"io.buildpacks.stacks.bionic"},{"id":"io.paketo.stacks.tiny"},{"id":"org.cloudfoundry.stacks.cflinuxfs3"}],"layerDiffID":"sha256:1d2e0540271985a5021af35962608b36a540c69346e3af013646d49acab1563c","homepage":"https://github.com/paketo-buildpacks/environment-variables"}},"paketo-buildpacks/executable-jar":{"3.1.3":{"api":"0.4","stacks":[{"id":"io.buildpacks.stacks.bionic"},{"id":"io.paketo.stacks.tiny"},{"id":"org.cloudfoundry.stacks.cflinuxfs3"}],"layerDiffID":"sha256:cbe6cfc725ebabb868e221fa2ab3a7660058006a19b236f88ead4cb95628b3e2","homepage":"https://github.com/paketo-buildpacks/executable-jar"}},"paketo-buildpacks/go":{"0.2.8":{"api":"0.2","order":[{"group":[{"id":"paketo-buildpacks/go-dist","version":"0.2.6"},{"id":"paketo-buildpacks/go-mod-vendor","version":"0.0.169"},{"id":"paketo-buildpacks/go-build","version":"0.1.2"}]},{"group":[{"id":"paketo-buildpacks/go-dist","version":"0.2.6"},{"id":"paketo-buildpacks/dep","version":"0.0.173"},{"id":"paketo-buildpacks/dep-ensure","version":"0.0.33"},{"id":"paketo-buildpacks/go-build","version":"0.1.2"}]},{"group":[{"id":"paketo-buildpacks/go-dist","version":"0.2.6"},{"id":"paketo-buildpacks/go-build","version":"0.1.2"}]}],"layerDiffID":"sha256:fffa865d419d3a5b75df28a6acdf14b800f7e13933d819d1e6972b3aa3f7211a","homepage":"https://github.com/paketo-buildpacks/go"}},"paketo-buildpacks/go-build":{"0.1.2":{"api":"0.4","stacks":[{"id":"io.buildpacks.stacks.bionic"},{"id":"io.paketo.stacks.tiny"},{"id":"org.cloudfoundry.stacks.cflinuxfs3"}],"layerDiffID":"sha256:3e0b459a7cddd3239a3fc51fa7172baa1b24c96461605ec1f1fc3d00feb2ad7b","homepage":"https://github.com/paketo-buildpacks/go-build"}},"paketo-buildpacks/go-dist":{"0.2.6":{"api":"0.4","stacks":[{"id":"io.buildpacks.stacks.bionic"},{"id":"io.paketo.stacks.tiny"},{"id":"org.cloudfoundry.stacks.cflinuxfs3"}],"layerDiffID":"sha256:13bcd3bcea9345fa40d703e4cda32111cfcf20d71cee70402a43a1110e803fe5","homepage":"https://github.com/paketo-buildpacks/go-dist"}},"paketo-buildpacks/go-mod-vendor":{"0.0.169":{"api":"0.4","stacks":[{"id":"org.cloudfoundry.stacks.cflinuxfs3"},{"id":"io.buildpacks.stacks.bionic"},{"id":"io.paketo.stacks.tiny"}],"layerDiffID":"sha256:b7c1338fd1dfbdeb3ba1f6225534dc6f7e7fa3b59030597e94605c7118720050","homepage":"https://github.com/paketo-buildpacks/go-mod-vendor"}},"paketo-buildpacks/graalvm":{"3.4.0":{"api":"0.4","stacks":[{"id":"io.buildpacks.stacks.bionic"},{"id":"io.paketo.stacks.tiny"},{"id":"org.cloudfoundry.stacks.cflinuxfs3"}],"layerDiffID":"sha256:248dc1063b626be900cd0f66b428a9dca39ba81923f80e247e7b19323fba0367","homepage":"https://github.com/paketo-buildpacks/graalvm"}},"paketo-buildpacks/gradle":{"3.4.0":{"api":"0.4","stacks":[{"id":"io.buildpacks.stacks.bionic"},{"id":"io.paketo.stacks.tiny"},{"id":"org.cloudfoundry.stacks.cflinuxfs3"}],"layerDiffID":"sha256:4f1f8d0b7b51de43359c52537f1216ba13b9b4e0f6f2688006f64624832fe042","homepage":"https://github.com/paketo-buildpacks/gradle"}},"paketo-buildpacks/image-labels":{"2.0.6":{"api":"0.4","stacks":[{"id":"io.buildpacks.stacks.bionic"},{"id":"io.paketo.stacks.tiny"},{"id":"org.cloudfoundry.stacks.cflinuxfs3"}],"layerDiffID":"sha256:962612158adca4f5966e43d599342231eff6c86812ed8b9d29ff56b74d3b4a69","homepage":"https://github.com/paketo-buildpacks/image-labels"}},"paketo-buildpacks/java-native-image":{"4.5.0":{"api":"0.4","order":[{"group":[{"id":"paketo-buildpacks/graalvm","version":"3.4.0"},{"id":"paketo-buildpacks/gradle","version":"3.4.0","optional":true},{"id":"paketo-buildpacks/leiningen","version":"1.2.1","optional":true},{"id":"paketo-buildpacks/maven","version":"3.2.1","optional":true},{"id":"paketo-buildpacks/sbt","version":"3.6.0","optional":true},{"id":"paketo-buildpacks/executable-jar","version":"3.1.3","optional":true},{"id":"paketo-buildpacks/spring-boot","version":"3.5.0","optional":true},{"id":"paketo-buildpacks/spring-boot-native-image","version":"1.7.0"},{"id":"paketo-buildpacks/procfile","version":"3.0.0","optional":true},{"id":"paketo-buildpacks/environment-variables","version":"2.1.2","optional":true},{"id":"paketo-buildpacks/image-labels","version":"2.0.6","optional":true}]}],"layerDiffID":"sha256:b6c7528ca7b28d43b2131ca470a70335a980f03ddb3ba185fb40fa8583caa1d2","homepage":"https://github.com/paketo-buildpacks/java-native-image"}},"paketo-buildpacks/leiningen":{"1.2.1":{"api":"0.4","stacks":[{"id":"io.buildpacks.stacks.bionic"},{"id":"io.paketo.stacks.tiny"},{"id":"org.cloudfoundry.stacks.cflinuxfs3"}],"layerDiffID":"sha256:590e9180213fc4069cf31bfe29433bcb44d0ad0027a863ee9965efcbee2b32b6","homepage":"https://github.com/paketo-buildpacks/leiningen"}},"paketo-buildpacks/maven":{"3.2.1":{"api":"0.4","stacks":[{"id":"io.buildpacks.stacks.bionic"},{"id":"io.paketo.stacks.tiny"},{"id":"org.cloudfoundry.stacks.cflinuxfs3"}],"layerDiffID":"sha256:4c92f23620ea13e2dcdbfc0d6620ef0e204fa9de03e8c8db3d6119c8802dca23","homepage":"https://github.com/paketo-buildpacks/maven"}},"paketo-buildpacks/procfile":{"3.0.0":{"api":"0.4","stacks":[{"id":"io.buildpacks.stacks.bionic"},{"id":"io.paketo.stacks.tiny"},{"id":"org.cloudfoundry.stacks.cflinuxfs3"}],"layerDiffID":"sha256:e6acd75d955c1f916b297215d53136a31350506608ff690b5455c3ec6c37f347","homepage":"https://github.com/paketo-buildpacks/procfile"}},"paketo-buildpacks/sbt":{"3.6.0":{"api":"0.4","stacks":[{"id":"io.buildpacks.stacks.bionic"},{"id":"io.paketo.stacks.tiny"},{"id":"org.cloudfoundry.stacks.cflinuxfs3"}],"layerDiffID":"sha256:f3520761bffe3f7c1c1e39e1514f01601d95d647c8aa5442c65e68d0eaf4b2fd","homepage":"https://github.com/paketo-buildpacks/sbt"}},"paketo-buildpacks/spring-boot":{"3.5.0":{"api":"0.4","stacks":[{"id":"io.buildpacks.stacks.bionic"},{"id":"io.paketo.stacks.tiny"},{"id":"org.cloudfoundry.stacks.cflinuxfs3"}],"layerDiffID":"sha256:340cebf49ac5ca87f0114e285e7fee5c436a656096ea4b5f6d05746726befe30","homepage":"https://github.com/paketo-buildpacks/spring-boot"}},"paketo-buildpacks/spring-boot-native-image":{"1.7.0":{"api":"0.4","stacks":[{"id":"io.buildpacks.stacks.bionic"},{"id":"io.paketo.stacks.tiny"},{"id":"org.cloudfoundry.stacks.cflinuxfs3"}],"layerDiffID":"sha256:4cadc3d55b9cb55d649c835b3e52074500804a0135a9eaceb521cf3d2c4d64d9","homepage":"https://github.com/paketo-buildpacks/spring-boot-native-image"}}}, io.buildpacks.buildpack.order=[{"group":[{"id":"paketo-buildpacks/java-native-image","version":"4.5.0"}]},{"group":[{"id":"paketo-buildpacks/go","version":"0.2.8"}]}], io.buildpacks.stack.description=ubuntu:bionic + openssl + CA certs + compilers + shell utilities, io.buildpacks.stack.distro.name=Ubuntu, io.buildpacks.stack.distro.version=18.04, io.buildpacks.stack.homepage=https://github.com/paketo-buildpacks/stacks, io.buildpacks.stack.id=io.paketo.stacks.tiny, io.buildpacks.stack.maintainer=Paketo Buildpacks, io.buildpacks.stack.metadata=, io.buildpacks.stack.mixins=[], io.buildpacks.stack.released=2020-12-20}, containers=-1)
22:33:34.829 [main] DEBUG org.testcontainers.images.AbstractImagePullPolicy - Using locally available and not pulling image: postgres:11
22:33:34.829 [main] DEBUG 🐳 [postgres:11] - Starting container: postgres:11
22:33:34.830 [main] DEBUG 🐳 [postgres:11] - Trying to start container: postgres:11 (attempt 1/1)
22:33:34.830 [main] DEBUG 🐳 [postgres:11] - Starting container: postgres:11
22:33:34.830 [main] INFO 🐳 [postgres:11] - Creating container for image: postgres:11
22:33:34.830 [main] DEBUG org.testcontainers.utility.RegistryAuthLocator - Looking up auth config for image: postgres:11 at registry: index.docker.io
22:33:34.830 [main] DEBUG org.testcontainers.utility.RegistryAuthLocator - No matching Auth Configs - falling back to defaultAuthConfig [null]
22:33:34.830 [main] DEBUG org.testcontainers.dockerclient.AuthDelegatingDockerClientConfig - Effective auth config [null]
22:33:34.835 [main] DEBUG org.testcontainers.shaded.com.github.dockerjava.core.command.AbstrDockerCmd - Cmd: org.testcontainers.shaded.com.github.dockerjava.core.command.CreateContainerCmdImpl@f478a81[name=<null>,hostName=<null>,domainName=<null>,user=<null>,attachStdin=<null>,attachStdout=<null>,attachStderr=<null>,portSpecs=<null>,tty=<null>,stdinOpen=<null>,stdInOnce=<null>,env={POSTGRES_USER=book,POSTGRES_PASSWORD=book,POSTGRES_DB=books_database},cmd={postgres,-c,fsync=off},healthcheck=<null>,argsEscaped=<null>,entrypoint=<null>,image=postgres:11,volumes=com.github.dockerjava.api.model.Volumes@19553973,workingDir=<null>,macAddress=<null>,onBuild=<null>,networkDisabled=<null>,exposedPorts=com.github.dockerjava.api.model.ExposedPorts@7bb6ab3a,stopSignal=<null>,stopTimeout=<null>,hostConfig=HostConfig(binds=[], blkioWeight=null, blkioWeightDevice=null, blkioDeviceReadBps=null, blkioDeviceWriteBps=null, blkioDeviceReadIOps=null, blkioDeviceWriteIOps=null, memorySwappiness=null, nanoCPUs=null, capAdd=null, capDrop=null, containerIDFile=null, cpuPeriod=null, cpuRealtimePeriod=null, cpuRealtimeRuntime=null, cpuShares=null, cpuQuota=null, cpusetCpus=null, cpusetMems=null, devices=null, deviceCgroupRules=null, deviceRequests=null, diskQuota=null, dns=null, dnsOptions=null, dnsSearch=null, extraHosts=[], groupAdd=null, ipcMode=null, cgroup=null, links=[], logConfig=LogConfig(type=null, config=null), lxcConf=null, memory=null, memorySwap=null, memoryReservation=null, kernelMemory=null, networkMode=null, oomKillDisable=null, init=null, autoRemove=null, oomScoreAdj=null, portBindings={}, privileged=null, publishAllPorts=true, readonlyRootfs=null, restartPolicy=null, ulimits=null, cpuCount=null, cpuPercent=null, ioMaximumIOps=null, ioMaximumBandwidth=null, volumesFrom=[], mounts=null, pidMode=null, isolation=null, securityOpts=null, storageOpt=null, cgroupParent=null, volumeDriver=null, shmSize=null, pidsLimit=null, runtime=null, tmpFs=null, utSMode=null, usernsMode=null, sysctls=null, consoleSize=null),labels={org.testcontainers=true, org.testcontainers.sessionId=da9b79d6-f872-4825-a34d-093e2ebac2c8},shell=<null>,networkingConfig=<null>,ipv4Address=<null>,ipv6Address=<null>,aliases=<null>,authConfig=<null>]
22:33:34.897 [main] INFO 🐳 [postgres:11] - Starting container with ID: 96f489879b1d0dcf32d77857d7a5f8b5c82405764cb01e73472dcd394db54113
22:33:34.898 [main] DEBUG org.testcontainers.shaded.com.github.dockerjava.core.command.AbstrDockerCmd - Cmd: 96f489879b1d0dcf32d77857d7a5f8b5c82405764cb01e73472dcd394db54113
22:33:36.213 [main] INFO 🐳 [postgres:11] - Container postgres:11 is starting: 96f489879b1d0dcf32d77857d7a5f8b5c82405764cb01e73472dcd394db54113
22:33:36.214 [main] DEBUG org.testcontainers.shaded.com.github.dockerjava.core.command.AbstrDockerCmd - Cmd: 96f489879b1d0dcf32d77857d7a5f8b5c82405764cb01e73472dcd394db54113,false
22:33:36.214 [main] DEBUG org.testcontainers.shaded.com.github.dockerjava.core.exec.InspectContainerCmdExec - GET: DefaultWebTarget{path=[/containers/96f489879b1d0dcf32d77857d7a5f8b5c82405764cb01e73472dcd394db54113/json], queryParams={}}
22:33:36.219 [ducttape-0] DEBUG org.testcontainers.shaded.com.github.dockerjava.core.command.AbstrDockerCmd - Cmd: 96f489879b1d0dcf32d77857d7a5f8b5c82405764cb01e73472dcd394db54113,false
22:33:36.219 [ducttape-0] DEBUG org.testcontainers.shaded.com.github.dockerjava.core.exec.InspectContainerCmdExec - GET: DefaultWebTarget{path=[/containers/96f489879b1d0dcf32d77857d7a5f8b5c82405764cb01e73472dcd394db54113/json], queryParams={}}
22:33:36.289 [main] DEBUG org.testcontainers.containers.output.WaitingConsumer - STDOUT: This user must also own the server process.
22:33:36.289 [main] DEBUG org.testcontainers.containers.output.WaitingConsumer - STDOUT: creating subdirectories ... ok
22:33:36.289 [main] DEBUG org.testcontainers.containers.output.WaitingConsumer - STDOUT: fixing permissions on existing directory /var/lib/postgresql/data ... ok
22:33:36.289 [main] DEBUG org.testcontainers.containers.output.WaitingConsumer - STDOUT: 
22:33:36.289 [main] DEBUG org.testcontainers.containers.output.WaitingConsumer - STDOUT: Data page checksums are disabled.
22:33:36.290 [main] DEBUG org.testcontainers.containers.output.WaitingConsumer - STDOUT: 
22:33:36.290 [main] DEBUG org.testcontainers.containers.output.WaitingConsumer - STDOUT: The default text search configuration will be set to "english".
22:33:36.290 [main] DEBUG org.testcontainers.containers.output.WaitingConsumer - STDOUT: The default database encoding has accordingly been set to "UTF8".
22:33:36.290 [main] DEBUG org.testcontainers.containers.output.WaitingConsumer - STDOUT: The database cluster will be initialized with locale "en_US.utf8".
22:33:36.290 [main] DEBUG org.testcontainers.containers.output.WaitingConsumer - STDOUT: 
22:33:36.290 [main] DEBUG org.testcontainers.containers.output.WaitingConsumer - STDOUT: The files belonging to this database system will be owned by user "postgres".
22:33:36.304 [main] DEBUG org.testcontainers.containers.output.WaitingConsumer - STDOUT: selecting default max_connections ... 100
22:33:36.321 [main] DEBUG org.testcontainers.containers.output.WaitingConsumer - STDOUT: selecting default shared_buffers ... 128MB
22:33:36.336 [main] DEBUG org.testcontainers.containers.output.WaitingConsumer - STDOUT: selecting dynamic shared memory implementation ... posix
22:33:36.337 [main] DEBUG org.testcontainers.containers.output.WaitingConsumer - STDOUT: selecting default timezone ... Etc/UTC
22:33:36.347 [main] DEBUG org.testcontainers.containers.output.WaitingConsumer - STDOUT: creating configuration files ... ok
22:33:36.447 [main] DEBUG org.testcontainers.containers.output.WaitingConsumer - STDOUT: running bootstrap script ... ok
22:33:36.880 [main] DEBUG org.testcontainers.containers.output.WaitingConsumer - STDOUT: performing post-bootstrap initialization ... ok
22:33:37.089 [main] DEBUG org.testcontainers.containers.output.WaitingConsumer - STDOUT: 
22:33:37.089 [main] DEBUG org.testcontainers.containers.output.WaitingConsumer - STDERR: --auth-local and --auth-host, the next time you run initdb.
22:33:37.090 [main] DEBUG org.testcontainers.containers.output.WaitingConsumer - STDERR: You can change this by editing pg_hba.conf or using the option -A, or
22:33:37.090 [main] DEBUG org.testcontainers.containers.output.WaitingConsumer - STDERR: WARNING: enabling "trust" authentication for local connections
22:33:37.091 [main] DEBUG org.testcontainers.containers.output.WaitingConsumer - STDERR: 
22:33:37.091 [main] DEBUG org.testcontainers.containers.output.WaitingConsumer - STDOUT: 
22:33:37.091 [main] DEBUG org.testcontainers.containers.output.WaitingConsumer - STDOUT:     pg_ctl -D /var/lib/postgresql/data -l logfile start
22:33:37.091 [main] DEBUG org.testcontainers.containers.output.WaitingConsumer - STDOUT: 
22:33:37.091 [main] DEBUG org.testcontainers.containers.output.WaitingConsumer - STDOUT: Success. You can now start the database server using:
22:33:37.091 [main] DEBUG org.testcontainers.containers.output.WaitingConsumer - STDOUT: syncing data to disk ... ok
22:33:37.110 [main] DEBUG org.testcontainers.containers.output.WaitingConsumer - STDOUT: waiting for server to start....2021-05-25 20:33:37.109 UTC [46] LOG:  listening on Unix socket "/var/run/postgresql/.s.PGSQL.5432"
22:33:37.122 [main] DEBUG org.testcontainers.containers.output.WaitingConsumer - STDOUT: 2021-05-25 20:33:37.120 UTC [47] LOG:  database system was shut down at 2021-05-25 20:33:36 UTC
22:33:37.132 [main] DEBUG org.testcontainers.containers.output.WaitingConsumer - STDOUT: 2021-05-25 20:33:37.124 UTC [46] LOG:  database system is ready to accept connections
22:33:37.205 [main] DEBUG org.testcontainers.containers.output.WaitingConsumer - STDOUT: server started
22:33:37.205 [main] DEBUG org.testcontainers.containers.output.WaitingConsumer - STDOUT:  done
22:33:37.488 [main] DEBUG org.testcontainers.containers.output.WaitingConsumer - STDOUT: CREATE DATABASE
22:33:37.499 [main] DEBUG org.testcontainers.containers.output.WaitingConsumer - STDOUT: 2021-05-25 20:33:37.494 UTC [48] LOG:  shutting down
22:33:37.499 [main] DEBUG org.testcontainers.containers.output.WaitingConsumer - STDOUT: 2021-05-25 20:33:37.494 UTC [46] LOG:  background worker "logical replication launcher" (PID 53) exited with exit code 1
22:33:37.499 [main] DEBUG org.testcontainers.containers.output.WaitingConsumer - STDOUT: 2021-05-25 20:33:37.492 UTC [46] LOG:  aborting any active transactions
22:33:37.499 [main] DEBUG org.testcontainers.containers.output.WaitingConsumer - STDOUT: waiting for server to shut down....2021-05-25 20:33:37.492 UTC [46] LOG:  received fast shutdown request
22:33:37.500 [main] DEBUG org.testcontainers.containers.output.WaitingConsumer - STDOUT: 
22:33:37.500 [main] DEBUG org.testcontainers.containers.output.WaitingConsumer - STDOUT: /usr/local/bin/docker-entrypoint.sh: ignoring /docker-entrypoint-initdb.d/*
22:33:37.500 [main] DEBUG org.testcontainers.containers.output.WaitingConsumer - STDOUT: 
22:33:37.500 [main] DEBUG org.testcontainers.containers.output.WaitingConsumer - STDOUT: 
22:33:37.510 [main] DEBUG org.testcontainers.containers.output.WaitingConsumer - STDOUT: 2021-05-25 20:33:37.502 UTC [46] LOG:  database system is shut down
22:33:37.593 [main] DEBUG org.testcontainers.containers.output.WaitingConsumer - STDOUT: server stopped
22:33:37.594 [main] DEBUG org.testcontainers.containers.output.WaitingConsumer - STDOUT:  done
22:33:37.594 [main] DEBUG org.testcontainers.containers.output.WaitingConsumer - STDOUT: 
22:33:37.594 [main] DEBUG org.testcontainers.containers.output.WaitingConsumer - STDOUT: PostgreSQL init process complete; ready for start up.
22:33:37.594 [main] DEBUG org.testcontainers.containers.output.WaitingConsumer - STDOUT: 
22:33:37.604 [main] DEBUG org.testcontainers.containers.output.WaitingConsumer - STDERR: 2021-05-25 20:33:37.605 UTC [1] LOG:  listening on Unix socket "/var/run/postgresql/.s.PGSQL.5432"
22:33:37.604 [main] DEBUG org.testcontainers.containers.output.WaitingConsumer - STDERR: 2021-05-25 20:33:37.605 UTC [1] LOG:  listening on IPv6 address "::", port 5432
22:33:37.605 [main] DEBUG org.testcontainers.containers.output.WaitingConsumer - STDERR: 2021-05-25 20:33:37.605 UTC [1] LOG:  listening on IPv4 address "0.0.0.0", port 5432
22:33:37.615 [main] DEBUG org.testcontainers.containers.output.WaitingConsumer - STDERR: 2021-05-25 20:33:37.613 UTC [64] LOG:  database system was shut down at 2021-05-25 20:33:37 UTC
22:33:37.625 [main] DEBUG org.testcontainers.containers.output.WaitingConsumer - STDERR: 2021-05-25 20:33:37.616 UTC [1] LOG:  database system is ready to accept connections
22:33:37.626 [main] INFO 🐳 [postgres:11] - Container postgres:11 started in PT3.216352S
22:33:37.633 [main] INFO org.testcontainers.ext.ScriptUtils - Executing database script from import-test.sql
22:33:37.645 [main] DEBUG org.testcontainers.shaded.com.github.dockerjava.core.command.AbstrDockerCmd - Cmd: 96f489879b1d0dcf32d77857d7a5f8b5c82405764cb01e73472dcd394db54113,false
22:33:37.645 [main] DEBUG org.testcontainers.shaded.com.github.dockerjava.core.exec.InspectContainerCmdExec - GET: DefaultWebTarget{path=[/containers/96f489879b1d0dcf32d77857d7a5f8b5c82405764cb01e73472dcd394db54113/json], queryParams={}}
22:33:37.650 [main] DEBUG 🐳 [postgres:11] - Trying to create JDBC connection using org.postgresql.Driver to jdbc:postgresql://localhost:55128/books_database?loggerLevel=OFF with properties: {password=book, user=book}
22:33:37.711 [main] DEBUG org.testcontainers.jdbc.JdbcDatabaseDelegate - false returned as updateCount for SQL: CREATE TABLE books (id SERIAL PRIMARY KEY, title VARCHAR(255), description VARCHAR(500))
22:33:37.714 [main] DEBUG org.testcontainers.jdbc.JdbcDatabaseDelegate - false returned as updateCount for SQL: CREATE TABLE authors (id SERIAL PRIMARY KEY, name VARCHAR(255), surname VARCHAR(255), dob DATE, sex CHAR)
22:33:37.717 [main] DEBUG org.testcontainers.jdbc.JdbcDatabaseDelegate - false returned as updateCount for SQL: CREATE TABLE books_authors (book_id smallint NOT NULL, author_id smallint NOT NULL, FOREIGN KEY (author_id) REFERENCES authors(id), FOREIGN KEY (book_id) REFERENCES books(id), PRIMARY KEY (author_id, book_id))
22:33:37.719 [main] DEBUG org.testcontainers.jdbc.JdbcDatabaseDelegate - false returned as updateCount for SQL: INSERT INTO books (title, description) VALUES ('Effective Java', 'The Definitive Guide to Java Platform Best Practices–Updated for Java 7, 8, and 9')
22:33:37.720 [main] DEBUG org.testcontainers.jdbc.JdbcDatabaseDelegate - false returned as updateCount for SQL: INSERT INTO books (title, description) VALUES ('Hands-On Spring Security 5 for Reactive Applications', 'Learn effective ways to secure your applications with Spring and Spring WebFlux (English Edition)')
22:33:37.722 [main] DEBUG org.testcontainers.jdbc.JdbcDatabaseDelegate - false returned as updateCount for SQL: INSERT INTO books (title, description) VALUES ('Big Data Integration Theory', 'This book presents a novel approach to database concepts, describing a categorical logic for database schema mapping based on views, within a framework for database integration/exchange and peer-to-peer. Database mappings, database programming languages, and denotational and operational semantics are discussed in depth. An analysis method is also developed that combines techniques from second order logic, data modeling, co-algebras and functorial categorial semantics.')
22:33:37.723 [main] DEBUG org.testcontainers.jdbc.JdbcDatabaseDelegate - false returned as updateCount for SQL: INSERT INTO authors (name, surname, dob, sex) VALUES ('Joshua', 'Bloch', '1960-6-27', 'm')
22:33:37.724 [main] DEBUG org.testcontainers.jdbc.JdbcDatabaseDelegate - false returned as updateCount for SQL: INSERT INTO authors (name, surname, dob, sex) VALUES ('Tomcy', 'John', '1960-6-27', 'm')
22:33:37.726 [main] DEBUG org.testcontainers.jdbc.JdbcDatabaseDelegate - false returned as updateCount for SQL: INSERT INTO authors (name, surname, dob, sex) VALUES ('Zoran', 'Majkić', '1960-6-27', 'm')
22:33:37.728 [main] DEBUG org.testcontainers.jdbc.JdbcDatabaseDelegate - false returned as updateCount for SQL: INSERT INTO books_authors VALUES (1, 1)
22:33:37.729 [main] DEBUG org.testcontainers.jdbc.JdbcDatabaseDelegate - false returned as updateCount for SQL: INSERT INTO books_authors VALUES (2, 1)
22:33:37.731 [main] DEBUG org.testcontainers.jdbc.JdbcDatabaseDelegate - false returned as updateCount for SQL: INSERT INTO books_authors VALUES (2, 2)
22:33:37.732 [main] DEBUG org.testcontainers.jdbc.JdbcDatabaseDelegate - false returned as updateCount for SQL: INSERT INTO books_authors VALUES (3, 3)
22:33:37.732 [main] INFO org.testcontainers.ext.ScriptUtils - Executed database script from import-test.sql in 99 ms.
22:33:37.744 [main] DEBUG org.springframework.test.context.BootstrapUtils - Instantiating CacheAwareContextLoaderDelegate from class [org.springframework.test.context.cache.DefaultCacheAwareContextLoaderDelegate]
22:33:37.751 [main] DEBUG org.springframework.test.context.BootstrapUtils - Instantiating BootstrapContext using constructor [public org.springframework.test.context.support.DefaultBootstrapContext(java.lang.Class,org.springframework.test.context.CacheAwareContextLoaderDelegate)]
22:33:37.787 [main] DEBUG org.springframework.test.context.BootstrapUtils - Instantiating TestContextBootstrapper for test class [org.springboot.training.BookControllerTest] from class [org.springframework.boot.test.context.SpringBootTestContextBootstrapper]
22:33:37.796 [main] INFO org.springframework.boot.test.context.SpringBootTestContextBootstrapper - Neither @ContextConfiguration nor @ContextHierarchy found for test class [org.springboot.training.BookControllerTest], using SpringBootContextLoader
22:33:37.799 [main] DEBUG org.springframework.test.context.support.AbstractContextLoader - Did not detect default resource location for test class [org.springboot.training.BookControllerTest]: class path resource [org/springboot/training/BookControllerTest-context.xml] does not exist
22:33:37.800 [main] DEBUG org.springframework.test.context.support.AbstractContextLoader - Did not detect default resource location for test class [org.springboot.training.BookControllerTest]: class path resource [org/springboot/training/BookControllerTestContext.groovy] does not exist
22:33:37.800 [main] INFO org.springframework.test.context.support.AbstractContextLoader - Could not detect default resource locations for test class [org.springboot.training.BookControllerTest]: no resource found for suffixes {-context.xml, Context.groovy}.
22:33:37.800 [main] INFO org.springframework.test.context.support.AnnotationConfigContextLoaderUtils - Could not detect default configuration classes for test class [org.springboot.training.BookControllerTest]: BookControllerTest does not declare any static, non-private, non-final, nested classes annotated with @Configuration.
22:33:37.848 [main] DEBUG org.springframework.test.context.support.ActiveProfilesUtils - Could not find an 'annotation declaring class' for annotation type [org.springframework.test.context.ActiveProfiles] and class [org.springboot.training.BookControllerTest]
22:33:37.859 [main] DEBUG org.springframework.context.index.CandidateComponentsIndexLoader - Loaded 2] index(es)
22:33:37.889 [main] DEBUG org.springframework.context.annotation.ClassPathScanningCandidateComponentProvider - Identified candidate component class: file [/Users/fany/Documents/workspace-sts/crossing-the-chasm-quarkus/springboot-books-api/imperative-api/target/classes/org/springboot/training/Application.class]
22:33:37.890 [main] INFO org.springframework.boot.test.context.SpringBootTestContextBootstrapper - Found @SpringBootConfiguration org.springboot.training.Application for test class org.springboot.training.BookControllerTest
22:33:37.950 [main] DEBUG org.springframework.boot.test.context.SpringBootTestContextBootstrapper - @TestExecutionListeners is not present for class [org.springboot.training.BookControllerTest]: using defaults.
22:33:37.962 [main] INFO org.springframework.boot.test.context.SpringBootTestContextBootstrapper - Loaded default TestExecutionListener class names from location [META-INF/spring.factories]: [org.springframework.boot.test.mock.mockito.MockitoTestExecutionListener, org.springframework.boot.test.mock.mockito.ResetMocksTestExecutionListener, org.springframework.boot.test.autoconfigure.restdocs.RestDocsTestExecutionListener, org.springframework.boot.test.autoconfigure.web.client.MockRestServiceServerResetTestExecutionListener, org.springframework.boot.test.autoconfigure.web.servlet.MockMvcPrintOnlyOnFailureTestExecutionListener, org.springframework.boot.test.autoconfigure.web.servlet.WebDriverTestExecutionListener, org.springframework.boot.test.autoconfigure.webservices.client.MockWebServiceServerTestExecutionListener, org.springframework.test.context.web.ServletTestExecutionListener, org.springframework.test.context.support.DirtiesContextBeforeModesTestExecutionListener, org.springframework.test.context.event.ApplicationEventsTestExecutionListener, org.springframework.test.context.support.DependencyInjectionTestExecutionListener, org.springframework.test.context.support.DirtiesContextTestExecutionListener, org.springframework.test.context.transaction.TransactionalTestExecutionListener, org.springframework.test.context.jdbc.SqlScriptsTestExecutionListener, org.springframework.test.context.event.EventPublishingTestExecutionListener]
22:33:37.964 [main] INFO org.springframework.boot.test.context.SpringBootTestContextBootstrapper - Using TestExecutionListeners: [org.springframework.test.context.web.ServletTestExecutionListener@726a6b94, org.springframework.test.context.support.DirtiesContextBeforeModesTestExecutionListener@6ad11a56, org.springframework.test.context.event.ApplicationEventsTestExecutionListener@522b2631, org.springframework.boot.test.mock.mockito.MockitoTestExecutionListener@3ff57625, org.springframework.boot.test.autoconfigure.SpringBootDependencyInjectionTestExecutionListener@1ee29c84, org.springframework.test.context.support.DirtiesContextTestExecutionListener@7c8326a4, org.springframework.test.context.transaction.TransactionalTestExecutionListener@77128dab, org.springframework.test.context.jdbc.SqlScriptsTestExecutionListener@63429932, org.springframework.test.context.event.EventPublishingTestExecutionListener@69ce2f62, org.springframework.boot.test.mock.mockito.ResetMocksTestExecutionListener@c9d82f9, org.springframework.boot.test.autoconfigure.restdocs.RestDocsTestExecutionListener@6f012914, org.springframework.boot.test.autoconfigure.web.client.MockRestServiceServerResetTestExecutionListener@18fdb6cf, org.springframework.boot.test.autoconfigure.web.servlet.MockMvcPrintOnlyOnFailureTestExecutionListener@d02f8d, org.springframework.boot.test.autoconfigure.web.servlet.WebDriverTestExecutionListener@60baef24, org.springframework.boot.test.autoconfigure.webservices.client.MockWebServiceServerTestExecutionListener@61533ae]
22:33:37.967 [main] DEBUG org.springframework.test.context.support.AbstractDirtiesContextTestExecutionListener - Before test class: context [DefaultTestContext@2adddc06 testClass = BookControllerTest, testInstance = [null], testMethod = [null], testException = [null], mergedContextConfiguration = [WebMergedContextConfiguration@301d8120 testClass = BookControllerTest, locations = '{}', classes = '{class org.springboot.training.Application}', contextInitializerClasses = '[]', activeProfiles = '{}', propertySourceLocations = '{}', propertySourceProperties = '{org.springframework.boot.test.context.SpringBootTestContextBootstrapper=true, server.port=0}', contextCustomizers = set[org.springframework.boot.test.context.filter.ExcludeFilterContextCustomizer@5aa0dbf4, org.springframework.boot.test.json.DuplicateJsonObjectContextCustomizerFactory$DuplicateJsonObjectContextCustomizer@7fe083b1, org.springframework.boot.test.mock.mockito.MockitoContextCustomizer@0, org.springframework.boot.test.web.client.TestRestTemplateContextCustomizer@2ca47471, org.springframework.boot.test.autoconfigure.actuate.metrics.MetricsExportContextCustomizerFactory$DisableMetricExportContextCustomizer@3a0807b7, org.springframework.boot.test.autoconfigure.properties.PropertyMappingContextCustomizer@0, org.springframework.boot.test.autoconfigure.web.servlet.WebDriverContextCustomizerFactory$Customizer@70d2e40b, org.springframework.test.context.support.DynamicPropertiesContextCustomizer@bbc3fb71, org.springframework.boot.test.context.SpringBootTestArgs@1, org.springframework.boot.test.context.SpringBootTestWebEnvironment@5700d6b1], resourceBasePath = 'src/main/webapp', contextLoader = 'org.springframework.boot.test.context.SpringBootContextLoader', parent = [null]], attributes = map['org.springframework.test.context.web.ServletTestExecutionListener.activateListener' -> false]], class annotated with @DirtiesContext [false] with mode [null].
22:33:37.978 [main] DEBUG org.springframework.test.context.support.DependencyInjectionTestExecutionListener - Performing dependency injection for test context [[DefaultTestContext@2adddc06 testClass = BookControllerTest, testInstance = org.springboot.training.BookControllerTest@2d84cb86, testMethod = [null], testException = [null], mergedContextConfiguration = [WebMergedContextConfiguration@301d8120 testClass = BookControllerTest, locations = '{}', classes = '{class org.springboot.training.Application}', contextInitializerClasses = '[]', activeProfiles = '{}', propertySourceLocations = '{}', propertySourceProperties = '{org.springframework.boot.test.context.SpringBootTestContextBootstrapper=true, server.port=0}', contextCustomizers = set[org.springframework.boot.test.context.filter.ExcludeFilterContextCustomizer@5aa0dbf4, org.springframework.boot.test.json.DuplicateJsonObjectContextCustomizerFactory$DuplicateJsonObjectContextCustomizer@7fe083b1, org.springframework.boot.test.mock.mockito.MockitoContextCustomizer@0, org.springframework.boot.test.web.client.TestRestTemplateContextCustomizer@2ca47471, org.springframework.boot.test.autoconfigure.actuate.metrics.MetricsExportContextCustomizerFactory$DisableMetricExportContextCustomizer@3a0807b7, org.springframework.boot.test.autoconfigure.properties.PropertyMappingContextCustomizer@0, org.springframework.boot.test.autoconfigure.web.servlet.WebDriverContextCustomizerFactory$Customizer@70d2e40b, org.springframework.test.context.support.DynamicPropertiesContextCustomizer@bbc3fb71, org.springframework.boot.test.context.SpringBootTestArgs@1, org.springframework.boot.test.context.SpringBootTestWebEnvironment@5700d6b1], resourceBasePath = 'src/main/webapp', contextLoader = 'org.springframework.boot.test.context.SpringBootContextLoader', parent = [null]], attributes = map['org.springframework.test.context.web.ServletTestExecutionListener.activateListener' -> false, 'org.springframework.test.context.event.ApplicationEventsTestExecutionListener.recordApplicationEvents' -> false]]].
22:33:37.998 [main] DEBUG org.springframework.test.context.support.TestPropertySourceUtils - Adding inlined properties to environment: {spring.jmx.enabled=false, org.springframework.boot.test.context.SpringBootTestContextBootstrapper=true, server.port=0}
&amp#27;[2m2021-05-25 22:33:38.165&amp#27;[0;39m &amp#27;[32m INFO&amp#27;[0;39m &amp#27;[35m48934&amp#27;[0;39m &amp#27;[2m---&amp#27;[0;39m &amp#27;[2m[           main]&amp#27;[0;39m &amp#27;[36mo.s.nativex.NativeListener              &amp#27;[0;39m &amp#27;[2m:&amp#27;[0;39m This application is bootstrapped with code generated with Spring AOT

  .   ____          _            __ _ _
 /\\ / ___'_ __ _ _(_)_ __  __ _ \ \ \ \
( ( )\___ | '_ | '_| | '_ \/ _` | \ \ \ \
 \\/  ___)| |_)| | | | | || (_| |  ) ) ) )
  '  |____| .__|_| |_|_| |_\__, | / / / /
 =========|_|==============|___/=/_/_/_/
&amp#27;[32m :: Spring Boot :: &amp#27;[39m              &amp#27;[2m (v2.4.4)&amp#27;[0;39m

&amp#27;[2m2021-05-25 22:33:38.238&amp#27;[0;39m &amp#27;[32m INFO&amp#27;[0;39m &amp#27;[35m48934&amp#27;[0;39m &amp#27;[2m---&amp#27;[0;39m &amp#27;[2m[           main]&amp#27;[0;39m &amp#27;[36mo.s.training.BookControllerTest         &amp#27;[0;39m &amp#27;[2m:&amp#27;[0;39m Starting BookControllerTest using Java 11.0.8 on MBPdeEstefania with PID 48934 (started by fany in /Users/fany/Documents/workspace-sts/crossing-the-chasm-quarkus/springboot-books-api/imperative-api)
&amp#27;[2m2021-05-25 22:33:38.239&amp#27;[0;39m &amp#27;[32m INFO&amp#27;[0;39m &amp#27;[35m48934&amp#27;[0;39m &amp#27;[2m---&amp#27;[0;39m &amp#27;[2m[           main]&amp#27;[0;39m &amp#27;[36mo.s.training.BookControllerTest         &amp#27;[0;39m &amp#27;[2m:&amp#27;[0;39m No active profile set, falling back to default profiles: default
&amp#27;[2m2021-05-25 22:33:38.947&amp#27;[0;39m &amp#27;[32m INFO&amp#27;[0;39m &amp#27;[35m48934&amp#27;[0;39m &amp#27;[2m---&amp#27;[0;39m &amp#27;[2m[           main]&amp#27;[0;39m &amp#27;[36m.s.d.r.c.RepositoryConfigurationDelegate&amp#27;[0;39m &amp#27;[2m:&amp#27;[0;39m Bootstrapping Spring Data JDBC repositories in DEFAULT mode.
&amp#27;[2m2021-05-25 22:33:38.978&amp#27;[0;39m &amp#27;[32m INFO&amp#27;[0;39m &amp#27;[35m48934&amp#27;[0;39m &amp#27;[2m---&amp#27;[0;39m &amp#27;[2m[           main]&amp#27;[0;39m &amp#27;[36m.s.d.r.c.RepositoryConfigurationDelegate&amp#27;[0;39m &amp#27;[2m:&amp#27;[0;39m Finished Spring Data repository scanning in 28 ms. Found 2 JDBC repository interfaces.
&amp#27;[2m2021-05-25 22:33:39.405&amp#27;[0;39m &amp#27;[32m INFO&amp#27;[0;39m &amp#27;[35m48934&amp#27;[0;39m &amp#27;[2m---&amp#27;[0;39m &amp#27;[2m[           main]&amp#27;[0;39m &amp#27;[36mo.s.b.w.embedded.tomcat.TomcatWebServer &amp#27;[0;39m &amp#27;[2m:&amp#27;[0;39m Tomcat initialized with port(s): 0 (http)
&amp#27;[2m2021-05-25 22:33:39.414&amp#27;[0;39m &amp#27;[32m INFO&amp#27;[0;39m &amp#27;[35m48934&amp#27;[0;39m &amp#27;[2m---&amp#27;[0;39m &amp#27;[2m[           main]&amp#27;[0;39m &amp#27;[36mo.apache.catalina.core.StandardService  &amp#27;[0;39m &amp#27;[2m:&amp#27;[0;39m Starting service [Tomcat]
&amp#27;[2m2021-05-25 22:33:39.415&amp#27;[0;39m &amp#27;[32m INFO&amp#27;[0;39m &amp#27;[35m48934&amp#27;[0;39m &amp#27;[2m---&amp#27;[0;39m &amp#27;[2m[           main]&amp#27;[0;39m &amp#27;[36morg.apache.catalina.core.StandardEngine &amp#27;[0;39m &amp#27;[2m:&amp#27;[0;39m Starting Servlet engine: [Apache Tomcat/9.0.44]
&amp#27;[2m2021-05-25 22:33:39.492&amp#27;[0;39m &amp#27;[32m INFO&amp#27;[0;39m &amp#27;[35m48934&amp#27;[0;39m &amp#27;[2m---&amp#27;[0;39m &amp#27;[2m[           main]&amp#27;[0;39m &amp#27;[36mo.a.c.c.C.[Tomcat].[localhost].[/]      &amp#27;[0;39m &amp#27;[2m:&amp#27;[0;39m Initializing Spring embedded WebApplicationContext
&amp#27;[2m2021-05-25 22:33:39.492&amp#27;[0;39m &amp#27;[32m INFO&amp#27;[0;39m &amp#27;[35m48934&amp#27;[0;39m &amp#27;[2m---&amp#27;[0;39m &amp#27;[2m[           main]&amp#27;[0;39m &amp#27;[36mw.s.c.ServletWebServerApplicationContext&amp#27;[0;39m &amp#27;[2m:&amp#27;[0;39m Root WebApplicationContext: initialization completed in 1030 ms
&amp#27;[2m2021-05-25 22:33:39.893&amp#27;[0;39m &amp#27;[32m INFO&amp#27;[0;39m &amp#27;[35m48934&amp#27;[0;39m &amp#27;[2m---&amp#27;[0;39m &amp#27;[2m[           main]&amp#27;[0;39m &amp#27;[36mcom.zaxxer.hikari.HikariDataSource      &amp#27;[0;39m &amp#27;[2m:&amp#27;[0;39m HikariPool-1 - Starting...
&amp#27;[2m2021-05-25 22:33:39.922&amp#27;[0;39m &amp#27;[32m INFO&amp#27;[0;39m &amp#27;[35m48934&amp#27;[0;39m &amp#27;[2m---&amp#27;[0;39m &amp#27;[2m[           main]&amp#27;[0;39m &amp#27;[36mcom.zaxxer.hikari.HikariDataSource      &amp#27;[0;39m &amp#27;[2m:&amp#27;[0;39m HikariPool-1 - Start completed.
&amp#27;[2m2021-05-25 22:33:40.100&amp#27;[0;39m &amp#27;[33m WARN&amp#27;[0;39m &amp#27;[35m48934&amp#27;[0;39m &amp#27;[2m---&amp#27;[0;39m &amp#27;[2m[           main]&amp#27;[0;39m &amp#27;[36mConfigServletWebServerApplicationContext&amp#27;[0;39m &amp#27;[2m:&amp#27;[0;39m Exception encountered during context initialization - cancelling refresh attempt: org.springframework.beans.factory.UnsatisfiedDependencyException: Error creating bean with name 'bookController' defined in class path resource [org/springboot/training/controller/BookController.class]: Unsatisfied dependency expressed through constructor parameter 1; nested exception is org.springframework.beans.factory.NoSuchBeanDefinitionException: No qualifying bean of type 'org.springboot.training.persistence.BookAuthorsRepository' available: expected at least 1 bean which qualifies as autowire candidate. Dependency annotations: {}
&amp#27;[2m2021-05-25 22:33:40.101&amp#27;[0;39m &amp#27;[32m INFO&amp#27;[0;39m &amp#27;[35m48934&amp#27;[0;39m &amp#27;[2m---&amp#27;[0;39m &amp#27;[2m[           main]&amp#27;[0;39m &amp#27;[36mcom.zaxxer.hikari.HikariDataSource      &amp#27;[0;39m &amp#27;[2m:&amp#27;[0;39m HikariPool-1 - Shutdown initiated...
&amp#27;[2m2021-05-25 22:33:40.115&amp#27;[0;39m &amp#27;[32m INFO&amp#27;[0;39m &amp#27;[35m48934&amp#27;[0;39m &amp#27;[2m---&amp#27;[0;39m &amp#27;[2m[           main]&amp#27;[0;39m &amp#27;[36mcom.zaxxer.hikari.HikariDataSource      &amp#27;[0;39m &amp#27;[2m:&amp#27;[0;39m HikariPool-1 - Shutdown completed.
&amp#27;[2m2021-05-25 22:33:40.117&amp#27;[0;39m &amp#27;[32m INFO&amp#27;[0;39m &amp#27;[35m48934&amp#27;[0;39m &amp#27;[2m---&amp#27;[0;39m &amp#27;[2m[           main]&amp#27;[0;39m &amp#27;[36mo.apache.catalina.core.StandardService  &amp#27;[0;39m &amp#27;[2m:&amp#27;[0;39m Stopping service [Tomcat]
&amp#27;[2m2021-05-25 22:33:40.125&amp#27;[0;39m &amp#27;[32m INFO&amp#27;[0;39m &amp#27;[35m48934&amp#27;[0;39m &amp#27;[2m---&amp#27;[0;39m &amp#27;[2m[           main]&amp#27;[0;39m &amp#27;[36mConditionEvaluationReportLoggingListener&amp#27;[0;39m &amp#27;[2m:&amp#27;[0;39m 

Error starting ApplicationContext. To display the conditions report re-run your application with 'debug' enabled.
&amp#27;[2m2021-05-25 22:33:40.142&amp#27;[0;39m &amp#27;[31mERROR&amp#27;[0;39m &amp#27;[35m48934&amp#27;[0;39m &amp#27;[2m---&amp#27;[0;39m &amp#27;[2m[           main]&amp#27;[0;39m &amp#27;[36mo.s.b.d.LoggingFailureAnalysisReporter  &amp#27;[0;39m &amp#27;[2m:&amp#27;[0;39m 

***************************
APPLICATION FAILED TO START
***************************

Description:

Parameter 1 of constructor in org.springboot.training.controller.BookController required a bean of type 'org.springboot.training.persistence.BookAuthorsRepository' that could not be found.


Action:

Consider defining a bean of type 'org.springboot.training.persistence.BookAuthorsRepository' in your configuration.

&amp#27;[2m2021-05-25 22:33:40.162&amp#27;[0;39m &amp#27;[32m INFO&amp#27;[0;39m &amp#27;[35m48934&amp#27;[0;39m &amp#27;[2m---&amp#27;[0;39m &amp#27;[2m[           main]&amp#27;[0;39m &amp#27;[36mo.s.nativex.NativeListener              &amp#27;[0;39m &amp#27;[2m:&amp#27;[0;39m This application is bootstrapped with code generated with Spring AOT

  .   ____          _            __ _ _
 /\\ / ___'_ __ _ _(_)_ __  __ _ \ \ \ \
( ( )\___ | '_ | '_| | '_ \/ _` | \ \ \ \
 \\/  ___)| |_)| | | | | || (_| |  ) ) ) )
  '  |____| .__|_| |_|_| |_\__, | / / / /
 =========|_|==============|___/=/_/_/_/
&amp#27;[32m :: Spring Boot :: &amp#27;[39m              &amp#27;[2m (v2.4.4)&amp#27;[0;39m

&amp#27;[2m2021-05-25 22:33:40.165&amp#27;[0;39m &amp#27;[32m INFO&amp#27;[0;39m &amp#27;[35m48934&amp#27;[0;39m &amp#27;[2m---&amp#27;[0;39m &amp#27;[2m[           main]&amp#27;[0;39m &amp#27;[36mo.s.training.BookControllerTest         &amp#27;[0;39m &amp#27;[2m:&amp#27;[0;39m Starting BookControllerTest using Java 11.0.8 on MBPdeEstefania with PID 48934 (started by fany in /Users/fany/Documents/workspace-sts/crossing-the-chasm-quarkus/springboot-books-api/imperative-api)
&amp#27;[2m2021-05-25 22:33:40.166&amp#27;[0;39m &amp#27;[32m INFO&amp#27;[0;39m &amp#27;[35m48934&amp#27;[0;39m &amp#27;[2m---&amp#27;[0;39m &amp#27;[2m[           main]&amp#27;[0;39m &amp#27;[36mo.s.training.BookControllerTest         &amp#27;[0;39m &amp#27;[2m:&amp#27;[0;39m No active profile set, falling back to default profiles: default
&amp#27;[2m2021-05-25 22:33:40.400&amp#27;[0;39m &amp#27;[32m INFO&amp#27;[0;39m &amp#27;[35m48934&amp#27;[0;39m &amp#27;[2m---&amp#27;[0;39m &amp#27;[2m[           main]&amp#27;[0;39m &amp#27;[36m.s.d.r.c.RepositoryConfigurationDelegate&amp#27;[0;39m &amp#27;[2m:&amp#27;[0;39m Bootstrapping Spring Data JDBC repositories in DEFAULT mode.
&amp#27;[2m2021-05-25 22:33:40.408&amp#27;[0;39m &amp#27;[32m INFO&amp#27;[0;39m &amp#27;[35m48934&amp#27;[0;39m &amp#27;[2m---&amp#27;[0;39m &amp#27;[2m[           main]&amp#27;[0;39m &amp#27;[36m.s.d.r.c.RepositoryConfigurationDelegate&amp#27;[0;39m &amp#27;[2m:&amp#27;[0;39m Finished Spring Data repository scanning in 6 ms. Found 2 JDBC repository interfaces.
&amp#27;[2m2021-05-25 22:33:40.547&amp#27;[0;39m &amp#27;[32m INFO&amp#27;[0;39m &amp#27;[35m48934&amp#27;[0;39m &amp#27;[2m---&amp#27;[0;39m &amp#27;[2m[           main]&amp#27;[0;39m &amp#27;[36mo.s.b.w.embedded.tomcat.TomcatWebServer &amp#27;[0;39m &amp#27;[2m:&amp#27;[0;39m Tomcat initialized with port(s): 0 (http)
&amp#27;[2m2021-05-25 22:33:40.548&amp#27;[0;39m &amp#27;[32m INFO&amp#27;[0;39m &amp#27;[35m48934&amp#27;[0;39m &amp#27;[2m---&amp#27;[0;39m &amp#27;[2m[           main]&amp#27;[0;39m &amp#27;[36mo.apache.catalina.core.StandardService  &amp#27;[0;39m &amp#27;[2m:&amp#27;[0;39m Starting service [Tomcat]
&amp#27;[2m2021-05-25 22:33:40.548&amp#27;[0;39m &amp#27;[32m INFO&amp#27;[0;39m &amp#27;[35m48934&amp#27;[0;39m &amp#27;[2m---&amp#27;[0;39m &amp#27;[2m[           main]&amp#27;[0;39m &amp#27;[36morg.apache.catalina.core.StandardEngine &amp#27;[0;39m &amp#27;[2m:&amp#27;[0;39m Starting Servlet engine: [Apache Tomcat/9.0.44]
&amp#27;[2m2021-05-25 22:33:40.569&amp#27;[0;39m &amp#27;[32m INFO&amp#27;[0;39m &amp#27;[35m48934&amp#27;[0;39m &amp#27;[2m---&amp#27;[0;39m &amp#27;[2m[           main]&amp#27;[0;39m &amp#27;[36mo.a.c.c.C.[Tomcat-1].[localhost].[/]    &amp#27;[0;39m &amp#27;[2m:&amp#27;[0;39m Initializing Spring embedded WebApplicationContext
&amp#27;[2m2021-05-25 22:33:40.569&amp#27;[0;39m &amp#27;[32m INFO&amp#27;[0;39m &amp#27;[35m48934&amp#27;[0;39m &amp#27;[2m---&amp#27;[0;39m &amp#27;[2m[           main]&amp#27;[0;39m &amp#27;[36mw.s.c.ServletWebServerApplicationContext&amp#27;[0;39m &amp#27;[2m:&amp#27;[0;39m Root WebApplicationContext: initialization completed in 400 ms
&amp#27;[2m2021-05-25 22:33:40.766&amp#27;[0;39m &amp#27;[32m INFO&amp#27;[0;39m &amp#27;[35m48934&amp#27;[0;39m &amp#27;[2m---&amp#27;[0;39m &amp#27;[2m[           main]&amp#27;[0;39m &amp#27;[36mcom.zaxxer.hikari.HikariDataSource      &amp#27;[0;39m &amp#27;[2m:&amp#27;[0;39m HikariPool-2 - Starting...
&amp#27;[2m2021-05-25 22:33:40.781&amp#27;[0;39m &amp#27;[32m INFO&amp#27;[0;39m &amp#27;[35m48934&amp#27;[0;39m &amp#27;[2m---&amp#27;[0;39m &amp#27;[2m[           main]&amp#27;[0;39m &amp#27;[36mcom.zaxxer.hikari.HikariDataSource      &amp#27;[0;39m &amp#27;[2m:&amp#27;[0;39m HikariPool-2 - Start completed.
&amp#27;[2m2021-05-25 22:33:40.821&amp#27;[0;39m &amp#27;[33m WARN&amp#27;[0;39m &amp#27;[35m48934&amp#27;[0;39m &amp#27;[2m---&amp#27;[0;39m &amp#27;[2m[           main]&amp#27;[0;39m &amp#27;[36mConfigServletWebServerApplicationContext&amp#27;[0;39m &amp#27;[2m:&amp#27;[0;39m Exception encountered during context initialization - cancelling refresh attempt: org.springframework.beans.factory.UnsatisfiedDependencyException: Error creating bean with name 'bookController' defined in class path resource [org/springboot/training/controller/BookController.class]: Unsatisfied dependency expressed through constructor parameter 1; nested exception is org.springframework.beans.factory.NoSuchBeanDefinitionException: No qualifying bean of type 'org.springboot.training.persistence.BookAuthorsRepository' available: expected at least 1 bean which qualifies as autowire candidate. Dependency annotations: {}
&amp#27;[2m2021-05-25 22:33:40.821&amp#27;[0;39m &amp#27;[32m INFO&amp#27;[0;39m &amp#27;[35m48934&amp#27;[0;39m &amp#27;[2m---&amp#27;[0;39m &amp#27;[2m[           main]&amp#27;[0;39m &amp#27;[36mcom.zaxxer.hikari.HikariDataSource      &amp#27;[0;39m &amp#27;[2m:&amp#27;[0;39m HikariPool-2 - Shutdown initiated...
&amp#27;[2m2021-05-25 22:33:40.823&amp#27;[0;39m &amp#27;[32m INFO&amp#27;[0;39m &amp#27;[35m48934&amp#27;[0;39m &amp#27;[2m---&amp#27;[0;39m &amp#27;[2m[           main]&amp#27;[0;39m &amp#27;[36mcom.zaxxer.hikari.HikariDataSource      &amp#27;[0;39m &amp#27;[2m:&amp#27;[0;39m HikariPool-2 - Shutdown completed.
&amp#27;[2m2021-05-25 22:33:40.824&amp#27;[0;39m &amp#27;[32m INFO&amp#27;[0;39m &amp#27;[35m48934&amp#27;[0;39m &amp#27;[2m---&amp#27;[0;39m &amp#27;[2m[           main]&amp#27;[0;39m &amp#27;[36mo.apache.catalina.core.StandardService  &amp#27;[0;39m &amp#27;[2m:&amp#27;[0;39m Stopping service [Tomcat]
&amp#27;[2m2021-05-25 22:33:40.827&amp#27;[0;39m &amp#27;[32m INFO&amp#27;[0;39m &amp#27;[35m48934&amp#27;[0;39m &amp#27;[2m---&amp#27;[0;39m &amp#27;[2m[           main]&amp#27;[0;39m &amp#27;[36mConditionEvaluationReportLoggingListener&amp#27;[0;39m &amp#27;[2m:&amp#27;[0;39m 

Error starting ApplicationContext. To display the conditions report re-run your application with 'debug' enabled.
&amp#27;[2m2021-05-25 22:33:40.830&amp#27;[0;39m &amp#27;[31mERROR&amp#27;[0;39m &amp#27;[35m48934&amp#27;[0;39m &amp#27;[2m---&amp#27;[0;39m &amp#27;[2m[           main]&amp#27;[0;39m &amp#27;[36mo.s.b.d.LoggingFailureAnalysisReporter  &amp#27;[0;39m &amp#27;[2m:&amp#27;[0;39m 

***************************
APPLICATION FAILED TO START
***************************

Description:

Parameter 1 of constructor in org.springboot.training.controller.BookController required a bean of type 'org.springboot.training.persistence.BookAuthorsRepository' that could not be found.


Action:

Consider defining a bean of type 'org.springboot.training.persistence.BookAuthorsRepository' in your configuration.

&amp#27;[2m2021-05-25 22:33:40.835&amp#27;[0;39m &amp#27;[31mERROR&amp#27;[0;39m &amp#27;[35m48934&amp#27;[0;39m &amp#27;[2m---&amp#27;[0;39m &amp#27;[2m[           main]&amp#27;[0;39m &amp#27;[36mo.s.test.context.TestContextManager     &amp#27;[0;39m &amp#27;[2m:&amp#27;[0;39m Caught exception while allowing TestExecutionListener [org.springframework.boot.test.autoconfigure.SpringBootDependencyInjectionTestExecutionListener@1ee29c84] to prepare test instance [org.springboot.training.BookControllerTest@2d84cb86]

java.lang.IllegalStateException: Failed to load ApplicationContext
	at org.springframework.test.context.cache.DefaultCacheAwareContextLoaderDelegate.loadContext(DefaultCacheAwareContextLoaderDelegate.java:132) ~[spring-test-5.3.5.jar:5.3.5]
	at org.springframework.test.context.support.DefaultTestContext.getApplicationContext(DefaultTestContext.java:124) ~[spring-test-5.3.5.jar:5.3.5]
	at org.springframework.test.context.support.DependencyInjectionTestExecutionListener.injectDependencies(DependencyInjectionTestExecutionListener.java:118) ~[spring-test-5.3.5.jar:5.3.5]
	at org.springframework.test.context.support.DependencyInjectionTestExecutionListener.prepareTestInstance(DependencyInjectionTestExecutionListener.java:83) ~[spring-test-5.3.5.jar:5.3.5]
	at org.springframework.boot.test.autoconfigure.SpringBootDependencyInjectionTestExecutionListener.prepareTestInstance(SpringBootDependencyInjectionTestExecutionListener.java:43) ~[spring-boot-test-autoconfigure-2.4.4.jar:na]
	at org.springframework.test.context.TestContextManager.prepareTestInstance(TestContextManager.java:244) ~[spring-test-5.3.5.jar:5.3.5]
	at org.springframework.test.context.junit.jupiter.SpringExtension.postProcessTestInstance(SpringExtension.java:138) ~[spring-test-5.3.5.jar:5.3.5]
	at org.junit.jupiter.engine.descriptor.ClassBasedTestDescriptor.lambda$invokeTestInstancePostProcessors$6(ClassBasedTestDescriptor.java:350) ~[junit-jupiter-engine-5.7.1.jar:5.7.1]
	at org.junit.jupiter.engine.descriptor.ClassBasedTestDescriptor.executeAndMaskThrowable(ClassBasedTestDescriptor.java:355) ~[junit-jupiter-engine-5.7.1.jar:5.7.1]
	at org.junit.jupiter.engine.descriptor.ClassBasedTestDescriptor.lambda$invokeTestInstancePostProcessors$7(ClassBasedTestDescriptor.java:350) ~[junit-jupiter-engine-5.7.1.jar:5.7.1]
	at java.base/java.util.stream.ReferencePipeline$3$1.accept(ReferencePipeline.java:195) ~[na:na]
	at java.base/java.util.stream.ReferencePipeline$2$1.accept(ReferencePipeline.java:177) ~[na:na]
	at java.base/java.util.ArrayList$ArrayListSpliterator.forEachRemaining(ArrayList.java:1655) ~[na:na]
	at java.base/java.util.stream.AbstractPipeline.copyInto(AbstractPipeline.java:484) ~[na:na]
	at java.base/java.util.stream.AbstractPipeline.wrapAndCopyInto(AbstractPipeline.java:474) ~[na:na]
	at java.base/java.util.stream.StreamSpliterators$WrappingSpliterator.forEachRemaining(StreamSpliterators.java:312) ~[na:na]
	at java.base/java.util.stream.Streams$ConcatSpliterator.forEachRemaining(Streams.java:735) ~[na:na]
	at java.base/java.util.stream.Streams$ConcatSpliterator.forEachRemaining(Streams.java:734) ~[na:na]
	at java.base/java.util.stream.ReferencePipeline$Head.forEach(ReferencePipeline.java:658) ~[na:na]
	at org.junit.jupiter.engine.descriptor.ClassBasedTestDescriptor.invokeTestInstancePostProcessors(ClassBasedTestDescriptor.java:349) ~[junit-jupiter-engine-5.7.1.jar:5.7.1]
	at org.junit.jupiter.engine.descriptor.ClassBasedTestDescriptor.lambda$instantiateAndPostProcessTestInstance$4(ClassBasedTestDescriptor.java:270) ~[junit-jupiter-engine-5.7.1.jar:5.7.1]
	at org.junit.platform.engine.support.hierarchical.ThrowableCollector.execute(ThrowableCollector.java:73) ~[junit-platform-engine-1.7.1.jar:1.7.1]
	at org.junit.jupiter.engine.descriptor.ClassBasedTestDescriptor.instantiateAndPostProcessTestInstance(ClassBasedTestDescriptor.java:269) ~[junit-jupiter-engine-5.7.1.jar:5.7.1]
	at org.junit.jupiter.engine.descriptor.ClassBasedTestDescriptor.lambda$testInstancesProvider$2(ClassBasedTestDescriptor.java:259) ~[junit-jupiter-engine-5.7.1.jar:5.7.1]
	at java.base/java.util.Optional.orElseGet(Optional.java:369) ~[na:na]
	at org.junit.jupiter.engine.descriptor.ClassBasedTestDescriptor.lambda$testInstancesProvider$3(ClassBasedTestDescriptor.java:258) ~[junit-jupiter-engine-5.7.1.jar:5.7.1]
	at org.junit.jupiter.engine.execution.TestInstancesProvider.getTestInstances(TestInstancesProvider.java:31) ~[junit-jupiter-engine-5.7.1.jar:5.7.1]
	at org.junit.jupiter.engine.descriptor.TestMethodTestDescriptor.lambda$prepare$0(TestMethodTestDescriptor.java:101) ~[junit-jupiter-engine-5.7.1.jar:5.7.1]
	at org.junit.platform.engine.support.hierarchical.ThrowableCollector.execute(ThrowableCollector.java:73) ~[junit-platform-engine-1.7.1.jar:1.7.1]
	at org.junit.jupiter.engine.descriptor.TestMethodTestDescriptor.prepare(TestMethodTestDescriptor.java:100) ~[junit-jupiter-engine-5.7.1.jar:5.7.1]
	at org.junit.jupiter.engine.descriptor.TestMethodTestDescriptor.prepare(TestMethodTestDescriptor.java:65) ~[junit-jupiter-engine-5.7.1.jar:5.7.1]
	at org.junit.platform.engine.support.hierarchical.NodeTestTask.lambda$prepare$1(NodeTestTask.java:111) ~[junit-platform-engine-1.7.1.jar:1.7.1]
	at org.junit.platform.engine.support.hierarchical.ThrowableCollector.execute(ThrowableCollector.java:73) ~[junit-platform-engine-1.7.1.jar:1.7.1]
	at org.junit.platform.engine.support.hierarchical.NodeTestTask.prepare(NodeTestTask.java:111) ~[junit-platform-engine-1.7.1.jar:1.7.1]
	at org.junit.platform.engine.support.hierarchical.NodeTestTask.execute(NodeTestTask.java:79) ~[junit-platform-engine-1.7.1.jar:1.7.1]
	at java.base/java.util.ArrayList.forEach(ArrayList.java:1541) ~[na:na]
	at org.junit.platform.engine.support.hierarchical.SameThreadHierarchicalTestExecutorService.invokeAll(SameThreadHierarchicalTestExecutorService.java:38) ~[junit-platform-engine-1.7.1.jar:1.7.1]
	at org.junit.platform.engine.support.hierarchical.NodeTestTask.lambda$executeRecursively$5(NodeTestTask.java:143) ~[junit-platform-engine-1.7.1.jar:1.7.1]
	at org.junit.platform.engine.support.hierarchical.ThrowableCollector.execute(ThrowableCollector.java:73) ~[junit-platform-engine-1.7.1.jar:1.7.1]
	at org.junit.platform.engine.support.hierarchical.NodeTestTask.lambda$executeRecursively$7(NodeTestTask.java:129) ~[junit-platform-engine-1.7.1.jar:1.7.1]
	at org.junit.platform.engine.support.hierarchical.Node.around(Node.java:137) ~[junit-platform-engine-1.7.1.jar:1.7.1]
	at org.junit.platform.engine.support.hierarchical.NodeTestTask.lambda$executeRecursively$8(NodeTestTask.java:127) ~[junit-platform-engine-1.7.1.jar:1.7.1]
	at org.junit.platform.engine.support.hierarchical.ThrowableCollector.execute(ThrowableCollector.java:73) ~[junit-platform-engine-1.7.1.jar:1.7.1]
	at org.junit.platform.engine.support.hierarchical.NodeTestTask.executeRecursively(NodeTestTask.java:126) ~[junit-platform-engine-1.7.1.jar:1.7.1]
	at org.junit.platform.engine.support.hierarchical.NodeTestTask.execute(NodeTestTask.java:84) ~[junit-platform-engine-1.7.1.jar:1.7.1]
	at java.base/java.util.ArrayList.forEach(ArrayList.java:1541) ~[na:na]
	at org.junit.platform.engine.support.hierarchical.SameThreadHierarchicalTestExecutorService.invokeAll(SameThreadHierarchicalTestExecutorService.java:38) ~[junit-platform-engine-1.7.1.jar:1.7.1]
	at org.junit.platform.engine.support.hierarchical.NodeTestTask.lambda$executeRecursively$5(NodeTestTask.java:143) ~[junit-platform-engine-1.7.1.jar:1.7.1]
	at org.junit.platform.engine.support.hierarchical.ThrowableCollector.execute(ThrowableCollector.java:73) ~[junit-platform-engine-1.7.1.jar:1.7.1]
	at org.junit.platform.engine.support.hierarchical.NodeTestTask.lambda$executeRecursively$7(NodeTestTask.java:129) ~[junit-platform-engine-1.7.1.jar:1.7.1]
	at org.junit.platform.engine.support.hierarchical.Node.around(Node.java:137) ~[junit-platform-engine-1.7.1.jar:1.7.1]
	at org.junit.platform.engine.support.hierarchical.NodeTestTask.lambda$executeRecursively$8(NodeTestTask.java:127) ~[junit-platform-engine-1.7.1.jar:1.7.1]
	at org.junit.platform.engine.support.hierarchical.ThrowableCollector.execute(ThrowableCollector.java:73) ~[junit-platform-engine-1.7.1.jar:1.7.1]
	at org.junit.platform.engine.support.hierarchical.NodeTestTask.executeRecursively(NodeTestTask.java:126) ~[junit-platform-engine-1.7.1.jar:1.7.1]
	at org.junit.platform.engine.support.hierarchical.NodeTestTask.execute(NodeTestTask.java:84) ~[junit-platform-engine-1.7.1.jar:1.7.1]
	at org.junit.platform.engine.support.hierarchical.SameThreadHierarchicalTestExecutorService.submit(SameThreadHierarchicalTestExecutorService.java:32) ~[junit-platform-engine-1.7.1.jar:1.7.1]
	at org.junit.platform.engine.support.hierarchical.HierarchicalTestExecutor.execute(HierarchicalTestExecutor.java:57) ~[junit-platform-engine-1.7.1.jar:1.7.1]
	at org.junit.platform.engine.support.hierarchical.HierarchicalTestEngine.execute(HierarchicalTestEngine.java:51) ~[junit-platform-engine-1.7.1.jar:1.7.1]
	at org.junit.platform.launcher.core.DefaultLauncher.execute(DefaultLauncher.java:220) ~[junit-platform-launcher-1.3.1.jar:1.3.1]
	at org.junit.platform.launcher.core.DefaultLauncher.lambda$execute$6(DefaultLauncher.java:188) ~[junit-platform-launcher-1.3.1.jar:1.3.1]
	at org.junit.platform.launcher.core.DefaultLauncher.withInterceptedStreams(DefaultLauncher.java:202) ~[junit-platform-launcher-1.3.1.jar:1.3.1]
	at org.junit.platform.launcher.core.DefaultLauncher.execute(DefaultLauncher.java:181) ~[junit-platform-launcher-1.3.1.jar:1.3.1]
	at org.junit.platform.launcher.core.DefaultLauncher.execute(DefaultLauncher.java:128) ~[junit-platform-launcher-1.3.1.jar:1.3.1]
	at org.apache.maven.surefire.junitplatform.JUnitPlatformProvider.invokeAllTests(JUnitPlatformProvider.java:150) ~[surefire-junit-platform-2.22.2.jar:2.22.2]
	at org.apache.maven.surefire.junitplatform.JUnitPlatformProvider.invoke(JUnitPlatformProvider.java:124) ~[surefire-junit-platform-2.22.2.jar:2.22.2]
	at org.apache.maven.surefire.booter.ForkedBooter.invokeProviderInSameClassLoader(ForkedBooter.java:384) ~[surefire-booter-2.22.2.jar:2.22.2]
	at org.apache.maven.surefire.booter.ForkedBooter.runSuitesInProcess(ForkedBooter.java:345) ~[surefire-booter-2.22.2.jar:2.22.2]
	at org.apache.maven.surefire.booter.ForkedBooter.execute(ForkedBooter.java:126) ~[surefire-booter-2.22.2.jar:2.22.2]
	at org.apache.maven.surefire.booter.ForkedBooter.main(ForkedBooter.java:418) ~[surefire-booter-2.22.2.jar:2.22.2]
Caused by: org.springframework.beans.factory.UnsatisfiedDependencyException: Error creating bean with name 'bookController' defined in class path resource [org/springboot/training/controller/BookController.class]: Unsatisfied dependency expressed through constructor parameter 1; nested exception is org.springframework.beans.factory.NoSuchBeanDefinitionException: No qualifying bean of type 'org.springboot.training.persistence.BookAuthorsRepository' available: expected at least 1 bean which qualifies as autowire candidate. Dependency annotations: {}
	at org.springframework.beans.factory.support.ConstructorResolver.createArgumentArray(ConstructorResolver.java:800) ~[spring-beans-5.3.5.jar:5.3.5]
	at org.springframework.beans.factory.support.ConstructorResolver.autowireConstructor(ConstructorResolver.java:229) ~[spring-beans-5.3.5.jar:5.3.5]
	at org.springframework.beans.factory.support.AbstractAutowireCapableBeanFactory.autowireConstructor(AbstractAutowireCapableBeanFactory.java:1354) ~[spring-beans-5.3.5.jar:5.3.5]
	at org.springframework.beans.factory.support.AbstractAutowireCapableBeanFactory.createBeanInstance(AbstractAutowireCapableBeanFactory.java:1204) ~[spring-beans-5.3.5.jar:5.3.5]
	at org.springframework.beans.factory.support.AbstractAutowireCapableBeanFactory.doCreateBean(AbstractAutowireCapableBeanFactory.java:564) ~[spring-beans-5.3.5.jar:5.3.5]
	at org.springframework.beans.factory.support.AbstractAutowireCapableBeanFactory.createBean(AbstractAutowireCapableBeanFactory.java:524) ~[spring-beans-5.3.5.jar:5.3.5]
	at org.springframework.beans.factory.support.AbstractBeanFactory.lambda$doGetBean$0(AbstractBeanFactory.java:335) ~[spring-beans-5.3.5.jar:5.3.5]
	at org.springframework.beans.factory.support.DefaultSingletonBeanRegistry.getSingleton(DefaultSingletonBeanRegistry.java:234) ~[spring-beans-5.3.5.jar:5.3.5]
	at org.springframework.beans.factory.support.AbstractBeanFactory.doGetBean(AbstractBeanFactory.java:333) ~[spring-beans-5.3.5.jar:5.3.5]
	at org.springframework.beans.factory.support.AbstractBeanFactory.getBean(AbstractBeanFactory.java:208) ~[spring-beans-5.3.5.jar:5.3.5]
	at org.springframework.beans.factory.support.DefaultListableBeanFactory.preInstantiateSingletons(DefaultListableBeanFactory.java:944) ~[spring-beans-5.3.5.jar:5.3.5]
	at org.springframework.context.support.AbstractApplicationContext.finishBeanFactoryInitialization(AbstractApplicationContext.java:918) ~[spring-context-5.3.5.jar:5.3.5]
	at org.springframework.context.support.AbstractApplicationContext.refresh(AbstractApplicationContext.java:583) ~[spring-context-5.3.5.jar:5.3.5]
	at org.springframework.boot.web.servlet.context.ServletWebServerApplicationContext.refresh(ServletWebServerApplicationContext.java:144) ~[spring-boot-2.4.4.jar:2.4.4]
	at org.springframework.boot.SpringApplication.refresh(SpringApplication.java:769) ~[spring-boot-2.4.4.jar:2.4.4]
	at org.springframework.boot.SpringApplication.refresh(SpringApplication.java:761) ~[spring-boot-2.4.4.jar:2.4.4]
	at org.springframework.boot.SpringApplication.refreshContext(SpringApplication.java:426) ~[spring-boot-2.4.4.jar:2.4.4]
	at org.springframework.boot.SpringApplication.run(SpringApplication.java:326) ~[spring-boot-2.4.4.jar:2.4.4]
	at org.springframework.boot.test.context.SpringBootContextLoader.loadContext(SpringBootContextLoader.java:123) ~[spring-boot-test-2.4.4.jar:2.4.4]
	at org.springframework.test.context.cache.DefaultCacheAwareContextLoaderDelegate.loadContextInternal(DefaultCacheAwareContextLoaderDelegate.java:99) ~[spring-test-5.3.5.jar:5.3.5]
	at org.springframework.test.context.cache.DefaultCacheAwareContextLoaderDelegate.loadContext(DefaultCacheAwareContextLoaderDelegate.java:124) ~[spring-test-5.3.5.jar:5.3.5]
	... 68 common frames omitted
Caused by: org.springframework.beans.factory.NoSuchBeanDefinitionException: No qualifying bean of type 'org.springboot.training.persistence.BookAuthorsRepository' available: expected at least 1 bean which qualifies as autowire candidate. Dependency annotations: {}
	at org.springframework.beans.factory.support.DefaultListableBeanFactory.raiseNoMatchingBeanFound(DefaultListableBeanFactory.java:1790) ~[spring-beans-5.3.5.jar:5.3.5]
	at org.springframework.beans.factory.support.DefaultListableBeanFactory.doResolveDependency(DefaultListableBeanFactory.java:1346) ~[spring-beans-5.3.5.jar:5.3.5]
	at org.springframework.beans.factory.support.DefaultListableBeanFactory.resolveDependency(DefaultListableBeanFactory.java:1300) ~[spring-beans-5.3.5.jar:5.3.5]
	at org.springframework.beans.factory.support.ConstructorResolver.resolveAutowiredArgument(ConstructorResolver.java:887) ~[spring-beans-5.3.5.jar:5.3.5]
	at org.springframework.beans.factory.support.ConstructorResolver.createArgumentArray(ConstructorResolver.java:791) ~[spring-beans-5.3.5.jar:5.3.5]
	... 88 common frames omitted

]]></system-out>
  </testcase>
  <testcase name="given_application_when_call_endpoint_then_Ok" classname="org.springboot.training.BookControllerTest" time="0">
    <error message="Failed to load ApplicationContext" type="java.lang.IllegalStateException">java.lang.IllegalStateException: Failed to load ApplicationContext
Caused by: org.springframework.beans.factory.UnsatisfiedDependencyException: Error creating bean with name 'bookController' defined in class path resource [org/springboot/training/controller/BookController.class]: Unsatisfied dependency expressed through constructor parameter 1; nested exception is org.springframework.beans.factory.NoSuchBeanDefinitionException: No qualifying bean of type 'org.springboot.training.persistence.BookAuthorsRepository' available: expected at least 1 bean which qualifies as autowire candidate. Dependency annotations: {}
Caused by: org.springframework.beans.factory.NoSuchBeanDefinitionException: No qualifying bean of type 'org.springboot.training.persistence.BookAuthorsRepository' available: expected at least 1 bean which qualifies as autowire candidate. Dependency annotations: {}
</error>
    <system-out><![CDATA[&amp#27;[2m2021-05-25 22:33:40.868&amp#27;[0;39m &amp#27;[32m INFO&amp#27;[0;39m &amp#27;[35m48934&amp#27;[0;39m &amp#27;[2m---&amp#27;[0;39m &amp#27;[2m[           main]&amp#27;[0;39m &amp#27;[36mo.s.nativex.NativeListener              &amp#27;[0;39m &amp#27;[2m:&amp#27;[0;39m This application is bootstrapped with code generated with Spring AOT

  .   ____          _            __ _ _
 /\\ / ___'_ __ _ _(_)_ __  __ _ \ \ \ \
( ( )\___ | '_ | '_| | '_ \/ _` | \ \ \ \
 \\/  ___)| |_)| | | | | || (_| |  ) ) ) )
  '  |____| .__|_| |_|_| |_\__, | / / / /
 =========|_|==============|___/=/_/_/_/
&amp#27;[32m :: Spring Boot :: &amp#27;[39m              &amp#27;[2m (v2.4.4)&amp#27;[0;39m

&amp#27;[2m2021-05-25 22:33:40.872&amp#27;[0;39m &amp#27;[32m INFO&amp#27;[0;39m &amp#27;[35m48934&amp#27;[0;39m &amp#27;[2m---&amp#27;[0;39m &amp#27;[2m[           main]&amp#27;[0;39m &amp#27;[36mo.s.training.BookControllerTest         &amp#27;[0;39m &amp#27;[2m:&amp#27;[0;39m Starting BookControllerTest using Java 11.0.8 on MBPdeEstefania with PID 48934 (started by fany in /Users/fany/Documents/workspace-sts/crossing-the-chasm-quarkus/springboot-books-api/imperative-api)
&amp#27;[2m2021-05-25 22:33:40.873&amp#27;[0;39m &amp#27;[32m INFO&amp#27;[0;39m &amp#27;[35m48934&amp#27;[0;39m &amp#27;[2m---&amp#27;[0;39m &amp#27;[2m[           main]&amp#27;[0;39m &amp#27;[36mo.s.training.BookControllerTest         &amp#27;[0;39m &amp#27;[2m:&amp#27;[0;39m No active profile set, falling back to default profiles: default
&amp#27;[2m2021-05-25 22:33:41.022&amp#27;[0;39m &amp#27;[32m INFO&amp#27;[0;39m &amp#27;[35m48934&amp#27;[0;39m &amp#27;[2m---&amp#27;[0;39m &amp#27;[2m[           main]&amp#27;[0;39m &amp#27;[36m.s.d.r.c.RepositoryConfigurationDelegate&amp#27;[0;39m &amp#27;[2m:&amp#27;[0;39m Bootstrapping Spring Data JDBC repositories in DEFAULT mode.
&amp#27;[2m2021-05-25 22:33:41.026&amp#27;[0;39m &amp#27;[32m INFO&amp#27;[0;39m &amp#27;[35m48934&amp#27;[0;39m &amp#27;[2m---&amp#27;[0;39m &amp#27;[2m[           main]&amp#27;[0;39m &amp#27;[36m.s.d.r.c.RepositoryConfigurationDelegate&amp#27;[0;39m &amp#27;[2m:&amp#27;[0;39m Finished Spring Data repository scanning in 4 ms. Found 2 JDBC repository interfaces.
&amp#27;[2m2021-05-25 22:33:41.123&amp#27;[0;39m &amp#27;[32m INFO&amp#27;[0;39m &amp#27;[35m48934&amp#27;[0;39m &amp#27;[2m---&amp#27;[0;39m &amp#27;[2m[           main]&amp#27;[0;39m &amp#27;[36mo.s.b.w.embedded.tomcat.TomcatWebServer &amp#27;[0;39m &amp#27;[2m:&amp#27;[0;39m Tomcat initialized with port(s): 0 (http)
&amp#27;[2m2021-05-25 22:33:41.124&amp#27;[0;39m &amp#27;[32m INFO&amp#27;[0;39m &amp#27;[35m48934&amp#27;[0;39m &amp#27;[2m---&amp#27;[0;39m &amp#27;[2m[           main]&amp#27;[0;39m &amp#27;[36mo.apache.catalina.core.StandardService  &amp#27;[0;39m &amp#27;[2m:&amp#27;[0;39m Starting service [Tomcat]
&amp#27;[2m2021-05-25 22:33:41.124&amp#27;[0;39m &amp#27;[32m INFO&amp#27;[0;39m &amp#27;[35m48934&amp#27;[0;39m &amp#27;[2m---&amp#27;[0;39m &amp#27;[2m[           main]&amp#27;[0;39m &amp#27;[36morg.apache.catalina.core.StandardEngine &amp#27;[0;39m &amp#27;[2m:&amp#27;[0;39m Starting Servlet engine: [Apache Tomcat/9.0.44]
&amp#27;[2m2021-05-25 22:33:41.137&amp#27;[0;39m &amp#27;[32m INFO&amp#27;[0;39m &amp#27;[35m48934&amp#27;[0;39m &amp#27;[2m---&amp#27;[0;39m &amp#27;[2m[           main]&amp#27;[0;39m &amp#27;[36mo.a.c.c.C.[Tomcat-2].[localhost].[/]    &amp#27;[0;39m &amp#27;[2m:&amp#27;[0;39m Initializing Spring embedded WebApplicationContext
&amp#27;[2m2021-05-25 22:33:41.137&amp#27;[0;39m &amp#27;[32m INFO&amp#27;[0;39m &amp#27;[35m48934&amp#27;[0;39m &amp#27;[2m---&amp#27;[0;39m &amp#27;[2m[           main]&amp#27;[0;39m &amp#27;[36mw.s.c.ServletWebServerApplicationContext&amp#27;[0;39m &amp#27;[2m:&amp#27;[0;39m Root WebApplicationContext: initialization completed in 262 ms
&amp#27;[2m2021-05-25 22:33:41.272&amp#27;[0;39m &amp#27;[32m INFO&amp#27;[0;39m &amp#27;[35m48934&amp#27;[0;39m &amp#27;[2m---&amp#27;[0;39m &amp#27;[2m[           main]&amp#27;[0;39m &amp#27;[36mcom.zaxxer.hikari.HikariDataSource      &amp#27;[0;39m &amp#27;[2m:&amp#27;[0;39m HikariPool-3 - Starting...
&amp#27;[2m2021-05-25 22:33:41.285&amp#27;[0;39m &amp#27;[32m INFO&amp#27;[0;39m &amp#27;[35m48934&amp#27;[0;39m &amp#27;[2m---&amp#27;[0;39m &amp#27;[2m[           main]&amp#27;[0;39m &amp#27;[36mcom.zaxxer.hikari.HikariDataSource      &amp#27;[0;39m &amp#27;[2m:&amp#27;[0;39m HikariPool-3 - Start completed.
&amp#27;[2m2021-05-25 22:33:41.321&amp#27;[0;39m &amp#27;[33m WARN&amp#27;[0;39m &amp#27;[35m48934&amp#27;[0;39m &amp#27;[2m---&amp#27;[0;39m &amp#27;[2m[           main]&amp#27;[0;39m &amp#27;[36mConfigServletWebServerApplicationContext&amp#27;[0;39m &amp#27;[2m:&amp#27;[0;39m Exception encountered during context initialization - cancelling refresh attempt: org.springframework.beans.factory.UnsatisfiedDependencyException: Error creating bean with name 'bookController' defined in class path resource [org/springboot/training/controller/BookController.class]: Unsatisfied dependency expressed through constructor parameter 1; nested exception is org.springframework.beans.factory.NoSuchBeanDefinitionException: No qualifying bean of type 'org.springboot.training.persistence.BookAuthorsRepository' available: expected at least 1 bean which qualifies as autowire candidate. Dependency annotations: {}
&amp#27;[2m2021-05-25 22:33:41.322&amp#27;[0;39m &amp#27;[32m INFO&amp#27;[0;39m &amp#27;[35m48934&amp#27;[0;39m &amp#27;[2m---&amp#27;[0;39m &amp#27;[2m[           main]&amp#27;[0;39m &amp#27;[36mcom.zaxxer.hikari.HikariDataSource      &amp#27;[0;39m &amp#27;[2m:&amp#27;[0;39m HikariPool-3 - Shutdown initiated...
&amp#27;[2m2021-05-25 22:33:41.323&amp#27;[0;39m &amp#27;[32m INFO&amp#27;[0;39m &amp#27;[35m48934&amp#27;[0;39m &amp#27;[2m---&amp#27;[0;39m &amp#27;[2m[           main]&amp#27;[0;39m &amp#27;[36mcom.zaxxer.hikari.HikariDataSource      &amp#27;[0;39m &amp#27;[2m:&amp#27;[0;39m HikariPool-3 - Shutdown completed.
&amp#27;[2m2021-05-25 22:33:41.324&amp#27;[0;39m &amp#27;[32m INFO&amp#27;[0;39m &amp#27;[35m48934&amp#27;[0;39m &amp#27;[2m---&amp#27;[0;39m &amp#27;[2m[           main]&amp#27;[0;39m &amp#27;[36mo.apache.catalina.core.StandardService  &amp#27;[0;39m &amp#27;[2m:&amp#27;[0;39m Stopping service [Tomcat]
&amp#27;[2m2021-05-25 22:33:41.327&amp#27;[0;39m &amp#27;[32m INFO&amp#27;[0;39m &amp#27;[35m48934&amp#27;[0;39m &amp#27;[2m---&amp#27;[0;39m &amp#27;[2m[           main]&amp#27;[0;39m &amp#27;[36mConditionEvaluationReportLoggingListener&amp#27;[0;39m &amp#27;[2m:&amp#27;[0;39m 

Error starting ApplicationContext. To display the conditions report re-run your application with 'debug' enabled.
&amp#27;[2m2021-05-25 22:33:41.328&amp#27;[0;39m &amp#27;[31mERROR&amp#27;[0;39m &amp#27;[35m48934&amp#27;[0;39m &amp#27;[2m---&amp#27;[0;39m &amp#27;[2m[           main]&amp#27;[0;39m &amp#27;[36mo.s.b.d.LoggingFailureAnalysisReporter  &amp#27;[0;39m &amp#27;[2m:&amp#27;[0;39m 

***************************
APPLICATION FAILED TO START
***************************

Description:

Parameter 1 of constructor in org.springboot.training.controller.BookController required a bean of type 'org.springboot.training.persistence.BookAuthorsRepository' that could not be found.


Action:

Consider defining a bean of type 'org.springboot.training.persistence.BookAuthorsRepository' in your configuration.

&amp#27;[2m2021-05-25 22:33:41.342&amp#27;[0;39m &amp#27;[32m INFO&amp#27;[0;39m &amp#27;[35m48934&amp#27;[0;39m &amp#27;[2m---&amp#27;[0;39m &amp#27;[2m[           main]&amp#27;[0;39m &amp#27;[36mo.s.nativex.NativeListener              &amp#27;[0;39m &amp#27;[2m:&amp#27;[0;39m This application is bootstrapped with code generated with Spring AOT

  .   ____          _            __ _ _
 /\\ / ___'_ __ _ _(_)_ __  __ _ \ \ \ \
( ( )\___ | '_ | '_| | '_ \/ _` | \ \ \ \
 \\/  ___)| |_)| | | | | || (_| |  ) ) ) )
  '  |____| .__|_| |_|_| |_\__, | / / / /
 =========|_|==============|___/=/_/_/_/
&amp#27;[32m :: Spring Boot :: &amp#27;[39m              &amp#27;[2m (v2.4.4)&amp#27;[0;39m

&amp#27;[2m2021-05-25 22:33:41.344&amp#27;[0;39m &amp#27;[32m INFO&amp#27;[0;39m &amp#27;[35m48934&amp#27;[0;39m &amp#27;[2m---&amp#27;[0;39m &amp#27;[2m[           main]&amp#27;[0;39m &amp#27;[36mo.s.training.BookControllerTest         &amp#27;[0;39m &amp#27;[2m:&amp#27;[0;39m Starting BookControllerTest using Java 11.0.8 on MBPdeEstefania with PID 48934 (started by fany in /Users/fany/Documents/workspace-sts/crossing-the-chasm-quarkus/springboot-books-api/imperative-api)
&amp#27;[2m2021-05-25 22:33:41.344&amp#27;[0;39m &amp#27;[32m INFO&amp#27;[0;39m &amp#27;[35m48934&amp#27;[0;39m &amp#27;[2m---&amp#27;[0;39m &amp#27;[2m[           main]&amp#27;[0;39m &amp#27;[36mo.s.training.BookControllerTest         &amp#27;[0;39m &amp#27;[2m:&amp#27;[0;39m No active profile set, falling back to default profiles: default
&amp#27;[2m2021-05-25 22:33:41.465&amp#27;[0;39m &amp#27;[32m INFO&amp#27;[0;39m &amp#27;[35m48934&amp#27;[0;39m &amp#27;[2m---&amp#27;[0;39m &amp#27;[2m[           main]&amp#27;[0;39m &amp#27;[36m.s.d.r.c.RepositoryConfigurationDelegate&amp#27;[0;39m &amp#27;[2m:&amp#27;[0;39m Bootstrapping Spring Data JDBC repositories in DEFAULT mode.
&amp#27;[2m2021-05-25 22:33:41.470&amp#27;[0;39m &amp#27;[32m INFO&amp#27;[0;39m &amp#27;[35m48934&amp#27;[0;39m &amp#27;[2m---&amp#27;[0;39m &amp#27;[2m[           main]&amp#27;[0;39m &amp#27;[36m.s.d.r.c.RepositoryConfigurationDelegate&amp#27;[0;39m &amp#27;[2m:&amp#27;[0;39m Finished Spring Data repository scanning in 4 ms. Found 2 JDBC repository interfaces.
&amp#27;[2m2021-05-25 22:33:41.549&amp#27;[0;39m &amp#27;[32m INFO&amp#27;[0;39m &amp#27;[35m48934&amp#27;[0;39m &amp#27;[2m---&amp#27;[0;39m &amp#27;[2m[           main]&amp#27;[0;39m &amp#27;[36mo.s.b.w.embedded.tomcat.TomcatWebServer &amp#27;[0;39m &amp#27;[2m:&amp#27;[0;39m Tomcat initialized with port(s): 0 (http)
&amp#27;[2m2021-05-25 22:33:41.550&amp#27;[0;39m &amp#27;[32m INFO&amp#27;[0;39m &amp#27;[35m48934&amp#27;[0;39m &amp#27;[2m---&amp#27;[0;39m &amp#27;[2m[           main]&amp#27;[0;39m &amp#27;[36mo.apache.catalina.core.StandardService  &amp#27;[0;39m &amp#27;[2m:&amp#27;[0;39m Starting service [Tomcat]
&amp#27;[2m2021-05-25 22:33:41.550&amp#27;[0;39m &amp#27;[32m INFO&amp#27;[0;39m &amp#27;[35m48934&amp#27;[0;39m &amp#27;[2m---&amp#27;[0;39m &amp#27;[2m[           main]&amp#27;[0;39m &amp#27;[36morg.apache.catalina.core.StandardEngine &amp#27;[0;39m &amp#27;[2m:&amp#27;[0;39m Starting Servlet engine: [Apache Tomcat/9.0.44]
&amp#27;[2m2021-05-25 22:33:41.562&amp#27;[0;39m &amp#27;[32m INFO&amp#27;[0;39m &amp#27;[35m48934&amp#27;[0;39m &amp#27;[2m---&amp#27;[0;39m &amp#27;[2m[           main]&amp#27;[0;39m &amp#27;[36mo.a.c.c.C.[Tomcat-3].[localhost].[/]    &amp#27;[0;39m &amp#27;[2m:&amp#27;[0;39m Initializing Spring embedded WebApplicationContext
&amp#27;[2m2021-05-25 22:33:41.562&amp#27;[0;39m &amp#27;[32m INFO&amp#27;[0;39m &amp#27;[35m48934&amp#27;[0;39m &amp#27;[2m---&amp#27;[0;39m &amp#27;[2m[           main]&amp#27;[0;39m &amp#27;[36mw.s.c.ServletWebServerApplicationContext&amp#27;[0;39m &amp#27;[2m:&amp#27;[0;39m Root WebApplicationContext: initialization completed in 216 ms
&amp#27;[2m2021-05-25 22:33:41.683&amp#27;[0;39m &amp#27;[32m INFO&amp#27;[0;39m &amp#27;[35m48934&amp#27;[0;39m &amp#27;[2m---&amp#27;[0;39m &amp#27;[2m[           main]&amp#27;[0;39m &amp#27;[36mcom.zaxxer.hikari.HikariDataSource      &amp#27;[0;39m &amp#27;[2m:&amp#27;[0;39m HikariPool-4 - Starting...
&amp#27;[2m2021-05-25 22:33:41.697&amp#27;[0;39m &amp#27;[32m INFO&amp#27;[0;39m &amp#27;[35m48934&amp#27;[0;39m &amp#27;[2m---&amp#27;[0;39m &amp#27;[2m[           main]&amp#27;[0;39m &amp#27;[36mcom.zaxxer.hikari.HikariDataSource      &amp#27;[0;39m &amp#27;[2m:&amp#27;[0;39m HikariPool-4 - Start completed.
&amp#27;[2m2021-05-25 22:33:41.723&amp#27;[0;39m &amp#27;[33m WARN&amp#27;[0;39m &amp#27;[35m48934&amp#27;[0;39m &amp#27;[2m---&amp#27;[0;39m &amp#27;[2m[           main]&amp#27;[0;39m &amp#27;[36mConfigServletWebServerApplicationContext&amp#27;[0;39m &amp#27;[2m:&amp#27;[0;39m Exception encountered during context initialization - cancelling refresh attempt: org.springframework.beans.factory.UnsatisfiedDependencyException: Error creating bean with name 'bookController' defined in class path resource [org/springboot/training/controller/BookController.class]: Unsatisfied dependency expressed through constructor parameter 1; nested exception is org.springframework.beans.factory.NoSuchBeanDefinitionException: No qualifying bean of type 'org.springboot.training.persistence.BookAuthorsRepository' available: expected at least 1 bean which qualifies as autowire candidate. Dependency annotations: {}
&amp#27;[2m2021-05-25 22:33:41.723&amp#27;[0;39m &amp#27;[32m INFO&amp#27;[0;39m &amp#27;[35m48934&amp#27;[0;39m &amp#27;[2m---&amp#27;[0;39m &amp#27;[2m[           main]&amp#27;[0;39m &amp#27;[36mcom.zaxxer.hikari.HikariDataSource      &amp#27;[0;39m &amp#27;[2m:&amp#27;[0;39m HikariPool-4 - Shutdown initiated...
&amp#27;[2m2021-05-25 22:33:41.725&amp#27;[0;39m &amp#27;[32m INFO&amp#27;[0;39m &amp#27;[35m48934&amp#27;[0;39m &amp#27;[2m---&amp#27;[0;39m &amp#27;[2m[           main]&amp#27;[0;39m &amp#27;[36mcom.zaxxer.hikari.HikariDataSource      &amp#27;[0;39m &amp#27;[2m:&amp#27;[0;39m HikariPool-4 - Shutdown completed.
&amp#27;[2m2021-05-25 22:33:41.725&amp#27;[0;39m &amp#27;[32m INFO&amp#27;[0;39m &amp#27;[35m48934&amp#27;[0;39m &amp#27;[2m---&amp#27;[0;39m &amp#27;[2m[           main]&amp#27;[0;39m &amp#27;[36mo.apache.catalina.core.StandardService  &amp#27;[0;39m &amp#27;[2m:&amp#27;[0;39m Stopping service [Tomcat]
&amp#27;[2m2021-05-25 22:33:41.728&amp#27;[0;39m &amp#27;[32m INFO&amp#27;[0;39m &amp#27;[35m48934&amp#27;[0;39m &amp#27;[2m---&amp#27;[0;39m &amp#27;[2m[           main]&amp#27;[0;39m &amp#27;[36mConditionEvaluationReportLoggingListener&amp#27;[0;39m &amp#27;[2m:&amp#27;[0;39m 

Error starting ApplicationContext. To display the conditions report re-run your application with 'debug' enabled.
&amp#27;[2m2021-05-25 22:33:41.729&amp#27;[0;39m &amp#27;[31mERROR&amp#27;[0;39m &amp#27;[35m48934&amp#27;[0;39m &amp#27;[2m---&amp#27;[0;39m &amp#27;[2m[           main]&amp#27;[0;39m &amp#27;[36mo.s.b.d.LoggingFailureAnalysisReporter  &amp#27;[0;39m &amp#27;[2m:&amp#27;[0;39m 

***************************
APPLICATION FAILED TO START
***************************

Description:

Parameter 1 of constructor in org.springboot.training.controller.BookController required a bean of type 'org.springboot.training.persistence.BookAuthorsRepository' that could not be found.


Action:

Consider defining a bean of type 'org.springboot.training.persistence.BookAuthorsRepository' in your configuration.

&amp#27;[2m2021-05-25 22:33:41.730&amp#27;[0;39m &amp#27;[31mERROR&amp#27;[0;39m &amp#27;[35m48934&amp#27;[0;39m &amp#27;[2m---&amp#27;[0;39m &amp#27;[2m[           main]&amp#27;[0;39m &amp#27;[36mo.s.test.context.TestContextManager     &amp#27;[0;39m &amp#27;[2m:&amp#27;[0;39m Caught exception while allowing TestExecutionListener [org.springframework.boot.test.autoconfigure.SpringBootDependencyInjectionTestExecutionListener@1ee29c84] to prepare test instance [org.springboot.training.BookControllerTest@3922b297]

java.lang.IllegalStateException: Failed to load ApplicationContext
	at org.springframework.test.context.cache.DefaultCacheAwareContextLoaderDelegate.loadContext(DefaultCacheAwareContextLoaderDelegate.java:132) ~[spring-test-5.3.5.jar:5.3.5]
	at org.springframework.test.context.support.DefaultTestContext.getApplicationContext(DefaultTestContext.java:124) ~[spring-test-5.3.5.jar:5.3.5]
	at org.springframework.test.context.support.DependencyInjectionTestExecutionListener.injectDependencies(DependencyInjectionTestExecutionListener.java:118) ~[spring-test-5.3.5.jar:5.3.5]
	at org.springframework.test.context.support.DependencyInjectionTestExecutionListener.prepareTestInstance(DependencyInjectionTestExecutionListener.java:83) ~[spring-test-5.3.5.jar:5.3.5]
	at org.springframework.boot.test.autoconfigure.SpringBootDependencyInjectionTestExecutionListener.prepareTestInstance(SpringBootDependencyInjectionTestExecutionListener.java:43) ~[spring-boot-test-autoconfigure-2.4.4.jar:na]
	at org.springframework.test.context.TestContextManager.prepareTestInstance(TestContextManager.java:244) ~[spring-test-5.3.5.jar:5.3.5]
	at org.springframework.test.context.junit.jupiter.SpringExtension.postProcessTestInstance(SpringExtension.java:138) ~[spring-test-5.3.5.jar:5.3.5]
	at org.junit.jupiter.engine.descriptor.ClassBasedTestDescriptor.lambda$invokeTestInstancePostProcessors$6(ClassBasedTestDescriptor.java:350) ~[junit-jupiter-engine-5.7.1.jar:5.7.1]
	at org.junit.jupiter.engine.descriptor.ClassBasedTestDescriptor.executeAndMaskThrowable(ClassBasedTestDescriptor.java:355) ~[junit-jupiter-engine-5.7.1.jar:5.7.1]
	at org.junit.jupiter.engine.descriptor.ClassBasedTestDescriptor.lambda$invokeTestInstancePostProcessors$7(ClassBasedTestDescriptor.java:350) ~[junit-jupiter-engine-5.7.1.jar:5.7.1]
	at java.base/java.util.stream.ReferencePipeline$3$1.accept(ReferencePipeline.java:195) ~[na:na]
	at java.base/java.util.stream.ReferencePipeline$2$1.accept(ReferencePipeline.java:177) ~[na:na]
	at java.base/java.util.ArrayList$ArrayListSpliterator.forEachRemaining(ArrayList.java:1655) ~[na:na]
	at java.base/java.util.stream.AbstractPipeline.copyInto(AbstractPipeline.java:484) ~[na:na]
	at java.base/java.util.stream.AbstractPipeline.wrapAndCopyInto(AbstractPipeline.java:474) ~[na:na]
	at java.base/java.util.stream.StreamSpliterators$WrappingSpliterator.forEachRemaining(StreamSpliterators.java:312) ~[na:na]
	at java.base/java.util.stream.Streams$ConcatSpliterator.forEachRemaining(Streams.java:735) ~[na:na]
	at java.base/java.util.stream.Streams$ConcatSpliterator.forEachRemaining(Streams.java:734) ~[na:na]
	at java.base/java.util.stream.ReferencePipeline$Head.forEach(ReferencePipeline.java:658) ~[na:na]
	at org.junit.jupiter.engine.descriptor.ClassBasedTestDescriptor.invokeTestInstancePostProcessors(ClassBasedTestDescriptor.java:349) ~[junit-jupiter-engine-5.7.1.jar:5.7.1]
	at org.junit.jupiter.engine.descriptor.ClassBasedTestDescriptor.lambda$instantiateAndPostProcessTestInstance$4(ClassBasedTestDescriptor.java:270) ~[junit-jupiter-engine-5.7.1.jar:5.7.1]
	at org.junit.platform.engine.support.hierarchical.ThrowableCollector.execute(ThrowableCollector.java:73) ~[junit-platform-engine-1.7.1.jar:1.7.1]
	at org.junit.jupiter.engine.descriptor.ClassBasedTestDescriptor.instantiateAndPostProcessTestInstance(ClassBasedTestDescriptor.java:269) ~[junit-jupiter-engine-5.7.1.jar:5.7.1]
	at org.junit.jupiter.engine.descriptor.ClassBasedTestDescriptor.lambda$testInstancesProvider$2(ClassBasedTestDescriptor.java:259) ~[junit-jupiter-engine-5.7.1.jar:5.7.1]
	at java.base/java.util.Optional.orElseGet(Optional.java:369) ~[na:na]
	at org.junit.jupiter.engine.descriptor.ClassBasedTestDescriptor.lambda$testInstancesProvider$3(ClassBasedTestDescriptor.java:258) ~[junit-jupiter-engine-5.7.1.jar:5.7.1]
	at org.junit.jupiter.engine.execution.TestInstancesProvider.getTestInstances(TestInstancesProvider.java:31) ~[junit-jupiter-engine-5.7.1.jar:5.7.1]
	at org.junit.jupiter.engine.descriptor.TestMethodTestDescriptor.lambda$prepare$0(TestMethodTestDescriptor.java:101) ~[junit-jupiter-engine-5.7.1.jar:5.7.1]
	at org.junit.platform.engine.support.hierarchical.ThrowableCollector.execute(ThrowableCollector.java:73) ~[junit-platform-engine-1.7.1.jar:1.7.1]
	at org.junit.jupiter.engine.descriptor.TestMethodTestDescriptor.prepare(TestMethodTestDescriptor.java:100) ~[junit-jupiter-engine-5.7.1.jar:5.7.1]
	at org.junit.jupiter.engine.descriptor.TestMethodTestDescriptor.prepare(TestMethodTestDescriptor.java:65) ~[junit-jupiter-engine-5.7.1.jar:5.7.1]
	at org.junit.platform.engine.support.hierarchical.NodeTestTask.lambda$prepare$1(NodeTestTask.java:111) ~[junit-platform-engine-1.7.1.jar:1.7.1]
	at org.junit.platform.engine.support.hierarchical.ThrowableCollector.execute(ThrowableCollector.java:73) ~[junit-platform-engine-1.7.1.jar:1.7.1]
	at org.junit.platform.engine.support.hierarchical.NodeTestTask.prepare(NodeTestTask.java:111) ~[junit-platform-engine-1.7.1.jar:1.7.1]
	at org.junit.platform.engine.support.hierarchical.NodeTestTask.execute(NodeTestTask.java:79) ~[junit-platform-engine-1.7.1.jar:1.7.1]
	at java.base/java.util.ArrayList.forEach(ArrayList.java:1541) ~[na:na]
	at org.junit.platform.engine.support.hierarchical.SameThreadHierarchicalTestExecutorService.invokeAll(SameThreadHierarchicalTestExecutorService.java:38) ~[junit-platform-engine-1.7.1.jar:1.7.1]
	at org.junit.platform.engine.support.hierarchical.NodeTestTask.lambda$executeRecursively$5(NodeTestTask.java:143) ~[junit-platform-engine-1.7.1.jar:1.7.1]
	at org.junit.platform.engine.support.hierarchical.ThrowableCollector.execute(ThrowableCollector.java:73) ~[junit-platform-engine-1.7.1.jar:1.7.1]
	at org.junit.platform.engine.support.hierarchical.NodeTestTask.lambda$executeRecursively$7(NodeTestTask.java:129) ~[junit-platform-engine-1.7.1.jar:1.7.1]
	at org.junit.platform.engine.support.hierarchical.Node.around(Node.java:137) ~[junit-platform-engine-1.7.1.jar:1.7.1]
	at org.junit.platform.engine.support.hierarchical.NodeTestTask.lambda$executeRecursively$8(NodeTestTask.java:127) ~[junit-platform-engine-1.7.1.jar:1.7.1]
	at org.junit.platform.engine.support.hierarchical.ThrowableCollector.execute(ThrowableCollector.java:73) ~[junit-platform-engine-1.7.1.jar:1.7.1]
	at org.junit.platform.engine.support.hierarchical.NodeTestTask.executeRecursively(NodeTestTask.java:126) ~[junit-platform-engine-1.7.1.jar:1.7.1]
	at org.junit.platform.engine.support.hierarchical.NodeTestTask.execute(NodeTestTask.java:84) ~[junit-platform-engine-1.7.1.jar:1.7.1]
	at java.base/java.util.ArrayList.forEach(ArrayList.java:1541) ~[na:na]
	at org.junit.platform.engine.support.hierarchical.SameThreadHierarchicalTestExecutorService.invokeAll(SameThreadHierarchicalTestExecutorService.java:38) ~[junit-platform-engine-1.7.1.jar:1.7.1]
	at org.junit.platform.engine.support.hierarchical.NodeTestTask.lambda$executeRecursively$5(NodeTestTask.java:143) ~[junit-platform-engine-1.7.1.jar:1.7.1]
	at org.junit.platform.engine.support.hierarchical.ThrowableCollector.execute(ThrowableCollector.java:73) ~[junit-platform-engine-1.7.1.jar:1.7.1]
	at org.junit.platform.engine.support.hierarchical.NodeTestTask.lambda$executeRecursively$7(NodeTestTask.java:129) ~[junit-platform-engine-1.7.1.jar:1.7.1]
	at org.junit.platform.engine.support.hierarchical.Node.around(Node.java:137) ~[junit-platform-engine-1.7.1.jar:1.7.1]
	at org.junit.platform.engine.support.hierarchical.NodeTestTask.lambda$executeRecursively$8(NodeTestTask.java:127) ~[junit-platform-engine-1.7.1.jar:1.7.1]
	at org.junit.platform.engine.support.hierarchical.ThrowableCollector.execute(ThrowableCollector.java:73) ~[junit-platform-engine-1.7.1.jar:1.7.1]
	at org.junit.platform.engine.support.hierarchical.NodeTestTask.executeRecursively(NodeTestTask.java:126) ~[junit-platform-engine-1.7.1.jar:1.7.1]
	at org.junit.platform.engine.support.hierarchical.NodeTestTask.execute(NodeTestTask.java:84) ~[junit-platform-engine-1.7.1.jar:1.7.1]
	at org.junit.platform.engine.support.hierarchical.SameThreadHierarchicalTestExecutorService.submit(SameThreadHierarchicalTestExecutorService.java:32) ~[junit-platform-engine-1.7.1.jar:1.7.1]
	at org.junit.platform.engine.support.hierarchical.HierarchicalTestExecutor.execute(HierarchicalTestExecutor.java:57) ~[junit-platform-engine-1.7.1.jar:1.7.1]
	at org.junit.platform.engine.support.hierarchical.HierarchicalTestEngine.execute(HierarchicalTestEngine.java:51) ~[junit-platform-engine-1.7.1.jar:1.7.1]
	at org.junit.platform.launcher.core.DefaultLauncher.execute(DefaultLauncher.java:220) ~[junit-platform-launcher-1.3.1.jar:1.3.1]
	at org.junit.platform.launcher.core.DefaultLauncher.lambda$execute$6(DefaultLauncher.java:188) ~[junit-platform-launcher-1.3.1.jar:1.3.1]
	at org.junit.platform.launcher.core.DefaultLauncher.withInterceptedStreams(DefaultLauncher.java:202) ~[junit-platform-launcher-1.3.1.jar:1.3.1]
	at org.junit.platform.launcher.core.DefaultLauncher.execute(DefaultLauncher.java:181) ~[junit-platform-launcher-1.3.1.jar:1.3.1]
	at org.junit.platform.launcher.core.DefaultLauncher.execute(DefaultLauncher.java:128) ~[junit-platform-launcher-1.3.1.jar:1.3.1]
	at org.apache.maven.surefire.junitplatform.JUnitPlatformProvider.invokeAllTests(JUnitPlatformProvider.java:150) ~[surefire-junit-platform-2.22.2.jar:2.22.2]
	at org.apache.maven.surefire.junitplatform.JUnitPlatformProvider.invoke(JUnitPlatformProvider.java:124) ~[surefire-junit-platform-2.22.2.jar:2.22.2]
	at org.apache.maven.surefire.booter.ForkedBooter.invokeProviderInSameClassLoader(ForkedBooter.java:384) ~[surefire-booter-2.22.2.jar:2.22.2]
	at org.apache.maven.surefire.booter.ForkedBooter.runSuitesInProcess(ForkedBooter.java:345) ~[surefire-booter-2.22.2.jar:2.22.2]
	at org.apache.maven.surefire.booter.ForkedBooter.execute(ForkedBooter.java:126) ~[surefire-booter-2.22.2.jar:2.22.2]
	at org.apache.maven.surefire.booter.ForkedBooter.main(ForkedBooter.java:418) ~[surefire-booter-2.22.2.jar:2.22.2]
Caused by: org.springframework.beans.factory.UnsatisfiedDependencyException: Error creating bean with name 'bookController' defined in class path resource [org/springboot/training/controller/BookController.class]: Unsatisfied dependency expressed through constructor parameter 1; nested exception is org.springframework.beans.factory.NoSuchBeanDefinitionException: No qualifying bean of type 'org.springboot.training.persistence.BookAuthorsRepository' available: expected at least 1 bean which qualifies as autowire candidate. Dependency annotations: {}
	at org.springframework.beans.factory.support.ConstructorResolver.createArgumentArray(ConstructorResolver.java:800) ~[spring-beans-5.3.5.jar:5.3.5]
	at org.springframework.beans.factory.support.ConstructorResolver.autowireConstructor(ConstructorResolver.java:229) ~[spring-beans-5.3.5.jar:5.3.5]
	at org.springframework.beans.factory.support.AbstractAutowireCapableBeanFactory.autowireConstructor(AbstractAutowireCapableBeanFactory.java:1354) ~[spring-beans-5.3.5.jar:5.3.5]
	at org.springframework.beans.factory.support.AbstractAutowireCapableBeanFactory.createBeanInstance(AbstractAutowireCapableBeanFactory.java:1204) ~[spring-beans-5.3.5.jar:5.3.5]
	at org.springframework.beans.factory.support.AbstractAutowireCapableBeanFactory.doCreateBean(AbstractAutowireCapableBeanFactory.java:564) ~[spring-beans-5.3.5.jar:5.3.5]
	at org.springframework.beans.factory.support.AbstractAutowireCapableBeanFactory.createBean(AbstractAutowireCapableBeanFactory.java:524) ~[spring-beans-5.3.5.jar:5.3.5]
	at org.springframework.beans.factory.support.AbstractBeanFactory.lambda$doGetBean$0(AbstractBeanFactory.java:335) ~[spring-beans-5.3.5.jar:5.3.5]
	at org.springframework.beans.factory.support.DefaultSingletonBeanRegistry.getSingleton(DefaultSingletonBeanRegistry.java:234) ~[spring-beans-5.3.5.jar:5.3.5]
	at org.springframework.beans.factory.support.AbstractBeanFactory.doGetBean(AbstractBeanFactory.java:333) ~[spring-beans-5.3.5.jar:5.3.5]
	at org.springframework.beans.factory.support.AbstractBeanFactory.getBean(AbstractBeanFactory.java:208) ~[spring-beans-5.3.5.jar:5.3.5]
	at org.springframework.beans.factory.support.DefaultListableBeanFactory.preInstantiateSingletons(DefaultListableBeanFactory.java:944) ~[spring-beans-5.3.5.jar:5.3.5]
	at org.springframework.context.support.AbstractApplicationContext.finishBeanFactoryInitialization(AbstractApplicationContext.java:918) ~[spring-context-5.3.5.jar:5.3.5]
	at org.springframework.context.support.AbstractApplicationContext.refresh(AbstractApplicationContext.java:583) ~[spring-context-5.3.5.jar:5.3.5]
	at org.springframework.boot.web.servlet.context.ServletWebServerApplicationContext.refresh(ServletWebServerApplicationContext.java:144) ~[spring-boot-2.4.4.jar:2.4.4]
	at org.springframework.boot.SpringApplication.refresh(SpringApplication.java:769) ~[spring-boot-2.4.4.jar:2.4.4]
	at org.springframework.boot.SpringApplication.refresh(SpringApplication.java:761) ~[spring-boot-2.4.4.jar:2.4.4]
	at org.springframework.boot.SpringApplication.refreshContext(SpringApplication.java:426) ~[spring-boot-2.4.4.jar:2.4.4]
	at org.springframework.boot.SpringApplication.run(SpringApplication.java:326) ~[spring-boot-2.4.4.jar:2.4.4]
	at org.springframework.boot.test.context.SpringBootContextLoader.loadContext(SpringBootContextLoader.java:123) ~[spring-boot-test-2.4.4.jar:2.4.4]
	at org.springframework.test.context.cache.DefaultCacheAwareContextLoaderDelegate.loadContextInternal(DefaultCacheAwareContextLoaderDelegate.java:99) ~[spring-test-5.3.5.jar:5.3.5]
	at org.springframework.test.context.cache.DefaultCacheAwareContextLoaderDelegate.loadContext(DefaultCacheAwareContextLoaderDelegate.java:124) ~[spring-test-5.3.5.jar:5.3.5]
	... 68 common frames omitted
Caused by: org.springframework.beans.factory.NoSuchBeanDefinitionException: No qualifying bean of type 'org.springboot.training.persistence.BookAuthorsRepository' available: expected at least 1 bean which qualifies as autowire candidate. Dependency annotations: {}
	at org.springframework.beans.factory.support.DefaultListableBeanFactory.raiseNoMatchingBeanFound(DefaultListableBeanFactory.java:1790) ~[spring-beans-5.3.5.jar:5.3.5]
	at org.springframework.beans.factory.support.DefaultListableBeanFactory.doResolveDependency(DefaultListableBeanFactory.java:1346) ~[spring-beans-5.3.5.jar:5.3.5]
	at org.springframework.beans.factory.support.DefaultListableBeanFactory.resolveDependency(DefaultListableBeanFactory.java:1300) ~[spring-beans-5.3.5.jar:5.3.5]
	at org.springframework.beans.factory.support.ConstructorResolver.resolveAutowiredArgument(ConstructorResolver.java:887) ~[spring-beans-5.3.5.jar:5.3.5]
	at org.springframework.beans.factory.support.ConstructorResolver.createArgumentArray(ConstructorResolver.java:791) ~[spring-beans-5.3.5.jar:5.3.5]
	... 88 common frames omitted

]]></system-out>
  </testcase>
</testsuite>