<?xml version="1.0" encoding="UTF-8"?>
<testsuite xmlns:xsi="http://www.w3.org/2001/XMLSchema-instance" xsi:noNamespaceSchemaLocation="https://maven.apache.org/surefire/maven-surefire-plugin/xsd/surefire-test-report-3.0.xsd" version="3.0" name="com.quarkus.traning.BookResourceTest" time="9.151" tests="2" errors="0" skipped="0" failures="0">
  <properties>
    <property name="gopherProxySet" value="false"/>
    <property name="awt.toolkit" value="sun.lwawt.macosx.LWCToolkit"/>
    <property name="java.specification.version" value="11"/>
    <property name="sun.cpu.isalist" value=""/>
    <property name="test.url" value="http://localhost:8081"/>
    <property name="sun.jnu.encoding" value="UTF-8"/>
    <property name="java.class.path" value="/Users/fany/Documents/workspace-sts/crossing-the-chasm-quarkus/quarkus-books-api/imperative/target/test-classes:/Users/fany/Documents/workspace-sts/crossing-the-chasm-quarkus/quarkus-books-api/imperative/target/classes:/Users/fany/.m2/repository/io/quarkus/quarkus-resteasy/1.13.3.Final/quarkus-resteasy-1.13.3.Final.jar:/Users/fany/.m2/repository/io/quarkus/quarkus-vertx-http/1.13.3.Final/quarkus-vertx-http-1.13.3.Final.jar:/Users/fany/.m2/repository/io/quarkus/quarkus-security-runtime-spi/1.13.3.Final/quarkus-security-runtime-spi-1.13.3.Final.jar:/Users/fany/.m2/repository/io/quarkus/quarkus-vertx-http-dev-console-runtime-spi/1.13.3.Final/quarkus-vertx-http-dev-console-runtime-spi-1.13.3.Final.jar:/Users/fany/.m2/repository/io/quarkus/security/quarkus-security/1.1.4.Final/quarkus-security-1.1.4.Final.jar:/Users/fany/.m2/repository/io/smallrye/reactive/mutiny/0.14.0/mutiny-0.14.0.jar:/Users/fany/.m2/repository/io/quarkus/quarkus-vertx-core/1.13.3.Final/quarkus-vertx-core-1.13.3.Final.jar:/Users/fany/.m2/repository/io/quarkus/quarkus-netty/1.13.3.Final/quarkus-netty-1.13.3.Final.jar:/Users/fany/.m2/repository/io/netty/netty-codec/4.1.49.Final/netty-codec-4.1.49.Final.jar:/Users/fany/.m2/repository/io/netty/netty-handler/4.1.49.Final/netty-handler-4.1.49.Final.jar:/Users/fany/.m2/repository/io/vertx/vertx-core/3.9.6/vertx-core-3.9.6.jar:/Users/fany/.m2/repository/io/netty/netty-common/4.1.49.Final/netty-common-4.1.49.Final.jar:/Users/fany/.m2/repository/io/netty/netty-buffer/4.1.49.Final/netty-buffer-4.1.49.Final.jar:/Users/fany/.m2/repository/io/netty/netty-transport/4.1.49.Final/netty-transport-4.1.49.Final.jar:/Users/fany/.m2/repository/io/netty/netty-handler-proxy/4.1.49.Final/netty-handler-proxy-4.1.49.Final.jar:/Users/fany/.m2/repository/io/netty/netty-codec-socks/4.1.49.Final/netty-codec-socks-4.1.49.Final.jar:/Users/fany/.m2/repository/io/netty/netty-codec-http/4.1.49.Final/netty-codec-http-4.1.49.Final.jar:/Users/fany/.m2/repository/io/netty/netty-codec-http2/4.1.49.Final/netty-codec-http2-4.1.49.Final.jar:/Users/fany/.m2/repository/io/netty/netty-resolver/4.1.49.Final/netty-resolver-4.1.49.Final.jar:/Users/fany/.m2/repository/io/netty/netty-resolver-dns/4.1.49.Final/netty-resolver-dns-4.1.49.Final.jar:/Users/fany/.m2/repository/io/netty/netty-codec-dns/4.1.49.Final/netty-codec-dns-4.1.49.Final.jar:/Users/fany/.m2/repository/io/vertx/vertx-web/3.9.6/vertx-web-3.9.6.jar:/Users/fany/.m2/repository/io/vertx/vertx-web-common/3.9.6/vertx-web-common-3.9.6.jar:/Users/fany/.m2/repository/io/vertx/vertx-auth-common/3.9.6/vertx-auth-common-3.9.6.jar:/Users/fany/.m2/repository/io/vertx/vertx-bridge-common/3.9.6/vertx-bridge-common-3.9.6.jar:/Users/fany/.m2/repository/io/quarkus/quarkus-resteasy-server-common/1.13.3.Final/quarkus-resteasy-server-common-1.13.3.Final.jar:/Users/fany/.m2/repository/io/quarkus/quarkus-resteasy-common/1.13.3.Final/quarkus-resteasy-common-1.13.3.Final.jar:/Users/fany/.m2/repository/org/jboss/resteasy/resteasy-core/4.5.9.Final/resteasy-core-4.5.9.Final.jar:/Users/fany/.m2/repository/org/jboss/spec/javax/ws/rs/jboss-jaxrs-api_2.1_spec/2.0.1.Final/jboss-jaxrs-api_2.1_spec-2.0.1.Final.jar:/Users/fany/.m2/repository/org/jboss/resteasy/resteasy-core-spi/4.5.9.Final/resteasy-core-spi-4.5.9.Final.jar:/Users/fany/.m2/repository/com/ibm/async/asyncutil/0.1.0/asyncutil-0.1.0.jar:/Users/fany/.m2/repository/com/sun/activation/jakarta.activation/1.2.1/jakarta.activation-1.2.1.jar:/Users/fany/.m2/repository/jakarta/validation/jakarta.validation-api/2.0.2/jakarta.validation-api-2.0.2.jar:/Users/fany/.m2/repository/io/quarkus/quarkus-resteasy-jackson/1.13.3.Final/quarkus-resteasy-jackson-1.13.3.Final.jar:/Users/fany/.m2/repository/io/quarkus/quarkus-jackson/1.13.3.Final/quarkus-jackson-1.13.3.Final.jar:/Users/fany/.m2/repository/com/fasterxml/jackson/core/jackson-databind/2.12.1/jackson-databind-2.12.1.jar:/Users/fany/.m2/repository/com/fasterxml/jackson/datatype/jackson-datatype-jsr310/2.12.1/jackson-datatype-jsr310-2.12.1.jar:/Users/fany/.m2/repository/com/fasterxml/jackson/datatype/jackson-datatype-jdk8/2.12.1/jackson-datatype-jdk8-2.12.1.jar:/Users/fany/.m2/repository/com/fasterxml/jackson/module/jackson-module-parameter-names/2.12.1/jackson-module-parameter-names-2.12.1.jar:/Users/fany/.m2/repository/org/jboss/resteasy/resteasy-jackson2-provider/4.5.9.Final/resteasy-jackson2-provider-4.5.9.Final.jar:/Users/fany/.m2/repository/org/jboss/resteasy/resteasy-jaxb-provider/4.5.9.Final/resteasy-jaxb-provider-4.5.9.Final.jar:/Users/fany/.m2/repository/org/glassfish/jaxb/jaxb-runtime/2.3.3-b02/jaxb-runtime-2.3.3-b02.jar:/Users/fany/.m2/repository/org/glassfish/jaxb/txw2/2.3.3-b02/txw2-2.3.3-b02.jar:/Users/fany/.m2/repository/com/sun/istack/istack-commons-runtime/3.0.10/istack-commons-runtime-3.0.10.jar:/Users/fany/.m2/repository/com/fasterxml/jackson/core/jackson-core/2.12.1/jackson-core-2.12.1.jar:/Users/fany/.m2/repository/com/fasterxml/jackson/core/jackson-annotations/2.12.1/jackson-annotations-2.12.1.jar:/Users/fany/.m2/repository/com/fasterxml/jackson/jaxrs/jackson-jaxrs-json-provider/2.12.1/jackson-jaxrs-json-provider-2.12.1.jar:/Users/fany/.m2/repository/com/fasterxml/jackson/jaxrs/jackson-jaxrs-base/2.12.1/jackson-jaxrs-base-2.12.1.jar:/Users/fany/.m2/repository/com/fasterxml/jackson/module/jackson-module-jaxb-annotations/2.12.1/jackson-module-jaxb-annotations-2.12.1.jar:/Users/fany/.m2/repository/com/github/java-json-tools/json-patch/1.13/json-patch-1.13.jar:/Users/fany/.m2/repository/com/github/java-json-tools/msg-simple/1.2/msg-simple-1.2.jar:/Users/fany/.m2/repository/com/github/java-json-tools/btf/1.3/btf-1.3.jar:/Users/fany/.m2/repository/com/github/java-json-tools/jackson-coreutils/2.0/jackson-coreutils-2.0.jar:/Users/fany/.m2/repository/org/jboss/logging/jboss-logging/3.4.1.Final/jboss-logging-3.4.1.Final.jar:/Users/fany/.m2/repository/org/jboss/spec/javax/xml/bind/jboss-jaxb-api_2.3_spec/2.0.0.Final/jboss-jaxb-api_2.3_spec-2.0.0.Final.jar:/Users/fany/.m2/repository/io/quarkus/quarkus-agroal/1.13.3.Final/quarkus-agroal-1.13.3.Final.jar:/Users/fany/.m2/repository/io/quarkus/quarkus-core/1.13.3.Final/quarkus-core-1.13.3.Final.jar:/Users/fany/.m2/repository/jakarta/annotation/jakarta.annotation-api/1.3.5/jakarta.annotation-api-1.3.5.jar:/Users/fany/.m2/repository/jakarta/enterprise/jakarta.enterprise.cdi-api/2.0.2/jakarta.enterprise.cdi-api-2.0.2.jar:/Users/fany/.m2/repository/jakarta/el/jakarta.el-api/3.0.3/jakarta.el-api-3.0.3.jar:/Users/fany/.m2/repository/jakarta/interceptor/jakarta.interceptor-api/1.2.5/jakarta.interceptor-api-1.2.5.jar:/Users/fany/.m2/repository/jakarta/inject/jakarta.inject-api/1.0/jakarta.inject-api-1.0.jar:/Users/fany/.m2/repository/io/quarkus/quarkus-ide-launcher/1.13.3.Final/quarkus-ide-launcher-1.13.3.Final.jar:/Users/fany/.m2/repository/io/quarkus/quarkus-development-mode-spi/1.13.3.Final/quarkus-development-mode-spi-1.13.3.Final.jar:/Users/fany/.m2/repository/io/smallrye/config/smallrye-config/1.11.1/smallrye-config-1.11.1.jar:/Users/fany/.m2/repository/org/eclipse/microprofile/config/microprofile-config-api/1.4/microprofile-config-api-1.4.jar:/Users/fany/.m2/repository/io/smallrye/common/smallrye-common-annotation/1.5.0/smallrye-common-annotation-1.5.0.jar:/Users/fany/.m2/repository/io/smallrye/common/smallrye-common-expression/1.5.0/smallrye-common-expression-1.5.0.jar:/Users/fany/.m2/repository/io/smallrye/common/smallrye-common-function/1.5.0/smallrye-common-function-1.5.0.jar:/Users/fany/.m2/repository/io/smallrye/common/smallrye-common-constraint/1.5.0/smallrye-common-constraint-1.5.0.jar:/Users/fany/.m2/repository/io/smallrye/common/smallrye-common-classloader/1.5.0/smallrye-common-classloader-1.5.0.jar:/Users/fany/.m2/repository/io/smallrye/config/smallrye-config-common/1.11.1/smallrye-config-common-1.11.1.jar:/Users/fany/.m2/repository/org/jboss/logmanager/jboss-logmanager-embedded/1.0.9/jboss-logmanager-embedded-1.0.9.jar:/Users/fany/.m2/repository/org/jboss/logging/jboss-logging-annotations/2.2.0.Final/jboss-logging-annotations-2.2.0.Final.jar:/Users/fany/.m2/repository/org/jboss/threads/jboss-threads/3.2.0.Final/jboss-threads-3.2.0.Final.jar:/Users/fany/.m2/repository/org/slf4j/slf4j-api/1.7.30/slf4j-api-1.7.30.jar:/Users/fany/.m2/repository/org/jboss/slf4j/slf4j-jboss-logmanager/1.1.0.Final/slf4j-jboss-logmanager-1.1.0.Final.jar:/Users/fany/.m2/repository/org/graalvm/sdk/graal-sdk/21.0.0/graal-sdk-21.0.0.jar:/Users/fany/.m2/repository/org/wildfly/common/wildfly-common/1.5.4.Final-format-001/wildfly-common-1.5.4.Final-format-001.jar:/Users/fany/.m2/repository/io/quarkus/quarkus-bootstrap-runner/1.13.3.Final/quarkus-bootstrap-runner-1.13.3.Final.jar:/Users/fany/.m2/repository/io/quarkus/quarkus-datasource/1.13.3.Final/quarkus-datasource-1.13.3.Final.jar:/Users/fany/.m2/repository/io/quarkus/quarkus-datasource-common/1.13.3.Final/quarkus-datasource-common-1.13.3.Final.jar:/Users/fany/.m2/repository/io/quarkus/quarkus-narayana-jta/1.13.3.Final/quarkus-narayana-jta-1.13.3.Final.jar:/Users/fany/.m2/repository/io/quarkus/quarkus-mutiny/1.13.3.Final/quarkus-mutiny-1.13.3.Final.jar:/Users/fany/.m2/repository/io/quarkus/quarkus-smallrye-context-propagation/1.13.3.Final/quarkus-smallrye-context-propagation-1.13.3.Final.jar:/Users/fany/.m2/repository/io/smallrye/smallrye-context-propagation/1.1.0/smallrye-context-propagation-1.1.0.jar:/Users/fany/.m2/repository/io/smallrye/smallrye-context-propagation-api/1.1.0/smallrye-context-propagation-api-1.1.0.jar:/Users/fany/.m2/repository/io/smallrye/smallrye-context-propagation-storage/1.1.0/smallrye-context-propagation-storage-1.1.0.jar:/Users/fany/.m2/repository/io/smallrye/reactive/mutiny-smallrye-context-propagation/0.14.0/mutiny-smallrye-context-propagation-0.14.0.jar:/Users/fany/.m2/repository/io/smallrye/smallrye-context-propagation-jta/1.1.0/smallrye-context-propagation-jta-1.1.0.jar:/Users/fany/.m2/repository/io/smallrye/reactive/smallrye-reactive-converter-api/1.4.0/smallrye-reactive-converter-api-1.4.0.jar:/Users/fany/.m2/repository/org/reactivestreams/reactive-streams/1.0.3/reactive-streams-1.0.3.jar:/Users/fany/.m2/repository/io/smallrye/reactive/smallrye-reactive-converter-mutiny/1.4.0/smallrye-reactive-converter-mutiny-1.4.0.jar:/Users/fany/.m2/repository/org/jboss/narayana/jta/narayana-jta/5.10.6.Final/narayana-jta-5.10.6.Final.jar:/Users/fany/.m2/repository/org/jboss/jboss-transaction-spi/7.6.0.Final/jboss-transaction-spi-7.6.0.Final.jar:/Users/fany/.m2/repository/org/jboss/spec/javax/resource/jboss-connector-api_1.7_spec/1.0.0.Final/jboss-connector-api_1.7_spec-1.0.0.Final.jar:/Users/fany/.m2/repository/org/jboss/narayana/jts/narayana-jts-integration/5.10.6.Final/narayana-jts-integration-5.10.6.Final.jar:/Users/fany/.m2/repository/jakarta/transaction/jakarta.transaction-api/1.3.3/jakarta.transaction-api-1.3.3.jar:/Users/fany/.m2/repository/io/agroal/agroal-api/1.11/agroal-api-1.11.jar:/Users/fany/.m2/repository/io/agroal/agroal-narayana/1.11/agroal-narayana-1.11.jar:/Users/fany/.m2/repository/io/agroal/agroal-pool/1.11/agroal-pool-1.11.jar:/Users/fany/.m2/repository/io/quarkus/quarkus-credentials/1.13.3.Final/quarkus-credentials-1.13.3.Final.jar:/Users/fany/.m2/repository/io/quarkus/quarkus-jdbc-postgresql/1.13.3.Final/quarkus-jdbc-postgresql-1.13.3.Final.jar:/Users/fany/.m2/repository/org/postgresql/postgresql/42.2.20/postgresql-42.2.20.jar:/Users/fany/.m2/repository/io/quarkus/quarkus-arc/1.13.3.Final/quarkus-arc-1.13.3.Final.jar:/Users/fany/.m2/repository/io/quarkus/arc/arc/1.13.3.Final/arc-1.13.3.Final.jar:/Users/fany/.m2/repository/org/eclipse/microprofile/context-propagation/microprofile-context-propagation-api/1.0.1/microprofile-context-propagation-api-1.0.1.jar:/Users/fany/.m2/repository/io/quarkus/quarkus-junit5/1.13.3.Final/quarkus-junit5-1.13.3.Final.jar:/Users/fany/.m2/repository/io/quarkus/quarkus-bootstrap-core/1.13.3.Final/quarkus-bootstrap-core-1.13.3.Final.jar:/Users/fany/.m2/repository/io/quarkus/quarkus-bootstrap-app-model/1.13.3.Final/quarkus-bootstrap-app-model-1.13.3.Final.jar:/Users/fany/.m2/repository/io/quarkus/quarkus-bootstrap-maven-resolver/1.13.3.Final/quarkus-bootstrap-maven-resolver-1.13.3.Final.jar:/Users/fany/.m2/repository/org/apache/maven/maven-embedder/3.6.3/maven-embedder-3.6.3.jar:/Users/fany/.m2/repository/org/apache/maven/maven-settings/3.6.3/maven-settings-3.6.3.jar:/Users/fany/.m2/repository/org/apache/maven/maven-core/3.6.3/maven-core-3.6.3.jar:/Users/fany/.m2/repository/org/apache/maven/maven-artifact/3.6.3/maven-artifact-3.6.3.jar:/Users/fany/.m2/repository/org/codehaus/plexus/plexus-component-annotations/2.1.0/plexus-component-annotations-2.1.0.jar:/Users/fany/.m2/repository/org/apache/maven/maven-plugin-api/3.6.3/maven-plugin-api-3.6.3.jar:/Users/fany/.m2/repository/org/apache/maven/maven-model/3.6.3/maven-model-3.6.3.jar:/Users/fany/.m2/repository/org/apache/maven/maven-model-builder/3.6.3/maven-model-builder-3.6.3.jar:/Users/fany/.m2/repository/org/apache/maven/maven-builder-support/3.6.3/maven-builder-support-3.6.3.jar:/Users/fany/.m2/repository/org/apache/maven/resolver/maven-resolver-api/1.4.1/maven-resolver-api-1.4.1.jar:/Users/fany/.m2/repository/org/apache/maven/resolver/maven-resolver-util/1.4.1/maven-resolver-util-1.4.1.jar:/Users/fany/.m2/repository/org/apache/maven/shared/maven-shared-utils/3.2.1/maven-shared-utils-3.2.1.jar:/Users/fany/.m2/repository/commons-io/commons-io/2.8.0/commons-io-2.8.0.jar:/Users/fany/.m2/repository/com/google/inject/guice/4.2.1/guice-4.2.1-no_aop.jar:/Users/fany/.m2/repository/com/google/guava/guava/30.1-jre/guava-30.1-jre.jar:/Users/fany/.m2/repository/com/google/guava/failureaccess/1.0.1/failureaccess-1.0.1.jar:/Users/fany/.m2/repository/com/google/guava/listenablefuture/9999.0-empty-to-avoid-conflict-with-guava/listenablefuture-9999.0-empty-to-avoid-conflict-with-guava.jar:/Users/fany/.m2/repository/org/codehaus/plexus/plexus-utils/3.2.1/plexus-utils-3.2.1.jar:/Users/fany/.m2/repository/org/codehaus/plexus/plexus-classworlds/2.6.0/plexus-classworlds-2.6.0.jar:/Users/fany/.m2/repository/commons-cli/commons-cli/1.4/commons-cli-1.4.jar:/Users/fany/.m2/repository/org/eclipse/sisu/org.eclipse.sisu.plexus/0.3.4/org.eclipse.sisu.plexus-0.3.4.jar:/Users/fany/.m2/repository/org/apache/maven/maven-settings-builder/3.6.3/maven-settings-builder-3.6.3.jar:/Users/fany/.m2/repository/org/codehaus/plexus/plexus-interpolation/1.25/plexus-interpolation-1.25.jar:/Users/fany/.m2/repository/org/sonatype/plexus/plexus-sec-dispatcher/1.4/plexus-sec-dispatcher-1.4.jar:/Users/fany/.m2/repository/org/sonatype/plexus/plexus-cipher/1.4/plexus-cipher-1.4.jar:/Users/fany/.m2/repository/org/apache/maven/maven-resolver-provider/3.6.3/maven-resolver-provider-3.6.3.jar:/Users/fany/.m2/repository/org/apache/maven/maven-repository-metadata/3.6.3/maven-repository-metadata-3.6.3.jar:/Users/fany/.m2/repository/org/apache/maven/resolver/maven-resolver-spi/1.4.1/maven-resolver-spi-1.4.1.jar:/Users/fany/.m2/repository/org/apache/maven/resolver/maven-resolver-impl/1.4.1/maven-resolver-impl-1.4.1.jar:/Users/fany/.m2/repository/org/apache/maven/resolver/maven-resolver-connector-basic/1.4.1/maven-resolver-connector-basic-1.4.1.jar:/Users/fany/.m2/repository/org/apache/maven/resolver/maven-resolver-transport-wagon/1.4.1/maven-resolver-transport-wagon-1.4.1.jar:/Users/fany/.m2/repository/org/apache/maven/wagon/wagon-http/3.3.4/wagon-http-3.3.4.jar:/Users/fany/.m2/repository/org/apache/maven/wagon/wagon-http-shared/3.3.4/wagon-http-shared-3.3.4.jar:/Users/fany/.m2/repository/org/jsoup/jsoup/1.12.1/jsoup-1.12.1.jar:/Users/fany/.m2/repository/org/apache/maven/wagon/wagon-provider-api/3.3.4/wagon-provider-api-3.3.4.jar:/Users/fany/.m2/repository/org/apache/maven/wagon/wagon-file/3.3.4/wagon-file-3.3.4.jar:/Users/fany/.m2/repository/io/quarkus/quarkus-bootstrap-gradle-resolver/1.13.3.Final/quarkus-bootstrap-gradle-resolver-1.13.3.Final.jar:/Users/fany/.m2/repository/io/smallrye/common/smallrye-common-io/1.5.0/smallrye-common-io-1.5.0.jar:/Users/fany/.m2/repository/org/eclipse/sisu/org.eclipse.sisu.inject/0.3.4/org.eclipse.sisu.inject-0.3.4.jar:/Users/fany/.m2/repository/io/quarkus/quarkus-test-common/1.13.3.Final/quarkus-test-common-1.13.3.Final.jar:/Users/fany/.m2/repository/io/quarkus/quarkus-core-deployment/1.13.3.Final/quarkus-core-deployment-1.13.3.Final.jar:/Users/fany/.m2/repository/io/quarkus/gizmo/gizmo/1.0.7.Final/gizmo-1.0.7.Final.jar:/Users/fany/.m2/repository/org/ow2/asm/asm-util/9.1/asm-util-9.1.jar:/Users/fany/.m2/repository/org/ow2/asm/asm-tree/9.1/asm-tree-9.1.jar:/Users/fany/.m2/repository/org/ow2/asm/asm-analysis/9.1/asm-analysis-9.1.jar:/Users/fany/.m2/repository/org/ow2/asm/asm/9.1/asm-9.1.jar:/Users/fany/.m2/repository/io/quarkus/quarkus-class-change-agent/1.13.3.Final/quarkus-class-change-agent-1.13.3.Final.jar:/Users/fany/.m2/repository/io/quarkus/quarkus-devtools-utilities/1.13.3.Final/quarkus-devtools-utilities-1.13.3.Final.jar:/Users/fany/.m2/repository/io/quarkus/quarkus-builder/1.13.3.Final/quarkus-builder-1.13.3.Final.jar:/Users/fany/.m2/repository/io/quarkus/quarkus-jsonp-deployment/1.13.3.Final/quarkus-jsonp-deployment-1.13.3.Final.jar:/Users/fany/.m2/repository/io/quarkus/quarkus-jsonp/1.13.3.Final/quarkus-jsonp-1.13.3.Final.jar:/Users/fany/.m2/repository/org/jboss/jandex/2.2.3.Final/jandex-2.2.3.Final.jar:/Users/fany/.m2/repository/org/jboss/logging/commons-logging-jboss-logging/1.0.0.Final/commons-logging-jboss-logging-1.0.0.Final.jar:/Users/fany/.m2/repository/org/junit/jupiter/junit-jupiter/5.7.1/junit-jupiter-5.7.1.jar:/Users/fany/.m2/repository/org/junit/jupiter/junit-jupiter-params/5.7.1/junit-jupiter-params-5.7.1.jar:/Users/fany/.m2/repository/org/junit/jupiter/junit-jupiter-engine/5.7.1/junit-jupiter-engine-5.7.1.jar:/Users/fany/.m2/repository/org/junit/platform/junit-platform-engine/1.7.1/junit-platform-engine-1.7.1.jar:/Users/fany/.m2/repository/io/quarkus/quarkus-datasource-deployment-spi/1.13.3.Final/quarkus-datasource-deployment-spi-1.13.3.Final.jar:/Users/fany/.m2/repository/io/quarkus/quarkus-arc-deployment/1.13.3.Final/quarkus-arc-deployment-1.13.3.Final.jar:/Users/fany/.m2/repository/io/quarkus/quarkus-vertx-http-dev-console-spi/1.13.3.Final/quarkus-vertx-http-dev-console-spi-1.13.3.Final.jar:/Users/fany/.m2/repository/io/quarkus/arc/arc-processor/1.13.3.Final/arc-processor-1.13.3.Final.jar:/Users/fany/.m2/repository/com/thoughtworks/xstream/xstream/1.4.16/xstream-1.4.16.jar:/Users/fany/.m2/repository/io/github/x-stream/mxparser/1.2.1/mxparser-1.2.1.jar:/Users/fany/.m2/repository/xmlpull/xmlpull/1.1.3.1/xmlpull-1.1.3.1.jar:/Users/fany/.m2/repository/io/rest-assured/rest-assured/4.3.3/rest-assured-4.3.3.jar:/Users/fany/.m2/repository/org/codehaus/groovy/groovy/3.0.5/groovy-3.0.5.jar:/Users/fany/.m2/repository/org/codehaus/groovy/groovy-xml/3.0.7/groovy-xml-3.0.7.jar:/Users/fany/.m2/repository/org/apache/httpcomponents/httpclient/4.5.13/httpclient-4.5.13.jar:/Users/fany/.m2/repository/org/apache/httpcomponents/httpcore/4.4.14/httpcore-4.4.14.jar:/Users/fany/.m2/repository/commons-codec/commons-codec/1.14/commons-codec-1.14.jar:/Users/fany/.m2/repository/org/apache/httpcomponents/httpmime/4.5.13/httpmime-4.5.13.jar:/Users/fany/.m2/repository/org/hamcrest/hamcrest/2.1/hamcrest-2.1.jar:/Users/fany/.m2/repository/org/ccil/cowan/tagsoup/tagsoup/1.2.1/tagsoup-1.2.1.jar:/Users/fany/.m2/repository/io/rest-assured/json-path/4.3.3/json-path-4.3.3.jar:/Users/fany/.m2/repository/org/codehaus/groovy/groovy-json/3.0.5/groovy-json-3.0.5.jar:/Users/fany/.m2/repository/io/rest-assured/rest-assured-common/4.3.3/rest-assured-common-4.3.3.jar:/Users/fany/.m2/repository/io/rest-assured/xml-path/4.3.3/xml-path-4.3.3.jar:/Users/fany/.m2/repository/org/apache/commons/commons-lang3/3.12.0/commons-lang3-3.12.0.jar:/Users/fany/.m2/repository/jakarta/xml/bind/jakarta.xml.bind-api/2.3.3/jakarta.xml.bind-api-2.3.3.jar:/Users/fany/.m2/repository/jakarta/activation/jakarta.activation-api/1.2.1/jakarta.activation-api-1.2.1.jar:/Users/fany/.m2/repository/com/sun/xml/bind/jaxb-impl/2.3.3/jaxb-impl-2.3.3.jar:/Users/fany/.m2/repository/org/testcontainers/junit-jupiter/1.15.0/junit-jupiter-1.15.0.jar:/Users/fany/.m2/repository/org/testcontainers/testcontainers/1.15.2/testcontainers-1.15.2.jar:/Users/fany/.m2/repository/junit/junit/4.13.1/junit-4.13.1.jar:/Users/fany/.m2/repository/org/hamcrest/hamcrest-core/1.3/hamcrest-core-1.3.jar:/Users/fany/.m2/repository/org/apache/commons/commons-compress/1.20/commons-compress-1.20.jar:/Users/fany/.m2/repository/org/rnorth/duct-tape/duct-tape/1.0.8/duct-tape-1.0.8.jar:/Users/fany/.m2/repository/org/rnorth/visible-assertions/visible-assertions/2.1.2/visible-assertions-2.1.2.jar:/Users/fany/.m2/repository/net/java/dev/jna/jna/5.3.1/jna-5.3.1.jar:/Users/fany/.m2/repository/com/github/docker-java/docker-java-api/3.2.7/docker-java-api-3.2.7.jar:/Users/fany/.m2/repository/com/github/docker-java/docker-java-transport-zerodep/3.2.7/docker-java-transport-zerodep-3.2.7.jar:/Users/fany/.m2/repository/com/github/docker-java/docker-java-transport/3.2.7/docker-java-transport-3.2.7.jar:/Users/fany/.m2/repository/org/junit/jupiter/junit-jupiter-api/5.7.1/junit-jupiter-api-5.7.1.jar:/Users/fany/.m2/repository/org/apiguardian/apiguardian-api/1.1.0/apiguardian-api-1.1.0.jar:/Users/fany/.m2/repository/org/opentest4j/opentest4j/1.2.0/opentest4j-1.2.0.jar:/Users/fany/.m2/repository/org/junit/platform/junit-platform-commons/1.7.1/junit-platform-commons-1.7.1.jar:/Users/fany/.m2/repository/org/testcontainers/postgresql/1.15.0/postgresql-1.15.0.jar:/Users/fany/.m2/repository/org/testcontainers/jdbc/1.15.2/jdbc-1.15.2.jar:/Users/fany/.m2/repository/org/testcontainers/database-commons/1.15.2/database-commons-1.15.2.jar:/Users/fany/.m2/repository/io/quarkus/quarkus-micrometer-registry-prometheus/1.13.3.Final/quarkus-micrometer-registry-prometheus-1.13.3.Final.jar:/Users/fany/.m2/repository/io/quarkus/quarkus-micrometer/1.13.3.Final/quarkus-micrometer-1.13.3.Final.jar:/Users/fany/.m2/repository/io/micrometer/micrometer-core/1.6.5/micrometer-core-1.6.5.jar:/Users/fany/.m2/repository/org/hdrhistogram/HdrHistogram/2.1.12/HdrHistogram-2.1.12.jar:/Users/fany/.m2/repository/org/latencyutils/LatencyUtils/2.0.3/LatencyUtils-2.0.3.jar:/Users/fany/.m2/repository/org/glassfish/jakarta.json/1.1.6/jakarta.json-1.1.6.jar:/Users/fany/.m2/repository/io/micrometer/micrometer-registry-prometheus/1.6.5/micrometer-registry-prometheus-1.6.5.jar:/Users/fany/.m2/repository/io/prometheus/simpleclient_common/0.9.0/simpleclient_common-0.9.0.jar:/Users/fany/.m2/repository/io/prometheus/simpleclient/0.9.0/simpleclient-0.9.0.jar:"/>
    <property name="java.vm.vendor" value="GraalVM Community"/>
    <property name="sun.arch.data.model" value="64"/>
    <property name="java.vendor.url" value="https://www.graalvm.org/"/>
    <property name="user.timezone" value="Europe/Madrid"/>
    <property name="os.name" value="Mac OS X"/>
    <property name="java.vm.specification.version" value="11"/>
    <property name="sun.java.launcher" value="SUN_STANDARD"/>
    <property name="user.country" value="GB"/>
    <property name="sun.boot.library.path" value="/Users/fany/.sdkman/candidates/java/21.0.0.2.r11-grl/lib"/>
    <property name="sun.java.command" value="/Users/fany/Documents/workspace-sts/crossing-the-chasm-quarkus/quarkus-books-api/imperative/target/surefire/surefirebooter14991810234974341429.jar /Users/fany/Documents/workspace-sts/crossing-the-chasm-quarkus/quarkus-books-api/imperative/target/surefire 2021-05-26T00-21-09_279-jvmRun1 surefire7221843384775787333tmp surefire_016860212980009021045tmp"/>
    <property name="http.nonProxyHosts" value="local|*.local|169.254/16|*.169.254/16"/>
    <property name="jdk.debug" value="release"/>
    <property name="maven.home" value="/Users/fany/.sdkman/candidates/maven/current"/>
    <property name="surefire.test.class.path" value="/Users/fany/Documents/workspace-sts/crossing-the-chasm-quarkus/quarkus-books-api/imperative/target/test-classes:/Users/fany/Documents/workspace-sts/crossing-the-chasm-quarkus/quarkus-books-api/imperative/target/classes:/Users/fany/.m2/repository/io/quarkus/quarkus-resteasy/1.13.3.Final/quarkus-resteasy-1.13.3.Final.jar:/Users/fany/.m2/repository/io/quarkus/quarkus-vertx-http/1.13.3.Final/quarkus-vertx-http-1.13.3.Final.jar:/Users/fany/.m2/repository/io/quarkus/quarkus-security-runtime-spi/1.13.3.Final/quarkus-security-runtime-spi-1.13.3.Final.jar:/Users/fany/.m2/repository/io/quarkus/quarkus-vertx-http-dev-console-runtime-spi/1.13.3.Final/quarkus-vertx-http-dev-console-runtime-spi-1.13.3.Final.jar:/Users/fany/.m2/repository/io/quarkus/security/quarkus-security/1.1.4.Final/quarkus-security-1.1.4.Final.jar:/Users/fany/.m2/repository/io/smallrye/reactive/mutiny/0.14.0/mutiny-0.14.0.jar:/Users/fany/.m2/repository/io/quarkus/quarkus-vertx-core/1.13.3.Final/quarkus-vertx-core-1.13.3.Final.jar:/Users/fany/.m2/repository/io/quarkus/quarkus-netty/1.13.3.Final/quarkus-netty-1.13.3.Final.jar:/Users/fany/.m2/repository/io/netty/netty-codec/4.1.49.Final/netty-codec-4.1.49.Final.jar:/Users/fany/.m2/repository/io/netty/netty-handler/4.1.49.Final/netty-handler-4.1.49.Final.jar:/Users/fany/.m2/repository/io/vertx/vertx-core/3.9.6/vertx-core-3.9.6.jar:/Users/fany/.m2/repository/io/netty/netty-common/4.1.49.Final/netty-common-4.1.49.Final.jar:/Users/fany/.m2/repository/io/netty/netty-buffer/4.1.49.Final/netty-buffer-4.1.49.Final.jar:/Users/fany/.m2/repository/io/netty/netty-transport/4.1.49.Final/netty-transport-4.1.49.Final.jar:/Users/fany/.m2/repository/io/netty/netty-handler-proxy/4.1.49.Final/netty-handler-proxy-4.1.49.Final.jar:/Users/fany/.m2/repository/io/netty/netty-codec-socks/4.1.49.Final/netty-codec-socks-4.1.49.Final.jar:/Users/fany/.m2/repository/io/netty/netty-codec-http/4.1.49.Final/netty-codec-http-4.1.49.Final.jar:/Users/fany/.m2/repository/io/netty/netty-codec-http2/4.1.49.Final/netty-codec-http2-4.1.49.Final.jar:/Users/fany/.m2/repository/io/netty/netty-resolver/4.1.49.Final/netty-resolver-4.1.49.Final.jar:/Users/fany/.m2/repository/io/netty/netty-resolver-dns/4.1.49.Final/netty-resolver-dns-4.1.49.Final.jar:/Users/fany/.m2/repository/io/netty/netty-codec-dns/4.1.49.Final/netty-codec-dns-4.1.49.Final.jar:/Users/fany/.m2/repository/io/vertx/vertx-web/3.9.6/vertx-web-3.9.6.jar:/Users/fany/.m2/repository/io/vertx/vertx-web-common/3.9.6/vertx-web-common-3.9.6.jar:/Users/fany/.m2/repository/io/vertx/vertx-auth-common/3.9.6/vertx-auth-common-3.9.6.jar:/Users/fany/.m2/repository/io/vertx/vertx-bridge-common/3.9.6/vertx-bridge-common-3.9.6.jar:/Users/fany/.m2/repository/io/quarkus/quarkus-resteasy-server-common/1.13.3.Final/quarkus-resteasy-server-common-1.13.3.Final.jar:/Users/fany/.m2/repository/io/quarkus/quarkus-resteasy-common/1.13.3.Final/quarkus-resteasy-common-1.13.3.Final.jar:/Users/fany/.m2/repository/org/jboss/resteasy/resteasy-core/4.5.9.Final/resteasy-core-4.5.9.Final.jar:/Users/fany/.m2/repository/org/jboss/spec/javax/ws/rs/jboss-jaxrs-api_2.1_spec/2.0.1.Final/jboss-jaxrs-api_2.1_spec-2.0.1.Final.jar:/Users/fany/.m2/repository/org/jboss/resteasy/resteasy-core-spi/4.5.9.Final/resteasy-core-spi-4.5.9.Final.jar:/Users/fany/.m2/repository/com/ibm/async/asyncutil/0.1.0/asyncutil-0.1.0.jar:/Users/fany/.m2/repository/com/sun/activation/jakarta.activation/1.2.1/jakarta.activation-1.2.1.jar:/Users/fany/.m2/repository/jakarta/validation/jakarta.validation-api/2.0.2/jakarta.validation-api-2.0.2.jar:/Users/fany/.m2/repository/io/quarkus/quarkus-resteasy-jackson/1.13.3.Final/quarkus-resteasy-jackson-1.13.3.Final.jar:/Users/fany/.m2/repository/io/quarkus/quarkus-jackson/1.13.3.Final/quarkus-jackson-1.13.3.Final.jar:/Users/fany/.m2/repository/com/fasterxml/jackson/core/jackson-databind/2.12.1/jackson-databind-2.12.1.jar:/Users/fany/.m2/repository/com/fasterxml/jackson/datatype/jackson-datatype-jsr310/2.12.1/jackson-datatype-jsr310-2.12.1.jar:/Users/fany/.m2/repository/com/fasterxml/jackson/datatype/jackson-datatype-jdk8/2.12.1/jackson-datatype-jdk8-2.12.1.jar:/Users/fany/.m2/repository/com/fasterxml/jackson/module/jackson-module-parameter-names/2.12.1/jackson-module-parameter-names-2.12.1.jar:/Users/fany/.m2/repository/org/jboss/resteasy/resteasy-jackson2-provider/4.5.9.Final/resteasy-jackson2-provider-4.5.9.Final.jar:/Users/fany/.m2/repository/org/jboss/resteasy/resteasy-jaxb-provider/4.5.9.Final/resteasy-jaxb-provider-4.5.9.Final.jar:/Users/fany/.m2/repository/org/glassfish/jaxb/jaxb-runtime/2.3.3-b02/jaxb-runtime-2.3.3-b02.jar:/Users/fany/.m2/repository/org/glassfish/jaxb/txw2/2.3.3-b02/txw2-2.3.3-b02.jar:/Users/fany/.m2/repository/com/sun/istack/istack-commons-runtime/3.0.10/istack-commons-runtime-3.0.10.jar:/Users/fany/.m2/repository/com/fasterxml/jackson/core/jackson-core/2.12.1/jackson-core-2.12.1.jar:/Users/fany/.m2/repository/com/fasterxml/jackson/core/jackson-annotations/2.12.1/jackson-annotations-2.12.1.jar:/Users/fany/.m2/repository/com/fasterxml/jackson/jaxrs/jackson-jaxrs-json-provider/2.12.1/jackson-jaxrs-json-provider-2.12.1.jar:/Users/fany/.m2/repository/com/fasterxml/jackson/jaxrs/jackson-jaxrs-base/2.12.1/jackson-jaxrs-base-2.12.1.jar:/Users/fany/.m2/repository/com/fasterxml/jackson/module/jackson-module-jaxb-annotations/2.12.1/jackson-module-jaxb-annotations-2.12.1.jar:/Users/fany/.m2/repository/com/github/java-json-tools/json-patch/1.13/json-patch-1.13.jar:/Users/fany/.m2/repository/com/github/java-json-tools/msg-simple/1.2/msg-simple-1.2.jar:/Users/fany/.m2/repository/com/github/java-json-tools/btf/1.3/btf-1.3.jar:/Users/fany/.m2/repository/com/github/java-json-tools/jackson-coreutils/2.0/jackson-coreutils-2.0.jar:/Users/fany/.m2/repository/org/jboss/logging/jboss-logging/3.4.1.Final/jboss-logging-3.4.1.Final.jar:/Users/fany/.m2/repository/org/jboss/spec/javax/xml/bind/jboss-jaxb-api_2.3_spec/2.0.0.Final/jboss-jaxb-api_2.3_spec-2.0.0.Final.jar:/Users/fany/.m2/repository/io/quarkus/quarkus-agroal/1.13.3.Final/quarkus-agroal-1.13.3.Final.jar:/Users/fany/.m2/repository/io/quarkus/quarkus-core/1.13.3.Final/quarkus-core-1.13.3.Final.jar:/Users/fany/.m2/repository/jakarta/annotation/jakarta.annotation-api/1.3.5/jakarta.annotation-api-1.3.5.jar:/Users/fany/.m2/repository/jakarta/enterprise/jakarta.enterprise.cdi-api/2.0.2/jakarta.enterprise.cdi-api-2.0.2.jar:/Users/fany/.m2/repository/jakarta/el/jakarta.el-api/3.0.3/jakarta.el-api-3.0.3.jar:/Users/fany/.m2/repository/jakarta/interceptor/jakarta.interceptor-api/1.2.5/jakarta.interceptor-api-1.2.5.jar:/Users/fany/.m2/repository/jakarta/inject/jakarta.inject-api/1.0/jakarta.inject-api-1.0.jar:/Users/fany/.m2/repository/io/quarkus/quarkus-ide-launcher/1.13.3.Final/quarkus-ide-launcher-1.13.3.Final.jar:/Users/fany/.m2/repository/io/quarkus/quarkus-development-mode-spi/1.13.3.Final/quarkus-development-mode-spi-1.13.3.Final.jar:/Users/fany/.m2/repository/io/smallrye/config/smallrye-config/1.11.1/smallrye-config-1.11.1.jar:/Users/fany/.m2/repository/org/eclipse/microprofile/config/microprofile-config-api/1.4/microprofile-config-api-1.4.jar:/Users/fany/.m2/repository/io/smallrye/common/smallrye-common-annotation/1.5.0/smallrye-common-annotation-1.5.0.jar:/Users/fany/.m2/repository/io/smallrye/common/smallrye-common-expression/1.5.0/smallrye-common-expression-1.5.0.jar:/Users/fany/.m2/repository/io/smallrye/common/smallrye-common-function/1.5.0/smallrye-common-function-1.5.0.jar:/Users/fany/.m2/repository/io/smallrye/common/smallrye-common-constraint/1.5.0/smallrye-common-constraint-1.5.0.jar:/Users/fany/.m2/repository/io/smallrye/common/smallrye-common-classloader/1.5.0/smallrye-common-classloader-1.5.0.jar:/Users/fany/.m2/repository/io/smallrye/config/smallrye-config-common/1.11.1/smallrye-config-common-1.11.1.jar:/Users/fany/.m2/repository/org/jboss/logmanager/jboss-logmanager-embedded/1.0.9/jboss-logmanager-embedded-1.0.9.jar:/Users/fany/.m2/repository/org/jboss/logging/jboss-logging-annotations/2.2.0.Final/jboss-logging-annotations-2.2.0.Final.jar:/Users/fany/.m2/repository/org/jboss/threads/jboss-threads/3.2.0.Final/jboss-threads-3.2.0.Final.jar:/Users/fany/.m2/repository/org/slf4j/slf4j-api/1.7.30/slf4j-api-1.7.30.jar:/Users/fany/.m2/repository/org/jboss/slf4j/slf4j-jboss-logmanager/1.1.0.Final/slf4j-jboss-logmanager-1.1.0.Final.jar:/Users/fany/.m2/repository/org/graalvm/sdk/graal-sdk/21.0.0/graal-sdk-21.0.0.jar:/Users/fany/.m2/repository/org/wildfly/common/wildfly-common/1.5.4.Final-format-001/wildfly-common-1.5.4.Final-format-001.jar:/Users/fany/.m2/repository/io/quarkus/quarkus-bootstrap-runner/1.13.3.Final/quarkus-bootstrap-runner-1.13.3.Final.jar:/Users/fany/.m2/repository/io/quarkus/quarkus-datasource/1.13.3.Final/quarkus-datasource-1.13.3.Final.jar:/Users/fany/.m2/repository/io/quarkus/quarkus-datasource-common/1.13.3.Final/quarkus-datasource-common-1.13.3.Final.jar:/Users/fany/.m2/repository/io/quarkus/quarkus-narayana-jta/1.13.3.Final/quarkus-narayana-jta-1.13.3.Final.jar:/Users/fany/.m2/repository/io/quarkus/quarkus-mutiny/1.13.3.Final/quarkus-mutiny-1.13.3.Final.jar:/Users/fany/.m2/repository/io/quarkus/quarkus-smallrye-context-propagation/1.13.3.Final/quarkus-smallrye-context-propagation-1.13.3.Final.jar:/Users/fany/.m2/repository/io/smallrye/smallrye-context-propagation/1.1.0/smallrye-context-propagation-1.1.0.jar:/Users/fany/.m2/repository/io/smallrye/smallrye-context-propagation-api/1.1.0/smallrye-context-propagation-api-1.1.0.jar:/Users/fany/.m2/repository/io/smallrye/smallrye-context-propagation-storage/1.1.0/smallrye-context-propagation-storage-1.1.0.jar:/Users/fany/.m2/repository/io/smallrye/reactive/mutiny-smallrye-context-propagation/0.14.0/mutiny-smallrye-context-propagation-0.14.0.jar:/Users/fany/.m2/repository/io/smallrye/smallrye-context-propagation-jta/1.1.0/smallrye-context-propagation-jta-1.1.0.jar:/Users/fany/.m2/repository/io/smallrye/reactive/smallrye-reactive-converter-api/1.4.0/smallrye-reactive-converter-api-1.4.0.jar:/Users/fany/.m2/repository/org/reactivestreams/reactive-streams/1.0.3/reactive-streams-1.0.3.jar:/Users/fany/.m2/repository/io/smallrye/reactive/smallrye-reactive-converter-mutiny/1.4.0/smallrye-reactive-converter-mutiny-1.4.0.jar:/Users/fany/.m2/repository/org/jboss/narayana/jta/narayana-jta/5.10.6.Final/narayana-jta-5.10.6.Final.jar:/Users/fany/.m2/repository/org/jboss/jboss-transaction-spi/7.6.0.Final/jboss-transaction-spi-7.6.0.Final.jar:/Users/fany/.m2/repository/org/jboss/spec/javax/resource/jboss-connector-api_1.7_spec/1.0.0.Final/jboss-connector-api_1.7_spec-1.0.0.Final.jar:/Users/fany/.m2/repository/org/jboss/narayana/jts/narayana-jts-integration/5.10.6.Final/narayana-jts-integration-5.10.6.Final.jar:/Users/fany/.m2/repository/jakarta/transaction/jakarta.transaction-api/1.3.3/jakarta.transaction-api-1.3.3.jar:/Users/fany/.m2/repository/io/agroal/agroal-api/1.11/agroal-api-1.11.jar:/Users/fany/.m2/repository/io/agroal/agroal-narayana/1.11/agroal-narayana-1.11.jar:/Users/fany/.m2/repository/io/agroal/agroal-pool/1.11/agroal-pool-1.11.jar:/Users/fany/.m2/repository/io/quarkus/quarkus-credentials/1.13.3.Final/quarkus-credentials-1.13.3.Final.jar:/Users/fany/.m2/repository/io/quarkus/quarkus-jdbc-postgresql/1.13.3.Final/quarkus-jdbc-postgresql-1.13.3.Final.jar:/Users/fany/.m2/repository/org/postgresql/postgresql/42.2.20/postgresql-42.2.20.jar:/Users/fany/.m2/repository/io/quarkus/quarkus-arc/1.13.3.Final/quarkus-arc-1.13.3.Final.jar:/Users/fany/.m2/repository/io/quarkus/arc/arc/1.13.3.Final/arc-1.13.3.Final.jar:/Users/fany/.m2/repository/org/eclipse/microprofile/context-propagation/microprofile-context-propagation-api/1.0.1/microprofile-context-propagation-api-1.0.1.jar:/Users/fany/.m2/repository/io/quarkus/quarkus-junit5/1.13.3.Final/quarkus-junit5-1.13.3.Final.jar:/Users/fany/.m2/repository/io/quarkus/quarkus-bootstrap-core/1.13.3.Final/quarkus-bootstrap-core-1.13.3.Final.jar:/Users/fany/.m2/repository/io/quarkus/quarkus-bootstrap-app-model/1.13.3.Final/quarkus-bootstrap-app-model-1.13.3.Final.jar:/Users/fany/.m2/repository/io/quarkus/quarkus-bootstrap-maven-resolver/1.13.3.Final/quarkus-bootstrap-maven-resolver-1.13.3.Final.jar:/Users/fany/.m2/repository/org/apache/maven/maven-embedder/3.6.3/maven-embedder-3.6.3.jar:/Users/fany/.m2/repository/org/apache/maven/maven-settings/3.6.3/maven-settings-3.6.3.jar:/Users/fany/.m2/repository/org/apache/maven/maven-core/3.6.3/maven-core-3.6.3.jar:/Users/fany/.m2/repository/org/apache/maven/maven-artifact/3.6.3/maven-artifact-3.6.3.jar:/Users/fany/.m2/repository/org/codehaus/plexus/plexus-component-annotations/2.1.0/plexus-component-annotations-2.1.0.jar:/Users/fany/.m2/repository/org/apache/maven/maven-plugin-api/3.6.3/maven-plugin-api-3.6.3.jar:/Users/fany/.m2/repository/org/apache/maven/maven-model/3.6.3/maven-model-3.6.3.jar:/Users/fany/.m2/repository/org/apache/maven/maven-model-builder/3.6.3/maven-model-builder-3.6.3.jar:/Users/fany/.m2/repository/org/apache/maven/maven-builder-support/3.6.3/maven-builder-support-3.6.3.jar:/Users/fany/.m2/repository/org/apache/maven/resolver/maven-resolver-api/1.4.1/maven-resolver-api-1.4.1.jar:/Users/fany/.m2/repository/org/apache/maven/resolver/maven-resolver-util/1.4.1/maven-resolver-util-1.4.1.jar:/Users/fany/.m2/repository/org/apache/maven/shared/maven-shared-utils/3.2.1/maven-shared-utils-3.2.1.jar:/Users/fany/.m2/repository/commons-io/commons-io/2.8.0/commons-io-2.8.0.jar:/Users/fany/.m2/repository/com/google/inject/guice/4.2.1/guice-4.2.1-no_aop.jar:/Users/fany/.m2/repository/com/google/guava/guava/30.1-jre/guava-30.1-jre.jar:/Users/fany/.m2/repository/com/google/guava/failureaccess/1.0.1/failureaccess-1.0.1.jar:/Users/fany/.m2/repository/com/google/guava/listenablefuture/9999.0-empty-to-avoid-conflict-with-guava/listenablefuture-9999.0-empty-to-avoid-conflict-with-guava.jar:/Users/fany/.m2/repository/org/codehaus/plexus/plexus-utils/3.2.1/plexus-utils-3.2.1.jar:/Users/fany/.m2/repository/org/codehaus/plexus/plexus-classworlds/2.6.0/plexus-classworlds-2.6.0.jar:/Users/fany/.m2/repository/commons-cli/commons-cli/1.4/commons-cli-1.4.jar:/Users/fany/.m2/repository/org/eclipse/sisu/org.eclipse.sisu.plexus/0.3.4/org.eclipse.sisu.plexus-0.3.4.jar:/Users/fany/.m2/repository/org/apache/maven/maven-settings-builder/3.6.3/maven-settings-builder-3.6.3.jar:/Users/fany/.m2/repository/org/codehaus/plexus/plexus-interpolation/1.25/plexus-interpolation-1.25.jar:/Users/fany/.m2/repository/org/sonatype/plexus/plexus-sec-dispatcher/1.4/plexus-sec-dispatcher-1.4.jar:/Users/fany/.m2/repository/org/sonatype/plexus/plexus-cipher/1.4/plexus-cipher-1.4.jar:/Users/fany/.m2/repository/org/apache/maven/maven-resolver-provider/3.6.3/maven-resolver-provider-3.6.3.jar:/Users/fany/.m2/repository/org/apache/maven/maven-repository-metadata/3.6.3/maven-repository-metadata-3.6.3.jar:/Users/fany/.m2/repository/org/apache/maven/resolver/maven-resolver-spi/1.4.1/maven-resolver-spi-1.4.1.jar:/Users/fany/.m2/repository/org/apache/maven/resolver/maven-resolver-impl/1.4.1/maven-resolver-impl-1.4.1.jar:/Users/fany/.m2/repository/org/apache/maven/resolver/maven-resolver-connector-basic/1.4.1/maven-resolver-connector-basic-1.4.1.jar:/Users/fany/.m2/repository/org/apache/maven/resolver/maven-resolver-transport-wagon/1.4.1/maven-resolver-transport-wagon-1.4.1.jar:/Users/fany/.m2/repository/org/apache/maven/wagon/wagon-http/3.3.4/wagon-http-3.3.4.jar:/Users/fany/.m2/repository/org/apache/maven/wagon/wagon-http-shared/3.3.4/wagon-http-shared-3.3.4.jar:/Users/fany/.m2/repository/org/jsoup/jsoup/1.12.1/jsoup-1.12.1.jar:/Users/fany/.m2/repository/org/apache/maven/wagon/wagon-provider-api/3.3.4/wagon-provider-api-3.3.4.jar:/Users/fany/.m2/repository/org/apache/maven/wagon/wagon-file/3.3.4/wagon-file-3.3.4.jar:/Users/fany/.m2/repository/io/quarkus/quarkus-bootstrap-gradle-resolver/1.13.3.Final/quarkus-bootstrap-gradle-resolver-1.13.3.Final.jar:/Users/fany/.m2/repository/io/smallrye/common/smallrye-common-io/1.5.0/smallrye-common-io-1.5.0.jar:/Users/fany/.m2/repository/org/eclipse/sisu/org.eclipse.sisu.inject/0.3.4/org.eclipse.sisu.inject-0.3.4.jar:/Users/fany/.m2/repository/io/quarkus/quarkus-test-common/1.13.3.Final/quarkus-test-common-1.13.3.Final.jar:/Users/fany/.m2/repository/io/quarkus/quarkus-core-deployment/1.13.3.Final/quarkus-core-deployment-1.13.3.Final.jar:/Users/fany/.m2/repository/io/quarkus/gizmo/gizmo/1.0.7.Final/gizmo-1.0.7.Final.jar:/Users/fany/.m2/repository/org/ow2/asm/asm-util/9.1/asm-util-9.1.jar:/Users/fany/.m2/repository/org/ow2/asm/asm-tree/9.1/asm-tree-9.1.jar:/Users/fany/.m2/repository/org/ow2/asm/asm-analysis/9.1/asm-analysis-9.1.jar:/Users/fany/.m2/repository/org/ow2/asm/asm/9.1/asm-9.1.jar:/Users/fany/.m2/repository/io/quarkus/quarkus-class-change-agent/1.13.3.Final/quarkus-class-change-agent-1.13.3.Final.jar:/Users/fany/.m2/repository/io/quarkus/quarkus-devtools-utilities/1.13.3.Final/quarkus-devtools-utilities-1.13.3.Final.jar:/Users/fany/.m2/repository/io/quarkus/quarkus-builder/1.13.3.Final/quarkus-builder-1.13.3.Final.jar:/Users/fany/.m2/repository/io/quarkus/quarkus-jsonp-deployment/1.13.3.Final/quarkus-jsonp-deployment-1.13.3.Final.jar:/Users/fany/.m2/repository/io/quarkus/quarkus-jsonp/1.13.3.Final/quarkus-jsonp-1.13.3.Final.jar:/Users/fany/.m2/repository/org/jboss/jandex/2.2.3.Final/jandex-2.2.3.Final.jar:/Users/fany/.m2/repository/org/jboss/logging/commons-logging-jboss-logging/1.0.0.Final/commons-logging-jboss-logging-1.0.0.Final.jar:/Users/fany/.m2/repository/org/junit/jupiter/junit-jupiter/5.7.1/junit-jupiter-5.7.1.jar:/Users/fany/.m2/repository/org/junit/jupiter/junit-jupiter-params/5.7.1/junit-jupiter-params-5.7.1.jar:/Users/fany/.m2/repository/org/junit/jupiter/junit-jupiter-engine/5.7.1/junit-jupiter-engine-5.7.1.jar:/Users/fany/.m2/repository/org/junit/platform/junit-platform-engine/1.7.1/junit-platform-engine-1.7.1.jar:/Users/fany/.m2/repository/io/quarkus/quarkus-datasource-deployment-spi/1.13.3.Final/quarkus-datasource-deployment-spi-1.13.3.Final.jar:/Users/fany/.m2/repository/io/quarkus/quarkus-arc-deployment/1.13.3.Final/quarkus-arc-deployment-1.13.3.Final.jar:/Users/fany/.m2/repository/io/quarkus/quarkus-vertx-http-dev-console-spi/1.13.3.Final/quarkus-vertx-http-dev-console-spi-1.13.3.Final.jar:/Users/fany/.m2/repository/io/quarkus/arc/arc-processor/1.13.3.Final/arc-processor-1.13.3.Final.jar:/Users/fany/.m2/repository/com/thoughtworks/xstream/xstream/1.4.16/xstream-1.4.16.jar:/Users/fany/.m2/repository/io/github/x-stream/mxparser/1.2.1/mxparser-1.2.1.jar:/Users/fany/.m2/repository/xmlpull/xmlpull/1.1.3.1/xmlpull-1.1.3.1.jar:/Users/fany/.m2/repository/io/rest-assured/rest-assured/4.3.3/rest-assured-4.3.3.jar:/Users/fany/.m2/repository/org/codehaus/groovy/groovy/3.0.5/groovy-3.0.5.jar:/Users/fany/.m2/repository/org/codehaus/groovy/groovy-xml/3.0.7/groovy-xml-3.0.7.jar:/Users/fany/.m2/repository/org/apache/httpcomponents/httpclient/4.5.13/httpclient-4.5.13.jar:/Users/fany/.m2/repository/org/apache/httpcomponents/httpcore/4.4.14/httpcore-4.4.14.jar:/Users/fany/.m2/repository/commons-codec/commons-codec/1.14/commons-codec-1.14.jar:/Users/fany/.m2/repository/org/apache/httpcomponents/httpmime/4.5.13/httpmime-4.5.13.jar:/Users/fany/.m2/repository/org/hamcrest/hamcrest/2.1/hamcrest-2.1.jar:/Users/fany/.m2/repository/org/ccil/cowan/tagsoup/tagsoup/1.2.1/tagsoup-1.2.1.jar:/Users/fany/.m2/repository/io/rest-assured/json-path/4.3.3/json-path-4.3.3.jar:/Users/fany/.m2/repository/org/codehaus/groovy/groovy-json/3.0.5/groovy-json-3.0.5.jar:/Users/fany/.m2/repository/io/rest-assured/rest-assured-common/4.3.3/rest-assured-common-4.3.3.jar:/Users/fany/.m2/repository/io/rest-assured/xml-path/4.3.3/xml-path-4.3.3.jar:/Users/fany/.m2/repository/org/apache/commons/commons-lang3/3.12.0/commons-lang3-3.12.0.jar:/Users/fany/.m2/repository/jakarta/xml/bind/jakarta.xml.bind-api/2.3.3/jakarta.xml.bind-api-2.3.3.jar:/Users/fany/.m2/repository/jakarta/activation/jakarta.activation-api/1.2.1/jakarta.activation-api-1.2.1.jar:/Users/fany/.m2/repository/com/sun/xml/bind/jaxb-impl/2.3.3/jaxb-impl-2.3.3.jar:/Users/fany/.m2/repository/org/testcontainers/junit-jupiter/1.15.0/junit-jupiter-1.15.0.jar:/Users/fany/.m2/repository/org/testcontainers/testcontainers/1.15.2/testcontainers-1.15.2.jar:/Users/fany/.m2/repository/junit/junit/4.13.1/junit-4.13.1.jar:/Users/fany/.m2/repository/org/hamcrest/hamcrest-core/1.3/hamcrest-core-1.3.jar:/Users/fany/.m2/repository/org/apache/commons/commons-compress/1.20/commons-compress-1.20.jar:/Users/fany/.m2/repository/org/rnorth/duct-tape/duct-tape/1.0.8/duct-tape-1.0.8.jar:/Users/fany/.m2/repository/org/rnorth/visible-assertions/visible-assertions/2.1.2/visible-assertions-2.1.2.jar:/Users/fany/.m2/repository/net/java/dev/jna/jna/5.3.1/jna-5.3.1.jar:/Users/fany/.m2/repository/com/github/docker-java/docker-java-api/3.2.7/docker-java-api-3.2.7.jar:/Users/fany/.m2/repository/com/github/docker-java/docker-java-transport-zerodep/3.2.7/docker-java-transport-zerodep-3.2.7.jar:/Users/fany/.m2/repository/com/github/docker-java/docker-java-transport/3.2.7/docker-java-transport-3.2.7.jar:/Users/fany/.m2/repository/org/junit/jupiter/junit-jupiter-api/5.7.1/junit-jupiter-api-5.7.1.jar:/Users/fany/.m2/repository/org/apiguardian/apiguardian-api/1.1.0/apiguardian-api-1.1.0.jar:/Users/fany/.m2/repository/org/opentest4j/opentest4j/1.2.0/opentest4j-1.2.0.jar:/Users/fany/.m2/repository/org/junit/platform/junit-platform-commons/1.7.1/junit-platform-commons-1.7.1.jar:/Users/fany/.m2/repository/org/testcontainers/postgresql/1.15.0/postgresql-1.15.0.jar:/Users/fany/.m2/repository/org/testcontainers/jdbc/1.15.2/jdbc-1.15.2.jar:/Users/fany/.m2/repository/org/testcontainers/database-commons/1.15.2/database-commons-1.15.2.jar:/Users/fany/.m2/repository/io/quarkus/quarkus-micrometer-registry-prometheus/1.13.3.Final/quarkus-micrometer-registry-prometheus-1.13.3.Final.jar:/Users/fany/.m2/repository/io/quarkus/quarkus-micrometer/1.13.3.Final/quarkus-micrometer-1.13.3.Final.jar:/Users/fany/.m2/repository/io/micrometer/micrometer-core/1.6.5/micrometer-core-1.6.5.jar:/Users/fany/.m2/repository/org/hdrhistogram/HdrHistogram/2.1.12/HdrHistogram-2.1.12.jar:/Users/fany/.m2/repository/org/latencyutils/LatencyUtils/2.0.3/LatencyUtils-2.0.3.jar:/Users/fany/.m2/repository/org/glassfish/jakarta.json/1.1.6/jakarta.json-1.1.6.jar:/Users/fany/.m2/repository/io/micrometer/micrometer-registry-prometheus/1.6.5/micrometer-registry-prometheus-1.6.5.jar:/Users/fany/.m2/repository/io/prometheus/simpleclient_common/0.9.0/simpleclient_common-0.9.0.jar:/Users/fany/.m2/repository/io/prometheus/simpleclient/0.9.0/simpleclient-0.9.0.jar:"/>
    <property name="sun.cpu.endian" value="little"/>
    <property name="user.home" value="/Users/fany"/>
    <property name="user.language" value="en"/>
    <property name="java.specification.vendor" value="Oracle Corporation"/>
    <property name="io.netty.allocator.maxOrder" value="1"/>
    <property name="java.version.date" value="2021-01-19"/>
    <property name="quarkus.datasource.username" value="book"/>
    <property name="java.home" value="/Users/fany/.sdkman/candidates/java/21.0.0.2.r11-grl"/>
    <property name="org.testcontainers.shaded.io.netty.packagePrefix" value="org.testcontainers.shaded."/>
    <property name="file.separator" value="/"/>
    <property name="basedir" value="/Users/fany/Documents/workspace-sts/crossing-the-chasm-quarkus/quarkus-books-api/imperative"/>
    <property name="java.vm.compressedOopsMode" value="Zero based"/>
    <property name="line.separator" value="&#10;"/>
    <property name="jdk.internal.vm.ci.enabled" value="true"/>
    <property name="java.specification.name" value="Java Platform API Specification"/>
    <property name="java.vm.specification.vendor" value="Oracle Corporation"/>
    <property name="java.awt.graphicsenv" value="sun.awt.CGraphicsEnvironment"/>
    <property name="surefire.real.class.path" value="/Users/fany/Documents/workspace-sts/crossing-the-chasm-quarkus/quarkus-books-api/imperative/target/surefire/surefirebooter14991810234974341429.jar"/>
    <property name="quarkus.datasource.password" value="book"/>
    <property name="sun.management.compiler" value="HotSpot 64-Bit Tiered Compilers"/>
    <property name="ftp.nonProxyHosts" value="local|*.local|169.254/16|*.169.254/16"/>
    <property name="java.runtime.version" value="11.0.10+8-jvmci-21.0-b06"/>
    <property name="user.name" value="fany"/>
    <property name="path.separator" value=":"/>
    <property name="quarkus.native.container-build" value="true"/>
    <property name="os.version" value="10.16"/>
    <property name="java.runtime.name" value="OpenJDK Runtime Environment"/>
    <property name="file.encoding" value="UTF-8"/>
    <property name="jnidispatch.path" value="/Users/fany/Library/Caches/JNA/temp/jna2582785779402129690.tmp"/>
    <property name="sun.nio.ch.bugLevel" value=""/>
    <property name="java.vm.name" value="OpenJDK 64-Bit Server VM"/>
    <property name="jna.platform.library.path" value="/usr/lib:/usr/lib"/>
    <property name="java.vendor.version" value="GraalVM CE 21.0.0.2"/>
    <property name="quarkus.datasource.jdbc.url" value="jdbc:postgresql://localhost:55136/books_database?loggerLevel=OFF"/>
    <property name="io.netty.noJdkZlibDecoder" value="false"/>
    <property name="localRepository" value="/Users/fany/.m2/repository"/>
    <property name="jna.loaded" value="true"/>
    <property name="java.vendor.url.bug" value="https://github.com/oracle/graal/issues"/>
    <property name="java.io.tmpdir" value="/var/folders/3b/7ff3tlm56vjd3t46wgq3mc8m0000gn/T/"/>
    <property name="quarkus.log.file.path" value="target/quarkus.log"/>
    <property name="java.version" value="11.0.10"/>
    <property name="user.dir" value="/Users/fany/Documents/workspace-sts/crossing-the-chasm-quarkus/quarkus-books-api/imperative"/>
    <property name="os.arch" value="x86_64"/>
    <property name="java.vm.specification.name" value="Java Virtual Machine Specification"/>
    <property name="vertx.disableDnsResolver" value="true"/>
    <property name="java.awt.printerjob" value="sun.lwawt.macosx.CPrinterJob"/>
    <property name="sun.os.patch.level" value="unknown"/>
    <property name="java.util.logging.manager" value="org.jboss.logmanager.LogManager"/>
    <property name="java.library.path" value="/Users/fany/Library/Java/Extensions:/Library/Java/Extensions:/Network/Library/Java/Extensions:/System/Library/Java/Extensions:/usr/lib/java:."/>
    <property name="java.vm.info" value="mixed mode, sharing"/>
    <property name="java.vendor" value="GraalVM Community"/>
    <property name="java.vm.version" value="11.0.10+8-jvmci-21.0-b06"/>
    <property name="sun.io.unicode.encoding" value="UnicodeBig"/>
    <property name="io.netty.machineId" value="dc:75:3d:a4:3a:34:a5:49"/>
    <property name="java.class.version" value="55.0"/>
    <property name="socksNonProxyHosts" value="local|*.local|169.254/16|*.169.254/16"/>
  </properties>
  <testcase name="shouldGetAllTheBooks" classname="com.quarkus.traning.BookResourceTest" time="1.561">
    <system-out><![CDATA[***** INIT jdbc:postgresql://localhost:55136/books_database?loggerLevel=OFF
2021-05-26 00:21:11,585 INFO  [org.tes.doc.DockerClientProviderStrategy] (pool-5-thread-1) Loaded org.testcontainers.dockerclient.UnixSocketClientProviderStrategy from ~/.testcontainers.properties, will try it first
2021-05-26 00:21:12,264 INFO  [org.tes.doc.DockerClientProviderStrategy] (pool-5-thread-1) Found Docker environment with local Unix socket (unix:///var/run/docker.sock)
2021-05-26 00:21:12,265 INFO  [org.tes.DockerClientFactory] (pool-5-thread-1) Docker host IP address is localhost
2021-05-26 00:21:12,305 INFO  [org.tes.DockerClientFactory] (pool-5-thread-1) Connected to docker: 
  Server Version: 20.10.5
  API Version: 1.41
  Operating System: Docker Desktop
  Total Memory: 9965 MB
2021-05-26 00:21:12,307 INFO  [org.tes.uti.ImageNameSubstitutor] (pool-5-thread-1) Image name substitution will be performed by: DefaultImageNameSubstitutor (composite of 'ConfigurationFileImageNameSubstitutor' and 'PrefixingImageNameSubstitutor')
2021-05-26 00:21:12,432 INFO  [org.tes.uti.RegistryAuthLocator] (pool-5-thread-1) Credential helper/store (docker-credential-desktop) does not have credentials for index.docker.io
2021-05-26 00:21:14,035 INFO  [org.tes.DockerClientFactory] (pool-5-thread-1) Ryuk started - will monitor and terminate Testcontainers containers on JVM exit
2021-05-26 00:21:14,035 INFO  [org.tes.DockerClientFactory] (pool-5-thread-1) Checking the system...
2021-05-26 00:21:14,036 INFO  [org.tes.DockerClientFactory] (pool-5-thread-1) ✔︎ Docker server version should be at least 1.6.0
2021-05-26 00:21:14,117 INFO  [org.tes.DockerClientFactory] (pool-5-thread-1) ✔︎ Docker environment should have more than 2GB free disk space
2021-05-26 00:21:14,407 INFO  [🐳 [postgres:latest]] (pool-5-thread-1) Creating container for image: postgres:latest
2021-05-26 00:21:14,440 INFO  [🐳 [postgres:latest]] (pool-5-thread-1) Starting container with ID: 3adaf8884f4431648bc8ec4f6cbcafa3c4b761b8a91caacf073b758dbfcc4e9b
2021-05-26 00:21:15,754 INFO  [🐳 [postgres:latest]] (pool-5-thread-1) Container postgres:latest is starting: 3adaf8884f4431648bc8ec4f6cbcafa3c4b761b8a91caacf073b758dbfcc4e9b
2021-05-26 00:21:16,901 INFO  [🐳 [postgres:latest]] (pool-5-thread-1) Container postgres:latest started in PT2.783897S
2021-05-26 00:21:16,906 INFO  [org.tes.ext.ScriptUtils] (pool-5-thread-1) Executing database script from import-test.sql
2021-05-26 00:21:17,006 INFO  [org.tes.ext.ScriptUtils] (pool-5-thread-1) Executed database script from import-test.sql in 100 ms.
2021-05-26 00:21:17,072 WARN  [io.qua.config] (main) Unrecognized configuration key "quarkus.hibernate-orm.log.sql" was provided; it will be ignored; verify that the dependency extension for this configuration is set or that you did not make a typo
2021-05-26 00:21:17,663 INFO  [io.quarkus] (main) Quarkus 1.13.3.Final on JVM started in 7.216s. Listening on: http://localhost:8081
2021-05-26 00:21:17,664 INFO  [io.quarkus] (main) Profile test activated. 
2021-05-26 00:21:17,664 INFO  [io.quarkus] (main) Installed features: [agroal, cdi, jdbc-postgresql, micrometer, mutiny, narayana-jta, resteasy, resteasy-jackson, smallrye-context-propagation]
2021-05-26 00:21:18,557 INFO  [com.qua.tra.ser.BookService] (executor-thread-1) Find all the books in the database ...
]]></system-out>
  </testcase>
  <testcase name="shouldGetBookById" classname="com.quarkus.traning.BookResourceTest" time="0.045">
    <system-out><![CDATA[2021-05-26 00:21:19,247 INFO  [com.qua.tra.ser.BookService] (executor-thread-1) Finding a specific person by ID via an Optional ...
]]></system-out>
  </testcase>
</testsuite>