<?xml version="1.0" encoding="UTF-8"?>
<testsuite xmlns:xsi="http://www.w3.org/2001/XMLSchema-instance" xsi:noNamespaceSchemaLocation="https://maven.apache.org/surefire/maven-surefire-plugin/xsd/surefire-test-report-3.0.xsd" version="3.0" name="org.quarkus.training.reactive.routes.AppRouterRegisterTest" time="12.337" tests="2" errors="0" skipped="0" failures="0">
  <properties>
    <property name="gopherProxySet" value="false"/>
    <property name="awt.toolkit" value="sun.lwawt.macosx.LWCToolkit"/>
    <property name="java.specification.version" value="11"/>
    <property name="sun.cpu.isalist" value=""/>
    <property name="test.url" value="http://localhost:8081"/>
    <property name="sun.jnu.encoding" value="UTF-8"/>
    <property name="java.class.path" value="/Users/fany/Documents/workspace-sts/crossing-the-chasm-quarkus/quarkus-books-api/reactive/target/test-classes:/Users/fany/Documents/workspace-sts/crossing-the-chasm-quarkus/quarkus-books-api/reactive/target/classes:/Users/fany/.m2/repository/io/quarkus/quarkus-vertx-web/1.13.3.Final/quarkus-vertx-web-1.13.3.Final.jar:/Users/fany/.m2/repository/io/quarkus/quarkus-core/1.13.3.Final/quarkus-core-1.13.3.Final.jar:/Users/fany/.m2/repository/jakarta/annotation/jakarta.annotation-api/1.3.5/jakarta.annotation-api-1.3.5.jar:/Users/fany/.m2/repository/jakarta/inject/jakarta.inject-api/1.0/jakarta.inject-api-1.0.jar:/Users/fany/.m2/repository/io/quarkus/quarkus-ide-launcher/1.13.3.Final/quarkus-ide-launcher-1.13.3.Final.jar:/Users/fany/.m2/repository/io/quarkus/quarkus-development-mode-spi/1.13.3.Final/quarkus-development-mode-spi-1.13.3.Final.jar:/Users/fany/.m2/repository/io/smallrye/config/smallrye-config/1.11.1/smallrye-config-1.11.1.jar:/Users/fany/.m2/repository/org/eclipse/microprofile/config/microprofile-config-api/1.4/microprofile-config-api-1.4.jar:/Users/fany/.m2/repository/io/smallrye/common/smallrye-common-expression/1.5.0/smallrye-common-expression-1.5.0.jar:/Users/fany/.m2/repository/io/smallrye/common/smallrye-common-function/1.5.0/smallrye-common-function-1.5.0.jar:/Users/fany/.m2/repository/io/smallrye/common/smallrye-common-constraint/1.5.0/smallrye-common-constraint-1.5.0.jar:/Users/fany/.m2/repository/io/smallrye/common/smallrye-common-classloader/1.5.0/smallrye-common-classloader-1.5.0.jar:/Users/fany/.m2/repository/io/smallrye/config/smallrye-config-common/1.11.1/smallrye-config-common-1.11.1.jar:/Users/fany/.m2/repository/org/jboss/logging/jboss-logging/3.4.1.Final/jboss-logging-3.4.1.Final.jar:/Users/fany/.m2/repository/org/jboss/logmanager/jboss-logmanager-embedded/1.0.9/jboss-logmanager-embedded-1.0.9.jar:/Users/fany/.m2/repository/org/jboss/logging/jboss-logging-annotations/2.2.0.Final/jboss-logging-annotations-2.2.0.Final.jar:/Users/fany/.m2/repository/org/jboss/threads/jboss-threads/3.2.0.Final/jboss-threads-3.2.0.Final.jar:/Users/fany/.m2/repository/org/slf4j/slf4j-api/1.7.30/slf4j-api-1.7.30.jar:/Users/fany/.m2/repository/org/jboss/slf4j/slf4j-jboss-logmanager/1.1.0.Final/slf4j-jboss-logmanager-1.1.0.Final.jar:/Users/fany/.m2/repository/org/graalvm/sdk/graal-sdk/21.0.0/graal-sdk-21.0.0.jar:/Users/fany/.m2/repository/org/wildfly/common/wildfly-common/1.5.4.Final-format-001/wildfly-common-1.5.4.Final-format-001.jar:/Users/fany/.m2/repository/io/quarkus/quarkus-bootstrap-runner/1.13.3.Final/quarkus-bootstrap-runner-1.13.3.Final.jar:/Users/fany/.m2/repository/io/quarkus/quarkus-vertx/1.13.3.Final/quarkus-vertx-1.13.3.Final.jar:/Users/fany/.m2/repository/io/quarkus/quarkus-netty/1.13.3.Final/quarkus-netty-1.13.3.Final.jar:/Users/fany/.m2/repository/io/netty/netty-codec/4.1.49.Final/netty-codec-4.1.49.Final.jar:/Users/fany/.m2/repository/io/netty/netty-handler/4.1.49.Final/netty-handler-4.1.49.Final.jar:/Users/fany/.m2/repository/io/quarkus/quarkus-vertx-core/1.13.3.Final/quarkus-vertx-core-1.13.3.Final.jar:/Users/fany/.m2/repository/io/quarkus/quarkus-mutiny/1.13.3.Final/quarkus-mutiny-1.13.3.Final.jar:/Users/fany/.m2/repository/io/quarkus/quarkus-smallrye-context-propagation/1.13.3.Final/quarkus-smallrye-context-propagation-1.13.3.Final.jar:/Users/fany/.m2/repository/io/smallrye/smallrye-context-propagation/1.1.0/smallrye-context-propagation-1.1.0.jar:/Users/fany/.m2/repository/io/smallrye/smallrye-context-propagation-api/1.1.0/smallrye-context-propagation-api-1.1.0.jar:/Users/fany/.m2/repository/io/smallrye/smallrye-context-propagation-storage/1.1.0/smallrye-context-propagation-storage-1.1.0.jar:/Users/fany/.m2/repository/io/smallrye/reactive/mutiny-smallrye-context-propagation/0.14.0/mutiny-smallrye-context-propagation-0.14.0.jar:/Users/fany/.m2/repository/io/smallrye/reactive/smallrye-mutiny-vertx-core/1.5.0/smallrye-mutiny-vertx-core-1.5.0.jar:/Users/fany/.m2/repository/io/smallrye/reactive/smallrye-mutiny-vertx-runtime/1.5.0/smallrye-mutiny-vertx-runtime-1.5.0.jar:/Users/fany/.m2/repository/io/smallrye/reactive/vertx-mutiny-generator/1.5.0/vertx-mutiny-generator-1.5.0.jar:/Users/fany/.m2/repository/io/vertx/vertx-codegen/3.9.6/vertx-codegen-3.9.6.jar:/Users/fany/.m2/repository/org/mvel/mvel2/2.4.12.Final/mvel2-2.4.12.Final.jar:/Users/fany/.m2/repository/io/smallrye/common/smallrye-common-annotation/1.5.0/smallrye-common-annotation-1.5.0.jar:/Users/fany/.m2/repository/io/quarkus/quarkus-vertx-http/1.13.3.Final/quarkus-vertx-http-1.13.3.Final.jar:/Users/fany/.m2/repository/io/quarkus/quarkus-security-runtime-spi/1.13.3.Final/quarkus-security-runtime-spi-1.13.3.Final.jar:/Users/fany/.m2/repository/io/quarkus/quarkus-vertx-http-dev-console-runtime-spi/1.13.3.Final/quarkus-vertx-http-dev-console-runtime-spi-1.13.3.Final.jar:/Users/fany/.m2/repository/io/vertx/vertx-web/3.9.6/vertx-web-3.9.6.jar:/Users/fany/.m2/repository/io/vertx/vertx-web-common/3.9.6/vertx-web-common-3.9.6.jar:/Users/fany/.m2/repository/io/vertx/vertx-auth-common/3.9.6/vertx-auth-common-3.9.6.jar:/Users/fany/.m2/repository/io/vertx/vertx-bridge-common/3.9.6/vertx-bridge-common-3.9.6.jar:/Users/fany/.m2/repository/io/quarkus/security/quarkus-security/1.1.4.Final/quarkus-security-1.1.4.Final.jar:/Users/fany/.m2/repository/io/smallrye/reactive/mutiny/0.14.0/mutiny-0.14.0.jar:/Users/fany/.m2/repository/org/reactivestreams/reactive-streams/1.0.3/reactive-streams-1.0.3.jar:/Users/fany/.m2/repository/jakarta/enterprise/jakarta.enterprise.cdi-api/2.0.2/jakarta.enterprise.cdi-api-2.0.2.jar:/Users/fany/.m2/repository/jakarta/el/jakarta.el-api/3.0.3/jakarta.el-api-3.0.3.jar:/Users/fany/.m2/repository/jakarta/interceptor/jakarta.interceptor-api/1.2.5/jakarta.interceptor-api-1.2.5.jar:/Users/fany/.m2/repository/io/quarkus/quarkus-resteasy-jsonb/1.13.3.Final/quarkus-resteasy-jsonb-1.13.3.Final.jar:/Users/fany/.m2/repository/io/quarkus/quarkus-jsonb/1.13.3.Final/quarkus-jsonb-1.13.3.Final.jar:/Users/fany/.m2/repository/org/eclipse/yasson/1.0.9/yasson-1.0.9.jar:/Users/fany/.m2/repository/io/quarkus/quarkus-jsonp/1.13.3.Final/quarkus-jsonp-1.13.3.Final.jar:/Users/fany/.m2/repository/org/jboss/resteasy/resteasy-json-binding-provider/4.5.9.Final/resteasy-json-binding-provider-4.5.9.Final.jar:/Users/fany/.m2/repository/org/glassfish/jakarta.json/1.1.6/jakarta.json-1.1.6.jar:/Users/fany/.m2/repository/jakarta/json/bind/jakarta.json.bind-api/1.0.2/jakarta.json.bind-api-1.0.2.jar:/Users/fany/.m2/repository/org/jboss/resteasy/resteasy-json-p-provider/4.5.9.Final/resteasy-json-p-provider-4.5.9.Final.jar:/Users/fany/.m2/repository/commons-io/commons-io/2.8.0/commons-io-2.8.0.jar:/Users/fany/.m2/repository/io/quarkus/quarkus-resteasy-jackson/1.13.3.Final/quarkus-resteasy-jackson-1.13.3.Final.jar:/Users/fany/.m2/repository/io/quarkus/quarkus-jackson/1.13.3.Final/quarkus-jackson-1.13.3.Final.jar:/Users/fany/.m2/repository/com/fasterxml/jackson/core/jackson-databind/2.12.1/jackson-databind-2.12.1.jar:/Users/fany/.m2/repository/com/fasterxml/jackson/datatype/jackson-datatype-jsr310/2.12.1/jackson-datatype-jsr310-2.12.1.jar:/Users/fany/.m2/repository/com/fasterxml/jackson/datatype/jackson-datatype-jdk8/2.12.1/jackson-datatype-jdk8-2.12.1.jar:/Users/fany/.m2/repository/com/fasterxml/jackson/module/jackson-module-parameter-names/2.12.1/jackson-module-parameter-names-2.12.1.jar:/Users/fany/.m2/repository/org/jboss/resteasy/resteasy-jackson2-provider/4.5.9.Final/resteasy-jackson2-provider-4.5.9.Final.jar:/Users/fany/.m2/repository/org/jboss/resteasy/resteasy-jaxb-provider/4.5.9.Final/resteasy-jaxb-provider-4.5.9.Final.jar:/Users/fany/.m2/repository/org/glassfish/jaxb/jaxb-runtime/2.3.3-b02/jaxb-runtime-2.3.3-b02.jar:/Users/fany/.m2/repository/org/glassfish/jaxb/txw2/2.3.3-b02/txw2-2.3.3-b02.jar:/Users/fany/.m2/repository/com/sun/istack/istack-commons-runtime/3.0.10/istack-commons-runtime-3.0.10.jar:/Users/fany/.m2/repository/com/fasterxml/jackson/core/jackson-core/2.12.1/jackson-core-2.12.1.jar:/Users/fany/.m2/repository/com/fasterxml/jackson/core/jackson-annotations/2.12.1/jackson-annotations-2.12.1.jar:/Users/fany/.m2/repository/com/fasterxml/jackson/jaxrs/jackson-jaxrs-json-provider/2.12.1/jackson-jaxrs-json-provider-2.12.1.jar:/Users/fany/.m2/repository/com/fasterxml/jackson/jaxrs/jackson-jaxrs-base/2.12.1/jackson-jaxrs-base-2.12.1.jar:/Users/fany/.m2/repository/com/fasterxml/jackson/module/jackson-module-jaxb-annotations/2.12.1/jackson-module-jaxb-annotations-2.12.1.jar:/Users/fany/.m2/repository/com/github/java-json-tools/json-patch/1.13/json-patch-1.13.jar:/Users/fany/.m2/repository/com/github/java-json-tools/msg-simple/1.2/msg-simple-1.2.jar:/Users/fany/.m2/repository/com/github/java-json-tools/btf/1.3/btf-1.3.jar:/Users/fany/.m2/repository/com/github/java-json-tools/jackson-coreutils/2.0/jackson-coreutils-2.0.jar:/Users/fany/.m2/repository/org/jboss/spec/javax/xml/bind/jboss-jaxb-api_2.3_spec/2.0.0.Final/jboss-jaxb-api_2.3_spec-2.0.0.Final.jar:/Users/fany/.m2/repository/io/quarkus/quarkus-resteasy/1.13.3.Final/quarkus-resteasy-1.13.3.Final.jar:/Users/fany/.m2/repository/io/quarkus/quarkus-resteasy-server-common/1.13.3.Final/quarkus-resteasy-server-common-1.13.3.Final.jar:/Users/fany/.m2/repository/io/quarkus/quarkus-resteasy-common/1.13.3.Final/quarkus-resteasy-common-1.13.3.Final.jar:/Users/fany/.m2/repository/com/sun/activation/jakarta.activation/1.2.1/jakarta.activation-1.2.1.jar:/Users/fany/.m2/repository/jakarta/validation/jakarta.validation-api/2.0.2/jakarta.validation-api-2.0.2.jar:/Users/fany/.m2/repository/io/quarkus/quarkus-resteasy-mutiny/1.13.3.Final/quarkus-resteasy-mutiny-1.13.3.Final.jar:/Users/fany/.m2/repository/io/quarkus/quarkus-resteasy-mutiny-common/1.13.3.Final/quarkus-resteasy-mutiny-common-1.13.3.Final.jar:/Users/fany/.m2/repository/org/jboss/resteasy/resteasy-client/4.5.9.Final/resteasy-client-4.5.9.Final.jar:/Users/fany/.m2/repository/org/jboss/resteasy/resteasy-client-api/4.5.9.Final/resteasy-client-api-4.5.9.Final.jar:/Users/fany/.m2/repository/org/jboss/resteasy/resteasy-core-spi/4.5.9.Final/resteasy-core-spi-4.5.9.Final.jar:/Users/fany/.m2/repository/org/jboss/resteasy/resteasy-core/4.5.9.Final/resteasy-core-4.5.9.Final.jar:/Users/fany/.m2/repository/com/ibm/async/asyncutil/0.1.0/asyncutil-0.1.0.jar:/Users/fany/.m2/repository/commons-codec/commons-codec/1.14/commons-codec-1.14.jar:/Users/fany/.m2/repository/org/jboss/spec/javax/ws/rs/jboss-jaxrs-api_2.1_spec/2.0.1.Final/jboss-jaxrs-api_2.1_spec-2.0.1.Final.jar:/Users/fany/.m2/repository/io/quarkus/quarkus-reactive-pg-client/1.13.3.Final/quarkus-reactive-pg-client-1.13.3.Final.jar:/Users/fany/.m2/repository/io/quarkus/quarkus-reactive-datasource/1.13.3.Final/quarkus-reactive-datasource-1.13.3.Final.jar:/Users/fany/.m2/repository/io/quarkus/quarkus-datasource/1.13.3.Final/quarkus-datasource-1.13.3.Final.jar:/Users/fany/.m2/repository/io/vertx/vertx-sql-client/3.9.6/vertx-sql-client-3.9.6.jar:/Users/fany/.m2/repository/io/vertx/vertx-pg-client/3.9.6/vertx-pg-client-3.9.6.jar:/Users/fany/.m2/repository/io/vertx/vertx-core/3.9.6/vertx-core-3.9.6.jar:/Users/fany/.m2/repository/io/netty/netty-common/4.1.49.Final/netty-common-4.1.49.Final.jar:/Users/fany/.m2/repository/io/netty/netty-buffer/4.1.49.Final/netty-buffer-4.1.49.Final.jar:/Users/fany/.m2/repository/io/netty/netty-transport/4.1.49.Final/netty-transport-4.1.49.Final.jar:/Users/fany/.m2/repository/io/netty/netty-handler-proxy/4.1.49.Final/netty-handler-proxy-4.1.49.Final.jar:/Users/fany/.m2/repository/io/netty/netty-codec-socks/4.1.49.Final/netty-codec-socks-4.1.49.Final.jar:/Users/fany/.m2/repository/io/netty/netty-codec-http/4.1.49.Final/netty-codec-http-4.1.49.Final.jar:/Users/fany/.m2/repository/io/netty/netty-codec-http2/4.1.49.Final/netty-codec-http2-4.1.49.Final.jar:/Users/fany/.m2/repository/io/netty/netty-resolver/4.1.49.Final/netty-resolver-4.1.49.Final.jar:/Users/fany/.m2/repository/io/netty/netty-resolver-dns/4.1.49.Final/netty-resolver-dns-4.1.49.Final.jar:/Users/fany/.m2/repository/io/netty/netty-codec-dns/4.1.49.Final/netty-codec-dns-4.1.49.Final.jar:/Users/fany/.m2/repository/com/ongres/scram/client/2.1/client-2.1.jar:/Users/fany/.m2/repository/com/ongres/scram/common/2.1/common-2.1.jar:/Users/fany/.m2/repository/com/ongres/stringprep/saslprep/1.1/saslprep-1.1.jar:/Users/fany/.m2/repository/com/ongres/stringprep/stringprep/1.1/stringprep-1.1.jar:/Users/fany/.m2/repository/io/smallrye/reactive/smallrye-mutiny-vertx-pg-client/1.5.0/smallrye-mutiny-vertx-pg-client-1.5.0.jar:/Users/fany/.m2/repository/io/smallrye/reactive/smallrye-mutiny-vertx-sql-client/1.5.0/smallrye-mutiny-vertx-sql-client-1.5.0.jar:/Users/fany/.m2/repository/io/quarkus/quarkus-credentials/1.13.3.Final/quarkus-credentials-1.13.3.Final.jar:/Users/fany/.m2/repository/io/quarkus/quarkus-jdbc-postgresql/1.13.3.Final/quarkus-jdbc-postgresql-1.13.3.Final.jar:/Users/fany/.m2/repository/org/postgresql/postgresql/42.2.20/postgresql-42.2.20.jar:/Users/fany/.m2/repository/io/quarkus/quarkus-arc/1.13.3.Final/quarkus-arc-1.13.3.Final.jar:/Users/fany/.m2/repository/io/quarkus/arc/arc/1.13.3.Final/arc-1.13.3.Final.jar:/Users/fany/.m2/repository/jakarta/transaction/jakarta.transaction-api/1.3.3/jakarta.transaction-api-1.3.3.jar:/Users/fany/.m2/repository/org/eclipse/microprofile/context-propagation/microprofile-context-propagation-api/1.0.1/microprofile-context-propagation-api-1.0.1.jar:/Users/fany/.m2/repository/io/quarkus/quarkus-junit5/1.13.3.Final/quarkus-junit5-1.13.3.Final.jar:/Users/fany/.m2/repository/io/quarkus/quarkus-bootstrap-core/1.13.3.Final/quarkus-bootstrap-core-1.13.3.Final.jar:/Users/fany/.m2/repository/io/quarkus/quarkus-bootstrap-app-model/1.13.3.Final/quarkus-bootstrap-app-model-1.13.3.Final.jar:/Users/fany/.m2/repository/io/quarkus/quarkus-bootstrap-maven-resolver/1.13.3.Final/quarkus-bootstrap-maven-resolver-1.13.3.Final.jar:/Users/fany/.m2/repository/org/apache/maven/maven-embedder/3.6.3/maven-embedder-3.6.3.jar:/Users/fany/.m2/repository/org/apache/maven/maven-settings/3.6.3/maven-settings-3.6.3.jar:/Users/fany/.m2/repository/org/apache/maven/maven-core/3.6.3/maven-core-3.6.3.jar:/Users/fany/.m2/repository/org/apache/maven/maven-artifact/3.6.3/maven-artifact-3.6.3.jar:/Users/fany/.m2/repository/org/codehaus/plexus/plexus-component-annotations/2.1.0/plexus-component-annotations-2.1.0.jar:/Users/fany/.m2/repository/org/apache/maven/maven-plugin-api/3.6.3/maven-plugin-api-3.6.3.jar:/Users/fany/.m2/repository/org/apache/maven/maven-model/3.6.3/maven-model-3.6.3.jar:/Users/fany/.m2/repository/org/apache/maven/maven-model-builder/3.6.3/maven-model-builder-3.6.3.jar:/Users/fany/.m2/repository/org/apache/maven/maven-builder-support/3.6.3/maven-builder-support-3.6.3.jar:/Users/fany/.m2/repository/org/apache/maven/resolver/maven-resolver-api/1.4.1/maven-resolver-api-1.4.1.jar:/Users/fany/.m2/repository/org/apache/maven/resolver/maven-resolver-util/1.4.1/maven-resolver-util-1.4.1.jar:/Users/fany/.m2/repository/org/apache/maven/shared/maven-shared-utils/3.2.1/maven-shared-utils-3.2.1.jar:/Users/fany/.m2/repository/com/google/inject/guice/4.2.1/guice-4.2.1-no_aop.jar:/Users/fany/.m2/repository/com/google/guava/guava/30.1-jre/guava-30.1-jre.jar:/Users/fany/.m2/repository/com/google/guava/failureaccess/1.0.1/failureaccess-1.0.1.jar:/Users/fany/.m2/repository/com/google/guava/listenablefuture/9999.0-empty-to-avoid-conflict-with-guava/listenablefuture-9999.0-empty-to-avoid-conflict-with-guava.jar:/Users/fany/.m2/repository/org/codehaus/plexus/plexus-utils/3.2.1/plexus-utils-3.2.1.jar:/Users/fany/.m2/repository/org/codehaus/plexus/plexus-classworlds/2.6.0/plexus-classworlds-2.6.0.jar:/Users/fany/.m2/repository/commons-cli/commons-cli/1.4/commons-cli-1.4.jar:/Users/fany/.m2/repository/org/eclipse/sisu/org.eclipse.sisu.plexus/0.3.4/org.eclipse.sisu.plexus-0.3.4.jar:/Users/fany/.m2/repository/org/apache/maven/maven-settings-builder/3.6.3/maven-settings-builder-3.6.3.jar:/Users/fany/.m2/repository/org/codehaus/plexus/plexus-interpolation/1.25/plexus-interpolation-1.25.jar:/Users/fany/.m2/repository/org/sonatype/plexus/plexus-sec-dispatcher/1.4/plexus-sec-dispatcher-1.4.jar:/Users/fany/.m2/repository/org/sonatype/plexus/plexus-cipher/1.4/plexus-cipher-1.4.jar:/Users/fany/.m2/repository/org/apache/maven/maven-resolver-provider/3.6.3/maven-resolver-provider-3.6.3.jar:/Users/fany/.m2/repository/org/apache/maven/maven-repository-metadata/3.6.3/maven-repository-metadata-3.6.3.jar:/Users/fany/.m2/repository/org/apache/maven/resolver/maven-resolver-spi/1.4.1/maven-resolver-spi-1.4.1.jar:/Users/fany/.m2/repository/org/apache/maven/resolver/maven-resolver-impl/1.4.1/maven-resolver-impl-1.4.1.jar:/Users/fany/.m2/repository/org/apache/maven/resolver/maven-resolver-connector-basic/1.4.1/maven-resolver-connector-basic-1.4.1.jar:/Users/fany/.m2/repository/org/apache/maven/resolver/maven-resolver-transport-wagon/1.4.1/maven-resolver-transport-wagon-1.4.1.jar:/Users/fany/.m2/repository/org/apache/maven/wagon/wagon-http/3.3.4/wagon-http-3.3.4.jar:/Users/fany/.m2/repository/org/apache/maven/wagon/wagon-http-shared/3.3.4/wagon-http-shared-3.3.4.jar:/Users/fany/.m2/repository/org/jsoup/jsoup/1.12.1/jsoup-1.12.1.jar:/Users/fany/.m2/repository/org/apache/maven/wagon/wagon-provider-api/3.3.4/wagon-provider-api-3.3.4.jar:/Users/fany/.m2/repository/org/apache/maven/wagon/wagon-file/3.3.4/wagon-file-3.3.4.jar:/Users/fany/.m2/repository/io/quarkus/quarkus-bootstrap-gradle-resolver/1.13.3.Final/quarkus-bootstrap-gradle-resolver-1.13.3.Final.jar:/Users/fany/.m2/repository/io/smallrye/common/smallrye-common-io/1.5.0/smallrye-common-io-1.5.0.jar:/Users/fany/.m2/repository/org/eclipse/sisu/org.eclipse.sisu.inject/0.3.4/org.eclipse.sisu.inject-0.3.4.jar:/Users/fany/.m2/repository/io/quarkus/quarkus-test-common/1.13.3.Final/quarkus-test-common-1.13.3.Final.jar:/Users/fany/.m2/repository/io/quarkus/quarkus-core-deployment/1.13.3.Final/quarkus-core-deployment-1.13.3.Final.jar:/Users/fany/.m2/repository/io/quarkus/gizmo/gizmo/1.0.7.Final/gizmo-1.0.7.Final.jar:/Users/fany/.m2/repository/org/ow2/asm/asm-util/9.1/asm-util-9.1.jar:/Users/fany/.m2/repository/org/ow2/asm/asm-tree/9.1/asm-tree-9.1.jar:/Users/fany/.m2/repository/org/ow2/asm/asm-analysis/9.1/asm-analysis-9.1.jar:/Users/fany/.m2/repository/org/ow2/asm/asm/9.1/asm-9.1.jar:/Users/fany/.m2/repository/io/quarkus/quarkus-class-change-agent/1.13.3.Final/quarkus-class-change-agent-1.13.3.Final.jar:/Users/fany/.m2/repository/io/quarkus/quarkus-devtools-utilities/1.13.3.Final/quarkus-devtools-utilities-1.13.3.Final.jar:/Users/fany/.m2/repository/io/quarkus/quarkus-builder/1.13.3.Final/quarkus-builder-1.13.3.Final.jar:/Users/fany/.m2/repository/io/quarkus/quarkus-jsonp-deployment/1.13.3.Final/quarkus-jsonp-deployment-1.13.3.Final.jar:/Users/fany/.m2/repository/org/jboss/jandex/2.2.3.Final/jandex-2.2.3.Final.jar:/Users/fany/.m2/repository/org/jboss/logging/commons-logging-jboss-logging/1.0.0.Final/commons-logging-jboss-logging-1.0.0.Final.jar:/Users/fany/.m2/repository/org/junit/jupiter/junit-jupiter/5.7.1/junit-jupiter-5.7.1.jar:/Users/fany/.m2/repository/org/junit/jupiter/junit-jupiter-params/5.7.1/junit-jupiter-params-5.7.1.jar:/Users/fany/.m2/repository/org/junit/jupiter/junit-jupiter-engine/5.7.1/junit-jupiter-engine-5.7.1.jar:/Users/fany/.m2/repository/org/junit/platform/junit-platform-engine/1.7.1/junit-platform-engine-1.7.1.jar:/Users/fany/.m2/repository/io/quarkus/quarkus-datasource-deployment-spi/1.13.3.Final/quarkus-datasource-deployment-spi-1.13.3.Final.jar:/Users/fany/.m2/repository/io/quarkus/quarkus-arc-deployment/1.13.3.Final/quarkus-arc-deployment-1.13.3.Final.jar:/Users/fany/.m2/repository/io/quarkus/quarkus-vertx-http-dev-console-spi/1.13.3.Final/quarkus-vertx-http-dev-console-spi-1.13.3.Final.jar:/Users/fany/.m2/repository/io/quarkus/arc/arc-processor/1.13.3.Final/arc-processor-1.13.3.Final.jar:/Users/fany/.m2/repository/io/quarkus/quarkus-datasource-common/1.13.3.Final/quarkus-datasource-common-1.13.3.Final.jar:/Users/fany/.m2/repository/com/thoughtworks/xstream/xstream/1.4.16/xstream-1.4.16.jar:/Users/fany/.m2/repository/io/github/x-stream/mxparser/1.2.1/mxparser-1.2.1.jar:/Users/fany/.m2/repository/xmlpull/xmlpull/1.1.3.1/xmlpull-1.1.3.1.jar:/Users/fany/.m2/repository/io/rest-assured/rest-assured/4.3.3/rest-assured-4.3.3.jar:/Users/fany/.m2/repository/org/codehaus/groovy/groovy/3.0.5/groovy-3.0.5.jar:/Users/fany/.m2/repository/org/codehaus/groovy/groovy-xml/3.0.7/groovy-xml-3.0.7.jar:/Users/fany/.m2/repository/org/apache/httpcomponents/httpclient/4.5.13/httpclient-4.5.13.jar:/Users/fany/.m2/repository/org/apache/httpcomponents/httpcore/4.4.14/httpcore-4.4.14.jar:/Users/fany/.m2/repository/org/apache/httpcomponents/httpmime/4.5.13/httpmime-4.5.13.jar:/Users/fany/.m2/repository/org/hamcrest/hamcrest/2.1/hamcrest-2.1.jar:/Users/fany/.m2/repository/org/ccil/cowan/tagsoup/tagsoup/1.2.1/tagsoup-1.2.1.jar:/Users/fany/.m2/repository/io/rest-assured/json-path/4.3.3/json-path-4.3.3.jar:/Users/fany/.m2/repository/org/codehaus/groovy/groovy-json/3.0.5/groovy-json-3.0.5.jar:/Users/fany/.m2/repository/io/rest-assured/rest-assured-common/4.3.3/rest-assured-common-4.3.3.jar:/Users/fany/.m2/repository/io/rest-assured/xml-path/4.3.3/xml-path-4.3.3.jar:/Users/fany/.m2/repository/org/apache/commons/commons-lang3/3.12.0/commons-lang3-3.12.0.jar:/Users/fany/.m2/repository/jakarta/xml/bind/jakarta.xml.bind-api/2.3.3/jakarta.xml.bind-api-2.3.3.jar:/Users/fany/.m2/repository/jakarta/activation/jakarta.activation-api/1.2.1/jakarta.activation-api-1.2.1.jar:/Users/fany/.m2/repository/com/sun/xml/bind/jaxb-impl/2.3.3/jaxb-impl-2.3.3.jar:/Users/fany/.m2/repository/org/assertj/assertj-core/3.14.0/assertj-core-3.14.0.jar:/Users/fany/.m2/repository/org/testcontainers/junit-jupiter/1.15.0/junit-jupiter-1.15.0.jar:/Users/fany/.m2/repository/org/testcontainers/testcontainers/1.15.2/testcontainers-1.15.2.jar:/Users/fany/.m2/repository/junit/junit/4.13.1/junit-4.13.1.jar:/Users/fany/.m2/repository/org/hamcrest/hamcrest-core/1.3/hamcrest-core-1.3.jar:/Users/fany/.m2/repository/org/apache/commons/commons-compress/1.20/commons-compress-1.20.jar:/Users/fany/.m2/repository/org/rnorth/duct-tape/duct-tape/1.0.8/duct-tape-1.0.8.jar:/Users/fany/.m2/repository/org/rnorth/visible-assertions/visible-assertions/2.1.2/visible-assertions-2.1.2.jar:/Users/fany/.m2/repository/net/java/dev/jna/jna/5.3.1/jna-5.3.1.jar:/Users/fany/.m2/repository/com/github/docker-java/docker-java-api/3.2.7/docker-java-api-3.2.7.jar:/Users/fany/.m2/repository/com/github/docker-java/docker-java-transport-zerodep/3.2.7/docker-java-transport-zerodep-3.2.7.jar:/Users/fany/.m2/repository/com/github/docker-java/docker-java-transport/3.2.7/docker-java-transport-3.2.7.jar:/Users/fany/.m2/repository/org/junit/jupiter/junit-jupiter-api/5.7.1/junit-jupiter-api-5.7.1.jar:/Users/fany/.m2/repository/org/apiguardian/apiguardian-api/1.1.0/apiguardian-api-1.1.0.jar:/Users/fany/.m2/repository/org/opentest4j/opentest4j/1.2.0/opentest4j-1.2.0.jar:/Users/fany/.m2/repository/org/junit/platform/junit-platform-commons/1.7.1/junit-platform-commons-1.7.1.jar:/Users/fany/.m2/repository/org/testcontainers/postgresql/1.15.0/postgresql-1.15.0.jar:/Users/fany/.m2/repository/org/testcontainers/jdbc/1.15.2/jdbc-1.15.2.jar:/Users/fany/.m2/repository/org/testcontainers/database-commons/1.15.2/database-commons-1.15.2.jar:/Users/fany/.m2/repository/io/quarkus/quarkus-hibernate-validator/1.13.3.Final/quarkus-hibernate-validator-1.13.3.Final.jar:/Users/fany/.m2/repository/org/hibernate/validator/hibernate-validator/6.2.0.Final/hibernate-validator-6.2.0.Final.jar:/Users/fany/.m2/repository/com/fasterxml/classmate/1.3.4/classmate-1.3.4.jar:/Users/fany/.m2/repository/org/glassfish/jakarta.el/3.0.3/jakarta.el-3.0.3.jar:/Users/fany/.m2/repository/io/quarkus/quarkus-micrometer-registry-prometheus/1.13.3.Final/quarkus-micrometer-registry-prometheus-1.13.3.Final.jar:/Users/fany/.m2/repository/io/quarkus/quarkus-micrometer/1.13.3.Final/quarkus-micrometer-1.13.3.Final.jar:/Users/fany/.m2/repository/io/micrometer/micrometer-core/1.6.5/micrometer-core-1.6.5.jar:/Users/fany/.m2/repository/org/hdrhistogram/HdrHistogram/2.1.12/HdrHistogram-2.1.12.jar:/Users/fany/.m2/repository/org/latencyutils/LatencyUtils/2.0.3/LatencyUtils-2.0.3.jar:/Users/fany/.m2/repository/io/micrometer/micrometer-registry-prometheus/1.6.5/micrometer-registry-prometheus-1.6.5.jar:/Users/fany/.m2/repository/io/prometheus/simpleclient_common/0.9.0/simpleclient_common-0.9.0.jar:/Users/fany/.m2/repository/io/prometheus/simpleclient/0.9.0/simpleclient-0.9.0.jar:"/>
    <property name="java.vm.vendor" value="GraalVM Community"/>
    <property name="sun.arch.data.model" value="64"/>
    <property name="java.vendor.url" value="https://www.graalvm.org/"/>
    <property name="user.timezone" value="Europe/Madrid"/>
    <property name="os.name" value="Mac OS X"/>
    <property name="java.vm.specification.version" value="11"/>
    <property name="sun.java.launcher" value="SUN_STANDARD"/>
    <property name="user.country" value="GB"/>
    <property name="sun.boot.library.path" value="/Users/fany/.sdkman/candidates/java/21.0.0.2.r11-grl/lib"/>
    <property name="sun.java.command" value="/Users/fany/Documents/workspace-sts/crossing-the-chasm-quarkus/quarkus-books-api/reactive/target/surefire/surefirebooter9531044057674808291.jar /Users/fany/Documents/workspace-sts/crossing-the-chasm-quarkus/quarkus-books-api/reactive/target/surefire 2021-05-25T12-30-46_656-jvmRun1 surefire1508643340576483207tmp surefire_03881279919426823785tmp"/>
    <property name="http.nonProxyHosts" value="local|*.local|169.254/16|*.169.254/16"/>
    <property name="jdk.debug" value="release"/>
    <property name="maven.home" value="/Users/fany/.sdkman/candidates/maven/current"/>
    <property name="surefire.test.class.path" value="/Users/fany/Documents/workspace-sts/crossing-the-chasm-quarkus/quarkus-books-api/reactive/target/test-classes:/Users/fany/Documents/workspace-sts/crossing-the-chasm-quarkus/quarkus-books-api/reactive/target/classes:/Users/fany/.m2/repository/io/quarkus/quarkus-vertx-web/1.13.3.Final/quarkus-vertx-web-1.13.3.Final.jar:/Users/fany/.m2/repository/io/quarkus/quarkus-core/1.13.3.Final/quarkus-core-1.13.3.Final.jar:/Users/fany/.m2/repository/jakarta/annotation/jakarta.annotation-api/1.3.5/jakarta.annotation-api-1.3.5.jar:/Users/fany/.m2/repository/jakarta/inject/jakarta.inject-api/1.0/jakarta.inject-api-1.0.jar:/Users/fany/.m2/repository/io/quarkus/quarkus-ide-launcher/1.13.3.Final/quarkus-ide-launcher-1.13.3.Final.jar:/Users/fany/.m2/repository/io/quarkus/quarkus-development-mode-spi/1.13.3.Final/quarkus-development-mode-spi-1.13.3.Final.jar:/Users/fany/.m2/repository/io/smallrye/config/smallrye-config/1.11.1/smallrye-config-1.11.1.jar:/Users/fany/.m2/repository/org/eclipse/microprofile/config/microprofile-config-api/1.4/microprofile-config-api-1.4.jar:/Users/fany/.m2/repository/io/smallrye/common/smallrye-common-expression/1.5.0/smallrye-common-expression-1.5.0.jar:/Users/fany/.m2/repository/io/smallrye/common/smallrye-common-function/1.5.0/smallrye-common-function-1.5.0.jar:/Users/fany/.m2/repository/io/smallrye/common/smallrye-common-constraint/1.5.0/smallrye-common-constraint-1.5.0.jar:/Users/fany/.m2/repository/io/smallrye/common/smallrye-common-classloader/1.5.0/smallrye-common-classloader-1.5.0.jar:/Users/fany/.m2/repository/io/smallrye/config/smallrye-config-common/1.11.1/smallrye-config-common-1.11.1.jar:/Users/fany/.m2/repository/org/jboss/logging/jboss-logging/3.4.1.Final/jboss-logging-3.4.1.Final.jar:/Users/fany/.m2/repository/org/jboss/logmanager/jboss-logmanager-embedded/1.0.9/jboss-logmanager-embedded-1.0.9.jar:/Users/fany/.m2/repository/org/jboss/logging/jboss-logging-annotations/2.2.0.Final/jboss-logging-annotations-2.2.0.Final.jar:/Users/fany/.m2/repository/org/jboss/threads/jboss-threads/3.2.0.Final/jboss-threads-3.2.0.Final.jar:/Users/fany/.m2/repository/org/slf4j/slf4j-api/1.7.30/slf4j-api-1.7.30.jar:/Users/fany/.m2/repository/org/jboss/slf4j/slf4j-jboss-logmanager/1.1.0.Final/slf4j-jboss-logmanager-1.1.0.Final.jar:/Users/fany/.m2/repository/org/graalvm/sdk/graal-sdk/21.0.0/graal-sdk-21.0.0.jar:/Users/fany/.m2/repository/org/wildfly/common/wildfly-common/1.5.4.Final-format-001/wildfly-common-1.5.4.Final-format-001.jar:/Users/fany/.m2/repository/io/quarkus/quarkus-bootstrap-runner/1.13.3.Final/quarkus-bootstrap-runner-1.13.3.Final.jar:/Users/fany/.m2/repository/io/quarkus/quarkus-vertx/1.13.3.Final/quarkus-vertx-1.13.3.Final.jar:/Users/fany/.m2/repository/io/quarkus/quarkus-netty/1.13.3.Final/quarkus-netty-1.13.3.Final.jar:/Users/fany/.m2/repository/io/netty/netty-codec/4.1.49.Final/netty-codec-4.1.49.Final.jar:/Users/fany/.m2/repository/io/netty/netty-handler/4.1.49.Final/netty-handler-4.1.49.Final.jar:/Users/fany/.m2/repository/io/quarkus/quarkus-vertx-core/1.13.3.Final/quarkus-vertx-core-1.13.3.Final.jar:/Users/fany/.m2/repository/io/quarkus/quarkus-mutiny/1.13.3.Final/quarkus-mutiny-1.13.3.Final.jar:/Users/fany/.m2/repository/io/quarkus/quarkus-smallrye-context-propagation/1.13.3.Final/quarkus-smallrye-context-propagation-1.13.3.Final.jar:/Users/fany/.m2/repository/io/smallrye/smallrye-context-propagation/1.1.0/smallrye-context-propagation-1.1.0.jar:/Users/fany/.m2/repository/io/smallrye/smallrye-context-propagation-api/1.1.0/smallrye-context-propagation-api-1.1.0.jar:/Users/fany/.m2/repository/io/smallrye/smallrye-context-propagation-storage/1.1.0/smallrye-context-propagation-storage-1.1.0.jar:/Users/fany/.m2/repository/io/smallrye/reactive/mutiny-smallrye-context-propagation/0.14.0/mutiny-smallrye-context-propagation-0.14.0.jar:/Users/fany/.m2/repository/io/smallrye/reactive/smallrye-mutiny-vertx-core/1.5.0/smallrye-mutiny-vertx-core-1.5.0.jar:/Users/fany/.m2/repository/io/smallrye/reactive/smallrye-mutiny-vertx-runtime/1.5.0/smallrye-mutiny-vertx-runtime-1.5.0.jar:/Users/fany/.m2/repository/io/smallrye/reactive/vertx-mutiny-generator/1.5.0/vertx-mutiny-generator-1.5.0.jar:/Users/fany/.m2/repository/io/vertx/vertx-codegen/3.9.6/vertx-codegen-3.9.6.jar:/Users/fany/.m2/repository/org/mvel/mvel2/2.4.12.Final/mvel2-2.4.12.Final.jar:/Users/fany/.m2/repository/io/smallrye/common/smallrye-common-annotation/1.5.0/smallrye-common-annotation-1.5.0.jar:/Users/fany/.m2/repository/io/quarkus/quarkus-vertx-http/1.13.3.Final/quarkus-vertx-http-1.13.3.Final.jar:/Users/fany/.m2/repository/io/quarkus/quarkus-security-runtime-spi/1.13.3.Final/quarkus-security-runtime-spi-1.13.3.Final.jar:/Users/fany/.m2/repository/io/quarkus/quarkus-vertx-http-dev-console-runtime-spi/1.13.3.Final/quarkus-vertx-http-dev-console-runtime-spi-1.13.3.Final.jar:/Users/fany/.m2/repository/io/vertx/vertx-web/3.9.6/vertx-web-3.9.6.jar:/Users/fany/.m2/repository/io/vertx/vertx-web-common/3.9.6/vertx-web-common-3.9.6.jar:/Users/fany/.m2/repository/io/vertx/vertx-auth-common/3.9.6/vertx-auth-common-3.9.6.jar:/Users/fany/.m2/repository/io/vertx/vertx-bridge-common/3.9.6/vertx-bridge-common-3.9.6.jar:/Users/fany/.m2/repository/io/quarkus/security/quarkus-security/1.1.4.Final/quarkus-security-1.1.4.Final.jar:/Users/fany/.m2/repository/io/smallrye/reactive/mutiny/0.14.0/mutiny-0.14.0.jar:/Users/fany/.m2/repository/org/reactivestreams/reactive-streams/1.0.3/reactive-streams-1.0.3.jar:/Users/fany/.m2/repository/jakarta/enterprise/jakarta.enterprise.cdi-api/2.0.2/jakarta.enterprise.cdi-api-2.0.2.jar:/Users/fany/.m2/repository/jakarta/el/jakarta.el-api/3.0.3/jakarta.el-api-3.0.3.jar:/Users/fany/.m2/repository/jakarta/interceptor/jakarta.interceptor-api/1.2.5/jakarta.interceptor-api-1.2.5.jar:/Users/fany/.m2/repository/io/quarkus/quarkus-resteasy-jsonb/1.13.3.Final/quarkus-resteasy-jsonb-1.13.3.Final.jar:/Users/fany/.m2/repository/io/quarkus/quarkus-jsonb/1.13.3.Final/quarkus-jsonb-1.13.3.Final.jar:/Users/fany/.m2/repository/org/eclipse/yasson/1.0.9/yasson-1.0.9.jar:/Users/fany/.m2/repository/io/quarkus/quarkus-jsonp/1.13.3.Final/quarkus-jsonp-1.13.3.Final.jar:/Users/fany/.m2/repository/org/jboss/resteasy/resteasy-json-binding-provider/4.5.9.Final/resteasy-json-binding-provider-4.5.9.Final.jar:/Users/fany/.m2/repository/org/glassfish/jakarta.json/1.1.6/jakarta.json-1.1.6.jar:/Users/fany/.m2/repository/jakarta/json/bind/jakarta.json.bind-api/1.0.2/jakarta.json.bind-api-1.0.2.jar:/Users/fany/.m2/repository/org/jboss/resteasy/resteasy-json-p-provider/4.5.9.Final/resteasy-json-p-provider-4.5.9.Final.jar:/Users/fany/.m2/repository/commons-io/commons-io/2.8.0/commons-io-2.8.0.jar:/Users/fany/.m2/repository/io/quarkus/quarkus-resteasy-jackson/1.13.3.Final/quarkus-resteasy-jackson-1.13.3.Final.jar:/Users/fany/.m2/repository/io/quarkus/quarkus-jackson/1.13.3.Final/quarkus-jackson-1.13.3.Final.jar:/Users/fany/.m2/repository/com/fasterxml/jackson/core/jackson-databind/2.12.1/jackson-databind-2.12.1.jar:/Users/fany/.m2/repository/com/fasterxml/jackson/datatype/jackson-datatype-jsr310/2.12.1/jackson-datatype-jsr310-2.12.1.jar:/Users/fany/.m2/repository/com/fasterxml/jackson/datatype/jackson-datatype-jdk8/2.12.1/jackson-datatype-jdk8-2.12.1.jar:/Users/fany/.m2/repository/com/fasterxml/jackson/module/jackson-module-parameter-names/2.12.1/jackson-module-parameter-names-2.12.1.jar:/Users/fany/.m2/repository/org/jboss/resteasy/resteasy-jackson2-provider/4.5.9.Final/resteasy-jackson2-provider-4.5.9.Final.jar:/Users/fany/.m2/repository/org/jboss/resteasy/resteasy-jaxb-provider/4.5.9.Final/resteasy-jaxb-provider-4.5.9.Final.jar:/Users/fany/.m2/repository/org/glassfish/jaxb/jaxb-runtime/2.3.3-b02/jaxb-runtime-2.3.3-b02.jar:/Users/fany/.m2/repository/org/glassfish/jaxb/txw2/2.3.3-b02/txw2-2.3.3-b02.jar:/Users/fany/.m2/repository/com/sun/istack/istack-commons-runtime/3.0.10/istack-commons-runtime-3.0.10.jar:/Users/fany/.m2/repository/com/fasterxml/jackson/core/jackson-core/2.12.1/jackson-core-2.12.1.jar:/Users/fany/.m2/repository/com/fasterxml/jackson/core/jackson-annotations/2.12.1/jackson-annotations-2.12.1.jar:/Users/fany/.m2/repository/com/fasterxml/jackson/jaxrs/jackson-jaxrs-json-provider/2.12.1/jackson-jaxrs-json-provider-2.12.1.jar:/Users/fany/.m2/repository/com/fasterxml/jackson/jaxrs/jackson-jaxrs-base/2.12.1/jackson-jaxrs-base-2.12.1.jar:/Users/fany/.m2/repository/com/fasterxml/jackson/module/jackson-module-jaxb-annotations/2.12.1/jackson-module-jaxb-annotations-2.12.1.jar:/Users/fany/.m2/repository/com/github/java-json-tools/json-patch/1.13/json-patch-1.13.jar:/Users/fany/.m2/repository/com/github/java-json-tools/msg-simple/1.2/msg-simple-1.2.jar:/Users/fany/.m2/repository/com/github/java-json-tools/btf/1.3/btf-1.3.jar:/Users/fany/.m2/repository/com/github/java-json-tools/jackson-coreutils/2.0/jackson-coreutils-2.0.jar:/Users/fany/.m2/repository/org/jboss/spec/javax/xml/bind/jboss-jaxb-api_2.3_spec/2.0.0.Final/jboss-jaxb-api_2.3_spec-2.0.0.Final.jar:/Users/fany/.m2/repository/io/quarkus/quarkus-resteasy/1.13.3.Final/quarkus-resteasy-1.13.3.Final.jar:/Users/fany/.m2/repository/io/quarkus/quarkus-resteasy-server-common/1.13.3.Final/quarkus-resteasy-server-common-1.13.3.Final.jar:/Users/fany/.m2/repository/io/quarkus/quarkus-resteasy-common/1.13.3.Final/quarkus-resteasy-common-1.13.3.Final.jar:/Users/fany/.m2/repository/com/sun/activation/jakarta.activation/1.2.1/jakarta.activation-1.2.1.jar:/Users/fany/.m2/repository/jakarta/validation/jakarta.validation-api/2.0.2/jakarta.validation-api-2.0.2.jar:/Users/fany/.m2/repository/io/quarkus/quarkus-resteasy-mutiny/1.13.3.Final/quarkus-resteasy-mutiny-1.13.3.Final.jar:/Users/fany/.m2/repository/io/quarkus/quarkus-resteasy-mutiny-common/1.13.3.Final/quarkus-resteasy-mutiny-common-1.13.3.Final.jar:/Users/fany/.m2/repository/org/jboss/resteasy/resteasy-client/4.5.9.Final/resteasy-client-4.5.9.Final.jar:/Users/fany/.m2/repository/org/jboss/resteasy/resteasy-client-api/4.5.9.Final/resteasy-client-api-4.5.9.Final.jar:/Users/fany/.m2/repository/org/jboss/resteasy/resteasy-core-spi/4.5.9.Final/resteasy-core-spi-4.5.9.Final.jar:/Users/fany/.m2/repository/org/jboss/resteasy/resteasy-core/4.5.9.Final/resteasy-core-4.5.9.Final.jar:/Users/fany/.m2/repository/com/ibm/async/asyncutil/0.1.0/asyncutil-0.1.0.jar:/Users/fany/.m2/repository/commons-codec/commons-codec/1.14/commons-codec-1.14.jar:/Users/fany/.m2/repository/org/jboss/spec/javax/ws/rs/jboss-jaxrs-api_2.1_spec/2.0.1.Final/jboss-jaxrs-api_2.1_spec-2.0.1.Final.jar:/Users/fany/.m2/repository/io/quarkus/quarkus-reactive-pg-client/1.13.3.Final/quarkus-reactive-pg-client-1.13.3.Final.jar:/Users/fany/.m2/repository/io/quarkus/quarkus-reactive-datasource/1.13.3.Final/quarkus-reactive-datasource-1.13.3.Final.jar:/Users/fany/.m2/repository/io/quarkus/quarkus-datasource/1.13.3.Final/quarkus-datasource-1.13.3.Final.jar:/Users/fany/.m2/repository/io/vertx/vertx-sql-client/3.9.6/vertx-sql-client-3.9.6.jar:/Users/fany/.m2/repository/io/vertx/vertx-pg-client/3.9.6/vertx-pg-client-3.9.6.jar:/Users/fany/.m2/repository/io/vertx/vertx-core/3.9.6/vertx-core-3.9.6.jar:/Users/fany/.m2/repository/io/netty/netty-common/4.1.49.Final/netty-common-4.1.49.Final.jar:/Users/fany/.m2/repository/io/netty/netty-buffer/4.1.49.Final/netty-buffer-4.1.49.Final.jar:/Users/fany/.m2/repository/io/netty/netty-transport/4.1.49.Final/netty-transport-4.1.49.Final.jar:/Users/fany/.m2/repository/io/netty/netty-handler-proxy/4.1.49.Final/netty-handler-proxy-4.1.49.Final.jar:/Users/fany/.m2/repository/io/netty/netty-codec-socks/4.1.49.Final/netty-codec-socks-4.1.49.Final.jar:/Users/fany/.m2/repository/io/netty/netty-codec-http/4.1.49.Final/netty-codec-http-4.1.49.Final.jar:/Users/fany/.m2/repository/io/netty/netty-codec-http2/4.1.49.Final/netty-codec-http2-4.1.49.Final.jar:/Users/fany/.m2/repository/io/netty/netty-resolver/4.1.49.Final/netty-resolver-4.1.49.Final.jar:/Users/fany/.m2/repository/io/netty/netty-resolver-dns/4.1.49.Final/netty-resolver-dns-4.1.49.Final.jar:/Users/fany/.m2/repository/io/netty/netty-codec-dns/4.1.49.Final/netty-codec-dns-4.1.49.Final.jar:/Users/fany/.m2/repository/com/ongres/scram/client/2.1/client-2.1.jar:/Users/fany/.m2/repository/com/ongres/scram/common/2.1/common-2.1.jar:/Users/fany/.m2/repository/com/ongres/stringprep/saslprep/1.1/saslprep-1.1.jar:/Users/fany/.m2/repository/com/ongres/stringprep/stringprep/1.1/stringprep-1.1.jar:/Users/fany/.m2/repository/io/smallrye/reactive/smallrye-mutiny-vertx-pg-client/1.5.0/smallrye-mutiny-vertx-pg-client-1.5.0.jar:/Users/fany/.m2/repository/io/smallrye/reactive/smallrye-mutiny-vertx-sql-client/1.5.0/smallrye-mutiny-vertx-sql-client-1.5.0.jar:/Users/fany/.m2/repository/io/quarkus/quarkus-credentials/1.13.3.Final/quarkus-credentials-1.13.3.Final.jar:/Users/fany/.m2/repository/io/quarkus/quarkus-jdbc-postgresql/1.13.3.Final/quarkus-jdbc-postgresql-1.13.3.Final.jar:/Users/fany/.m2/repository/org/postgresql/postgresql/42.2.20/postgresql-42.2.20.jar:/Users/fany/.m2/repository/io/quarkus/quarkus-arc/1.13.3.Final/quarkus-arc-1.13.3.Final.jar:/Users/fany/.m2/repository/io/quarkus/arc/arc/1.13.3.Final/arc-1.13.3.Final.jar:/Users/fany/.m2/repository/jakarta/transaction/jakarta.transaction-api/1.3.3/jakarta.transaction-api-1.3.3.jar:/Users/fany/.m2/repository/org/eclipse/microprofile/context-propagation/microprofile-context-propagation-api/1.0.1/microprofile-context-propagation-api-1.0.1.jar:/Users/fany/.m2/repository/io/quarkus/quarkus-junit5/1.13.3.Final/quarkus-junit5-1.13.3.Final.jar:/Users/fany/.m2/repository/io/quarkus/quarkus-bootstrap-core/1.13.3.Final/quarkus-bootstrap-core-1.13.3.Final.jar:/Users/fany/.m2/repository/io/quarkus/quarkus-bootstrap-app-model/1.13.3.Final/quarkus-bootstrap-app-model-1.13.3.Final.jar:/Users/fany/.m2/repository/io/quarkus/quarkus-bootstrap-maven-resolver/1.13.3.Final/quarkus-bootstrap-maven-resolver-1.13.3.Final.jar:/Users/fany/.m2/repository/org/apache/maven/maven-embedder/3.6.3/maven-embedder-3.6.3.jar:/Users/fany/.m2/repository/org/apache/maven/maven-settings/3.6.3/maven-settings-3.6.3.jar:/Users/fany/.m2/repository/org/apache/maven/maven-core/3.6.3/maven-core-3.6.3.jar:/Users/fany/.m2/repository/org/apache/maven/maven-artifact/3.6.3/maven-artifact-3.6.3.jar:/Users/fany/.m2/repository/org/codehaus/plexus/plexus-component-annotations/2.1.0/plexus-component-annotations-2.1.0.jar:/Users/fany/.m2/repository/org/apache/maven/maven-plugin-api/3.6.3/maven-plugin-api-3.6.3.jar:/Users/fany/.m2/repository/org/apache/maven/maven-model/3.6.3/maven-model-3.6.3.jar:/Users/fany/.m2/repository/org/apache/maven/maven-model-builder/3.6.3/maven-model-builder-3.6.3.jar:/Users/fany/.m2/repository/org/apache/maven/maven-builder-support/3.6.3/maven-builder-support-3.6.3.jar:/Users/fany/.m2/repository/org/apache/maven/resolver/maven-resolver-api/1.4.1/maven-resolver-api-1.4.1.jar:/Users/fany/.m2/repository/org/apache/maven/resolver/maven-resolver-util/1.4.1/maven-resolver-util-1.4.1.jar:/Users/fany/.m2/repository/org/apache/maven/shared/maven-shared-utils/3.2.1/maven-shared-utils-3.2.1.jar:/Users/fany/.m2/repository/com/google/inject/guice/4.2.1/guice-4.2.1-no_aop.jar:/Users/fany/.m2/repository/com/google/guava/guava/30.1-jre/guava-30.1-jre.jar:/Users/fany/.m2/repository/com/google/guava/failureaccess/1.0.1/failureaccess-1.0.1.jar:/Users/fany/.m2/repository/com/google/guava/listenablefuture/9999.0-empty-to-avoid-conflict-with-guava/listenablefuture-9999.0-empty-to-avoid-conflict-with-guava.jar:/Users/fany/.m2/repository/org/codehaus/plexus/plexus-utils/3.2.1/plexus-utils-3.2.1.jar:/Users/fany/.m2/repository/org/codehaus/plexus/plexus-classworlds/2.6.0/plexus-classworlds-2.6.0.jar:/Users/fany/.m2/repository/commons-cli/commons-cli/1.4/commons-cli-1.4.jar:/Users/fany/.m2/repository/org/eclipse/sisu/org.eclipse.sisu.plexus/0.3.4/org.eclipse.sisu.plexus-0.3.4.jar:/Users/fany/.m2/repository/org/apache/maven/maven-settings-builder/3.6.3/maven-settings-builder-3.6.3.jar:/Users/fany/.m2/repository/org/codehaus/plexus/plexus-interpolation/1.25/plexus-interpolation-1.25.jar:/Users/fany/.m2/repository/org/sonatype/plexus/plexus-sec-dispatcher/1.4/plexus-sec-dispatcher-1.4.jar:/Users/fany/.m2/repository/org/sonatype/plexus/plexus-cipher/1.4/plexus-cipher-1.4.jar:/Users/fany/.m2/repository/org/apache/maven/maven-resolver-provider/3.6.3/maven-resolver-provider-3.6.3.jar:/Users/fany/.m2/repository/org/apache/maven/maven-repository-metadata/3.6.3/maven-repository-metadata-3.6.3.jar:/Users/fany/.m2/repository/org/apache/maven/resolver/maven-resolver-spi/1.4.1/maven-resolver-spi-1.4.1.jar:/Users/fany/.m2/repository/org/apache/maven/resolver/maven-resolver-impl/1.4.1/maven-resolver-impl-1.4.1.jar:/Users/fany/.m2/repository/org/apache/maven/resolver/maven-resolver-connector-basic/1.4.1/maven-resolver-connector-basic-1.4.1.jar:/Users/fany/.m2/repository/org/apache/maven/resolver/maven-resolver-transport-wagon/1.4.1/maven-resolver-transport-wagon-1.4.1.jar:/Users/fany/.m2/repository/org/apache/maven/wagon/wagon-http/3.3.4/wagon-http-3.3.4.jar:/Users/fany/.m2/repository/org/apache/maven/wagon/wagon-http-shared/3.3.4/wagon-http-shared-3.3.4.jar:/Users/fany/.m2/repository/org/jsoup/jsoup/1.12.1/jsoup-1.12.1.jar:/Users/fany/.m2/repository/org/apache/maven/wagon/wagon-provider-api/3.3.4/wagon-provider-api-3.3.4.jar:/Users/fany/.m2/repository/org/apache/maven/wagon/wagon-file/3.3.4/wagon-file-3.3.4.jar:/Users/fany/.m2/repository/io/quarkus/quarkus-bootstrap-gradle-resolver/1.13.3.Final/quarkus-bootstrap-gradle-resolver-1.13.3.Final.jar:/Users/fany/.m2/repository/io/smallrye/common/smallrye-common-io/1.5.0/smallrye-common-io-1.5.0.jar:/Users/fany/.m2/repository/org/eclipse/sisu/org.eclipse.sisu.inject/0.3.4/org.eclipse.sisu.inject-0.3.4.jar:/Users/fany/.m2/repository/io/quarkus/quarkus-test-common/1.13.3.Final/quarkus-test-common-1.13.3.Final.jar:/Users/fany/.m2/repository/io/quarkus/quarkus-core-deployment/1.13.3.Final/quarkus-core-deployment-1.13.3.Final.jar:/Users/fany/.m2/repository/io/quarkus/gizmo/gizmo/1.0.7.Final/gizmo-1.0.7.Final.jar:/Users/fany/.m2/repository/org/ow2/asm/asm-util/9.1/asm-util-9.1.jar:/Users/fany/.m2/repository/org/ow2/asm/asm-tree/9.1/asm-tree-9.1.jar:/Users/fany/.m2/repository/org/ow2/asm/asm-analysis/9.1/asm-analysis-9.1.jar:/Users/fany/.m2/repository/org/ow2/asm/asm/9.1/asm-9.1.jar:/Users/fany/.m2/repository/io/quarkus/quarkus-class-change-agent/1.13.3.Final/quarkus-class-change-agent-1.13.3.Final.jar:/Users/fany/.m2/repository/io/quarkus/quarkus-devtools-utilities/1.13.3.Final/quarkus-devtools-utilities-1.13.3.Final.jar:/Users/fany/.m2/repository/io/quarkus/quarkus-builder/1.13.3.Final/quarkus-builder-1.13.3.Final.jar:/Users/fany/.m2/repository/io/quarkus/quarkus-jsonp-deployment/1.13.3.Final/quarkus-jsonp-deployment-1.13.3.Final.jar:/Users/fany/.m2/repository/org/jboss/jandex/2.2.3.Final/jandex-2.2.3.Final.jar:/Users/fany/.m2/repository/org/jboss/logging/commons-logging-jboss-logging/1.0.0.Final/commons-logging-jboss-logging-1.0.0.Final.jar:/Users/fany/.m2/repository/org/junit/jupiter/junit-jupiter/5.7.1/junit-jupiter-5.7.1.jar:/Users/fany/.m2/repository/org/junit/jupiter/junit-jupiter-params/5.7.1/junit-jupiter-params-5.7.1.jar:/Users/fany/.m2/repository/org/junit/jupiter/junit-jupiter-engine/5.7.1/junit-jupiter-engine-5.7.1.jar:/Users/fany/.m2/repository/org/junit/platform/junit-platform-engine/1.7.1/junit-platform-engine-1.7.1.jar:/Users/fany/.m2/repository/io/quarkus/quarkus-datasource-deployment-spi/1.13.3.Final/quarkus-datasource-deployment-spi-1.13.3.Final.jar:/Users/fany/.m2/repository/io/quarkus/quarkus-arc-deployment/1.13.3.Final/quarkus-arc-deployment-1.13.3.Final.jar:/Users/fany/.m2/repository/io/quarkus/quarkus-vertx-http-dev-console-spi/1.13.3.Final/quarkus-vertx-http-dev-console-spi-1.13.3.Final.jar:/Users/fany/.m2/repository/io/quarkus/arc/arc-processor/1.13.3.Final/arc-processor-1.13.3.Final.jar:/Users/fany/.m2/repository/io/quarkus/quarkus-datasource-common/1.13.3.Final/quarkus-datasource-common-1.13.3.Final.jar:/Users/fany/.m2/repository/com/thoughtworks/xstream/xstream/1.4.16/xstream-1.4.16.jar:/Users/fany/.m2/repository/io/github/x-stream/mxparser/1.2.1/mxparser-1.2.1.jar:/Users/fany/.m2/repository/xmlpull/xmlpull/1.1.3.1/xmlpull-1.1.3.1.jar:/Users/fany/.m2/repository/io/rest-assured/rest-assured/4.3.3/rest-assured-4.3.3.jar:/Users/fany/.m2/repository/org/codehaus/groovy/groovy/3.0.5/groovy-3.0.5.jar:/Users/fany/.m2/repository/org/codehaus/groovy/groovy-xml/3.0.7/groovy-xml-3.0.7.jar:/Users/fany/.m2/repository/org/apache/httpcomponents/httpclient/4.5.13/httpclient-4.5.13.jar:/Users/fany/.m2/repository/org/apache/httpcomponents/httpcore/4.4.14/httpcore-4.4.14.jar:/Users/fany/.m2/repository/org/apache/httpcomponents/httpmime/4.5.13/httpmime-4.5.13.jar:/Users/fany/.m2/repository/org/hamcrest/hamcrest/2.1/hamcrest-2.1.jar:/Users/fany/.m2/repository/org/ccil/cowan/tagsoup/tagsoup/1.2.1/tagsoup-1.2.1.jar:/Users/fany/.m2/repository/io/rest-assured/json-path/4.3.3/json-path-4.3.3.jar:/Users/fany/.m2/repository/org/codehaus/groovy/groovy-json/3.0.5/groovy-json-3.0.5.jar:/Users/fany/.m2/repository/io/rest-assured/rest-assured-common/4.3.3/rest-assured-common-4.3.3.jar:/Users/fany/.m2/repository/io/rest-assured/xml-path/4.3.3/xml-path-4.3.3.jar:/Users/fany/.m2/repository/org/apache/commons/commons-lang3/3.12.0/commons-lang3-3.12.0.jar:/Users/fany/.m2/repository/jakarta/xml/bind/jakarta.xml.bind-api/2.3.3/jakarta.xml.bind-api-2.3.3.jar:/Users/fany/.m2/repository/jakarta/activation/jakarta.activation-api/1.2.1/jakarta.activation-api-1.2.1.jar:/Users/fany/.m2/repository/com/sun/xml/bind/jaxb-impl/2.3.3/jaxb-impl-2.3.3.jar:/Users/fany/.m2/repository/org/assertj/assertj-core/3.14.0/assertj-core-3.14.0.jar:/Users/fany/.m2/repository/org/testcontainers/junit-jupiter/1.15.0/junit-jupiter-1.15.0.jar:/Users/fany/.m2/repository/org/testcontainers/testcontainers/1.15.2/testcontainers-1.15.2.jar:/Users/fany/.m2/repository/junit/junit/4.13.1/junit-4.13.1.jar:/Users/fany/.m2/repository/org/hamcrest/hamcrest-core/1.3/hamcrest-core-1.3.jar:/Users/fany/.m2/repository/org/apache/commons/commons-compress/1.20/commons-compress-1.20.jar:/Users/fany/.m2/repository/org/rnorth/duct-tape/duct-tape/1.0.8/duct-tape-1.0.8.jar:/Users/fany/.m2/repository/org/rnorth/visible-assertions/visible-assertions/2.1.2/visible-assertions-2.1.2.jar:/Users/fany/.m2/repository/net/java/dev/jna/jna/5.3.1/jna-5.3.1.jar:/Users/fany/.m2/repository/com/github/docker-java/docker-java-api/3.2.7/docker-java-api-3.2.7.jar:/Users/fany/.m2/repository/com/github/docker-java/docker-java-transport-zerodep/3.2.7/docker-java-transport-zerodep-3.2.7.jar:/Users/fany/.m2/repository/com/github/docker-java/docker-java-transport/3.2.7/docker-java-transport-3.2.7.jar:/Users/fany/.m2/repository/org/junit/jupiter/junit-jupiter-api/5.7.1/junit-jupiter-api-5.7.1.jar:/Users/fany/.m2/repository/org/apiguardian/apiguardian-api/1.1.0/apiguardian-api-1.1.0.jar:/Users/fany/.m2/repository/org/opentest4j/opentest4j/1.2.0/opentest4j-1.2.0.jar:/Users/fany/.m2/repository/org/junit/platform/junit-platform-commons/1.7.1/junit-platform-commons-1.7.1.jar:/Users/fany/.m2/repository/org/testcontainers/postgresql/1.15.0/postgresql-1.15.0.jar:/Users/fany/.m2/repository/org/testcontainers/jdbc/1.15.2/jdbc-1.15.2.jar:/Users/fany/.m2/repository/org/testcontainers/database-commons/1.15.2/database-commons-1.15.2.jar:/Users/fany/.m2/repository/io/quarkus/quarkus-hibernate-validator/1.13.3.Final/quarkus-hibernate-validator-1.13.3.Final.jar:/Users/fany/.m2/repository/org/hibernate/validator/hibernate-validator/6.2.0.Final/hibernate-validator-6.2.0.Final.jar:/Users/fany/.m2/repository/com/fasterxml/classmate/1.3.4/classmate-1.3.4.jar:/Users/fany/.m2/repository/org/glassfish/jakarta.el/3.0.3/jakarta.el-3.0.3.jar:/Users/fany/.m2/repository/io/quarkus/quarkus-micrometer-registry-prometheus/1.13.3.Final/quarkus-micrometer-registry-prometheus-1.13.3.Final.jar:/Users/fany/.m2/repository/io/quarkus/quarkus-micrometer/1.13.3.Final/quarkus-micrometer-1.13.3.Final.jar:/Users/fany/.m2/repository/io/micrometer/micrometer-core/1.6.5/micrometer-core-1.6.5.jar:/Users/fany/.m2/repository/org/hdrhistogram/HdrHistogram/2.1.12/HdrHistogram-2.1.12.jar:/Users/fany/.m2/repository/org/latencyutils/LatencyUtils/2.0.3/LatencyUtils-2.0.3.jar:/Users/fany/.m2/repository/io/micrometer/micrometer-registry-prometheus/1.6.5/micrometer-registry-prometheus-1.6.5.jar:/Users/fany/.m2/repository/io/prometheus/simpleclient_common/0.9.0/simpleclient_common-0.9.0.jar:/Users/fany/.m2/repository/io/prometheus/simpleclient/0.9.0/simpleclient-0.9.0.jar:"/>
    <property name="sun.cpu.endian" value="little"/>
    <property name="user.home" value="/Users/fany"/>
    <property name="user.language" value="en"/>
    <property name="java.specification.vendor" value="Oracle Corporation"/>
    <property name="quarkus.datasource.reactive.url" value="postgresql://localhost:55126/books_database?loggerLevel=OFF"/>
    <property name="io.netty.allocator.maxOrder" value="1"/>
    <property name="java.version.date" value="2021-01-19"/>
    <property name="quarkus.datasource.username" value="book"/>
    <property name="java.home" value="/Users/fany/.sdkman/candidates/java/21.0.0.2.r11-grl"/>
    <property name="org.testcontainers.shaded.io.netty.packagePrefix" value="org.testcontainers.shaded."/>
    <property name="file.separator" value="/"/>
    <property name="basedir" value="/Users/fany/Documents/workspace-sts/crossing-the-chasm-quarkus/quarkus-books-api/reactive"/>
    <property name="java.vm.compressedOopsMode" value="Zero based"/>
    <property name="line.separator" value="&#10;"/>
    <property name="jdk.internal.vm.ci.enabled" value="true"/>
    <property name="java.specification.name" value="Java Platform API Specification"/>
    <property name="java.vm.specification.vendor" value="Oracle Corporation"/>
    <property name="java.awt.graphicsenv" value="sun.awt.CGraphicsEnvironment"/>
    <property name="surefire.real.class.path" value="/Users/fany/Documents/workspace-sts/crossing-the-chasm-quarkus/quarkus-books-api/reactive/target/surefire/surefirebooter9531044057674808291.jar"/>
    <property name="quarkus.datasource.password" value="book"/>
    <property name="sun.management.compiler" value="HotSpot 64-Bit Tiered Compilers"/>
    <property name="ftp.nonProxyHosts" value="local|*.local|169.254/16|*.169.254/16"/>
    <property name="java.runtime.version" value="11.0.10+8-jvmci-21.0-b06"/>
    <property name="user.name" value="fany"/>
    <property name="path.separator" value=":"/>
    <property name="quarkus.native.container-build" value="true"/>
    <property name="os.version" value="10.16"/>
    <property name="java.runtime.name" value="OpenJDK Runtime Environment"/>
    <property name="file.encoding" value="UTF-8"/>
    <property name="jnidispatch.path" value="/Users/fany/Library/Caches/JNA/temp/jna15786564082343841598.tmp"/>
    <property name="sun.nio.ch.bugLevel" value=""/>
    <property name="java.vm.name" value="OpenJDK 64-Bit Server VM"/>
    <property name="jna.platform.library.path" value="/usr/lib:/usr/lib"/>
    <property name="java.vendor.version" value="GraalVM CE 21.0.0.2"/>
    <property name="io.netty.noJdkZlibDecoder" value="false"/>
    <property name="localRepository" value="/Users/fany/.m2/repository"/>
    <property name="jna.loaded" value="true"/>
    <property name="java.vendor.url.bug" value="https://github.com/oracle/graal/issues"/>
    <property name="java.io.tmpdir" value="/var/folders/3b/7ff3tlm56vjd3t46wgq3mc8m0000gn/T/"/>
    <property name="quarkus.log.file.path" value="target/quarkus.log"/>
    <property name="java.version" value="11.0.10"/>
    <property name="user.dir" value="/Users/fany/Documents/workspace-sts/crossing-the-chasm-quarkus/quarkus-books-api/reactive"/>
    <property name="os.arch" value="x86_64"/>
    <property name="java.vm.specification.name" value="Java Virtual Machine Specification"/>
    <property name="vertx.disableDnsResolver" value="true"/>
    <property name="java.awt.printerjob" value="sun.lwawt.macosx.CPrinterJob"/>
    <property name="sun.os.patch.level" value="unknown"/>
    <property name="java.util.logging.manager" value="org.jboss.logmanager.LogManager"/>
    <property name="java.library.path" value="/Users/fany/Library/Java/Extensions:/Library/Java/Extensions:/Network/Library/Java/Extensions:/System/Library/Java/Extensions:/usr/lib/java:."/>
    <property name="java.vm.info" value="mixed mode, sharing"/>
    <property name="java.vendor" value="GraalVM Community"/>
    <property name="java.vm.version" value="11.0.10+8-jvmci-21.0-b06"/>
    <property name="sun.io.unicode.encoding" value="UnicodeBig"/>
    <property name="io.netty.machineId" value="e7:d5:22:24:66:50:25:ac"/>
    <property name="java.class.version" value="55.0"/>
    <property name="socksNonProxyHosts" value="local|*.local|169.254/16|*.169.254/16"/>
  </properties>
  <testcase name="shouldGetAllTheBooks" classname="org.quarkus.training.reactive.routes.AppRouterRegisterTest" time="1.873">
    <system-out><![CDATA[2021-05-25 12:30:47,852 WARN  [io.qua.boo.res.mav.BootstrapMavenContext] (main) Settings problem encountered at /Users/fany/.sdkman/candidates/maven/current/conf/settings.xml, line 164, column 16: org.apache.maven.settings.io.SettingsParseException: Unrecognised tag: 'blocked' (position: START_TAG seen ...</url>\r\n      <blocked>... @164:16) 
	at org.apache.maven.settings.io.DefaultSettingsReader.read(DefaultSettingsReader.java:87)
	at org.apache.maven.settings.building.DefaultSettingsBuilder.readSettings(DefaultSettingsBuilder.java:182)
	at org.apache.maven.settings.building.DefaultSettingsBuilder.build(DefaultSettingsBuilder.java:104)
	at io.quarkus.bootstrap.resolver.maven.BootstrapMavenContext.getEffectiveSettings(BootstrapMavenContext.java:252)
	at io.quarkus.bootstrap.resolver.maven.BootstrapMavenContext.isOffline(BootstrapMavenContext.java:218)
	at io.quarkus.bootstrap.resolver.maven.BootstrapMavenContext.newRepositorySystem(BootstrapMavenContext.java:648)
	at io.quarkus.bootstrap.resolver.maven.BootstrapMavenContext.getRepositorySystem(BootstrapMavenContext.java:223)
	at io.quarkus.bootstrap.resolver.maven.MavenArtifactResolver.<init>(MavenArtifactResolver.java:113)
	at io.quarkus.bootstrap.BootstrapAppModelFactory.getAppModelResolver(BootstrapAppModelFactory.java:192)
	at io.quarkus.bootstrap.BootstrapAppModelFactory.resolveAppModel(BootstrapAppModelFactory.java:305)
	at io.quarkus.bootstrap.app.QuarkusBootstrap.bootstrap(QuarkusBootstrap.java:163)
	at io.quarkus.test.junit.QuarkusTestExtension.doJavaStart(QuarkusTestExtension.java:300)
	at io.quarkus.test.junit.QuarkusTestExtension.ensureStarted(QuarkusTestExtension.java:643)
	at io.quarkus.test.junit.QuarkusTestExtension.beforeAll(QuarkusTestExtension.java:689)
	at org.junit.jupiter.engine.descriptor.ClassBasedTestDescriptor.lambda$invokeBeforeAllCallbacks$8(ClassBasedTestDescriptor.java:368)
	at org.junit.platform.engine.support.hierarchical.ThrowableCollector.execute(ThrowableCollector.java:73)
	at org.junit.jupiter.engine.descriptor.ClassBasedTestDescriptor.invokeBeforeAllCallbacks(ClassBasedTestDescriptor.java:368)
	at org.junit.jupiter.engine.descriptor.ClassBasedTestDescriptor.before(ClassBasedTestDescriptor.java:192)
	at org.junit.jupiter.engine.descriptor.ClassBasedTestDescriptor.before(ClassBasedTestDescriptor.java:78)
	at org.junit.platform.engine.support.hierarchical.NodeTestTask.lambda$executeRecursively$5(NodeTestTask.java:136)
	at org.junit.platform.engine.support.hierarchical.ThrowableCollector.execute(ThrowableCollector.java:73)
	at org.junit.platform.engine.support.hierarchical.NodeTestTask.lambda$executeRecursively$7(NodeTestTask.java:129)
	at org.junit.platform.engine.support.hierarchical.Node.around(Node.java:137)
	at org.junit.platform.engine.support.hierarchical.NodeTestTask.lambda$executeRecursively$8(NodeTestTask.java:127)
	at org.junit.platform.engine.support.hierarchical.ThrowableCollector.execute(ThrowableCollector.java:73)
	at org.junit.platform.engine.support.hierarchical.NodeTestTask.executeRecursively(NodeTestTask.java:126)
	at org.junit.platform.engine.support.hierarchical.NodeTestTask.execute(NodeTestTask.java:84)
	at java.base/java.util.ArrayList.forEach(ArrayList.java:1541)
	at org.junit.platform.engine.support.hierarchical.SameThreadHierarchicalTestExecutorService.invokeAll(SameThreadHierarchicalTestExecutorService.java:38)
	at org.junit.platform.engine.support.hierarchical.NodeTestTask.lambda$executeRecursively$5(NodeTestTask.java:143)
	at org.junit.platform.engine.support.hierarchical.ThrowableCollector.execute(ThrowableCollector.java:73)
	at org.junit.platform.engine.support.hierarchical.NodeTestTask.lambda$executeRecursively$7(NodeTestTask.java:129)
	at org.junit.platform.engine.support.hierarchical.Node.around(Node.java:137)
	at org.junit.platform.engine.support.hierarchical.NodeTestTask.lambda$executeRecursively$8(NodeTestTask.java:127)
	at org.junit.platform.engine.support.hierarchical.ThrowableCollector.execute(ThrowableCollector.java:73)
	at org.junit.platform.engine.support.hierarchical.NodeTestTask.executeRecursively(NodeTestTask.java:126)
	at org.junit.platform.engine.support.hierarchical.NodeTestTask.execute(NodeTestTask.java:84)
	at org.junit.platform.engine.support.hierarchical.SameThreadHierarchicalTestExecutorService.submit(SameThreadHierarchicalTestExecutorService.java:32)
	at org.junit.platform.engine.support.hierarchical.HierarchicalTestExecutor.execute(HierarchicalTestExecutor.java:57)
	at org.junit.platform.engine.support.hierarchical.HierarchicalTestEngine.execute(HierarchicalTestEngine.java:51)
	at org.junit.platform.launcher.core.EngineExecutionOrchestrator.execute(EngineExecutionOrchestrator.java:108)
	at org.junit.platform.launcher.core.EngineExecutionOrchestrator.execute(EngineExecutionOrchestrator.java:88)
	at org.junit.platform.launcher.core.EngineExecutionOrchestrator.lambda$execute$0(EngineExecutionOrchestrator.java:54)
	at org.junit.platform.launcher.core.EngineExecutionOrchestrator.withInterceptedStreams(EngineExecutionOrchestrator.java:67)
	at org.junit.platform.launcher.core.EngineExecutionOrchestrator.execute(EngineExecutionOrchestrator.java:52)
	at org.junit.platform.launcher.core.DefaultLauncher.execute(DefaultLauncher.java:96)
	at org.junit.platform.launcher.core.DefaultLauncher.execute(DefaultLauncher.java:75)
	at org.apache.maven.surefire.junitplatform.JUnitPlatformProvider.execute(JUnitPlatformProvider.java:188)
	at org.apache.maven.surefire.junitplatform.JUnitPlatformProvider.invokeAllTests(JUnitPlatformProvider.java:154)
	at org.apache.maven.surefire.junitplatform.JUnitPlatformProvider.invoke(JUnitPlatformProvider.java:128)
	at org.apache.maven.surefire.booter.ForkedBooter.runSuitesInProcess(ForkedBooter.java:428)
	at org.apache.maven.surefire.booter.ForkedBooter.execute(ForkedBooter.java:162)
	at org.apache.maven.surefire.booter.ForkedBooter.run(ForkedBooter.java:562)
	at org.apache.maven.surefire.booter.ForkedBooter.main(ForkedBooter.java:548)
Caused by: org.codehaus.plexus.util.xml.pull.XmlPullParserException: Unrecognised tag: 'blocked' (position: START_TAG seen ...</url>\r\n      <blocked>... @164:16) 
	at org.apache.maven.settings.io.xpp3.SettingsXpp3Reader.checkUnknownElement(SettingsXpp3Reader.java:149)
	at org.apache.maven.settings.io.xpp3.SettingsXpp3Reader.parseMirror(SettingsXpp3Reader.java:920)
	at org.apache.maven.settings.io.xpp3.SettingsXpp3Reader.parseSettings(SettingsXpp3Reader.java:1416)
	at org.apache.maven.settings.io.xpp3.SettingsXpp3Reader.read(SettingsXpp3Reader.java:1544)
	at org.apache.maven.settings.io.xpp3.SettingsXpp3Reader.read(SettingsXpp3Reader.java:566)
	at org.apache.maven.settings.io.xpp3.SettingsXpp3Reader.read(SettingsXpp3Reader.java:595)
	at org.apache.maven.settings.io.DefaultSettingsReader.read(DefaultSettingsReader.java:83)
	... 53 more

2021-05-25 12:30:51,257 INFO  [io.qua.arc.pro.BeanProcessor] (build-29) Found unrecommended usage of private members (use package-private instead) in application beans:
	- @Inject field org.quarkus.training.reactive.routes.BooksHandler#pgPool
***** INIT postgresql://localhost:55126/books_database?loggerLevel=OFF
2021-05-25 12:30:51,424 INFO  [org.tes.doc.DockerClientProviderStrategy] (pool-5-thread-1) Loaded org.testcontainers.dockerclient.UnixSocketClientProviderStrategy from ~/.testcontainers.properties, will try it first
2021-05-25 12:30:52,068 INFO  [org.tes.doc.DockerClientProviderStrategy] (pool-5-thread-1) Found Docker environment with local Unix socket (unix:///var/run/docker.sock)
2021-05-25 12:30:52,069 INFO  [org.tes.DockerClientFactory] (pool-5-thread-1) Docker host IP address is localhost
2021-05-25 12:30:52,110 INFO  [org.tes.DockerClientFactory] (pool-5-thread-1) Connected to docker: 
  Server Version: 20.10.5
  API Version: 1.41
  Operating System: Docker Desktop
  Total Memory: 9965 MB
2021-05-25 12:30:52,113 INFO  [org.tes.uti.ImageNameSubstitutor] (pool-5-thread-1) Image name substitution will be performed by: DefaultImageNameSubstitutor (composite of 'ConfigurationFileImageNameSubstitutor' and 'PrefixingImageNameSubstitutor')
2021-05-25 12:30:52,250 INFO  [org.tes.uti.RegistryAuthLocator] (pool-5-thread-1) Credential helper/store (docker-credential-desktop) does not have credentials for index.docker.io
2021-05-25 12:30:53,818 INFO  [org.tes.DockerClientFactory] (pool-5-thread-1) Ryuk started - will monitor and terminate Testcontainers containers on JVM exit
2021-05-25 12:30:53,818 INFO  [org.tes.DockerClientFactory] (pool-5-thread-1) Checking the system...
2021-05-25 12:30:53,819 INFO  [org.tes.DockerClientFactory] (pool-5-thread-1) ✔︎ Docker server version should be at least 1.6.0
2021-05-25 12:30:53,909 INFO  [org.tes.DockerClientFactory] (pool-5-thread-1) ✔︎ Docker environment should have more than 2GB free disk space
2021-05-25 12:30:54,372 INFO  [🐳 [postgres:11]] (pool-5-thread-1) Creating container for image: postgres:11
2021-05-25 12:30:54,417 INFO  [🐳 [postgres:11]] (pool-5-thread-1) Starting container with ID: 748c9a41f1819a2a12c0d10869be5602e1577940ee63ce8b3d27c1525ccc7af0
2021-05-25 12:30:55,755 INFO  [🐳 [postgres:11]] (pool-5-thread-1) Container postgres:11 is starting: 748c9a41f1819a2a12c0d10869be5602e1577940ee63ce8b3d27c1525ccc7af0
2021-05-25 12:30:57,260 INFO  [🐳 [postgres:11]] (pool-5-thread-1) Container postgres:11 started in PT3.350335S
2021-05-25 12:30:57,266 INFO  [org.tes.ext.ScriptUtils] (pool-5-thread-1) Executing database script from import-test.sql
2021-05-25 12:30:57,385 INFO  [org.tes.ext.ScriptUtils] (pool-5-thread-1) Executed database script from import-test.sql in 119 ms.
2021-05-25 12:30:57,890 INFO  [org.qua.tra.ApplicationLifecycle] (main) The application is starting...
2021-05-25 12:30:58,010 INFO  [io.quarkus] (main) Quarkus 1.13.3.Final on JVM started in 7.842s. Listening on: http://localhost:8081
2021-05-25 12:30:58,010 INFO  [io.quarkus] (main) Profile test activated. 
2021-05-25 12:30:58,010 INFO  [io.quarkus] (main) Installed features: [cdi, hibernate-validator, jdbc-postgresql, micrometer, mutiny, reactive-pg-client, resteasy-jackson, resteasy-jsonb, resteasy-mutiny, smallrye-context-propagation, vertx, vertx-web]
2021-05-25 12:30:59,040 INFO  [org.qua.tra.rea.rou.BooksHandler] (vert.x-eventloop-thread-6) Get all books ...
2021-05-25 12:30:59,041 INFO  [org.qua.tra.mod.BookAuthors] (vert.x-eventloop-thread-6) Query to find all books: SELECT b.id, b.title, b.description, ( SELECT json_agg(json_build_object('authorId', a.id, 'fullName', concat_ws(' ', a.name, a.surname)))   FROM authors a JOIN books_authors ba ON a.id=ba.author_id   WHERE b.id=ba.book_id ) as authors  FROM books b;
]]></system-out>
  </testcase>
  <testcase name="shouldGetBookById" classname="org.quarkus.training.reactive.routes.AppRouterRegisterTest" time="0.108">
    <system-out><![CDATA[2021-05-25 12:30:59,911 INFO  [org.qua.tra.rea.rou.BooksHandler] (vert.x-eventloop-thread-11) Get book by id ...
2021-05-25 12:30:59,911 INFO  [org.qua.tra.mod.BookAuthors] (vert.x-eventloop-thread-11) Query to find all books: SELECT b.id, b.title, b.description, ( SELECT json_agg(json_build_object('authorId', a.id, 'fullName', concat_ws(' ', a.name, a.surname)))   FROM authors a JOIN books_authors ba ON a.id=ba.author_id   WHERE b.id=ba.book_id ) as authors  FROM books b   WHERE b.id=$1
]]></system-out>
  </testcase>
</testsuite>