<?xml version="1.0" encoding="UTF-8"?>
<testsuite xmlns:xsi="http://www.w3.org/2001/XMLSchema-instance" xsi:noNamespaceSchemaLocation="https://maven.apache.org/surefire/maven-surefire-plugin/xsd/surefire-test-report.xsd" name="org.springboot.training.BookControllerTest" time="10.7" tests="4" errors="0" skipped="0" failures="0">
  <properties>
    <property name="gopherProxySet" value="false"/>
    <property name="awt.toolkit" value="sun.lwawt.macosx.LWCToolkit"/>
    <property name="java.specification.version" value="11"/>
    <property name="sun.cpu.isalist" value=""/>
    <property name="sun.jnu.encoding" value="UTF-8"/>
    <property name="java.class.path" value="/Users/fany/Documents/workspace-sts/crossing-the-chasm-quarkus/springboot-books-api/sb-imperative-jdbc-api/target/test-classes:/Users/fany/Documents/workspace-sts/crossing-the-chasm-quarkus/springboot-books-api/sb-imperative-jdbc-api/target/classes:/Users/fany/.m2/repository/org/springframework/boot/spring-boot-starter-web/2.4.6/spring-boot-starter-web-2.4.6.jar:/Users/fany/.m2/repository/org/springframework/boot/spring-boot-starter/2.4.6/spring-boot-starter-2.4.6.jar:/Users/fany/.m2/repository/org/springframework/boot/spring-boot/2.4.6/spring-boot-2.4.6.jar:/Users/fany/.m2/repository/org/springframework/boot/spring-boot-autoconfigure/2.4.6/spring-boot-autoconfigure-2.4.6.jar:/Users/fany/.m2/repository/org/springframework/boot/spring-boot-starter-logging/2.4.6/spring-boot-starter-logging-2.4.6.jar:/Users/fany/.m2/repository/ch/qos/logback/logback-classic/1.2.3/logback-classic-1.2.3.jar:/Users/fany/.m2/repository/ch/qos/logback/logback-core/1.2.3/logback-core-1.2.3.jar:/Users/fany/.m2/repository/org/apache/logging/log4j/log4j-to-slf4j/2.13.3/log4j-to-slf4j-2.13.3.jar:/Users/fany/.m2/repository/org/apache/logging/log4j/log4j-api/2.13.3/log4j-api-2.13.3.jar:/Users/fany/.m2/repository/org/slf4j/jul-to-slf4j/1.7.30/jul-to-slf4j-1.7.30.jar:/Users/fany/.m2/repository/jakarta/annotation/jakarta.annotation-api/1.3.5/jakarta.annotation-api-1.3.5.jar:/Users/fany/.m2/repository/org/yaml/snakeyaml/1.27/snakeyaml-1.27.jar:/Users/fany/.m2/repository/org/springframework/boot/spring-boot-starter-json/2.4.6/spring-boot-starter-json-2.4.6.jar:/Users/fany/.m2/repository/com/fasterxml/jackson/core/jackson-databind/2.11.4/jackson-databind-2.11.4.jar:/Users/fany/.m2/repository/com/fasterxml/jackson/core/jackson-annotations/2.11.4/jackson-annotations-2.11.4.jar:/Users/fany/.m2/repository/com/fasterxml/jackson/core/jackson-core/2.11.4/jackson-core-2.11.4.jar:/Users/fany/.m2/repository/com/fasterxml/jackson/datatype/jackson-datatype-jdk8/2.11.4/jackson-datatype-jdk8-2.11.4.jar:/Users/fany/.m2/repository/com/fasterxml/jackson/datatype/jackson-datatype-jsr310/2.11.4/jackson-datatype-jsr310-2.11.4.jar:/Users/fany/.m2/repository/com/fasterxml/jackson/module/jackson-module-parameter-names/2.11.4/jackson-module-parameter-names-2.11.4.jar:/Users/fany/.m2/repository/org/springframework/boot/spring-boot-starter-tomcat/2.4.6/spring-boot-starter-tomcat-2.4.6.jar:/Users/fany/.m2/repository/org/apache/tomcat/embed/tomcat-embed-core/9.0.46/tomcat-embed-core-9.0.46.jar:/Users/fany/.m2/repository/org/glassfish/jakarta.el/3.0.3/jakarta.el-3.0.3.jar:/Users/fany/.m2/repository/org/apache/tomcat/embed/tomcat-embed-websocket/9.0.46/tomcat-embed-websocket-9.0.46.jar:/Users/fany/.m2/repository/org/springframework/spring-web/5.3.7/spring-web-5.3.7.jar:/Users/fany/.m2/repository/org/springframework/spring-beans/5.3.7/spring-beans-5.3.7.jar:/Users/fany/.m2/repository/org/springframework/spring-webmvc/5.3.7/spring-webmvc-5.3.7.jar:/Users/fany/.m2/repository/org/springframework/spring-aop/5.3.7/spring-aop-5.3.7.jar:/Users/fany/.m2/repository/org/springframework/spring-context/5.3.7/spring-context-5.3.7.jar:/Users/fany/.m2/repository/org/springframework/spring-expression/5.3.7/spring-expression-5.3.7.jar:/Users/fany/.m2/repository/org/springframework/boot/spring-boot-starter-data-jdbc/2.4.6/spring-boot-starter-data-jdbc-2.4.6.jar:/Users/fany/.m2/repository/org/springframework/boot/spring-boot-starter-jdbc/2.4.6/spring-boot-starter-jdbc-2.4.6.jar:/Users/fany/.m2/repository/com/zaxxer/HikariCP/3.4.5/HikariCP-3.4.5.jar:/Users/fany/.m2/repository/org/springframework/spring-jdbc/5.3.7/spring-jdbc-5.3.7.jar:/Users/fany/.m2/repository/org/springframework/data/spring-data-jdbc/2.1.9/spring-data-jdbc-2.1.9.jar:/Users/fany/.m2/repository/org/springframework/data/spring-data-relational/2.1.9/spring-data-relational-2.1.9.jar:/Users/fany/.m2/repository/org/springframework/data/spring-data-commons/2.4.9/spring-data-commons-2.4.9.jar:/Users/fany/.m2/repository/org/springframework/spring-tx/5.3.7/spring-tx-5.3.7.jar:/Users/fany/.m2/repository/org/slf4j/slf4j-api/1.7.30/slf4j-api-1.7.30.jar:/Users/fany/.m2/repository/org/postgresql/postgresql/42.2.20/postgresql-42.2.20.jar:/Users/fany/.m2/repository/org/checkerframework/checker-qual/3.5.0/checker-qual-3.5.0.jar:/Users/fany/.m2/repository/org/springframework/boot/spring-boot-starter-test/2.4.6/spring-boot-starter-test-2.4.6.jar:/Users/fany/.m2/repository/org/springframework/boot/spring-boot-test/2.4.6/spring-boot-test-2.4.6.jar:/Users/fany/.m2/repository/org/springframework/boot/spring-boot-test-autoconfigure/2.4.6/spring-boot-test-autoconfigure-2.4.6.jar:/Users/fany/.m2/repository/com/jayway/jsonpath/json-path/2.4.0/json-path-2.4.0.jar:/Users/fany/.m2/repository/net/minidev/json-smart/2.3.1/json-smart-2.3.1.jar:/Users/fany/.m2/repository/net/minidev/accessors-smart/2.3.1/accessors-smart-2.3.1.jar:/Users/fany/.m2/repository/org/ow2/asm/asm/5.0.4/asm-5.0.4.jar:/Users/fany/.m2/repository/jakarta/xml/bind/jakarta.xml.bind-api/2.3.3/jakarta.xml.bind-api-2.3.3.jar:/Users/fany/.m2/repository/jakarta/activation/jakarta.activation-api/1.2.2/jakarta.activation-api-1.2.2.jar:/Users/fany/.m2/repository/org/assertj/assertj-core/3.18.1/assertj-core-3.18.1.jar:/Users/fany/.m2/repository/org/hamcrest/hamcrest/2.2/hamcrest-2.2.jar:/Users/fany/.m2/repository/org/junit/jupiter/junit-jupiter/5.7.2/junit-jupiter-5.7.2.jar:/Users/fany/.m2/repository/org/junit/jupiter/junit-jupiter-params/5.7.2/junit-jupiter-params-5.7.2.jar:/Users/fany/.m2/repository/org/junit/jupiter/junit-jupiter-engine/5.7.2/junit-jupiter-engine-5.7.2.jar:/Users/fany/.m2/repository/org/junit/platform/junit-platform-engine/1.7.2/junit-platform-engine-1.7.2.jar:/Users/fany/.m2/repository/org/mockito/mockito-core/3.6.28/mockito-core-3.6.28.jar:/Users/fany/.m2/repository/net/bytebuddy/byte-buddy/1.10.22/byte-buddy-1.10.22.jar:/Users/fany/.m2/repository/net/bytebuddy/byte-buddy-agent/1.10.22/byte-buddy-agent-1.10.22.jar:/Users/fany/.m2/repository/org/objenesis/objenesis/3.1/objenesis-3.1.jar:/Users/fany/.m2/repository/org/mockito/mockito-junit-jupiter/3.6.28/mockito-junit-jupiter-3.6.28.jar:/Users/fany/.m2/repository/org/skyscreamer/jsonassert/1.5.0/jsonassert-1.5.0.jar:/Users/fany/.m2/repository/com/vaadin/external/google/android-json/0.0.20131108.vaadin1/android-json-0.0.20131108.vaadin1.jar:/Users/fany/.m2/repository/org/springframework/spring-core/5.3.7/spring-core-5.3.7.jar:/Users/fany/.m2/repository/org/springframework/spring-jcl/5.3.7/spring-jcl-5.3.7.jar:/Users/fany/.m2/repository/org/springframework/spring-test/5.3.7/spring-test-5.3.7.jar:/Users/fany/.m2/repository/org/xmlunit/xmlunit-core/2.7.0/xmlunit-core-2.7.0.jar:/Users/fany/.m2/repository/org/testcontainers/junit-jupiter/1.15.3/junit-jupiter-1.15.3.jar:/Users/fany/.m2/repository/org/testcontainers/testcontainers/1.15.3/testcontainers-1.15.3.jar:/Users/fany/.m2/repository/junit/junit/4.13.2/junit-4.13.2.jar:/Users/fany/.m2/repository/org/hamcrest/hamcrest-core/2.2/hamcrest-core-2.2.jar:/Users/fany/.m2/repository/org/apache/commons/commons-compress/1.20/commons-compress-1.20.jar:/Users/fany/.m2/repository/org/rnorth/duct-tape/duct-tape/1.0.8/duct-tape-1.0.8.jar:/Users/fany/.m2/repository/org/rnorth/visible-assertions/visible-assertions/2.1.2/visible-assertions-2.1.2.jar:/Users/fany/.m2/repository/net/java/dev/jna/jna/5.2.0/jna-5.2.0.jar:/Users/fany/.m2/repository/com/github/docker-java/docker-java-api/3.2.8/docker-java-api-3.2.8.jar:/Users/fany/.m2/repository/com/github/docker-java/docker-java-transport-zerodep/3.2.8/docker-java-transport-zerodep-3.2.8.jar:/Users/fany/.m2/repository/com/github/docker-java/docker-java-transport/3.2.8/docker-java-transport-3.2.8.jar:/Users/fany/.m2/repository/org/junit/jupiter/junit-jupiter-api/5.7.2/junit-jupiter-api-5.7.2.jar:/Users/fany/.m2/repository/org/apiguardian/apiguardian-api/1.1.0/apiguardian-api-1.1.0.jar:/Users/fany/.m2/repository/org/opentest4j/opentest4j/1.2.0/opentest4j-1.2.0.jar:/Users/fany/.m2/repository/org/junit/platform/junit-platform-commons/1.7.2/junit-platform-commons-1.7.2.jar:/Users/fany/.m2/repository/org/testcontainers/postgresql/1.15.3/postgresql-1.15.3.jar:/Users/fany/.m2/repository/org/testcontainers/jdbc/1.15.3/jdbc-1.15.3.jar:/Users/fany/.m2/repository/org/testcontainers/database-commons/1.15.3/database-commons-1.15.3.jar:/Users/fany/.m2/repository/io/rest-assured/rest-assured/4.4.0/rest-assured-4.4.0.jar:/Users/fany/.m2/repository/org/codehaus/groovy/groovy/3.0.7/groovy-3.0.7.jar:/Users/fany/.m2/repository/org/codehaus/groovy/groovy-xml/3.0.7/groovy-xml-3.0.7.jar:/Users/fany/.m2/repository/org/apache/httpcomponents/httpclient/4.5.13/httpclient-4.5.13.jar:/Users/fany/.m2/repository/org/apache/httpcomponents/httpcore/4.4.14/httpcore-4.4.14.jar:/Users/fany/.m2/repository/commons-codec/commons-codec/1.15/commons-codec-1.15.jar:/Users/fany/.m2/repository/org/apache/httpcomponents/httpmime/4.5.13/httpmime-4.5.13.jar:/Users/fany/.m2/repository/org/ccil/cowan/tagsoup/tagsoup/1.2.1/tagsoup-1.2.1.jar:/Users/fany/.m2/repository/io/rest-assured/json-path/4.4.0/json-path-4.4.0.jar:/Users/fany/.m2/repository/org/codehaus/groovy/groovy-json/3.0.7/groovy-json-3.0.7.jar:/Users/fany/.m2/repository/io/rest-assured/rest-assured-common/4.4.0/rest-assured-common-4.4.0.jar:/Users/fany/.m2/repository/io/rest-assured/xml-path/4.4.0/xml-path-4.4.0.jar:/Users/fany/.m2/repository/org/apache/commons/commons-lang3/3.11/commons-lang3-3.11.jar:/Users/fany/.m2/repository/com/sun/xml/bind/jaxb-impl/2.3.3/jaxb-impl-2.3.3.jar:/Users/fany/.m2/repository/org/springframework/experimental/spring-native/0.9.2/spring-native-0.9.2.jar:/Users/fany/.m2/repository/org/springframework/boot/spring-boot-starter-actuator/2.4.6/spring-boot-starter-actuator-2.4.6.jar:/Users/fany/.m2/repository/org/springframework/boot/spring-boot-actuator-autoconfigure/2.4.6/spring-boot-actuator-autoconfigure-2.4.6.jar:/Users/fany/.m2/repository/org/springframework/boot/spring-boot-actuator/2.4.6/spring-boot-actuator-2.4.6.jar:/Users/fany/.m2/repository/io/micrometer/micrometer-core/1.6.7/micrometer-core-1.6.7.jar:/Users/fany/.m2/repository/org/hdrhistogram/HdrHistogram/2.1.12/HdrHistogram-2.1.12.jar:/Users/fany/.m2/repository/org/latencyutils/LatencyUtils/2.0.3/LatencyUtils-2.0.3.jar:/Users/fany/.m2/repository/io/micrometer/micrometer-registry-prometheus/1.6.7/micrometer-registry-prometheus-1.6.7.jar:/Users/fany/.m2/repository/io/prometheus/simpleclient_common/0.9.0/simpleclient_common-0.9.0.jar:/Users/fany/.m2/repository/io/prometheus/simpleclient/0.9.0/simpleclient-0.9.0.jar:"/>
    <property name="java.vm.vendor" value="GraalVM Community"/>
    <property name="sun.arch.data.model" value="64"/>
    <property name="java.vendor.url" value="https://www.graalvm.org/"/>
    <property name="user.timezone" value=""/>
    <property name="java.vm.specification.version" value="11"/>
    <property name="os.name" value="Mac OS X"/>
    <property name="sun.java.launcher" value="SUN_STANDARD"/>
    <property name="user.country" value="GB"/>
    <property name="sun.boot.library.path" value="/Users/fany/.sdkman/candidates/java/21.0.0.2.r11-grl/lib"/>
    <property name="sun.java.command" value="/Users/fany/Documents/workspace-sts/crossing-the-chasm-quarkus/springboot-books-api/sb-imperative-jdbc-api/target/surefire/surefirebooter7755232611877645720.jar /Users/fany/Documents/workspace-sts/crossing-the-chasm-quarkus/springboot-books-api/sb-imperative-jdbc-api/target/surefire 2021-05-30T23-06-01_710-jvmRun1 surefire1960961385251990426tmp surefire_07682320421850067182tmp"/>
    <property name="http.nonProxyHosts" value="local|*.local|169.254/16|*.169.254/16"/>
    <property name="jdk.debug" value="release"/>
    <property name="surefire.test.class.path" value="/Users/fany/Documents/workspace-sts/crossing-the-chasm-quarkus/springboot-books-api/sb-imperative-jdbc-api/target/test-classes:/Users/fany/Documents/workspace-sts/crossing-the-chasm-quarkus/springboot-books-api/sb-imperative-jdbc-api/target/classes:/Users/fany/.m2/repository/org/springframework/boot/spring-boot-starter-web/2.4.6/spring-boot-starter-web-2.4.6.jar:/Users/fany/.m2/repository/org/springframework/boot/spring-boot-starter/2.4.6/spring-boot-starter-2.4.6.jar:/Users/fany/.m2/repository/org/springframework/boot/spring-boot/2.4.6/spring-boot-2.4.6.jar:/Users/fany/.m2/repository/org/springframework/boot/spring-boot-autoconfigure/2.4.6/spring-boot-autoconfigure-2.4.6.jar:/Users/fany/.m2/repository/org/springframework/boot/spring-boot-starter-logging/2.4.6/spring-boot-starter-logging-2.4.6.jar:/Users/fany/.m2/repository/ch/qos/logback/logback-classic/1.2.3/logback-classic-1.2.3.jar:/Users/fany/.m2/repository/ch/qos/logback/logback-core/1.2.3/logback-core-1.2.3.jar:/Users/fany/.m2/repository/org/apache/logging/log4j/log4j-to-slf4j/2.13.3/log4j-to-slf4j-2.13.3.jar:/Users/fany/.m2/repository/org/apache/logging/log4j/log4j-api/2.13.3/log4j-api-2.13.3.jar:/Users/fany/.m2/repository/org/slf4j/jul-to-slf4j/1.7.30/jul-to-slf4j-1.7.30.jar:/Users/fany/.m2/repository/jakarta/annotation/jakarta.annotation-api/1.3.5/jakarta.annotation-api-1.3.5.jar:/Users/fany/.m2/repository/org/yaml/snakeyaml/1.27/snakeyaml-1.27.jar:/Users/fany/.m2/repository/org/springframework/boot/spring-boot-starter-json/2.4.6/spring-boot-starter-json-2.4.6.jar:/Users/fany/.m2/repository/com/fasterxml/jackson/core/jackson-databind/2.11.4/jackson-databind-2.11.4.jar:/Users/fany/.m2/repository/com/fasterxml/jackson/core/jackson-annotations/2.11.4/jackson-annotations-2.11.4.jar:/Users/fany/.m2/repository/com/fasterxml/jackson/core/jackson-core/2.11.4/jackson-core-2.11.4.jar:/Users/fany/.m2/repository/com/fasterxml/jackson/datatype/jackson-datatype-jdk8/2.11.4/jackson-datatype-jdk8-2.11.4.jar:/Users/fany/.m2/repository/com/fasterxml/jackson/datatype/jackson-datatype-jsr310/2.11.4/jackson-datatype-jsr310-2.11.4.jar:/Users/fany/.m2/repository/com/fasterxml/jackson/module/jackson-module-parameter-names/2.11.4/jackson-module-parameter-names-2.11.4.jar:/Users/fany/.m2/repository/org/springframework/boot/spring-boot-starter-tomcat/2.4.6/spring-boot-starter-tomcat-2.4.6.jar:/Users/fany/.m2/repository/org/apache/tomcat/embed/tomcat-embed-core/9.0.46/tomcat-embed-core-9.0.46.jar:/Users/fany/.m2/repository/org/glassfish/jakarta.el/3.0.3/jakarta.el-3.0.3.jar:/Users/fany/.m2/repository/org/apache/tomcat/embed/tomcat-embed-websocket/9.0.46/tomcat-embed-websocket-9.0.46.jar:/Users/fany/.m2/repository/org/springframework/spring-web/5.3.7/spring-web-5.3.7.jar:/Users/fany/.m2/repository/org/springframework/spring-beans/5.3.7/spring-beans-5.3.7.jar:/Users/fany/.m2/repository/org/springframework/spring-webmvc/5.3.7/spring-webmvc-5.3.7.jar:/Users/fany/.m2/repository/org/springframework/spring-aop/5.3.7/spring-aop-5.3.7.jar:/Users/fany/.m2/repository/org/springframework/spring-context/5.3.7/spring-context-5.3.7.jar:/Users/fany/.m2/repository/org/springframework/spring-expression/5.3.7/spring-expression-5.3.7.jar:/Users/fany/.m2/repository/org/springframework/boot/spring-boot-starter-data-jdbc/2.4.6/spring-boot-starter-data-jdbc-2.4.6.jar:/Users/fany/.m2/repository/org/springframework/boot/spring-boot-starter-jdbc/2.4.6/spring-boot-starter-jdbc-2.4.6.jar:/Users/fany/.m2/repository/com/zaxxer/HikariCP/3.4.5/HikariCP-3.4.5.jar:/Users/fany/.m2/repository/org/springframework/spring-jdbc/5.3.7/spring-jdbc-5.3.7.jar:/Users/fany/.m2/repository/org/springframework/data/spring-data-jdbc/2.1.9/spring-data-jdbc-2.1.9.jar:/Users/fany/.m2/repository/org/springframework/data/spring-data-relational/2.1.9/spring-data-relational-2.1.9.jar:/Users/fany/.m2/repository/org/springframework/data/spring-data-commons/2.4.9/spring-data-commons-2.4.9.jar:/Users/fany/.m2/repository/org/springframework/spring-tx/5.3.7/spring-tx-5.3.7.jar:/Users/fany/.m2/repository/org/slf4j/slf4j-api/1.7.30/slf4j-api-1.7.30.jar:/Users/fany/.m2/repository/org/postgresql/postgresql/42.2.20/postgresql-42.2.20.jar:/Users/fany/.m2/repository/org/checkerframework/checker-qual/3.5.0/checker-qual-3.5.0.jar:/Users/fany/.m2/repository/org/springframework/boot/spring-boot-starter-test/2.4.6/spring-boot-starter-test-2.4.6.jar:/Users/fany/.m2/repository/org/springframework/boot/spring-boot-test/2.4.6/spring-boot-test-2.4.6.jar:/Users/fany/.m2/repository/org/springframework/boot/spring-boot-test-autoconfigure/2.4.6/spring-boot-test-autoconfigure-2.4.6.jar:/Users/fany/.m2/repository/com/jayway/jsonpath/json-path/2.4.0/json-path-2.4.0.jar:/Users/fany/.m2/repository/net/minidev/json-smart/2.3.1/json-smart-2.3.1.jar:/Users/fany/.m2/repository/net/minidev/accessors-smart/2.3.1/accessors-smart-2.3.1.jar:/Users/fany/.m2/repository/org/ow2/asm/asm/5.0.4/asm-5.0.4.jar:/Users/fany/.m2/repository/jakarta/xml/bind/jakarta.xml.bind-api/2.3.3/jakarta.xml.bind-api-2.3.3.jar:/Users/fany/.m2/repository/jakarta/activation/jakarta.activation-api/1.2.2/jakarta.activation-api-1.2.2.jar:/Users/fany/.m2/repository/org/assertj/assertj-core/3.18.1/assertj-core-3.18.1.jar:/Users/fany/.m2/repository/org/hamcrest/hamcrest/2.2/hamcrest-2.2.jar:/Users/fany/.m2/repository/org/junit/jupiter/junit-jupiter/5.7.2/junit-jupiter-5.7.2.jar:/Users/fany/.m2/repository/org/junit/jupiter/junit-jupiter-params/5.7.2/junit-jupiter-params-5.7.2.jar:/Users/fany/.m2/repository/org/junit/jupiter/junit-jupiter-engine/5.7.2/junit-jupiter-engine-5.7.2.jar:/Users/fany/.m2/repository/org/junit/platform/junit-platform-engine/1.7.2/junit-platform-engine-1.7.2.jar:/Users/fany/.m2/repository/org/mockito/mockito-core/3.6.28/mockito-core-3.6.28.jar:/Users/fany/.m2/repository/net/bytebuddy/byte-buddy/1.10.22/byte-buddy-1.10.22.jar:/Users/fany/.m2/repository/net/bytebuddy/byte-buddy-agent/1.10.22/byte-buddy-agent-1.10.22.jar:/Users/fany/.m2/repository/org/objenesis/objenesis/3.1/objenesis-3.1.jar:/Users/fany/.m2/repository/org/mockito/mockito-junit-jupiter/3.6.28/mockito-junit-jupiter-3.6.28.jar:/Users/fany/.m2/repository/org/skyscreamer/jsonassert/1.5.0/jsonassert-1.5.0.jar:/Users/fany/.m2/repository/com/vaadin/external/google/android-json/0.0.20131108.vaadin1/android-json-0.0.20131108.vaadin1.jar:/Users/fany/.m2/repository/org/springframework/spring-core/5.3.7/spring-core-5.3.7.jar:/Users/fany/.m2/repository/org/springframework/spring-jcl/5.3.7/spring-jcl-5.3.7.jar:/Users/fany/.m2/repository/org/springframework/spring-test/5.3.7/spring-test-5.3.7.jar:/Users/fany/.m2/repository/org/xmlunit/xmlunit-core/2.7.0/xmlunit-core-2.7.0.jar:/Users/fany/.m2/repository/org/testcontainers/junit-jupiter/1.15.3/junit-jupiter-1.15.3.jar:/Users/fany/.m2/repository/org/testcontainers/testcontainers/1.15.3/testcontainers-1.15.3.jar:/Users/fany/.m2/repository/junit/junit/4.13.2/junit-4.13.2.jar:/Users/fany/.m2/repository/org/hamcrest/hamcrest-core/2.2/hamcrest-core-2.2.jar:/Users/fany/.m2/repository/org/apache/commons/commons-compress/1.20/commons-compress-1.20.jar:/Users/fany/.m2/repository/org/rnorth/duct-tape/duct-tape/1.0.8/duct-tape-1.0.8.jar:/Users/fany/.m2/repository/org/rnorth/visible-assertions/visible-assertions/2.1.2/visible-assertions-2.1.2.jar:/Users/fany/.m2/repository/net/java/dev/jna/jna/5.2.0/jna-5.2.0.jar:/Users/fany/.m2/repository/com/github/docker-java/docker-java-api/3.2.8/docker-java-api-3.2.8.jar:/Users/fany/.m2/repository/com/github/docker-java/docker-java-transport-zerodep/3.2.8/docker-java-transport-zerodep-3.2.8.jar:/Users/fany/.m2/repository/com/github/docker-java/docker-java-transport/3.2.8/docker-java-transport-3.2.8.jar:/Users/fany/.m2/repository/org/junit/jupiter/junit-jupiter-api/5.7.2/junit-jupiter-api-5.7.2.jar:/Users/fany/.m2/repository/org/apiguardian/apiguardian-api/1.1.0/apiguardian-api-1.1.0.jar:/Users/fany/.m2/repository/org/opentest4j/opentest4j/1.2.0/opentest4j-1.2.0.jar:/Users/fany/.m2/repository/org/junit/platform/junit-platform-commons/1.7.2/junit-platform-commons-1.7.2.jar:/Users/fany/.m2/repository/org/testcontainers/postgresql/1.15.3/postgresql-1.15.3.jar:/Users/fany/.m2/repository/org/testcontainers/jdbc/1.15.3/jdbc-1.15.3.jar:/Users/fany/.m2/repository/org/testcontainers/database-commons/1.15.3/database-commons-1.15.3.jar:/Users/fany/.m2/repository/io/rest-assured/rest-assured/4.4.0/rest-assured-4.4.0.jar:/Users/fany/.m2/repository/org/codehaus/groovy/groovy/3.0.7/groovy-3.0.7.jar:/Users/fany/.m2/repository/org/codehaus/groovy/groovy-xml/3.0.7/groovy-xml-3.0.7.jar:/Users/fany/.m2/repository/org/apache/httpcomponents/httpclient/4.5.13/httpclient-4.5.13.jar:/Users/fany/.m2/repository/org/apache/httpcomponents/httpcore/4.4.14/httpcore-4.4.14.jar:/Users/fany/.m2/repository/commons-codec/commons-codec/1.15/commons-codec-1.15.jar:/Users/fany/.m2/repository/org/apache/httpcomponents/httpmime/4.5.13/httpmime-4.5.13.jar:/Users/fany/.m2/repository/org/ccil/cowan/tagsoup/tagsoup/1.2.1/tagsoup-1.2.1.jar:/Users/fany/.m2/repository/io/rest-assured/json-path/4.4.0/json-path-4.4.0.jar:/Users/fany/.m2/repository/org/codehaus/groovy/groovy-json/3.0.7/groovy-json-3.0.7.jar:/Users/fany/.m2/repository/io/rest-assured/rest-assured-common/4.4.0/rest-assured-common-4.4.0.jar:/Users/fany/.m2/repository/io/rest-assured/xml-path/4.4.0/xml-path-4.4.0.jar:/Users/fany/.m2/repository/org/apache/commons/commons-lang3/3.11/commons-lang3-3.11.jar:/Users/fany/.m2/repository/com/sun/xml/bind/jaxb-impl/2.3.3/jaxb-impl-2.3.3.jar:/Users/fany/.m2/repository/org/springframework/experimental/spring-native/0.9.2/spring-native-0.9.2.jar:/Users/fany/.m2/repository/org/springframework/boot/spring-boot-starter-actuator/2.4.6/spring-boot-starter-actuator-2.4.6.jar:/Users/fany/.m2/repository/org/springframework/boot/spring-boot-actuator-autoconfigure/2.4.6/spring-boot-actuator-autoconfigure-2.4.6.jar:/Users/fany/.m2/repository/org/springframework/boot/spring-boot-actuator/2.4.6/spring-boot-actuator-2.4.6.jar:/Users/fany/.m2/repository/io/micrometer/micrometer-core/1.6.7/micrometer-core-1.6.7.jar:/Users/fany/.m2/repository/org/hdrhistogram/HdrHistogram/2.1.12/HdrHistogram-2.1.12.jar:/Users/fany/.m2/repository/org/latencyutils/LatencyUtils/2.0.3/LatencyUtils-2.0.3.jar:/Users/fany/.m2/repository/io/micrometer/micrometer-registry-prometheus/1.6.7/micrometer-registry-prometheus-1.6.7.jar:/Users/fany/.m2/repository/io/prometheus/simpleclient_common/0.9.0/simpleclient_common-0.9.0.jar:/Users/fany/.m2/repository/io/prometheus/simpleclient/0.9.0/simpleclient-0.9.0.jar:"/>
    <property name="sun.cpu.endian" value="little"/>
    <property name="user.home" value="/Users/fany"/>
    <property name="user.language" value="en"/>
    <property name="java.specification.vendor" value="Oracle Corporation"/>
    <property name="java.version.date" value="2021-01-19"/>
    <property name="java.home" value="/Users/fany/.sdkman/candidates/java/21.0.0.2.r11-grl"/>
    <property name="file.separator" value="/"/>
    <property name="basedir" value="/Users/fany/Documents/workspace-sts/crossing-the-chasm-quarkus/springboot-books-api/sb-imperative-jdbc-api"/>
    <property name="java.vm.compressedOopsMode" value="Zero based"/>
    <property name="line.separator" value="&#10;"/>
    <property name="jdk.internal.vm.ci.enabled" value="true"/>
    <property name="java.specification.name" value="Java Platform API Specification"/>
    <property name="java.vm.specification.vendor" value="Oracle Corporation"/>
    <property name="java.awt.graphicsenv" value="sun.awt.CGraphicsEnvironment"/>
    <property name="surefire.real.class.path" value="/Users/fany/Documents/workspace-sts/crossing-the-chasm-quarkus/springboot-books-api/sb-imperative-jdbc-api/target/surefire/surefirebooter7755232611877645720.jar"/>
    <property name="sun.management.compiler" value="HotSpot 64-Bit Tiered Compilers"/>
    <property name="ftp.nonProxyHosts" value="local|*.local|169.254/16|*.169.254/16"/>
    <property name="java.runtime.version" value="11.0.10+8-jvmci-21.0-b06"/>
    <property name="user.name" value="fany"/>
    <property name="path.separator" value=":"/>
    <property name="os.version" value="10.16"/>
    <property name="java.runtime.name" value="OpenJDK Runtime Environment"/>
    <property name="file.encoding" value="UTF-8"/>
    <property name="java.vm.name" value="OpenJDK 64-Bit Server VM"/>
    <property name="java.vendor.version" value="GraalVM CE 21.0.0.2"/>
    <property name="localRepository" value="/Users/fany/.m2/repository"/>
    <property name="java.vendor.url.bug" value="https://github.com/oracle/graal/issues"/>
    <property name="java.io.tmpdir" value="/var/folders/3b/7ff3tlm56vjd3t46wgq3mc8m0000gn/T/"/>
    <property name="java.version" value="11.0.10"/>
    <property name="user.dir" value="/Users/fany/Documents/workspace-sts/crossing-the-chasm-quarkus/springboot-books-api/sb-imperative-jdbc-api"/>
    <property name="os.arch" value="x86_64"/>
    <property name="java.vm.specification.name" value="Java Virtual Machine Specification"/>
    <property name="java.awt.printerjob" value="sun.lwawt.macosx.CPrinterJob"/>
    <property name="sun.os.patch.level" value="unknown"/>
    <property name="java.library.path" value="/Users/fany/Library/Java/Extensions:/Library/Java/Extensions:/Network/Library/Java/Extensions:/System/Library/Java/Extensions:/usr/lib/java:."/>
    <property name="java.vm.info" value="mixed mode, sharing"/>
    <property name="java.vendor" value="GraalVM Community"/>
    <property name="java.vm.version" value="11.0.10+8-jvmci-21.0-b06"/>
    <property name="sun.io.unicode.encoding" value="UnicodeBig"/>
    <property name="java.class.version" value="55.0"/>
    <property name="socksNonProxyHosts" value="local|*.local|169.254/16|*.169.254/16"/>
  </properties>
  <testcase name="given_application_when_call_endpoint_with_id_then_Ok" classname="org.springboot.training.BookControllerTest" time="0.908"/>
  <testcase name="given_application_when_call__native_endpoint_with_id_then_Ok" classname="org.springboot.training.BookControllerTest" time="0.019"/>
  <testcase name="given_application_when_call_endpoint_then_Ok" classname="org.springboot.training.BookControllerTest" time="0.014"/>
  <testcase name="given_application_when_call_native_endpoint_then_Ok" classname="org.springboot.training.BookControllerTest" time="0.015"/>
</testsuite>